[ 2017-11-30T08:07:00+08:00 ] ::1 /ThinkPhp/index.php/admin/login/login.html
INFO: [ app_init ] --START--
INFO: Run Behavior\BuildLiteBehavior [ RunTime:0.000000s ]
INFO: [ app_init ] --END-- [ RunTime:0.001000s ]
INFO: [ app_begin ] --START--
INFO: Run Behavior\ReadHtmlCacheBehavior [ RunTime:0.001000s ]
INFO: [ app_begin ] --END-- [ RunTime:0.001000s ]
INFO: [ view_parse ] --START--
INFO: [ template_filter ] --START--
INFO: Run Behavior\ContentReplaceBehavior [ RunTime:0.000000s ]
INFO: [ template_filter ] --END-- [ RunTime:0.000000s ]
NOTIC: [8] Undefined variable: flag D:\XAMPP\htdocs\ThinkPhp\web\Runtime\Cache\Admin\093c6d77fa295b053e512c27b6f901d1.php 第 52 行.
INFO: Run Behavior\ParseTemplateBehavior [ RunTime:0.047003s ]
INFO: [ view_parse ] --END-- [ RunTime:0.047003s ]
INFO: [ view_filter ] --START--
INFO: Run Behavior\WriteHtmlCacheBehavior [ RunTime:0.001000s ]
INFO: [ view_filter ] --END-- [ RunTime:0.001000s ]
INFO: [ app_end ] --START--
INFO: Run Behavior\ShowPageTraceBehavior [ RunTime:0.001000s ]
INFO: [ app_end ] --END-- [ RunTime:0.001000s ]

[ 2017-11-30T08:07:07+08:00 ] ::1 /ThinkPhp/index.php/Admin/Login/checklogin
INFO: [ app_init ] --START--
INFO: Run Behavior\BuildLiteBehavior [ RunTime:0.000000s ]
INFO: [ app_init ] --END-- [ RunTime:0.001000s ]
INFO: [ app_begin ] --START--
INFO: Run Behavior\ReadHtmlCacheBehavior [ RunTime:0.001000s ]
INFO: [ app_begin ] --END-- [ RunTime:0.001000s ]
SQL: SHOW COLUMNS FROM `adminuser` [ RunTime:0.0060s ]
SQL: SELECT * FROM `adminuser` WHERE ( email = "913822325@qq.com" ) LIMIT 1   [ RunTime:0.0010s ]
SQL: UPDATE `adminuser` SET `last_login`='1512000427',`ip`='::1' WHERE `id` = 1 [ RunTime:0.0790s ]

[ 2017-11-30T08:07:08+08:00 ] ::1 /ThinkPhp/index.php/admin/index/index.html
INFO: [ app_init ] --START--
INFO: Run Behavior\BuildLiteBehavior [ RunTime:0.000000s ]
INFO: [ app_init ] --END-- [ RunTime:0.001000s ]
INFO: [ app_begin ] --START--
INFO: Run Behavior\ReadHtmlCacheBehavior [ RunTime:0.001000s ]
INFO: [ app_begin ] --END-- [ RunTime:0.001000s ]
SQL: SHOW COLUMNS FROM `adminuser` [ RunTime:0.0040s ]
SQL: SELECT adminuser.*,grouplist.group_name FROM `adminuser` INNER JOIN grouplist on adminuser.groupid = grouplist.id  WHERE ( adminuser.id=1 ) LIMIT 1   [ RunTime:0.0210s ]
INFO: [ view_parse ] --START--
INFO: [ template_filter ] --START--
INFO: Run Behavior\ContentReplaceBehavior [ RunTime:0.000000s ]
INFO: [ template_filter ] --END-- [ RunTime:0.000000s ]
NOTIC: [8] Undefined index: jump D:\XAMPP\htdocs\ThinkPhp\web\Runtime\Cache\Admin\7025b44a7596185f4a54002eca98357c.php 第 403 行.
NOTIC: [8] Undefined index: jump D:\XAMPP\htdocs\ThinkPhp\web\Runtime\Cache\Admin\7025b44a7596185f4a54002eca98357c.php 第 410 行.
INFO: Run Behavior\ParseTemplateBehavior [ RunTime:0.051003s ]
INFO: [ view_parse ] --END-- [ RunTime:0.052003s ]
INFO: [ view_filter ] --START--
INFO: Run Behavior\WriteHtmlCacheBehavior [ RunTime:0.001000s ]
INFO: [ view_filter ] --END-- [ RunTime:0.001000s ]
INFO: [ app_end ] --START--
INFO: Run Behavior\ShowPageTraceBehavior [ RunTime:0.003000s ]
INFO: [ app_end ] --END-- [ RunTime:0.003000s ]

[ 2017-11-30T15:16:18+08:00 ] ::1 /ThinkPhp/index.php/Admin/adminuser/index
INFO: [ app_init ] --START--
INFO: Run Behavior\BuildLiteBehavior [ RunTime:0.000000s ]
INFO: [ app_init ] --END-- [ RunTime:0.001000s ]
INFO: [ app_begin ] --START--
INFO: Run Behavior\ReadHtmlCacheBehavior [ RunTime:0.003000s ]
INFO: [ app_begin ] --END-- [ RunTime:0.003000s ]
SQL: SELECT COUNT(*) AS tp_count FROM `adminuser` LIMIT 1   [ RunTime:0.0360s ]
SQL: SELECT adminuser.*,grouplist.group_name FROM `adminuser` INNER JOIN grouplist on adminuser.groupid=grouplist.id  LIMIT 0,2   [ RunTime:0.0000s ]
INFO: [ view_parse ] --START--
INFO: [ template_filter ] --START--
INFO: Run Behavior\ContentReplaceBehavior [ RunTime:0.000000s ]
INFO: [ template_filter ] --END-- [ RunTime:0.000000s ]
NOTIC: [8] Undefined index: jump D:\XAMPP\htdocs\ThinkPhp\web\Runtime\Cache\Admin\639c2c37365de442ea0066d93080fb36.php 第 397 行.
NOTIC: [8] Undefined index: jump D:\XAMPP\htdocs\ThinkPhp\web\Runtime\Cache\Admin\639c2c37365de442ea0066d93080fb36.php 第 404 行.
NOTIC: [8] Undefined index: size D:\XAMPP\htdocs\ThinkPhp\web\Runtime\Cache\Admin\639c2c37365de442ea0066d93080fb36.php 第 426 行.
NOTIC: [8] Undefined index: size D:\XAMPP\htdocs\ThinkPhp\web\Runtime\Cache\Admin\639c2c37365de442ea0066d93080fb36.php 第 427 行.
NOTIC: [8] Undefined index: size D:\XAMPP\htdocs\ThinkPhp\web\Runtime\Cache\Admin\639c2c37365de442ea0066d93080fb36.php 第 428 行.
NOTIC: [8] Undefined index: size D:\XAMPP\htdocs\ThinkPhp\web\Runtime\Cache\Admin\639c2c37365de442ea0066d93080fb36.php 第 429 行.
NOTIC: [8] Undefined index: email D:\XAMPP\htdocs\ThinkPhp\web\Runtime\Cache\Admin\639c2c37365de442ea0066d93080fb36.php 第 435 行.
SQL: SHOW COLUMNS FROM `grouplist` [ RunTime:0.0250s ]
SQL: SELECT * FROM `grouplist` WHERE `id` = 1 LIMIT 1   [ RunTime:0.0010s ]
SQL: SELECT * FROM `grouplist` WHERE `id` = 2 LIMIT 1   [ RunTime:0.0010s ]
INFO: Run Behavior\ParseTemplateBehavior [ RunTime:0.065004s ]
INFO: [ view_parse ] --END-- [ RunTime:0.065004s ]
INFO: [ view_filter ] --START--
INFO: Run Behavior\WriteHtmlCacheBehavior [ RunTime:0.001000s ]
INFO: [ view_filter ] --END-- [ RunTime:0.001000s ]
INFO: [ app_end ] --START--
INFO: Run Behavior\ShowPageTraceBehavior [ RunTime:0.002000s ]
INFO: [ app_end ] --END-- [ RunTime:0.003000s ]

[ 2017-11-30T15:16:19+08:00 ] ::1 /ThinkPhp/index.php/Admin/order/index
INFO: [ app_init ] --START--
INFO: Run Behavior\BuildLiteBehavior [ RunTime:0.000000s ]
INFO: [ app_init ] --END-- [ RunTime:0.001000s ]
INFO: [ app_begin ] --START--
INFO: Run Behavior\ReadHtmlCacheBehavior [ RunTime:0.001000s ]
INFO: [ app_begin ] --END-- [ RunTime:0.001000s ]
SQL: SHOW COLUMNS FROM `order` [ RunTime:0.0050s ]
SQL: SELECT * FROM `order`  [ RunTime:0.0000s ]
SQL: SHOW COLUMNS FROM `order_detail` [ RunTime:0.0040s ]
SQL: SHOW COLUMNS FROM `sku` [ RunTime:0.0040s ]
SQL: SHOW COLUMNS FROM `pic` [ RunTime:0.0040s ]
SQL: SELECT * FROM `order_detail` WHERE ( order_id=17 )  [ RunTime:0.0000s ]
SQL: SELECT * FROM `sku` WHERE `id` = 81 LIMIT 1   [ RunTime:0.0000s ]
SQL: SELECT * FROM `pic` WHERE ( sku_id=81 ) LIMIT 1   [ RunTime:0.0000s ]
SQL: SELECT * FROM `order_detail` WHERE ( order_id=18 )  [ RunTime:0.0000s ]
SQL: SELECT * FROM `sku` WHERE `id` = 85 LIMIT 1   [ RunTime:0.0000s ]
SQL: SELECT * FROM `pic` WHERE ( sku_id=85 ) LIMIT 1   [ RunTime:0.0010s ]
SQL: SELECT * FROM `order_detail` WHERE ( order_id=19 )  [ RunTime:0.0000s ]
SQL: SELECT * FROM `sku` WHERE `id` = 81 LIMIT 1   [ RunTime:0.0010s ]
SQL: SELECT * FROM `pic` WHERE ( sku_id=81 ) LIMIT 1   [ RunTime:0.0000s ]
SQL: SELECT * FROM `sku` WHERE `id` = 85 LIMIT 1   [ RunTime:0.0010s ]
SQL: SELECT * FROM `pic` WHERE ( sku_id=85 ) LIMIT 1   [ RunTime:0.0010s ]
SQL: SELECT * FROM `order_detail` WHERE ( order_id=20 )  [ RunTime:0.0000s ]
SQL: SELECT * FROM `sku` WHERE `id` = 81 LIMIT 1   [ RunTime:0.0000s ]
SQL: SELECT * FROM `pic` WHERE ( sku_id=81 ) LIMIT 1   [ RunTime:0.0010s ]
SQL: SELECT * FROM `order_detail` WHERE ( order_id=21 )  [ RunTime:0.0000s ]
SQL: SELECT * FROM `sku` WHERE `id` = 81 LIMIT 1   [ RunTime:0.0010s ]
SQL: SELECT * FROM `pic` WHERE ( sku_id=81 ) LIMIT 1   [ RunTime:0.0000s ]
INFO: [ view_parse ] --START--
INFO: [ template_filter ] --START--
INFO: Run Behavior\ContentReplaceBehavior [ RunTime:0.000000s ]
INFO: [ template_filter ] --END-- [ RunTime:0.000000s ]
NOTIC: [8] Undefined index: jump D:\XAMPP\htdocs\ThinkPhp\web\Runtime\Cache\Admin\faa2163cae6b001d625b1462f028bd52.php 第 401 行.
NOTIC: [8] Undefined index: jump D:\XAMPP\htdocs\ThinkPhp\web\Runtime\Cache\Admin\faa2163cae6b001d625b1462f028bd52.php 第 408 行.
NOTIC: [8] Undefined index: size D:\XAMPP\htdocs\ThinkPhp\web\Runtime\Cache\Admin\faa2163cae6b001d625b1462f028bd52.php 第 430 行.
NOTIC: [8] Undefined index: size D:\XAMPP\htdocs\ThinkPhp\web\Runtime\Cache\Admin\faa2163cae6b001d625b1462f028bd52.php 第 431 行.
NOTIC: [8] Undefined index: size D:\XAMPP\htdocs\ThinkPhp\web\Runtime\Cache\Admin\faa2163cae6b001d625b1462f028bd52.php 第 432 行.
NOTIC: [8] Undefined index: size D:\XAMPP\htdocs\ThinkPhp\web\Runtime\Cache\Admin\faa2163cae6b001d625b1462f028bd52.php 第 433 行.
NOTIC: [8] Undefined index: size D:\XAMPP\htdocs\ThinkPhp\web\Runtime\Cache\Admin\faa2163cae6b001d625b1462f028bd52.php 第 434 行.
NOTIC: [8] Undefined index: size D:\XAMPP\htdocs\ThinkPhp\web\Runtime\Cache\Admin\faa2163cae6b001d625b1462f028bd52.php 第 435 行.
SQL: SHOW COLUMNS FROM `address` [ RunTime:0.0050s ]
SQL: SELECT * FROM `address` WHERE `id` = 6 LIMIT 1   [ RunTime:0.0000s ]
SQL: SELECT * FROM `address` WHERE `id` = 7 LIMIT 1   [ RunTime:0.0000s ]
SQL: SELECT * FROM `address` WHERE `id` = 6 LIMIT 1   [ RunTime:0.0010s ]
SQL: SELECT * FROM `address` WHERE `id` = 6 LIMIT 1   [ RunTime:0.0000s ]
SQL: SELECT * FROM `address` WHERE `id` = 7 LIMIT 1   [ RunTime:0.0010s ]
NOTIC: [8] Undefined variable: url D:\XAMPP\htdocs\ThinkPhp\web\Runtime\Cache\Admin\faa2163cae6b001d625b1462f028bd52.php 第 509 行.
NOTIC: [8] Undefined variable: p D:\XAMPP\htdocs\ThinkPhp\web\Runtime\Cache\Admin\faa2163cae6b001d625b1462f028bd52.php 第 618 行.
INFO: Run Behavior\ParseTemplateBehavior [ RunTime:0.044002s ]
INFO: [ view_parse ] --END-- [ RunTime:0.044002s ]
INFO: [ view_filter ] --START--
INFO: Run Behavior\WriteHtmlCacheBehavior [ RunTime:0.001000s ]
INFO: [ view_filter ] --END-- [ RunTime:0.001000s ]
INFO: [ app_end ] --START--
INFO: Run Behavior\ShowPageTraceBehavior [ RunTime:0.001000s ]
INFO: [ app_end ] --END-- [ RunTime:0.001000s ]

[ 2017-11-30T15:16:24+08:00 ] ::1 /ThinkPhp/index.php/Admin/order/index
INFO: [ app_init ] --START--
INFO: Run Behavior\BuildLiteBehavior [ RunTime:0.000000s ]
INFO: [ app_init ] --END-- [ RunTime:0.001000s ]
INFO: [ app_begin ] --START--
INFO: Run Behavior\ReadHtmlCacheBehavior [ RunTime:0.001000s ]
INFO: [ app_begin ] --END-- [ RunTime:0.001000s ]
SQL: SHOW COLUMNS FROM `order` [ RunTime:0.0070s ]
SQL: SELECT * FROM `order`  [ RunTime:0.0000s ]
SQL: SHOW COLUMNS FROM `order_detail` [ RunTime:0.0040s ]
SQL: SHOW COLUMNS FROM `sku` [ RunTime:0.0030s ]
SQL: SHOW COLUMNS FROM `pic` [ RunTime:0.0050s ]
SQL: SELECT * FROM `order_detail` WHERE ( order_id=17 )  [ RunTime:0.0000s ]
SQL: SELECT * FROM `sku` WHERE `id` = 81 LIMIT 1   [ RunTime:0.0010s ]
SQL: SELECT * FROM `pic` WHERE ( sku_id=81 ) LIMIT 1   [ RunTime:0.0010s ]
SQL: SELECT * FROM `order_detail` WHERE ( order_id=18 )  [ RunTime:0.0000s ]
SQL: SELECT * FROM `sku` WHERE `id` = 85 LIMIT 1   [ RunTime:0.0010s ]
SQL: SELECT * FROM `pic` WHERE ( sku_id=85 ) LIMIT 1   [ RunTime:0.0030s ]
SQL: SELECT * FROM `order_detail` WHERE ( order_id=19 )  [ RunTime:0.0000s ]
SQL: SELECT * FROM `sku` WHERE `id` = 81 LIMIT 1   [ RunTime:0.0010s ]
SQL: SELECT * FROM `pic` WHERE ( sku_id=81 ) LIMIT 1   [ RunTime:0.0010s ]
SQL: SELECT * FROM `sku` WHERE `id` = 85 LIMIT 1   [ RunTime:0.0000s ]
SQL: SELECT * FROM `pic` WHERE ( sku_id=85 ) LIMIT 1   [ RunTime:0.0000s ]
SQL: SELECT * FROM `order_detail` WHERE ( order_id=20 )  [ RunTime:0.0010s ]
SQL: SELECT * FROM `sku` WHERE `id` = 81 LIMIT 1   [ RunTime:0.0010s ]
SQL: SELECT * FROM `pic` WHERE ( sku_id=81 ) LIMIT 1   [ RunTime:0.0000s ]
SQL: SELECT * FROM `order_detail` WHERE ( order_id=21 )  [ RunTime:0.0010s ]
SQL: SELECT * FROM `sku` WHERE `id` = 81 LIMIT 1   [ RunTime:0.0000s ]
SQL: SELECT * FROM `pic` WHERE ( sku_id=81 ) LIMIT 1   [ RunTime:0.0010s ]
INFO: [ view_parse ] --START--
INFO: [ template_filter ] --START--
INFO: Run Behavior\ContentReplaceBehavior [ RunTime:0.000000s ]
INFO: [ template_filter ] --END-- [ RunTime:0.000000s ]
NOTIC: [8] Undefined index: jump D:\XAMPP\htdocs\ThinkPhp\web\Runtime\Cache\Admin\faa2163cae6b001d625b1462f028bd52.php 第 401 行.
NOTIC: [8] Undefined index: jump D:\XAMPP\htdocs\ThinkPhp\web\Runtime\Cache\Admin\faa2163cae6b001d625b1462f028bd52.php 第 408 行.
NOTIC: [8] Undefined index: size D:\XAMPP\htdocs\ThinkPhp\web\Runtime\Cache\Admin\faa2163cae6b001d625b1462f028bd52.php 第 430 行.
NOTIC: [8] Undefined index: size D:\XAMPP\htdocs\ThinkPhp\web\Runtime\Cache\Admin\faa2163cae6b001d625b1462f028bd52.php 第 431 行.
NOTIC: [8] Undefined index: size D:\XAMPP\htdocs\ThinkPhp\web\Runtime\Cache\Admin\faa2163cae6b001d625b1462f028bd52.php 第 432 行.
NOTIC: [8] Undefined index: size D:\XAMPP\htdocs\ThinkPhp\web\Runtime\Cache\Admin\faa2163cae6b001d625b1462f028bd52.php 第 433 行.
NOTIC: [8] Undefined index: size D:\XAMPP\htdocs\ThinkPhp\web\Runtime\Cache\Admin\faa2163cae6b001d625b1462f028bd52.php 第 434 行.
NOTIC: [8] Undefined index: size D:\XAMPP\htdocs\ThinkPhp\web\Runtime\Cache\Admin\faa2163cae6b001d625b1462f028bd52.php 第 435 行.
SQL: SHOW COLUMNS FROM `address` [ RunTime:0.0050s ]
SQL: SELECT * FROM `address` WHERE `id` = 6 LIMIT 1   [ RunTime:0.0010s ]
SQL: SELECT * FROM `address` WHERE `id` = 7 LIMIT 1   [ RunTime:0.0000s ]
SQL: SELECT * FROM `address` WHERE `id` = 6 LIMIT 1   [ RunTime:0.0000s ]
SQL: SELECT * FROM `address` WHERE `id` = 6 LIMIT 1   [ RunTime:0.0010s ]
SQL: SELECT * FROM `address` WHERE `id` = 7 LIMIT 1   [ RunTime:0.0010s ]
NOTIC: [8] Undefined variable: url D:\XAMPP\htdocs\ThinkPhp\web\Runtime\Cache\Admin\faa2163cae6b001d625b1462f028bd52.php 第 509 行.
NOTIC: [8] Undefined variable: p D:\XAMPP\htdocs\ThinkPhp\web\Runtime\Cache\Admin\faa2163cae6b001d625b1462f028bd52.php 第 618 行.
INFO: Run Behavior\ParseTemplateBehavior [ RunTime:0.026001s ]
INFO: [ view_parse ] --END-- [ RunTime:0.026001s ]
INFO: [ view_filter ] --START--
INFO: Run Behavior\WriteHtmlCacheBehavior [ RunTime:0.001000s ]
INFO: [ view_filter ] --END-- [ RunTime:0.001000s ]
INFO: [ app_end ] --START--
INFO: Run Behavior\ShowPageTraceBehavior [ RunTime:0.001000s ]
INFO: [ app_end ] --END-- [ RunTime:0.001000s ]

[ 2017-11-30T15:16:29+08:00 ] ::1 /ThinkPhp/index.php/Admin/Order/changeStatus?id=17
INFO: [ app_init ] --START--
INFO: Run Behavior\BuildLiteBehavior [ RunTime:0.000000s ]
INFO: [ app_init ] --END-- [ RunTime:0.001000s ]
INFO: [ app_begin ] --START--
INFO: Run Behavior\ReadHtmlCacheBehavior [ RunTime:0.001000s ]
INFO: [ app_begin ] --END-- [ RunTime:0.001000s ]
SQL: SHOW COLUMNS FROM `order` [ RunTime:0.0040s ]
SQL: UPDATE `order` SET `status`='1' WHERE `id` = 17 [ RunTime:0.0290s ]
INFO: [ app_end ] --START--
INFO: Run Behavior\ShowPageTraceBehavior [ RunTime:0.000000s ]
INFO: [ app_end ] --END-- [ RunTime:0.000000s ]

[ 2017-11-30T15:16:30+08:00 ] ::1 /ThinkPhp/index.php/Admin/Order/changeStatus?id=18
INFO: [ app_init ] --START--
INFO: Run Behavior\BuildLiteBehavior [ RunTime:0.000000s ]
INFO: [ app_init ] --END-- [ RunTime:0.001000s ]
INFO: [ app_begin ] --START--
INFO: Run Behavior\ReadHtmlCacheBehavior [ RunTime:0.001000s ]
INFO: [ app_begin ] --END-- [ RunTime:0.001000s ]
SQL: SHOW COLUMNS FROM `order` [ RunTime:0.0050s ]
SQL: UPDATE `order` SET `status`='1' WHERE `id` = 18 [ RunTime:0.0210s ]
INFO: [ app_end ] --START--
INFO: Run Behavior\ShowPageTraceBehavior [ RunTime:0.001000s ]
INFO: [ app_end ] --END-- [ RunTime:0.001000s ]

[ 2017-11-30T15:16:32+08:00 ] ::1 /ThinkPhp/index.php/Admin/order/index
INFO: [ app_init ] --START--
INFO: Run Behavior\BuildLiteBehavior [ RunTime:0.000000s ]
INFO: [ app_init ] --END-- [ RunTime:0.002000s ]
INFO: [ app_begin ] --START--
INFO: Run Behavior\ReadHtmlCacheBehavior [ RunTime:0.001000s ]
INFO: [ app_begin ] --END-- [ RunTime:0.001000s ]
SQL: SHOW COLUMNS FROM `order` [ RunTime:0.0040s ]
SQL: SELECT * FROM `order`  [ RunTime:0.0010s ]
SQL: SHOW COLUMNS FROM `order_detail` [ RunTime:0.0040s ]
SQL: SHOW COLUMNS FROM `sku` [ RunTime:0.0040s ]
SQL: SHOW COLUMNS FROM `pic` [ RunTime:0.0040s ]
SQL: SELECT * FROM `order_detail` WHERE ( order_id=17 )  [ RunTime:0.0000s ]
SQL: SELECT * FROM `sku` WHERE `id` = 81 LIMIT 1   [ RunTime:0.0010s ]
SQL: SELECT * FROM `pic` WHERE ( sku_id=81 ) LIMIT 1   [ RunTime:0.0000s ]
SQL: SELECT * FROM `order_detail` WHERE ( order_id=18 )  [ RunTime:0.0010s ]
SQL: SELECT * FROM `sku` WHERE `id` = 85 LIMIT 1   [ RunTime:0.0000s ]
SQL: SELECT * FROM `pic` WHERE ( sku_id=85 ) LIMIT 1   [ RunTime:0.0010s ]
SQL: SELECT * FROM `order_detail` WHERE ( order_id=19 )  [ RunTime:0.0000s ]
SQL: SELECT * FROM `sku` WHERE `id` = 81 LIMIT 1   [ RunTime:0.0000s ]
SQL: SELECT * FROM `pic` WHERE ( sku_id=81 ) LIMIT 1   [ RunTime:0.0000s ]
SQL: SELECT * FROM `sku` WHERE `id` = 85 LIMIT 1   [ RunTime:0.0010s ]
SQL: SELECT * FROM `pic` WHERE ( sku_id=85 ) LIMIT 1   [ RunTime:0.0010s ]
SQL: SELECT * FROM `order_detail` WHERE ( order_id=20 )  [ RunTime:0.0010s ]
SQL: SELECT * FROM `sku` WHERE `id` = 81 LIMIT 1   [ RunTime:0.0010s ]
SQL: SELECT * FROM `pic` WHERE ( sku_id=81 ) LIMIT 1   [ RunTime:0.0010s ]
SQL: SELECT * FROM `order_detail` WHERE ( order_id=21 )  [ RunTime:0.0000s ]
SQL: SELECT * FROM `sku` WHERE `id` = 81 LIMIT 1   [ RunTime:0.0000s ]
SQL: SELECT * FROM `pic` WHERE ( sku_id=81 ) LIMIT 1   [ RunTime:0.0000s ]
INFO: [ view_parse ] --START--
INFO: [ template_filter ] --START--
INFO: Run Behavior\ContentReplaceBehavior [ RunTime:0.000000s ]
INFO: [ template_filter ] --END-- [ RunTime:0.000000s ]
NOTIC: [8] Undefined index: jump D:\XAMPP\htdocs\ThinkPhp\web\Runtime\Cache\Admin\faa2163cae6b001d625b1462f028bd52.php 第 401 行.
NOTIC: [8] Undefined index: jump D:\XAMPP\htdocs\ThinkPhp\web\Runtime\Cache\Admin\faa2163cae6b001d625b1462f028bd52.php 第 408 行.
NOTIC: [8] Undefined index: size D:\XAMPP\htdocs\ThinkPhp\web\Runtime\Cache\Admin\faa2163cae6b001d625b1462f028bd52.php 第 430 行.
NOTIC: [8] Undefined index: size D:\XAMPP\htdocs\ThinkPhp\web\Runtime\Cache\Admin\faa2163cae6b001d625b1462f028bd52.php 第 431 行.
NOTIC: [8] Undefined index: size D:\XAMPP\htdocs\ThinkPhp\web\Runtime\Cache\Admin\faa2163cae6b001d625b1462f028bd52.php 第 432 行.
NOTIC: [8] Undefined index: size D:\XAMPP\htdocs\ThinkPhp\web\Runtime\Cache\Admin\faa2163cae6b001d625b1462f028bd52.php 第 433 行.
NOTIC: [8] Undefined index: size D:\XAMPP\htdocs\ThinkPhp\web\Runtime\Cache\Admin\faa2163cae6b001d625b1462f028bd52.php 第 434 行.
NOTIC: [8] Undefined index: size D:\XAMPP\htdocs\ThinkPhp\web\Runtime\Cache\Admin\faa2163cae6b001d625b1462f028bd52.php 第 435 行.
SQL: SHOW COLUMNS FROM `address` [ RunTime:0.0050s ]
SQL: SELECT * FROM `address` WHERE `id` = 6 LIMIT 1   [ RunTime:0.0010s ]
SQL: SELECT * FROM `address` WHERE `id` = 7 LIMIT 1   [ RunTime:0.0000s ]
SQL: SELECT * FROM `address` WHERE `id` = 6 LIMIT 1   [ RunTime:0.0000s ]
SQL: SELECT * FROM `address` WHERE `id` = 6 LIMIT 1   [ RunTime:0.0010s ]
SQL: SELECT * FROM `address` WHERE `id` = 7 LIMIT 1   [ RunTime:0.0000s ]
NOTIC: [8] Undefined variable: url D:\XAMPP\htdocs\ThinkPhp\web\Runtime\Cache\Admin\faa2163cae6b001d625b1462f028bd52.php 第 509 行.
NOTIC: [8] Undefined variable: p D:\XAMPP\htdocs\ThinkPhp\web\Runtime\Cache\Admin\faa2163cae6b001d625b1462f028bd52.php 第 618 行.
INFO: Run Behavior\ParseTemplateBehavior [ RunTime:0.021002s ]
INFO: [ view_parse ] --END-- [ RunTime:0.021002s ]
INFO: [ view_filter ] --START--
INFO: Run Behavior\WriteHtmlCacheBehavior [ RunTime:0.001000s ]
INFO: [ view_filter ] --END-- [ RunTime:0.001000s ]
INFO: [ app_end ] --START--
INFO: Run Behavior\ShowPageTraceBehavior [ RunTime:0.001000s ]
INFO: [ app_end ] --END-- [ RunTime:0.001000s ]

[ 2017-11-30T15:16:33+08:00 ] ::1 /ThinkPhp/index.php/Admin/Order/changeStatus?id=18
INFO: [ app_init ] --START--
INFO: Run Behavior\BuildLiteBehavior [ RunTime:0.000000s ]
INFO: [ app_init ] --END-- [ RunTime:0.001000s ]
INFO: [ app_begin ] --START--
INFO: Run Behavior\ReadHtmlCacheBehavior [ RunTime:0.001000s ]
INFO: [ app_begin ] --END-- [ RunTime:0.001000s ]
SQL: SHOW COLUMNS FROM `order` [ RunTime:0.0050s ]
SQL: UPDATE `order` SET `status`='1' WHERE `id` = 18 [ RunTime:0.0100s ]
INFO: [ app_end ] --START--
INFO: Run Behavior\ShowPageTraceBehavior [ RunTime:0.000000s ]
INFO: [ app_end ] --END-- [ RunTime:0.000000s ]

[ 2017-11-30T15:16:33+08:00 ] ::1 /ThinkPhp/index.php/Admin/Order/changeStatus?id=18
INFO: [ app_init ] --START--
INFO: Run Behavior\BuildLiteBehavior [ RunTime:0.000000s ]
INFO: [ app_init ] --END-- [ RunTime:0.000000s ]
INFO: [ app_begin ] --START--
INFO: Run Behavior\ReadHtmlCacheBehavior [ RunTime:0.001000s ]
INFO: [ app_begin ] --END-- [ RunTime:0.001000s ]
SQL: SHOW COLUMNS FROM `order` [ RunTime:0.0040s ]
SQL: UPDATE `order` SET `status`='1' WHERE `id` = 18 [ RunTime:0.0010s ]
INFO: [ app_end ] --START--
INFO: Run Behavior\ShowPageTraceBehavior [ RunTime:0.000000s ]
INFO: [ app_end ] --END-- [ RunTime:0.000000s ]

[ 2017-11-30T15:16:34+08:00 ] ::1 /ThinkPhp/index.php/Admin/Order/changeStatus?id=17
INFO: [ app_init ] --START--
INFO: Run Behavior\BuildLiteBehavior [ RunTime:0.000000s ]
INFO: [ app_init ] --END-- [ RunTime:0.000000s ]
INFO: [ app_begin ] --START--
INFO: Run Behavior\ReadHtmlCacheBehavior [ RunTime:0.001000s ]
INFO: [ app_begin ] --END-- [ RunTime:0.001000s ]
SQL: SHOW COLUMNS FROM `order` [ RunTime:0.0050s ]
SQL: UPDATE `order` SET `status`='1' WHERE `id` = 17 [ RunTime:0.0140s ]
INFO: [ app_end ] --START--
INFO: Run Behavior\ShowPageTraceBehavior [ RunTime:0.001000s ]
INFO: [ app_end ] --END-- [ RunTime:0.001000s ]

[ 2017-11-30T15:16:34+08:00 ] ::1 /ThinkPhp/index.php/Admin/order/index
INFO: [ app_init ] --START--
INFO: Run Behavior\BuildLiteBehavior [ RunTime:0.000000s ]
INFO: [ app_init ] --END-- [ RunTime:0.000000s ]
INFO: [ app_begin ] --START--
INFO: Run Behavior\ReadHtmlCacheBehavior [ RunTime:0.002001s ]
INFO: [ app_begin ] --END-- [ RunTime:0.002001s ]
SQL: SHOW COLUMNS FROM `order` [ RunTime:0.0060s ]
SQL: SELECT * FROM `order`  [ RunTime:0.0010s ]
SQL: SHOW COLUMNS FROM `order_detail` [ RunTime:0.0070s ]
SQL: SHOW COLUMNS FROM `sku` [ RunTime:0.0050s ]
SQL: SHOW COLUMNS FROM `pic` [ RunTime:0.0050s ]
SQL: SELECT * FROM `order_detail` WHERE ( order_id=17 )  [ RunTime:0.0000s ]
SQL: SELECT * FROM `sku` WHERE `id` = 81 LIMIT 1   [ RunTime:0.0010s ]
SQL: SELECT * FROM `pic` WHERE ( sku_id=81 ) LIMIT 1   [ RunTime:0.0000s ]
SQL: SELECT * FROM `order_detail` WHERE ( order_id=18 )  [ RunTime:0.0000s ]
SQL: SELECT * FROM `sku` WHERE `id` = 85 LIMIT 1   [ RunTime:0.0000s ]
SQL: SELECT * FROM `pic` WHERE ( sku_id=85 ) LIMIT 1   [ RunTime:0.0010s ]
SQL: SELECT * FROM `order_detail` WHERE ( order_id=19 )  [ RunTime:0.0010s ]
SQL: SELECT * FROM `sku` WHERE `id` = 81 LIMIT 1   [ RunTime:0.0010s ]
SQL: SELECT * FROM `pic` WHERE ( sku_id=81 ) LIMIT 1   [ RunTime:0.0010s ]
SQL: SELECT * FROM `sku` WHERE `id` = 85 LIMIT 1   [ RunTime:0.0010s ]
SQL: SELECT * FROM `pic` WHERE ( sku_id=85 ) LIMIT 1   [ RunTime:0.0000s ]
SQL: SELECT * FROM `order_detail` WHERE ( order_id=20 )  [ RunTime:0.0010s ]
SQL: SELECT * FROM `sku` WHERE `id` = 81 LIMIT 1   [ RunTime:0.0000s ]
SQL: SELECT * FROM `pic` WHERE ( sku_id=81 ) LIMIT 1   [ RunTime:0.0010s ]
SQL: SELECT * FROM `order_detail` WHERE ( order_id=21 )  [ RunTime:0.0000s ]
SQL: SELECT * FROM `sku` WHERE `id` = 81 LIMIT 1   [ RunTime:0.0020s ]
SQL: SELECT * FROM `pic` WHERE ( sku_id=81 ) LIMIT 1   [ RunTime:0.0010s ]
INFO: [ view_parse ] --START--
INFO: [ template_filter ] --START--
INFO: Run Behavior\ContentReplaceBehavior [ RunTime:0.001000s ]
INFO: [ template_filter ] --END-- [ RunTime:0.001000s ]
NOTIC: [8] Undefined index: jump D:\XAMPP\htdocs\ThinkPhp\web\Runtime\Cache\Admin\faa2163cae6b001d625b1462f028bd52.php 第 401 行.
NOTIC: [8] Undefined index: jump D:\XAMPP\htdocs\ThinkPhp\web\Runtime\Cache\Admin\faa2163cae6b001d625b1462f028bd52.php 第 408 行.
NOTIC: [8] Undefined index: size D:\XAMPP\htdocs\ThinkPhp\web\Runtime\Cache\Admin\faa2163cae6b001d625b1462f028bd52.php 第 430 行.
NOTIC: [8] Undefined index: size D:\XAMPP\htdocs\ThinkPhp\web\Runtime\Cache\Admin\faa2163cae6b001d625b1462f028bd52.php 第 431 行.
NOTIC: [8] Undefined index: size D:\XAMPP\htdocs\ThinkPhp\web\Runtime\Cache\Admin\faa2163cae6b001d625b1462f028bd52.php 第 432 行.
NOTIC: [8] Undefined index: size D:\XAMPP\htdocs\ThinkPhp\web\Runtime\Cache\Admin\faa2163cae6b001d625b1462f028bd52.php 第 433 行.
NOTIC: [8] Undefined index: size D:\XAMPP\htdocs\ThinkPhp\web\Runtime\Cache\Admin\faa2163cae6b001d625b1462f028bd52.php 第 434 行.
NOTIC: [8] Undefined index: size D:\XAMPP\htdocs\ThinkPhp\web\Runtime\Cache\Admin\faa2163cae6b001d625b1462f028bd52.php 第 435 行.
SQL: SHOW COLUMNS FROM `address` [ RunTime:0.0080s ]
SQL: SELECT * FROM `address` WHERE `id` = 6 LIMIT 1   [ RunTime:0.0000s ]
SQL: SELECT * FROM `address` WHERE `id` = 7 LIMIT 1   [ RunTime:0.0010s ]
SQL: SELECT * FROM `address` WHERE `id` = 6 LIMIT 1   [ RunTime:0.0010s ]
SQL: SELECT * FROM `address` WHERE `id` = 6 LIMIT 1   [ RunTime:0.0010s ]
SQL: SELECT * FROM `address` WHERE `id` = 7 LIMIT 1   [ RunTime:0.0010s ]
NOTIC: [8] Undefined variable: url D:\XAMPP\htdocs\ThinkPhp\web\Runtime\Cache\Admin\faa2163cae6b001d625b1462f028bd52.php 第 509 行.
NOTIC: [8] Undefined variable: p D:\XAMPP\htdocs\ThinkPhp\web\Runtime\Cache\Admin\faa2163cae6b001d625b1462f028bd52.php 第 618 行.
INFO: Run Behavior\ParseTemplateBehavior [ RunTime:0.027002s ]
INFO: [ view_parse ] --END-- [ RunTime:0.027002s ]
INFO: [ view_filter ] --START--
INFO: Run Behavior\WriteHtmlCacheBehavior [ RunTime:0.001000s ]
INFO: [ view_filter ] --END-- [ RunTime:0.001000s ]
INFO: [ app_end ] --START--
INFO: Run Behavior\ShowPageTraceBehavior [ RunTime:0.001000s ]
INFO: [ app_end ] --END-- [ RunTime:0.001000s ]

[ 2017-11-30T15:16:35+08:00 ] ::1 /ThinkPhp/index.php/Admin/Order/changeStatus?id=19
INFO: [ app_init ] --START--
INFO: Run Behavior\BuildLiteBehavior [ RunTime:0.000000s ]
INFO: [ app_init ] --END-- [ RunTime:0.001000s ]
INFO: [ app_begin ] --START--
INFO: Run Behavior\ReadHtmlCacheBehavior [ RunTime:0.001001s ]
INFO: [ app_begin ] --END-- [ RunTime:0.001001s ]
SQL: SHOW COLUMNS FROM `order` [ RunTime:0.0040s ]
SQL: UPDATE `order` SET `status`='1' WHERE `id` = 19 [ RunTime:0.0020s ]
INFO: [ app_end ] --START--
INFO: Run Behavior\ShowPageTraceBehavior [ RunTime:0.001000s ]
INFO: [ app_end ] --END-- [ RunTime:0.001000s ]

[ 2017-11-30T15:52:55+08:00 ] ::1 /ThinkPhp/index.php/Admin/order/index
INFO: [ app_init ] --START--
INFO: Run Behavior\BuildLiteBehavior [ RunTime:0.000000s ]
INFO: [ app_init ] --END-- [ RunTime:0.001000s ]
INFO: [ app_begin ] --START--
INFO: Run Behavior\ReadHtmlCacheBehavior [ RunTime:0.001000s ]
INFO: [ app_begin ] --END-- [ RunTime:0.001000s ]
SQL: SHOW COLUMNS FROM `order` [ RunTime:0.0080s ]
SQL: SELECT * FROM `order`  [ RunTime:0.0010s ]
SQL: SHOW COLUMNS FROM `order_detail` [ RunTime:0.0050s ]
SQL: SHOW COLUMNS FROM `sku` [ RunTime:0.0070s ]
SQL: SHOW COLUMNS FROM `pic` [ RunTime:0.0060s ]
SQL: SELECT * FROM `order_detail` WHERE ( order_id=17 )  [ RunTime:0.0060s ]
SQL: SELECT * FROM `sku` WHERE `id` = 81 LIMIT 1   [ RunTime:0.0010s ]
SQL: SELECT * FROM `pic` WHERE ( sku_id=81 ) LIMIT 1   [ RunTime:0.0010s ]
SQL: SELECT * FROM `order_detail` WHERE ( order_id=18 )  [ RunTime:0.0000s ]
SQL: SELECT * FROM `sku` WHERE `id` = 85 LIMIT 1   [ RunTime:0.0000s ]
SQL: SELECT * FROM `pic` WHERE ( sku_id=85 ) LIMIT 1   [ RunTime:0.0010s ]
SQL: SELECT * FROM `order_detail` WHERE ( order_id=19 )  [ RunTime:0.0010s ]
SQL: SELECT * FROM `sku` WHERE `id` = 81 LIMIT 1   [ RunTime:0.0010s ]
SQL: SELECT * FROM `pic` WHERE ( sku_id=81 ) LIMIT 1   [ RunTime:0.0010s ]
SQL: SELECT * FROM `sku` WHERE `id` = 85 LIMIT 1   [ RunTime:0.0020s ]
SQL: SELECT * FROM `pic` WHERE ( sku_id=85 ) LIMIT 1   [ RunTime:0.0000s ]
SQL: SELECT * FROM `order_detail` WHERE ( order_id=20 )  [ RunTime:0.0000s ]
SQL: SELECT * FROM `sku` WHERE `id` = 81 LIMIT 1   [ RunTime:0.0010s ]
SQL: SELECT * FROM `pic` WHERE ( sku_id=81 ) LIMIT 1   [ RunTime:0.0000s ]
SQL: SELECT * FROM `order_detail` WHERE ( order_id=21 )  [ RunTime:0.0010s ]
SQL: SELECT * FROM `sku` WHERE `id` = 81 LIMIT 1   [ RunTime:0.0000s ]
SQL: SELECT * FROM `pic` WHERE ( sku_id=81 ) LIMIT 1   [ RunTime:0.0000s ]
INFO: [ view_parse ] --START--
INFO: [ template_filter ] --START--
INFO: Run Behavior\ContentReplaceBehavior [ RunTime:0.000000s ]
INFO: [ template_filter ] --END-- [ RunTime:0.000000s ]
NOTIC: [8] Undefined index: jump D:\XAMPP\htdocs\ThinkPhp\web\Runtime\Cache\Admin\faa2163cae6b001d625b1462f028bd52.php 第 401 行.
NOTIC: [8] Undefined index: jump D:\XAMPP\htdocs\ThinkPhp\web\Runtime\Cache\Admin\faa2163cae6b001d625b1462f028bd52.php 第 408 行.
NOTIC: [8] Undefined index: size D:\XAMPP\htdocs\ThinkPhp\web\Runtime\Cache\Admin\faa2163cae6b001d625b1462f028bd52.php 第 430 行.
NOTIC: [8] Undefined index: size D:\XAMPP\htdocs\ThinkPhp\web\Runtime\Cache\Admin\faa2163cae6b001d625b1462f028bd52.php 第 431 行.
NOTIC: [8] Undefined index: size D:\XAMPP\htdocs\ThinkPhp\web\Runtime\Cache\Admin\faa2163cae6b001d625b1462f028bd52.php 第 432 行.
NOTIC: [8] Undefined index: size D:\XAMPP\htdocs\ThinkPhp\web\Runtime\Cache\Admin\faa2163cae6b001d625b1462f028bd52.php 第 433 行.
NOTIC: [8] Undefined index: size D:\XAMPP\htdocs\ThinkPhp\web\Runtime\Cache\Admin\faa2163cae6b001d625b1462f028bd52.php 第 434 行.
NOTIC: [8] Undefined index: size D:\XAMPP\htdocs\ThinkPhp\web\Runtime\Cache\Admin\faa2163cae6b001d625b1462f028bd52.php 第 435 行.
SQL: SHOW COLUMNS FROM `address` [ RunTime:0.0040s ]
SQL: SELECT * FROM `address` WHERE `id` = 6 LIMIT 1   [ RunTime:0.0000s ]
SQL: SELECT * FROM `address` WHERE `id` = 7 LIMIT 1   [ RunTime:0.0000s ]
SQL: SELECT * FROM `address` WHERE `id` = 6 LIMIT 1   [ RunTime:0.0010s ]
SQL: SELECT * FROM `address` WHERE `id` = 6 LIMIT 1   [ RunTime:0.0010s ]
SQL: SELECT * FROM `address` WHERE `id` = 7 LIMIT 1   [ RunTime:0.0000s ]
NOTIC: [8] Undefined variable: url D:\XAMPP\htdocs\ThinkPhp\web\Runtime\Cache\Admin\faa2163cae6b001d625b1462f028bd52.php 第 509 行.
NOTIC: [8] Undefined variable: p D:\XAMPP\htdocs\ThinkPhp\web\Runtime\Cache\Admin\faa2163cae6b001d625b1462f028bd52.php 第 618 行.
INFO: Run Behavior\ParseTemplateBehavior [ RunTime:0.026001s ]
INFO: [ view_parse ] --END-- [ RunTime:0.026001s ]
INFO: [ view_filter ] --START--
INFO: Run Behavior\WriteHtmlCacheBehavior [ RunTime:0.001000s ]
INFO: [ view_filter ] --END-- [ RunTime:0.001000s ]
INFO: [ app_end ] --START--
INFO: Run Behavior\ShowPageTraceBehavior [ RunTime:0.002000s ]
INFO: [ app_end ] --END-- [ RunTime:0.002000s ]

[ 2017-11-30T18:44:44+08:00 ] ::1 /ThinkPhp/index.php/Admin/Good/editDetail/id/27
INFO: [ app_init ] --START--
INFO: Run Behavior\BuildLiteBehavior [ RunTime:0.000000s ]
INFO: [ app_init ] --END-- [ RunTime:0.001000s ]
INFO: [ app_begin ] --START--
INFO: Run Behavior\ReadHtmlCacheBehavior [ RunTime:0.001000s ]
INFO: [ app_begin ] --END-- [ RunTime:0.001000s ]
SQL: SHOW COLUMNS FROM `good` [ RunTime:0.0980s ]
SQL: SELECT * FROM `good` WHERE `id` = 27 LIMIT 1   [ RunTime:0.0770s ]
INFO: [ view_parse ] --START--
INFO: [ template_filter ] --START--
INFO: Run Behavior\ContentReplaceBehavior [ RunTime:0.000000s ]
INFO: [ template_filter ] --END-- [ RunTime:0.001000s ]
NOTIC: [8] Undefined index: jump D:\XAMPP\htdocs\ThinkPhp\web\Runtime\Cache\Admin\964cf7444807f7cc41af1b30fa057e52.php 第 397 行.
NOTIC: [8] Undefined index: jump D:\XAMPP\htdocs\ThinkPhp\web\Runtime\Cache\Admin\964cf7444807f7cc41af1b30fa057e52.php 第 404 行.
INFO: Run Behavior\ParseTemplateBehavior [ RunTime:0.447026s ]
INFO: [ view_parse ] --END-- [ RunTime:0.447026s ]
INFO: [ view_filter ] --START--
INFO: Run Behavior\WriteHtmlCacheBehavior [ RunTime:0.001000s ]
INFO: [ view_filter ] --END-- [ RunTime:0.002000s ]
INFO: [ app_end ] --START--
INFO: Run Behavior\ShowPageTraceBehavior [ RunTime:0.001000s ]
INFO: [ app_end ] --END-- [ RunTime:0.001000s ]

[ 2017-11-30T18:44:48+08:00 ] ::1 /ThinkPhp/index.php/Admin/order/index
INFO: [ app_init ] --START--
INFO: Run Behavior\BuildLiteBehavior [ RunTime:0.000000s ]
INFO: [ app_init ] --END-- [ RunTime:0.002000s ]
INFO: [ app_begin ] --START--
INFO: Run Behavior\ReadHtmlCacheBehavior [ RunTime:0.002000s ]
INFO: [ app_begin ] --END-- [ RunTime:0.002000s ]
SQL: SHOW COLUMNS FROM `order` [ RunTime:0.0050s ]
SQL: SELECT * FROM `order`  [ RunTime:0.0000s ]
SQL: SHOW COLUMNS FROM `order_detail` [ RunTime:0.0150s ]
SQL: SHOW COLUMNS FROM `sku` [ RunTime:0.0060s ]
SQL: SHOW COLUMNS FROM `pic` [ RunTime:0.0060s ]
SQL: SELECT * FROM `order_detail` WHERE ( order_id=17 )  [ RunTime:0.0010s ]
SQL: SELECT * FROM `sku` WHERE `id` = 81 LIMIT 1   [ RunTime:0.0010s ]
SQL: SELECT * FROM `pic` WHERE ( sku_id=81 ) LIMIT 1   [ RunTime:0.0070s ]
SQL: SELECT * FROM `order_detail` WHERE ( order_id=18 )  [ RunTime:0.0000s ]
SQL: SELECT * FROM `sku` WHERE `id` = 85 LIMIT 1   [ RunTime:0.0010s ]
SQL: SELECT * FROM `pic` WHERE ( sku_id=85 ) LIMIT 1   [ RunTime:0.0010s ]
SQL: SELECT * FROM `order_detail` WHERE ( order_id=19 )  [ RunTime:0.0000s ]
SQL: SELECT * FROM `sku` WHERE `id` = 81 LIMIT 1   [ RunTime:0.0010s ]
SQL: SELECT * FROM `pic` WHERE ( sku_id=81 ) LIMIT 1   [ RunTime:0.0010s ]
SQL: SELECT * FROM `sku` WHERE `id` = 85 LIMIT 1   [ RunTime:0.0000s ]
SQL: SELECT * FROM `pic` WHERE ( sku_id=85 ) LIMIT 1   [ RunTime:0.0000s ]
SQL: SELECT * FROM `order_detail` WHERE ( order_id=20 )  [ RunTime:0.0010s ]
SQL: SELECT * FROM `sku` WHERE `id` = 81 LIMIT 1   [ RunTime:0.0010s ]
SQL: SELECT * FROM `pic` WHERE ( sku_id=81 ) LIMIT 1   [ RunTime:0.0010s ]
SQL: SELECT * FROM `order_detail` WHERE ( order_id=21 )  [ RunTime:0.0050s ]
SQL: SELECT * FROM `sku` WHERE `id` = 81 LIMIT 1   [ RunTime:0.0010s ]
SQL: SELECT * FROM `pic` WHERE ( sku_id=81 ) LIMIT 1   [ RunTime:0.0010s ]
INFO: [ view_parse ] --START--
INFO: [ template_filter ] --START--
INFO: Run Behavior\ContentReplaceBehavior [ RunTime:0.000000s ]
INFO: [ template_filter ] --END-- [ RunTime:0.000000s ]
NOTIC: [8] Undefined index: jump D:\XAMPP\htdocs\ThinkPhp\web\Runtime\Cache\Admin\faa2163cae6b001d625b1462f028bd52.php 第 401 行.
NOTIC: [8] Undefined index: jump D:\XAMPP\htdocs\ThinkPhp\web\Runtime\Cache\Admin\faa2163cae6b001d625b1462f028bd52.php 第 408 行.
NOTIC: [8] Undefined index: size D:\XAMPP\htdocs\ThinkPhp\web\Runtime\Cache\Admin\faa2163cae6b001d625b1462f028bd52.php 第 430 行.
NOTIC: [8] Undefined index: size D:\XAMPP\htdocs\ThinkPhp\web\Runtime\Cache\Admin\faa2163cae6b001d625b1462f028bd52.php 第 431 行.
NOTIC: [8] Undefined index: size D:\XAMPP\htdocs\ThinkPhp\web\Runtime\Cache\Admin\faa2163cae6b001d625b1462f028bd52.php 第 432 行.
NOTIC: [8] Undefined index: size D:\XAMPP\htdocs\ThinkPhp\web\Runtime\Cache\Admin\faa2163cae6b001d625b1462f028bd52.php 第 433 行.
NOTIC: [8] Undefined index: size D:\XAMPP\htdocs\ThinkPhp\web\Runtime\Cache\Admin\faa2163cae6b001d625b1462f028bd52.php 第 434 行.
NOTIC: [8] Undefined index: size D:\XAMPP\htdocs\ThinkPhp\web\Runtime\Cache\Admin\faa2163cae6b001d625b1462f028bd52.php 第 435 行.
SQL: SHOW COLUMNS FROM `address` [ RunTime:0.0110s ]
SQL: SELECT * FROM `address` WHERE `id` = 6 LIMIT 1   [ RunTime:0.0010s ]
SQL: SELECT * FROM `address` WHERE `id` = 7 LIMIT 1   [ RunTime:0.0010s ]
SQL: SELECT * FROM `address` WHERE `id` = 6 LIMIT 1   [ RunTime:0.0000s ]
SQL: SELECT * FROM `address` WHERE `id` = 6 LIMIT 1   [ RunTime:0.0000s ]
SQL: SELECT * FROM `address` WHERE `id` = 7 LIMIT 1   [ RunTime:0.0010s ]
NOTIC: [8] Undefined variable: url D:\XAMPP\htdocs\ThinkPhp\web\Runtime\Cache\Admin\faa2163cae6b001d625b1462f028bd52.php 第 509 行.
NOTIC: [8] Undefined variable: p D:\XAMPP\htdocs\ThinkPhp\web\Runtime\Cache\Admin\faa2163cae6b001d625b1462f028bd52.php 第 618 行.
INFO: Run Behavior\ParseTemplateBehavior [ RunTime:0.058004s ]
INFO: [ view_parse ] --END-- [ RunTime:0.058004s ]
INFO: [ view_filter ] --START--
INFO: Run Behavior\WriteHtmlCacheBehavior [ RunTime:0.001000s ]
INFO: [ view_filter ] --END-- [ RunTime:0.001000s ]
INFO: [ app_end ] --START--
INFO: Run Behavior\ShowPageTraceBehavior [ RunTime:0.001000s ]
INFO: [ app_end ] --END-- [ RunTime:0.001000s ]

[ 2017-11-30T18:44:50+08:00 ] ::1 /ThinkPhp/index.php/Admin/order/index
INFO: [ app_init ] --START--
INFO: Run Behavior\BuildLiteBehavior [ RunTime:0.000000s ]
INFO: [ app_init ] --END-- [ RunTime:0.001000s ]
INFO: [ app_begin ] --START--
INFO: Run Behavior\ReadHtmlCacheBehavior [ RunTime:0.001000s ]
INFO: [ app_begin ] --END-- [ RunTime:0.001000s ]
SQL: SHOW COLUMNS FROM `order` [ RunTime:0.0110s ]
SQL: SELECT * FROM `order`  [ RunTime:0.0020s ]
SQL: SHOW COLUMNS FROM `order_detail` [ RunTime:0.0060s ]
SQL: SHOW COLUMNS FROM `sku` [ RunTime:0.0060s ]
SQL: SHOW COLUMNS FROM `pic` [ RunTime:0.0090s ]
SQL: SELECT * FROM `order_detail` WHERE ( order_id=17 )  [ RunTime:0.0010s ]
SQL: SELECT * FROM `sku` WHERE `id` = 81 LIMIT 1   [ RunTime:0.0010s ]
SQL: SELECT * FROM `pic` WHERE ( sku_id=81 ) LIMIT 1   [ RunTime:0.0010s ]
SQL: SELECT * FROM `order_detail` WHERE ( order_id=18 )  [ RunTime:0.0010s ]
SQL: SELECT * FROM `sku` WHERE `id` = 85 LIMIT 1   [ RunTime:0.0030s ]
SQL: SELECT * FROM `pic` WHERE ( sku_id=85 ) LIMIT 1   [ RunTime:0.0010s ]
SQL: SELECT * FROM `order_detail` WHERE ( order_id=19 )  [ RunTime:0.0020s ]
SQL: SELECT * FROM `sku` WHERE `id` = 81 LIMIT 1   [ RunTime:0.0010s ]
SQL: SELECT * FROM `pic` WHERE ( sku_id=81 ) LIMIT 1   [ RunTime:0.0010s ]
SQL: SELECT * FROM `sku` WHERE `id` = 85 LIMIT 1   [ RunTime:0.0000s ]
SQL: SELECT * FROM `pic` WHERE ( sku_id=85 ) LIMIT 1   [ RunTime:0.0080s ]
SQL: SELECT * FROM `order_detail` WHERE ( order_id=20 )  [ RunTime:0.0010s ]
SQL: SELECT * FROM `sku` WHERE `id` = 81 LIMIT 1   [ RunTime:0.0010s ]
SQL: SELECT * FROM `pic` WHERE ( sku_id=81 ) LIMIT 1   [ RunTime:0.0010s ]
SQL: SELECT * FROM `order_detail` WHERE ( order_id=21 )  [ RunTime:0.0010s ]
SQL: SELECT * FROM `sku` WHERE `id` = 81 LIMIT 1   [ RunTime:0.0010s ]
SQL: SELECT * FROM `pic` WHERE ( sku_id=81 ) LIMIT 1   [ RunTime:0.0000s ]
INFO: [ view_parse ] --START--
INFO: [ template_filter ] --START--
INFO: Run Behavior\ContentReplaceBehavior [ RunTime:0.000000s ]
INFO: [ template_filter ] --END-- [ RunTime:0.000000s ]
NOTIC: [8] Undefined index: jump D:\XAMPP\htdocs\ThinkPhp\web\Runtime\Cache\Admin\faa2163cae6b001d625b1462f028bd52.php 第 401 行.
NOTIC: [8] Undefined index: jump D:\XAMPP\htdocs\ThinkPhp\web\Runtime\Cache\Admin\faa2163cae6b001d625b1462f028bd52.php 第 408 行.
NOTIC: [8] Undefined index: size D:\XAMPP\htdocs\ThinkPhp\web\Runtime\Cache\Admin\faa2163cae6b001d625b1462f028bd52.php 第 430 行.
NOTIC: [8] Undefined index: size D:\XAMPP\htdocs\ThinkPhp\web\Runtime\Cache\Admin\faa2163cae6b001d625b1462f028bd52.php 第 431 行.
NOTIC: [8] Undefined index: size D:\XAMPP\htdocs\ThinkPhp\web\Runtime\Cache\Admin\faa2163cae6b001d625b1462f028bd52.php 第 432 行.
NOTIC: [8] Undefined index: size D:\XAMPP\htdocs\ThinkPhp\web\Runtime\Cache\Admin\faa2163cae6b001d625b1462f028bd52.php 第 433 行.
NOTIC: [8] Undefined index: size D:\XAMPP\htdocs\ThinkPhp\web\Runtime\Cache\Admin\faa2163cae6b001d625b1462f028bd52.php 第 434 行.
NOTIC: [8] Undefined index: size D:\XAMPP\htdocs\ThinkPhp\web\Runtime\Cache\Admin\faa2163cae6b001d625b1462f028bd52.php 第 435 行.
SQL: SHOW COLUMNS FROM `address` [ RunTime:0.0050s ]
SQL: SELECT * FROM `address` WHERE `id` = 6 LIMIT 1   [ RunTime:0.0010s ]
SQL: SELECT * FROM `address` WHERE `id` = 7 LIMIT 1   [ RunTime:0.0010s ]
SQL: SELECT * FROM `address` WHERE `id` = 6 LIMIT 1   [ RunTime:0.0010s ]
SQL: SELECT * FROM `address` WHERE `id` = 6 LIMIT 1   [ RunTime:0.0020s ]
SQL: SELECT * FROM `address` WHERE `id` = 7 LIMIT 1   [ RunTime:0.0000s ]
NOTIC: [8] Undefined variable: url D:\XAMPP\htdocs\ThinkPhp\web\Runtime\Cache\Admin\faa2163cae6b001d625b1462f028bd52.php 第 509 行.
NOTIC: [8] Undefined variable: p D:\XAMPP\htdocs\ThinkPhp\web\Runtime\Cache\Admin\faa2163cae6b001d625b1462f028bd52.php 第 618 行.
INFO: Run Behavior\ParseTemplateBehavior [ RunTime:0.028002s ]
INFO: [ view_parse ] --END-- [ RunTime:0.028002s ]
INFO: [ view_filter ] --START--
INFO: Run Behavior\WriteHtmlCacheBehavior [ RunTime:0.001000s ]
INFO: [ view_filter ] --END-- [ RunTime:0.001000s ]
INFO: [ app_end ] --START--
INFO: Run Behavior\ShowPageTraceBehavior [ RunTime:0.002000s ]
INFO: [ app_end ] --END-- [ RunTime:0.002000s ]

[ 2017-11-30T18:44:50+08:00 ] ::1 /ThinkPhp/index.php/Admin/order/index
INFO: [ app_init ] --START--
INFO: Run Behavior\BuildLiteBehavior [ RunTime:0.000000s ]
INFO: [ app_init ] --END-- [ RunTime:0.001000s ]
INFO: [ app_begin ] --START--
INFO: Run Behavior\ReadHtmlCacheBehavior [ RunTime:0.001000s ]
INFO: [ app_begin ] --END-- [ RunTime:0.001000s ]
SQL: SHOW COLUMNS FROM `order` [ RunTime:0.0060s ]
SQL: SELECT * FROM `order`  [ RunTime:0.0000s ]
SQL: SHOW COLUMNS FROM `order_detail` [ RunTime:0.0050s ]
SQL: SHOW COLUMNS FROM `sku` [ RunTime:0.0060s ]
SQL: SHOW COLUMNS FROM `pic` [ RunTime:0.0050s ]
SQL: SELECT * FROM `order_detail` WHERE ( order_id=17 )  [ RunTime:0.0010s ]
SQL: SELECT * FROM `sku` WHERE `id` = 81 LIMIT 1   [ RunTime:0.0010s ]
SQL: SELECT * FROM `pic` WHERE ( sku_id=81 ) LIMIT 1   [ RunTime:0.0010s ]
SQL: SELECT * FROM `order_detail` WHERE ( order_id=18 )  [ RunTime:0.0010s ]
SQL: SELECT * FROM `sku` WHERE `id` = 85 LIMIT 1   [ RunTime:0.0010s ]
SQL: SELECT * FROM `pic` WHERE ( sku_id=85 ) LIMIT 1   [ RunTime:0.0010s ]
SQL: SELECT * FROM `order_detail` WHERE ( order_id=19 )  [ RunTime:0.0000s ]
SQL: SELECT * FROM `sku` WHERE `id` = 81 LIMIT 1   [ RunTime:0.0000s ]
SQL: SELECT * FROM `pic` WHERE ( sku_id=81 ) LIMIT 1   [ RunTime:0.0010s ]
SQL: SELECT * FROM `sku` WHERE `id` = 85 LIMIT 1   [ RunTime:0.0010s ]
SQL: SELECT * FROM `pic` WHERE ( sku_id=85 ) LIMIT 1   [ RunTime:0.0010s ]
SQL: SELECT * FROM `order_detail` WHERE ( order_id=20 )  [ RunTime:0.0010s ]
SQL: SELECT * FROM `sku` WHERE `id` = 81 LIMIT 1   [ RunTime:0.0000s ]
SQL: SELECT * FROM `pic` WHERE ( sku_id=81 ) LIMIT 1   [ RunTime:0.0000s ]
SQL: SELECT * FROM `order_detail` WHERE ( order_id=21 )  [ RunTime:0.0010s ]
SQL: SELECT * FROM `sku` WHERE `id` = 81 LIMIT 1   [ RunTime:0.0010s ]
SQL: SELECT * FROM `pic` WHERE ( sku_id=81 ) LIMIT 1   [ RunTime:0.0000s ]
INFO: [ view_parse ] --START--
INFO: [ template_filter ] --START--
INFO: Run Behavior\ContentReplaceBehavior [ RunTime:0.001000s ]
INFO: [ template_filter ] --END-- [ RunTime:0.001000s ]
NOTIC: [8] Undefined index: jump D:\XAMPP\htdocs\ThinkPhp\web\Runtime\Cache\Admin\faa2163cae6b001d625b1462f028bd52.php 第 401 行.
NOTIC: [8] Undefined index: jump D:\XAMPP\htdocs\ThinkPhp\web\Runtime\Cache\Admin\faa2163cae6b001d625b1462f028bd52.php 第 408 行.
NOTIC: [8] Undefined index: size D:\XAMPP\htdocs\ThinkPhp\web\Runtime\Cache\Admin\faa2163cae6b001d625b1462f028bd52.php 第 430 行.
NOTIC: [8] Undefined index: size D:\XAMPP\htdocs\ThinkPhp\web\Runtime\Cache\Admin\faa2163cae6b001d625b1462f028bd52.php 第 431 行.
NOTIC: [8] Undefined index: size D:\XAMPP\htdocs\ThinkPhp\web\Runtime\Cache\Admin\faa2163cae6b001d625b1462f028bd52.php 第 432 行.
NOTIC: [8] Undefined index: size D:\XAMPP\htdocs\ThinkPhp\web\Runtime\Cache\Admin\faa2163cae6b001d625b1462f028bd52.php 第 433 行.
NOTIC: [8] Undefined index: size D:\XAMPP\htdocs\ThinkPhp\web\Runtime\Cache\Admin\faa2163cae6b001d625b1462f028bd52.php 第 434 行.
NOTIC: [8] Undefined index: size D:\XAMPP\htdocs\ThinkPhp\web\Runtime\Cache\Admin\faa2163cae6b001d625b1462f028bd52.php 第 435 行.
SQL: SHOW COLUMNS FROM `address` [ RunTime:0.0050s ]
SQL: SELECT * FROM `address` WHERE `id` = 6 LIMIT 1   [ RunTime:0.0010s ]
SQL: SELECT * FROM `address` WHERE `id` = 7 LIMIT 1   [ RunTime:0.0010s ]
SQL: SELECT * FROM `address` WHERE `id` = 6 LIMIT 1   [ RunTime:0.0010s ]
SQL: SELECT * FROM `address` WHERE `id` = 6 LIMIT 1   [ RunTime:0.0010s ]
SQL: SELECT * FROM `address` WHERE `id` = 7 LIMIT 1   [ RunTime:0.0010s ]
NOTIC: [8] Undefined variable: url D:\XAMPP\htdocs\ThinkPhp\web\Runtime\Cache\Admin\faa2163cae6b001d625b1462f028bd52.php 第 509 行.
NOTIC: [8] Undefined variable: p D:\XAMPP\htdocs\ThinkPhp\web\Runtime\Cache\Admin\faa2163cae6b001d625b1462f028bd52.php 第 618 行.
INFO: Run Behavior\ParseTemplateBehavior [ RunTime:0.024001s ]
INFO: [ view_parse ] --END-- [ RunTime:0.024001s ]
INFO: [ view_filter ] --START--
INFO: Run Behavior\WriteHtmlCacheBehavior [ RunTime:0.001001s ]
INFO: [ view_filter ] --END-- [ RunTime:0.001001s ]
INFO: [ app_end ] --START--
INFO: Run Behavior\ShowPageTraceBehavior [ RunTime:0.001000s ]
INFO: [ app_end ] --END-- [ RunTime:0.001000s ]

[ 2017-11-30T18:44:51+08:00 ] ::1 /ThinkPhp/index.php/Admin/order/index
INFO: [ app_init ] --START--
INFO: Run Behavior\BuildLiteBehavior [ RunTime:0.000000s ]
INFO: [ app_init ] --END-- [ RunTime:0.001000s ]
INFO: [ app_begin ] --START--
INFO: Run Behavior\ReadHtmlCacheBehavior [ RunTime:0.000000s ]
INFO: [ app_begin ] --END-- [ RunTime:0.000000s ]
SQL: SHOW COLUMNS FROM `order` [ RunTime:0.0060s ]
SQL: SELECT * FROM `order`  [ RunTime:0.0010s ]
SQL: SHOW COLUMNS FROM `order_detail` [ RunTime:0.0050s ]
SQL: SHOW COLUMNS FROM `sku` [ RunTime:0.0060s ]
SQL: SHOW COLUMNS FROM `pic` [ RunTime:0.0060s ]
SQL: SELECT * FROM `order_detail` WHERE ( order_id=17 )  [ RunTime:0.0020s ]
SQL: SELECT * FROM `sku` WHERE `id` = 81 LIMIT 1   [ RunTime:0.0010s ]
SQL: SELECT * FROM `pic` WHERE ( sku_id=81 ) LIMIT 1   [ RunTime:0.0010s ]
SQL: SELECT * FROM `order_detail` WHERE ( order_id=18 )  [ RunTime:0.0010s ]
SQL: SELECT * FROM `sku` WHERE `id` = 85 LIMIT 1   [ RunTime:0.0010s ]
SQL: SELECT * FROM `pic` WHERE ( sku_id=85 ) LIMIT 1   [ RunTime:0.0010s ]
SQL: SELECT * FROM `order_detail` WHERE ( order_id=19 )  [ RunTime:0.0020s ]
SQL: SELECT * FROM `sku` WHERE `id` = 81 LIMIT 1   [ RunTime:0.0060s ]
SQL: SELECT * FROM `pic` WHERE ( sku_id=81 ) LIMIT 1   [ RunTime:0.0010s ]
SQL: SELECT * FROM `sku` WHERE `id` = 85 LIMIT 1   [ RunTime:0.0010s ]
SQL: SELECT * FROM `pic` WHERE ( sku_id=85 ) LIMIT 1   [ RunTime:0.0000s ]
SQL: SELECT * FROM `order_detail` WHERE ( order_id=20 )  [ RunTime:0.0010s ]
SQL: SELECT * FROM `sku` WHERE `id` = 81 LIMIT 1   [ RunTime:0.0010s ]
SQL: SELECT * FROM `pic` WHERE ( sku_id=81 ) LIMIT 1   [ RunTime:0.0010s ]
SQL: SELECT * FROM `order_detail` WHERE ( order_id=21 )  [ RunTime:0.0000s ]
SQL: SELECT * FROM `sku` WHERE `id` = 81 LIMIT 1   [ RunTime:0.0010s ]
SQL: SELECT * FROM `pic` WHERE ( sku_id=81 ) LIMIT 1   [ RunTime:0.0000s ]
INFO: [ view_parse ] --START--
INFO: [ template_filter ] --START--
INFO: Run Behavior\ContentReplaceBehavior [ RunTime:0.000000s ]
INFO: [ template_filter ] --END-- [ RunTime:0.000000s ]
NOTIC: [8] Undefined index: jump D:\XAMPP\htdocs\ThinkPhp\web\Runtime\Cache\Admin\faa2163cae6b001d625b1462f028bd52.php 第 401 行.
NOTIC: [8] Undefined index: jump D:\XAMPP\htdocs\ThinkPhp\web\Runtime\Cache\Admin\faa2163cae6b001d625b1462f028bd52.php 第 408 行.
NOTIC: [8] Undefined index: size D:\XAMPP\htdocs\ThinkPhp\web\Runtime\Cache\Admin\faa2163cae6b001d625b1462f028bd52.php 第 430 行.
NOTIC: [8] Undefined index: size D:\XAMPP\htdocs\ThinkPhp\web\Runtime\Cache\Admin\faa2163cae6b001d625b1462f028bd52.php 第 431 行.
NOTIC: [8] Undefined index: size D:\XAMPP\htdocs\ThinkPhp\web\Runtime\Cache\Admin\faa2163cae6b001d625b1462f028bd52.php 第 432 行.
NOTIC: [8] Undefined index: size D:\XAMPP\htdocs\ThinkPhp\web\Runtime\Cache\Admin\faa2163cae6b001d625b1462f028bd52.php 第 433 行.
NOTIC: [8] Undefined index: size D:\XAMPP\htdocs\ThinkPhp\web\Runtime\Cache\Admin\faa2163cae6b001d625b1462f028bd52.php 第 434 行.
NOTIC: [8] Undefined index: size D:\XAMPP\htdocs\ThinkPhp\web\Runtime\Cache\Admin\faa2163cae6b001d625b1462f028bd52.php 第 435 行.
SQL: SHOW COLUMNS FROM `address` [ RunTime:0.0050s ]
SQL: SELECT * FROM `address` WHERE `id` = 6 LIMIT 1   [ RunTime:0.0000s ]
SQL: SELECT * FROM `address` WHERE `id` = 7 LIMIT 1   [ RunTime:0.0010s ]
SQL: SELECT * FROM `address` WHERE `id` = 6 LIMIT 1   [ RunTime:0.0010s ]
SQL: SELECT * FROM `address` WHERE `id` = 6 LIMIT 1   [ RunTime:0.0010s ]
SQL: SELECT * FROM `address` WHERE `id` = 7 LIMIT 1   [ RunTime:0.0000s ]
NOTIC: [8] Undefined variable: url D:\XAMPP\htdocs\ThinkPhp\web\Runtime\Cache\Admin\faa2163cae6b001d625b1462f028bd52.php 第 509 行.
NOTIC: [8] Undefined variable: p D:\XAMPP\htdocs\ThinkPhp\web\Runtime\Cache\Admin\faa2163cae6b001d625b1462f028bd52.php 第 618 行.
INFO: Run Behavior\ParseTemplateBehavior [ RunTime:0.023002s ]
INFO: [ view_parse ] --END-- [ RunTime:0.023002s ]
INFO: [ view_filter ] --START--
INFO: Run Behavior\WriteHtmlCacheBehavior [ RunTime:0.000000s ]
INFO: [ view_filter ] --END-- [ RunTime:0.000000s ]
INFO: [ app_end ] --START--
INFO: Run Behavior\ShowPageTraceBehavior [ RunTime:0.002000s ]
INFO: [ app_end ] --END-- [ RunTime:0.002000s ]

[ 2017-11-30T18:44:55+08:00 ] ::1 /ThinkPhp/index.php/Admin/Order/changeStatus?id=20
INFO: [ app_init ] --START--
INFO: Run Behavior\BuildLiteBehavior [ RunTime:0.000000s ]
INFO: [ app_init ] --END-- [ RunTime:0.001000s ]
INFO: [ app_begin ] --START--
INFO: Run Behavior\ReadHtmlCacheBehavior [ RunTime:0.001000s ]
INFO: [ app_begin ] --END-- [ RunTime:0.001000s ]
SQL: SHOW COLUMNS FROM `order` [ RunTime:0.0070s ]
SQL: UPDATE `order` SET `status`='1' WHERE `id` = 20 [ RunTime:0.0060s ]
INFO: [ app_end ] --START--
INFO: Run Behavior\ShowPageTraceBehavior [ RunTime:0.001000s ]
INFO: [ app_end ] --END-- [ RunTime:0.001000s ]

[ 2017-11-30T18:44:57+08:00 ] ::1 /ThinkPhp/index.php/Admin/Order/changeStatus?id=21
INFO: [ app_init ] --START--
INFO: Run Behavior\BuildLiteBehavior [ RunTime:0.000000s ]
INFO: [ app_init ] --END-- [ RunTime:0.001000s ]
INFO: [ app_begin ] --START--
INFO: Run Behavior\ReadHtmlCacheBehavior [ RunTime:0.000000s ]
INFO: [ app_begin ] --END-- [ RunTime:0.000000s ]
SQL: SHOW COLUMNS FROM `order` [ RunTime:0.0050s ]
SQL: UPDATE `order` SET `status`='1' WHERE `id` = 21 [ RunTime:0.0010s ]
INFO: [ app_end ] --START--
INFO: Run Behavior\ShowPageTraceBehavior [ RunTime:0.002000s ]
INFO: [ app_end ] --END-- [ RunTime:0.002000s ]

