[ 2017-11-19T18:48:04+08:00 ] ::1 /ThinkPhp/index.php/Admin/Good/editDetail/id/27
INFO: [ app_init ] --START--
INFO: Run Behavior\BuildLiteBehavior [ RunTime:0.000000s ]
INFO: [ app_init ] --END-- [ RunTime:0.000000s ]
INFO: [ app_begin ] --START--
INFO: Run Behavior\ReadHtmlCacheBehavior [ RunTime:0.001000s ]
INFO: [ app_begin ] --END-- [ RunTime:0.001000s ]
NOTIC: [8] Undefined index: adminuser D:\XAMPP\htdocs\ThinkPhp\web\Admin\Controller\CommonController.class.php 第 8 行.

[ 2017-11-19T18:48:04+08:00 ] ::1 /ThinkPhp/index.php/admin/login/login.html
INFO: [ app_init ] --START--
INFO: Run Behavior\BuildLiteBehavior [ RunTime:0.000000s ]
INFO: [ app_init ] --END-- [ RunTime:0.001000s ]
INFO: [ app_begin ] --START--
INFO: Run Behavior\ReadHtmlCacheBehavior [ RunTime:0.001000s ]
INFO: [ app_begin ] --END-- [ RunTime:0.001000s ]
INFO: [ view_parse ] --START--
INFO: [ template_filter ] --START--
INFO: Run Behavior\ContentReplaceBehavior [ RunTime:0.000000s ]
INFO: [ template_filter ] --END-- [ RunTime:0.000000s ]
NOTIC: [8] Undefined variable: flag D:\XAMPP\htdocs\ThinkPhp\web\Runtime\Cache\Admin\093c6d77fa295b053e512c27b6f901d1.php 第 52 行.
INFO: Run Behavior\ParseTemplateBehavior [ RunTime:0.047003s ]
INFO: [ view_parse ] --END-- [ RunTime:0.047003s ]
INFO: [ view_filter ] --START--
INFO: Run Behavior\WriteHtmlCacheBehavior [ RunTime:0.004000s ]
INFO: [ view_filter ] --END-- [ RunTime:0.005000s ]
INFO: [ app_end ] --START--
INFO: Run Behavior\ShowPageTraceBehavior [ RunTime:0.001000s ]
INFO: [ app_end ] --END-- [ RunTime:0.002000s ]

[ 2017-11-19T18:48:12+08:00 ] ::1 /ThinkPhp/index.php/Admin/Login/checklogin
INFO: [ app_init ] --START--
INFO: Run Behavior\BuildLiteBehavior [ RunTime:0.000000s ]
INFO: [ app_init ] --END-- [ RunTime:0.001000s ]
INFO: [ app_begin ] --START--
INFO: Run Behavior\ReadHtmlCacheBehavior [ RunTime:0.002001s ]
INFO: [ app_begin ] --END-- [ RunTime:0.002001s ]
SQL: SHOW COLUMNS FROM `adminuser` [ RunTime:0.0340s ]
SQL: SELECT * FROM `adminuser` WHERE ( email = "913822325@qq.com" ) LIMIT 1   [ RunTime:0.0010s ]
SQL: UPDATE `adminuser` SET `last_login`='1511088492',`ip`='::1' WHERE `id` = 1 [ RunTime:0.0180s ]

[ 2017-11-19T18:48:12+08:00 ] ::1 /ThinkPhp/index.php/admin/index/index.html
INFO: [ app_init ] --START--
INFO: Run Behavior\BuildLiteBehavior [ RunTime:0.000000s ]
INFO: [ app_init ] --END-- [ RunTime:0.000000s ]
INFO: [ app_begin ] --START--
INFO: Run Behavior\ReadHtmlCacheBehavior [ RunTime:0.002001s ]
INFO: [ app_begin ] --END-- [ RunTime:0.002001s ]
SQL: SHOW COLUMNS FROM `adminuser` [ RunTime:0.0040s ]
SQL: SELECT adminuser.*,grouplist.group_name FROM `adminuser` INNER JOIN grouplist on adminuser.groupid = grouplist.id  WHERE ( adminuser.id=1 ) LIMIT 1   [ RunTime:0.0400s ]
INFO: [ view_parse ] --START--
INFO: [ template_filter ] --START--
INFO: Run Behavior\ContentReplaceBehavior [ RunTime:0.000000s ]
INFO: [ template_filter ] --END-- [ RunTime:0.000000s ]
NOTIC: [8] Undefined index: jump D:\XAMPP\htdocs\ThinkPhp\web\Runtime\Cache\Admin\7025b44a7596185f4a54002eca98357c.php 第 390 行.
NOTIC: [8] Undefined index: jump D:\XAMPP\htdocs\ThinkPhp\web\Runtime\Cache\Admin\7025b44a7596185f4a54002eca98357c.php 第 397 行.
INFO: Run Behavior\ParseTemplateBehavior [ RunTime:0.046003s ]
INFO: [ view_parse ] --END-- [ RunTime:0.046003s ]
INFO: [ view_filter ] --START--
INFO: Run Behavior\WriteHtmlCacheBehavior [ RunTime:0.001000s ]
INFO: [ view_filter ] --END-- [ RunTime:0.001000s ]
INFO: [ app_end ] --START--
INFO: Run Behavior\ShowPageTraceBehavior [ RunTime:0.001000s ]
INFO: [ app_end ] --END-- [ RunTime:0.001000s ]

[ 2017-11-19T18:48:57+08:00 ] ::1 /ThinkPhp/index.php/Admin/cate/add
INFO: [ app_init ] --START--
INFO: Run Behavior\BuildLiteBehavior [ RunTime:0.000000s ]
INFO: [ app_init ] --END-- [ RunTime:0.001000s ]
INFO: [ app_begin ] --START--
INFO: Run Behavior\ReadHtmlCacheBehavior [ RunTime:0.000000s ]
INFO: [ app_begin ] --END-- [ RunTime:0.001000s ]
SQL: SHOW COLUMNS FROM `cate` [ RunTime:0.0360s ]
SQL: SELECT *,concat(path,id) as p FROM `cate` ORDER BY p  [ RunTime:0.0650s ]
INFO: [ view_parse ] --START--
INFO: [ template_filter ] --START--
INFO: Run Behavior\ContentReplaceBehavior [ RunTime:0.000000s ]
INFO: [ template_filter ] --END-- [ RunTime:0.000000s ]
NOTIC: [8] Undefined index: jump D:\XAMPP\htdocs\ThinkPhp\web\Runtime\Cache\Admin\d0068b3940caaafd8a6a2f451e7dd9f6.php 第 384 行.
NOTIC: [8] Undefined index: jump D:\XAMPP\htdocs\ThinkPhp\web\Runtime\Cache\Admin\d0068b3940caaafd8a6a2f451e7dd9f6.php 第 391 行.
INFO: Run Behavior\ParseTemplateBehavior [ RunTime:0.053003s ]
INFO: [ view_parse ] --END-- [ RunTime:0.053003s ]
INFO: [ view_filter ] --START--
INFO: Run Behavior\WriteHtmlCacheBehavior [ RunTime:0.001000s ]
INFO: [ view_filter ] --END-- [ RunTime:0.001000s ]
INFO: [ app_end ] --START--
INFO: Run Behavior\ShowPageTraceBehavior [ RunTime:0.001000s ]
INFO: [ app_end ] --END-- [ RunTime:0.001000s ]

[ 2017-11-19T18:49:00+08:00 ] ::1 /ThinkPhp/index.php/Admin/cate/index
INFO: [ app_init ] --START--
INFO: Run Behavior\BuildLiteBehavior [ RunTime:0.000000s ]
INFO: [ app_init ] --END-- [ RunTime:0.000000s ]
INFO: [ app_begin ] --START--
INFO: Run Behavior\ReadHtmlCacheBehavior [ RunTime:0.001000s ]
INFO: [ app_begin ] --END-- [ RunTime:0.001000s ]
SQL: SHOW COLUMNS FROM `cate` [ RunTime:0.0030s ]
SQL: SELECT COUNT(*) AS tp_count FROM cate as c1 LIMIT 1   [ RunTime:0.0010s ]
NOTIC: [8] Undefined variable: page D:\XAMPP\htdocs\ThinkPhp\web\Admin\Controller\CateController.class.php 第 59 行.
NOTIC: [8] Trying to get property of non-object D:\XAMPP\htdocs\ThinkPhp\web\Admin\Controller\CateController.class.php 第 59 行.
NOTIC: [8] Undefined variable: page D:\XAMPP\htdocs\ThinkPhp\web\Admin\Controller\CateController.class.php 第 59 行.
NOTIC: [8] Trying to get property of non-object D:\XAMPP\htdocs\ThinkPhp\web\Admin\Controller\CateController.class.php 第 59 行.
SQL: SELECT c1.id,c1.cate,c1.path,c1.pid as aa,c2.cate as pid FROM cate as c1 left join cate as c2 on c1.pid=c2.id   [ RunTime:0.0010s ]
INFO: [ view_parse ] --START--
INFO: [ template_filter ] --START--
INFO: Run Behavior\ContentReplaceBehavior [ RunTime:0.000000s ]
INFO: [ template_filter ] --END-- [ RunTime:0.000000s ]
NOTIC: [8] Undefined index: jump D:\XAMPP\htdocs\ThinkPhp\web\Runtime\Cache\Admin\7cd7914610a4dc0bb7e638ef6dc1f8b0.php 第 384 行.
NOTIC: [8] Undefined index: jump D:\XAMPP\htdocs\ThinkPhp\web\Runtime\Cache\Admin\7cd7914610a4dc0bb7e638ef6dc1f8b0.php 第 391 行.
NOTIC: [8] Undefined index: size D:\XAMPP\htdocs\ThinkPhp\web\Runtime\Cache\Admin\7cd7914610a4dc0bb7e638ef6dc1f8b0.php 第 413 行.
NOTIC: [8] Undefined index: size D:\XAMPP\htdocs\ThinkPhp\web\Runtime\Cache\Admin\7cd7914610a4dc0bb7e638ef6dc1f8b0.php 第 414 行.
NOTIC: [8] Undefined index: size D:\XAMPP\htdocs\ThinkPhp\web\Runtime\Cache\Admin\7cd7914610a4dc0bb7e638ef6dc1f8b0.php 第 415 行.
NOTIC: [8] Undefined index: size D:\XAMPP\htdocs\ThinkPhp\web\Runtime\Cache\Admin\7cd7914610a4dc0bb7e638ef6dc1f8b0.php 第 416 行.
NOTIC: [8] Undefined index: size D:\XAMPP\htdocs\ThinkPhp\web\Runtime\Cache\Admin\7cd7914610a4dc0bb7e638ef6dc1f8b0.php 第 417 行.
NOTIC: [8] Undefined index: size D:\XAMPP\htdocs\ThinkPhp\web\Runtime\Cache\Admin\7cd7914610a4dc0bb7e638ef6dc1f8b0.php 第 418 行.
NOTIC: [8] Undefined index: cate D:\XAMPP\htdocs\ThinkPhp\web\Runtime\Cache\Admin\7cd7914610a4dc0bb7e638ef6dc1f8b0.php 第 424 行.
SQL: SHOW COLUMNS FROM `cate_tag` [ RunTime:0.0040s ]
SQL: SELECT * FROM cate_tag as ct INNER JOIN tag as t on ct.tag_id=t.id  WHERE ( ct.cate_id=1 )  [ RunTime:0.0210s ]
SQL: SELECT * FROM cate_tag as ct INNER JOIN tag as t on ct.tag_id=t.id  WHERE ( ct.cate_id=2 )  [ RunTime:0.0010s ]
SQL: SELECT * FROM cate_tag as ct INNER JOIN tag as t on ct.tag_id=t.id  WHERE ( ct.cate_id=3 )  [ RunTime:0.0010s ]
SQL: SELECT * FROM cate_tag as ct INNER JOIN tag as t on ct.tag_id=t.id  WHERE ( ct.cate_id=4 )  [ RunTime:0.0010s ]
SQL: SELECT * FROM cate_tag as ct INNER JOIN tag as t on ct.tag_id=t.id  WHERE ( ct.cate_id=37 )  [ RunTime:0.0010s ]
SQL: SELECT * FROM cate_tag as ct INNER JOIN tag as t on ct.tag_id=t.id  WHERE ( ct.cate_id=42 )  [ RunTime:0.0010s ]
NOTIC: [8] Undefined variable: url D:\XAMPP\htdocs\ThinkPhp\web\Runtime\Cache\Admin\7cd7914610a4dc0bb7e638ef6dc1f8b0.php 第 474 行.
NOTIC: [8] Undefined variable: p D:\XAMPP\htdocs\ThinkPhp\web\Runtime\Cache\Admin\7cd7914610a4dc0bb7e638ef6dc1f8b0.php 第 533 行.
INFO: Run Behavior\ParseTemplateBehavior [ RunTime:0.056003s ]
INFO: [ view_parse ] --END-- [ RunTime:0.056003s ]
INFO: [ view_filter ] --START--
INFO: Run Behavior\WriteHtmlCacheBehavior [ RunTime:0.000000s ]
INFO: [ view_filter ] --END-- [ RunTime:0.000000s ]
INFO: [ app_end ] --START--
INFO: Run Behavior\ShowPageTraceBehavior [ RunTime:0.001000s ]
INFO: [ app_end ] --END-- [ RunTime:0.001000s ]

[ 2017-11-19T18:49:03+08:00 ] ::1 /ThinkPhp/index.php/Admin/tag/index
INFO: [ app_init ] --START--
INFO: Run Behavior\BuildLiteBehavior [ RunTime:0.000000s ]
INFO: [ app_init ] --END-- [ RunTime:0.001000s ]
INFO: [ app_begin ] --START--
INFO: Run Behavior\ReadHtmlCacheBehavior [ RunTime:0.001000s ]
INFO: [ app_begin ] --END-- [ RunTime:0.001000s ]
SQL: SHOW COLUMNS FROM `tag` [ RunTime:0.0130s ]
SQL: SELECT * FROM `tag`  [ RunTime:0.0000s ]
SQL: SHOW COLUMNS FROM `tag_val` [ RunTime:0.0030s ]
SQL: SELECT v.val FROM tag_val as tv INNER JOIN val as v on tv.val_id=v.id  WHERE ( tv.tag_id=17 )  [ RunTime:0.0090s ]
SQL: SELECT v.val FROM tag_val as tv INNER JOIN val as v on tv.val_id=v.id  WHERE ( tv.tag_id=20 )  [ RunTime:0.0000s ]
SQL: SELECT v.val FROM tag_val as tv INNER JOIN val as v on tv.val_id=v.id  WHERE ( tv.tag_id=22 )  [ RunTime:0.0010s ]
SQL: SELECT v.val FROM tag_val as tv INNER JOIN val as v on tv.val_id=v.id  WHERE ( tv.tag_id=23 )  [ RunTime:0.0000s ]
SQL: SELECT v.val FROM tag_val as tv INNER JOIN val as v on tv.val_id=v.id  WHERE ( tv.tag_id=26 )  [ RunTime:0.0010s ]
SQL: SELECT COUNT(*) AS tp_count FROM `tag` LIMIT 1   [ RunTime:0.0000s ]
SQL: SELECT * FROM `tag` LIMIT 0,2   [ RunTime:0.0010s ]
INFO: [ view_parse ] --START--
INFO: [ template_filter ] --START--
INFO: Run Behavior\ContentReplaceBehavior [ RunTime:0.000000s ]
INFO: [ template_filter ] --END-- [ RunTime:0.000000s ]
NOTIC: [8] Undefined index: jump D:\XAMPP\htdocs\ThinkPhp\web\Runtime\Cache\Admin\f65743a2b5c26101f46f965f50e4d9df.php 第 384 行.
NOTIC: [8] Undefined index: jump D:\XAMPP\htdocs\ThinkPhp\web\Runtime\Cache\Admin\f65743a2b5c26101f46f965f50e4d9df.php 第 391 行.
NOTIC: [8] Undefined index: size D:\XAMPP\htdocs\ThinkPhp\web\Runtime\Cache\Admin\f65743a2b5c26101f46f965f50e4d9df.php 第 413 行.
NOTIC: [8] Undefined index: size D:\XAMPP\htdocs\ThinkPhp\web\Runtime\Cache\Admin\f65743a2b5c26101f46f965f50e4d9df.php 第 414 行.
NOTIC: [8] Undefined index: size D:\XAMPP\htdocs\ThinkPhp\web\Runtime\Cache\Admin\f65743a2b5c26101f46f965f50e4d9df.php 第 415 行.
NOTIC: [8] Undefined index: size D:\XAMPP\htdocs\ThinkPhp\web\Runtime\Cache\Admin\f65743a2b5c26101f46f965f50e4d9df.php 第 416 行.
NOTIC: [8] Undefined index: size D:\XAMPP\htdocs\ThinkPhp\web\Runtime\Cache\Admin\f65743a2b5c26101f46f965f50e4d9df.php 第 417 行.
NOTIC: [8] Undefined index: size D:\XAMPP\htdocs\ThinkPhp\web\Runtime\Cache\Admin\f65743a2b5c26101f46f965f50e4d9df.php 第 418 行.
NOTIC: [8] Undefined index: tag_name D:\XAMPP\htdocs\ThinkPhp\web\Runtime\Cache\Admin\f65743a2b5c26101f46f965f50e4d9df.php 第 424 行.
INFO: Run Behavior\ParseTemplateBehavior [ RunTime:0.049003s ]
INFO: [ view_parse ] --END-- [ RunTime:0.049003s ]
INFO: [ view_filter ] --START--
INFO: Run Behavior\WriteHtmlCacheBehavior [ RunTime:0.001000s ]
INFO: [ view_filter ] --END-- [ RunTime:0.001000s ]
INFO: [ app_end ] --START--
INFO: Run Behavior\ShowPageTraceBehavior [ RunTime:0.001000s ]
INFO: [ app_end ] --END-- [ RunTime:0.001000s ]

[ 2017-11-19T18:49:04+08:00 ] ::1 /ThinkPhp/index.php/Admin/val/index
INFO: [ app_init ] --START--
INFO: Run Behavior\BuildLiteBehavior [ RunTime:0.000000s ]
INFO: [ app_init ] --END-- [ RunTime:0.001000s ]
INFO: [ app_begin ] --START--
INFO: Run Behavior\ReadHtmlCacheBehavior [ RunTime:0.003001s ]
INFO: [ app_begin ] --END-- [ RunTime:0.003001s ]
SQL: SHOW COLUMNS FROM `val` [ RunTime:0.0060s ]
SQL: SELECT * FROM `val`  [ RunTime:0.0010s ]
SQL: SELECT COUNT(*) AS tp_count FROM `val` LIMIT 1   [ RunTime:0.0010s ]
SQL: SELECT * FROM `val` LIMIT 0,4   [ RunTime:0.0010s ]
INFO: [ view_parse ] --START--
INFO: [ template_filter ] --START--
INFO: Run Behavior\ContentReplaceBehavior [ RunTime:0.000000s ]
INFO: [ template_filter ] --END-- [ RunTime:0.000000s ]
NOTIC: [8] Undefined index: jump D:\XAMPP\htdocs\ThinkPhp\web\Runtime\Cache\Admin\e19c68eb935993987813e7162cdbc85d.php 第 384 行.
NOTIC: [8] Undefined index: jump D:\XAMPP\htdocs\ThinkPhp\web\Runtime\Cache\Admin\e19c68eb935993987813e7162cdbc85d.php 第 391 行.
NOTIC: [8] Undefined index: size D:\XAMPP\htdocs\ThinkPhp\web\Runtime\Cache\Admin\e19c68eb935993987813e7162cdbc85d.php 第 413 行.
NOTIC: [8] Undefined index: size D:\XAMPP\htdocs\ThinkPhp\web\Runtime\Cache\Admin\e19c68eb935993987813e7162cdbc85d.php 第 414 行.
NOTIC: [8] Undefined index: size D:\XAMPP\htdocs\ThinkPhp\web\Runtime\Cache\Admin\e19c68eb935993987813e7162cdbc85d.php 第 415 行.
NOTIC: [8] Undefined index: size D:\XAMPP\htdocs\ThinkPhp\web\Runtime\Cache\Admin\e19c68eb935993987813e7162cdbc85d.php 第 416 行.
NOTIC: [8] Undefined index: val D:\XAMPP\htdocs\ThinkPhp\web\Runtime\Cache\Admin\e19c68eb935993987813e7162cdbc85d.php 第 422 行.
INFO: Run Behavior\ParseTemplateBehavior [ RunTime:0.039002s ]
INFO: [ view_parse ] --END-- [ RunTime:0.039002s ]
INFO: [ view_filter ] --START--
INFO: Run Behavior\WriteHtmlCacheBehavior [ RunTime:0.000000s ]
INFO: [ view_filter ] --END-- [ RunTime:0.000000s ]
INFO: [ app_end ] --START--
INFO: Run Behavior\ShowPageTraceBehavior [ RunTime:0.001000s ]
INFO: [ app_end ] --END-- [ RunTime:0.001000s ]

[ 2017-11-19T18:49:04+08:00 ] ::1 /ThinkPhp/index.php/Admin/good/index
INFO: [ app_init ] --START--
INFO: Run Behavior\BuildLiteBehavior [ RunTime:0.000000s ]
INFO: [ app_init ] --END-- [ RunTime:0.001000s ]
INFO: [ app_begin ] --START--
INFO: Run Behavior\ReadHtmlCacheBehavior [ RunTime:0.000000s ]
INFO: [ app_begin ] --END-- [ RunTime:0.000000s ]
SQL: SHOW COLUMNS FROM `good` [ RunTime:0.0130s ]
SQL: SELECT COUNT(*) AS tp_count FROM `good` LIMIT 1   [ RunTime:0.0000s ]
SQL: SELECT good.*,pic.path,cate.cate FROM `good` INNER JOIN cate on good.cate_id=cate.id INNER JOIN pic on good.id=pic.good_id  GROUP BY pic.good_id LIMIT 0,2   [ RunTime:0.0470s ]
SQL: SHOW COLUMNS FROM `sku` [ RunTime:0.0060s ]
SQL: SELECT sku.*,pic.path FROM `sku` INNER JOIN pic on sku.id=pic.sku_id  WHERE ( sku.good_id=29 )  [ RunTime:0.0010s ]
SQL: SELECT sku.*,pic.path FROM `sku` INNER JOIN pic on sku.id=pic.sku_id  WHERE ( sku.good_id=31 )  [ RunTime:0.0010s ]
INFO: [ view_parse ] --START--
INFO: [ template_filter ] --START--
INFO: Run Behavior\ContentReplaceBehavior [ RunTime:0.001000s ]
INFO: [ template_filter ] --END-- [ RunTime:0.001000s ]
NOTIC: [8] Undefined index: jump D:\XAMPP\htdocs\ThinkPhp\web\Runtime\Cache\Admin\5e569ad068c70ba99bd24050e5fc9bec.php 第 384 行.
NOTIC: [8] Undefined index: jump D:\XAMPP\htdocs\ThinkPhp\web\Runtime\Cache\Admin\5e569ad068c70ba99bd24050e5fc9bec.php 第 391 行.
NOTIC: [8] Undefined index: size D:\XAMPP\htdocs\ThinkPhp\web\Runtime\Cache\Admin\5e569ad068c70ba99bd24050e5fc9bec.php 第 413 行.
NOTIC: [8] Undefined index: size D:\XAMPP\htdocs\ThinkPhp\web\Runtime\Cache\Admin\5e569ad068c70ba99bd24050e5fc9bec.php 第 414 行.
NOTIC: [8] Undefined index: size D:\XAMPP\htdocs\ThinkPhp\web\Runtime\Cache\Admin\5e569ad068c70ba99bd24050e5fc9bec.php 第 415 行.
NOTIC: [8] Undefined index: size D:\XAMPP\htdocs\ThinkPhp\web\Runtime\Cache\Admin\5e569ad068c70ba99bd24050e5fc9bec.php 第 416 行.
NOTIC: [8] Undefined index: size D:\XAMPP\htdocs\ThinkPhp\web\Runtime\Cache\Admin\5e569ad068c70ba99bd24050e5fc9bec.php 第 417 行.
NOTIC: [8] Undefined index: size D:\XAMPP\htdocs\ThinkPhp\web\Runtime\Cache\Admin\5e569ad068c70ba99bd24050e5fc9bec.php 第 418 行.
INFO: Run Behavior\ParseTemplateBehavior [ RunTime:0.013001s ]
INFO: [ view_parse ] --END-- [ RunTime:0.013001s ]
INFO: [ view_filter ] --START--
INFO: Run Behavior\WriteHtmlCacheBehavior [ RunTime:0.000000s ]
INFO: [ view_filter ] --END-- [ RunTime:0.000000s ]
INFO: [ app_end ] --START--
INFO: Run Behavior\ShowPageTraceBehavior [ RunTime:0.001000s ]
INFO: [ app_end ] --END-- [ RunTime:0.001000s ]

[ 2017-11-19T18:49:05+08:00 ] ::1 /ThinkPhp/index.php/Admin/good/add
INFO: [ app_init ] --START--
INFO: Run Behavior\BuildLiteBehavior [ RunTime:0.000000s ]
INFO: [ app_init ] --END-- [ RunTime:0.001000s ]
INFO: [ app_begin ] --START--
INFO: Run Behavior\ReadHtmlCacheBehavior [ RunTime:0.001000s ]
INFO: [ app_begin ] --END-- [ RunTime:0.001000s ]
SQL: SHOW COLUMNS FROM `cate` [ RunTime:0.0040s ]
SQL: SELECT *,concat(path,id) as p FROM `cate` ORDER BY p  [ RunTime:0.0010s ]
INFO: [ view_parse ] --START--
INFO: [ template_filter ] --START--
INFO: Run Behavior\ContentReplaceBehavior [ RunTime:0.000000s ]
INFO: [ template_filter ] --END-- [ RunTime:0.000000s ]
NOTIC: [8] Undefined index: jump D:\XAMPP\htdocs\ThinkPhp\web\Runtime\Cache\Admin\6687c23b88e7b6bf26acae76c4ace03e.php 第 384 行.
NOTIC: [8] Undefined index: jump D:\XAMPP\htdocs\ThinkPhp\web\Runtime\Cache\Admin\6687c23b88e7b6bf26acae76c4ace03e.php 第 391 行.
NOTIC: [8] Undefined index: cate_id D:\XAMPP\htdocs\ThinkPhp\web\Common\Common\function.php 第 133 行.
INFO: Run Behavior\ParseTemplateBehavior [ RunTime:0.047003s ]
INFO: [ view_parse ] --END-- [ RunTime:0.047003s ]
INFO: [ view_filter ] --START--
INFO: Run Behavior\WriteHtmlCacheBehavior [ RunTime:0.001000s ]
INFO: [ view_filter ] --END-- [ RunTime:0.001000s ]
INFO: [ app_end ] --START--
INFO: Run Behavior\ShowPageTraceBehavior [ RunTime:0.001000s ]
INFO: [ app_end ] --END-- [ RunTime:0.001000s ]

[ 2017-11-19T18:49:08+08:00 ] ::1 /ThinkPhp/index.php/Admin/good/index
INFO: [ app_init ] --START--
INFO: Run Behavior\BuildLiteBehavior [ RunTime:0.000000s ]
INFO: [ app_init ] --END-- [ RunTime:0.000000s ]
INFO: [ app_begin ] --START--
INFO: Run Behavior\ReadHtmlCacheBehavior [ RunTime:0.000000s ]
INFO: [ app_begin ] --END-- [ RunTime:0.000000s ]
SQL: SHOW COLUMNS FROM `good` [ RunTime:0.0040s ]
SQL: SELECT COUNT(*) AS tp_count FROM `good` LIMIT 1   [ RunTime:0.0000s ]
SQL: SELECT good.*,pic.path,cate.cate FROM `good` INNER JOIN cate on good.cate_id=cate.id INNER JOIN pic on good.id=pic.good_id  GROUP BY pic.good_id LIMIT 0,2   [ RunTime:0.0030s ]
SQL: SHOW COLUMNS FROM `sku` [ RunTime:0.0030s ]
SQL: SELECT sku.*,pic.path FROM `sku` INNER JOIN pic on sku.id=pic.sku_id  WHERE ( sku.good_id=29 )  [ RunTime:0.0000s ]
SQL: SELECT sku.*,pic.path FROM `sku` INNER JOIN pic on sku.id=pic.sku_id  WHERE ( sku.good_id=31 )  [ RunTime:0.0010s ]
INFO: [ view_parse ] --START--
INFO: [ template_filter ] --START--
INFO: Run Behavior\ContentReplaceBehavior [ RunTime:0.000000s ]
INFO: [ template_filter ] --END-- [ RunTime:0.000000s ]
NOTIC: [8] Undefined index: jump D:\XAMPP\htdocs\ThinkPhp\web\Runtime\Cache\Admin\5e569ad068c70ba99bd24050e5fc9bec.php 第 384 行.
NOTIC: [8] Undefined index: jump D:\XAMPP\htdocs\ThinkPhp\web\Runtime\Cache\Admin\5e569ad068c70ba99bd24050e5fc9bec.php 第 391 行.
NOTIC: [8] Undefined index: size D:\XAMPP\htdocs\ThinkPhp\web\Runtime\Cache\Admin\5e569ad068c70ba99bd24050e5fc9bec.php 第 413 行.
NOTIC: [8] Undefined index: size D:\XAMPP\htdocs\ThinkPhp\web\Runtime\Cache\Admin\5e569ad068c70ba99bd24050e5fc9bec.php 第 414 行.
NOTIC: [8] Undefined index: size D:\XAMPP\htdocs\ThinkPhp\web\Runtime\Cache\Admin\5e569ad068c70ba99bd24050e5fc9bec.php 第 415 行.
NOTIC: [8] Undefined index: size D:\XAMPP\htdocs\ThinkPhp\web\Runtime\Cache\Admin\5e569ad068c70ba99bd24050e5fc9bec.php 第 416 行.
NOTIC: [8] Undefined index: size D:\XAMPP\htdocs\ThinkPhp\web\Runtime\Cache\Admin\5e569ad068c70ba99bd24050e5fc9bec.php 第 417 行.
NOTIC: [8] Undefined index: size D:\XAMPP\htdocs\ThinkPhp\web\Runtime\Cache\Admin\5e569ad068c70ba99bd24050e5fc9bec.php 第 418 行.
INFO: Run Behavior\ParseTemplateBehavior [ RunTime:0.011000s ]
INFO: [ view_parse ] --END-- [ RunTime:0.011000s ]
INFO: [ view_filter ] --START--
INFO: Run Behavior\WriteHtmlCacheBehavior [ RunTime:0.001000s ]
INFO: [ view_filter ] --END-- [ RunTime:0.001000s ]
INFO: [ app_end ] --START--
INFO: Run Behavior\ShowPageTraceBehavior [ RunTime:0.001001s ]
INFO: [ app_end ] --END-- [ RunTime:0.002001s ]

[ 2017-11-19T18:49:11+08:00 ] ::1 /ThinkPhp/index.php/Admin/Good/index/p/2.html
INFO: [ app_init ] --START--
INFO: Run Behavior\BuildLiteBehavior [ RunTime:0.000000s ]
INFO: [ app_init ] --END-- [ RunTime:0.001000s ]
INFO: [ app_begin ] --START--
INFO: Run Behavior\ReadHtmlCacheBehavior [ RunTime:0.000000s ]
INFO: [ app_begin ] --END-- [ RunTime:0.000000s ]
SQL: SHOW COLUMNS FROM `good` [ RunTime:0.0020s ]
SQL: SELECT COUNT(*) AS tp_count FROM `good` LIMIT 1   [ RunTime:0.0000s ]
SQL: SELECT good.*,pic.path,cate.cate FROM `good` INNER JOIN cate on good.cate_id=cate.id INNER JOIN pic on good.id=pic.good_id  GROUP BY pic.good_id LIMIT 2,2   [ RunTime:0.0030s ]
SQL: SHOW COLUMNS FROM `sku` [ RunTime:0.0030s ]
SQL: SELECT sku.*,pic.path FROM `sku` INNER JOIN pic on sku.id=pic.sku_id  WHERE ( sku.good_id=32 )  [ RunTime:0.0000s ]
SQL: SELECT sku.*,pic.path FROM `sku` INNER JOIN pic on sku.id=pic.sku_id  WHERE ( sku.good_id=34 )  [ RunTime:0.0010s ]
INFO: [ view_parse ] --START--
INFO: [ template_filter ] --START--
INFO: Run Behavior\ContentReplaceBehavior [ RunTime:0.000000s ]
INFO: [ template_filter ] --END-- [ RunTime:0.000000s ]
NOTIC: [8] Undefined index: jump D:\XAMPP\htdocs\ThinkPhp\web\Runtime\Cache\Admin\5e569ad068c70ba99bd24050e5fc9bec.php 第 384 行.
NOTIC: [8] Undefined index: jump D:\XAMPP\htdocs\ThinkPhp\web\Runtime\Cache\Admin\5e569ad068c70ba99bd24050e5fc9bec.php 第 391 行.
NOTIC: [8] Undefined index: size D:\XAMPP\htdocs\ThinkPhp\web\Runtime\Cache\Admin\5e569ad068c70ba99bd24050e5fc9bec.php 第 413 行.
NOTIC: [8] Undefined index: size D:\XAMPP\htdocs\ThinkPhp\web\Runtime\Cache\Admin\5e569ad068c70ba99bd24050e5fc9bec.php 第 414 行.
NOTIC: [8] Undefined index: size D:\XAMPP\htdocs\ThinkPhp\web\Runtime\Cache\Admin\5e569ad068c70ba99bd24050e5fc9bec.php 第 415 行.
NOTIC: [8] Undefined index: size D:\XAMPP\htdocs\ThinkPhp\web\Runtime\Cache\Admin\5e569ad068c70ba99bd24050e5fc9bec.php 第 416 行.
NOTIC: [8] Undefined index: size D:\XAMPP\htdocs\ThinkPhp\web\Runtime\Cache\Admin\5e569ad068c70ba99bd24050e5fc9bec.php 第 417 行.
NOTIC: [8] Undefined index: size D:\XAMPP\htdocs\ThinkPhp\web\Runtime\Cache\Admin\5e569ad068c70ba99bd24050e5fc9bec.php 第 418 行.
INFO: Run Behavior\ParseTemplateBehavior [ RunTime:0.011000s ]
INFO: [ view_parse ] --END-- [ RunTime:0.011000s ]
INFO: [ view_filter ] --START--
INFO: Run Behavior\WriteHtmlCacheBehavior [ RunTime:0.001000s ]
INFO: [ view_filter ] --END-- [ RunTime:0.001000s ]
INFO: [ app_end ] --START--
INFO: Run Behavior\ShowPageTraceBehavior [ RunTime:0.001000s ]
INFO: [ app_end ] --END-- [ RunTime:0.001000s ]

