[ 2017-12-05T16:18:25+08:00 ] ::1 /ThinkPhp/index.php/Admin/picc/index
INFO: [ app_init ] --START--
INFO: Run Behavior\BuildLiteBehavior [ RunTime:0.000000s ]
INFO: [ app_init ] --END-- [ RunTime:0.001000s ]
INFO: [ app_begin ] --START--
INFO: Run Behavior\ReadHtmlCacheBehavior [ RunTime:0.000000s ]
INFO: [ app_begin ] --END-- [ RunTime:0.001001s ]
SQL: SHOW COLUMNS FROM `picc` [ RunTime:0.0060s ]
SQL: SELECT * FROM `picc`  [ RunTime:0.0010s ]
INFO: [ view_parse ] --START--
INFO: [ template_filter ] --START--
INFO: Run Behavior\ContentReplaceBehavior [ RunTime:0.000000s ]
INFO: [ template_filter ] --END-- [ RunTime:0.000000s ]
NOTIC: [8] Undefined index: success D:\XAMPP\htdocs\ThinkPhp\web\Runtime\Cache\Admin\7a2d97958915e7fdb11da5305c119cd7.php 第 418 行.
NOTIC: [8] Undefined index: error D:\XAMPP\htdocs\ThinkPhp\web\Runtime\Cache\Admin\7a2d97958915e7fdb11da5305c119cd7.php 第 425 行.
NOTIC: [8] Undefined index: size D:\XAMPP\htdocs\ThinkPhp\web\Runtime\Cache\Admin\7a2d97958915e7fdb11da5305c119cd7.php 第 447 行.
NOTIC: [8] Undefined index: size D:\XAMPP\htdocs\ThinkPhp\web\Runtime\Cache\Admin\7a2d97958915e7fdb11da5305c119cd7.php 第 448 行.
NOTIC: [8] Undefined index: size D:\XAMPP\htdocs\ThinkPhp\web\Runtime\Cache\Admin\7a2d97958915e7fdb11da5305c119cd7.php 第 449 行.
NOTIC: [8] Undefined index: size D:\XAMPP\htdocs\ThinkPhp\web\Runtime\Cache\Admin\7a2d97958915e7fdb11da5305c119cd7.php 第 450 行.
NOTIC: [8] Undefined index: email D:\XAMPP\htdocs\ThinkPhp\web\Runtime\Cache\Admin\7a2d97958915e7fdb11da5305c119cd7.php 第 456 行.
NOTIC: [8] Undefined variable: url D:\XAMPP\htdocs\ThinkPhp\web\Runtime\Cache\Admin\7a2d97958915e7fdb11da5305c119cd7.php 第 495 行.
INFO: Run Behavior\ParseTemplateBehavior [ RunTime:0.035002s ]
INFO: [ view_parse ] --END-- [ RunTime:0.035002s ]
INFO: [ view_filter ] --START--
INFO: Run Behavior\WriteHtmlCacheBehavior [ RunTime:0.000000s ]
INFO: [ view_filter ] --END-- [ RunTime:0.001000s ]
INFO: [ app_end ] --START--
INFO: Run Behavior\ShowPageTraceBehavior [ RunTime:0.001000s ]
INFO: [ app_end ] --END-- [ RunTime:0.001000s ]

[ 2017-12-05T16:21:09+08:00 ] ::1 /ThinkPhp/index.php/Admin/order/index
INFO: [ app_init ] --START--
INFO: Run Behavior\BuildLiteBehavior [ RunTime:0.000000s ]
INFO: [ app_init ] --END-- [ RunTime:0.000000s ]
INFO: [ app_begin ] --START--
INFO: Run Behavior\ReadHtmlCacheBehavior [ RunTime:0.001000s ]
INFO: [ app_begin ] --END-- [ RunTime:0.001000s ]
SQL: SHOW COLUMNS FROM `order` [ RunTime:0.0050s ]
SQL: SELECT * FROM `order`  [ RunTime:0.0010s ]
SQL: SHOW COLUMNS FROM `order_detail` [ RunTime:0.0060s ]
SQL: SHOW COLUMNS FROM `sku` [ RunTime:0.0050s ]
SQL: SHOW COLUMNS FROM `pic` [ RunTime:0.0040s ]
SQL: SELECT * FROM `order_detail` WHERE ( order_id=46 )  [ RunTime:0.0010s ]
SQL: SELECT * FROM `sku` WHERE `id` = 82 LIMIT 1   [ RunTime:0.0000s ]
SQL: SELECT * FROM `pic` WHERE ( sku_id=82 ) LIMIT 1   [ RunTime:0.0000s ]
INFO: [ view_parse ] --START--
INFO: [ template_filter ] --START--
INFO: Run Behavior\ContentReplaceBehavior [ RunTime:0.000000s ]
INFO: [ template_filter ] --END-- [ RunTime:0.000000s ]
NOTIC: [8] Undefined index: success D:\XAMPP\htdocs\ThinkPhp\web\Runtime\Cache\Admin\faa2163cae6b001d625b1462f028bd52.php 第 422 行.
NOTIC: [8] Undefined index: error D:\XAMPP\htdocs\ThinkPhp\web\Runtime\Cache\Admin\faa2163cae6b001d625b1462f028bd52.php 第 429 行.
NOTIC: [8] Undefined index: size D:\XAMPP\htdocs\ThinkPhp\web\Runtime\Cache\Admin\faa2163cae6b001d625b1462f028bd52.php 第 451 行.
NOTIC: [8] Undefined index: size D:\XAMPP\htdocs\ThinkPhp\web\Runtime\Cache\Admin\faa2163cae6b001d625b1462f028bd52.php 第 452 行.
NOTIC: [8] Undefined index: size D:\XAMPP\htdocs\ThinkPhp\web\Runtime\Cache\Admin\faa2163cae6b001d625b1462f028bd52.php 第 453 行.
NOTIC: [8] Undefined index: size D:\XAMPP\htdocs\ThinkPhp\web\Runtime\Cache\Admin\faa2163cae6b001d625b1462f028bd52.php 第 454 行.
NOTIC: [8] Undefined index: size D:\XAMPP\htdocs\ThinkPhp\web\Runtime\Cache\Admin\faa2163cae6b001d625b1462f028bd52.php 第 455 行.
NOTIC: [8] Undefined index: size D:\XAMPP\htdocs\ThinkPhp\web\Runtime\Cache\Admin\faa2163cae6b001d625b1462f028bd52.php 第 456 行.
SQL: SHOW COLUMNS FROM `user` [ RunTime:0.0060s ]
SQL: SELECT * FROM `user` WHERE `id` = 6 LIMIT 1   [ RunTime:0.0010s ]
SQL: SHOW COLUMNS FROM `address` [ RunTime:0.0060s ]
SQL: SELECT * FROM `address` WHERE `id` = 24 LIMIT 1   [ RunTime:0.0000s ]
NOTIC: [8] Undefined variable: url D:\XAMPP\htdocs\ThinkPhp\web\Runtime\Cache\Admin\faa2163cae6b001d625b1462f028bd52.php 第 530 行.
NOTIC: [8] Undefined variable: p D:\XAMPP\htdocs\ThinkPhp\web\Runtime\Cache\Admin\faa2163cae6b001d625b1462f028bd52.php 第 639 行.
INFO: Run Behavior\ParseTemplateBehavior [ RunTime:0.059004s ]
INFO: [ view_parse ] --END-- [ RunTime:0.059004s ]
INFO: [ view_filter ] --START--
INFO: Run Behavior\WriteHtmlCacheBehavior [ RunTime:0.000000s ]
INFO: [ view_filter ] --END-- [ RunTime:0.000000s ]
INFO: [ app_end ] --START--
INFO: Run Behavior\ShowPageTraceBehavior [ RunTime:0.001000s ]
INFO: [ app_end ] --END-- [ RunTime:0.001000s ]

[ 2017-12-05T16:21:11+08:00 ] ::1 /ThinkPhp/index.php/Admin/Order/changeStatus?id=46
INFO: [ app_init ] --START--
INFO: Run Behavior\BuildLiteBehavior [ RunTime:0.000000s ]
INFO: [ app_init ] --END-- [ RunTime:0.002000s ]
INFO: [ app_begin ] --START--
INFO: Run Behavior\ReadHtmlCacheBehavior [ RunTime:0.001000s ]
INFO: [ app_begin ] --END-- [ RunTime:0.001000s ]
SQL: SHOW COLUMNS FROM `order` [ RunTime:0.0030s ]
SQL: UPDATE `order` SET `status`='1' WHERE `id` = 46 [ RunTime:0.0010s ]
INFO: [ app_end ] --START--
INFO: Run Behavior\ShowPageTraceBehavior [ RunTime:0.001000s ]
INFO: [ app_end ] --END-- [ RunTime:0.001000s ]

