[ 2017-11-23T13:16:37+08:00 ] ::1 /ThinkPhp/index.php/admin/login/login.html
INFO: [ app_init ] --START--
INFO: Run Behavior\BuildLiteBehavior [ RunTime:0.000000s ]
INFO: [ app_init ] --END-- [ RunTime:0.000000s ]
INFO: [ app_begin ] --START--
INFO: Run Behavior\ReadHtmlCacheBehavior [ RunTime:0.000000s ]
INFO: [ app_begin ] --END-- [ RunTime:0.001000s ]
INFO: [ view_parse ] --START--
INFO: [ template_filter ] --START--
INFO: Run Behavior\ContentReplaceBehavior [ RunTime:0.000000s ]
INFO: [ template_filter ] --END-- [ RunTime:0.000000s ]
NOTIC: [8] Undefined variable: flag D:\XAMPP\htdocs\ThinkPhp\web\Runtime\Cache\Admin\093c6d77fa295b053e512c27b6f901d1.php 第 52 行.
INFO: Run Behavior\ParseTemplateBehavior [ RunTime:0.025001s ]
INFO: [ view_parse ] --END-- [ RunTime:0.025001s ]
INFO: [ view_filter ] --START--
INFO: Run Behavior\WriteHtmlCacheBehavior [ RunTime:0.000000s ]
INFO: [ view_filter ] --END-- [ RunTime:0.000000s ]
INFO: [ app_end ] --START--
INFO: Run Behavior\ShowPageTraceBehavior [ RunTime:0.000000s ]
INFO: [ app_end ] --END-- [ RunTime:0.000000s ]

[ 2017-11-23T13:16:46+08:00 ] ::1 /ThinkPhp/index.php/Admin/Login/checklogin
INFO: [ app_init ] --START--
INFO: Run Behavior\BuildLiteBehavior [ RunTime:0.000000s ]
INFO: [ app_init ] --END-- [ RunTime:0.002000s ]
INFO: [ app_begin ] --START--
INFO: Run Behavior\ReadHtmlCacheBehavior [ RunTime:0.001000s ]
INFO: [ app_begin ] --END-- [ RunTime:0.002000s ]
SQL: SHOW COLUMNS FROM `adminuser` [ RunTime:0.0150s ]
SQL: SELECT * FROM `adminuser` WHERE ( email = "913822325@qq.com" ) LIMIT 1   [ RunTime:0.0000s ]
SQL: UPDATE `adminuser` SET `last_login`='1511414206',`ip`='::1' WHERE `id` = 1 [ RunTime:0.0400s ]

[ 2017-11-23T13:16:46+08:00 ] ::1 /ThinkPhp/index.php/admin/index/index.html
INFO: [ app_init ] --START--
INFO: Run Behavior\BuildLiteBehavior [ RunTime:0.000000s ]
INFO: [ app_init ] --END-- [ RunTime:0.001000s ]
INFO: [ app_begin ] --START--
INFO: Run Behavior\ReadHtmlCacheBehavior [ RunTime:0.001000s ]
INFO: [ app_begin ] --END-- [ RunTime:0.001000s ]
SQL: SHOW COLUMNS FROM `adminuser` [ RunTime:0.0050s ]
SQL: SELECT adminuser.*,grouplist.group_name FROM `adminuser` INNER JOIN grouplist on adminuser.groupid = grouplist.id  WHERE ( adminuser.id=1 ) LIMIT 1   [ RunTime:0.0430s ]
INFO: [ view_parse ] --START--
INFO: [ template_filter ] --START--
INFO: Run Behavior\ContentReplaceBehavior [ RunTime:0.000000s ]
INFO: [ template_filter ] --END-- [ RunTime:0.000000s ]
NOTIC: [8] Undefined index: jump D:\XAMPP\htdocs\ThinkPhp\web\Runtime\Cache\Admin\7025b44a7596185f4a54002eca98357c.php 第 390 行.
NOTIC: [8] Undefined index: jump D:\XAMPP\htdocs\ThinkPhp\web\Runtime\Cache\Admin\7025b44a7596185f4a54002eca98357c.php 第 397 行.
INFO: Run Behavior\ParseTemplateBehavior [ RunTime:0.082005s ]
INFO: [ view_parse ] --END-- [ RunTime:0.082005s ]
INFO: [ view_filter ] --START--
INFO: Run Behavior\WriteHtmlCacheBehavior [ RunTime:0.001000s ]
INFO: [ view_filter ] --END-- [ RunTime:0.001000s ]
INFO: [ app_end ] --START--
INFO: Run Behavior\ShowPageTraceBehavior [ RunTime:0.002000s ]
INFO: [ app_end ] --END-- [ RunTime:0.002000s ]

[ 2017-11-23T13:16:54+08:00 ] ::1 /ThinkPhp/index.php/Admin/adminuser/index
INFO: [ app_init ] --START--
INFO: Run Behavior\BuildLiteBehavior [ RunTime:0.000000s ]
INFO: [ app_init ] --END-- [ RunTime:0.001000s ]
INFO: [ app_begin ] --START--
INFO: Run Behavior\ReadHtmlCacheBehavior [ RunTime:0.001000s ]
INFO: [ app_begin ] --END-- [ RunTime:0.001000s ]
SQL: SELECT COUNT(*) AS tp_count FROM `adminuser` LIMIT 1   [ RunTime:0.0010s ]
SQL: SELECT adminuser.*,grouplist.group_name FROM `adminuser` INNER JOIN grouplist on adminuser.groupid=grouplist.id  LIMIT 0,2   [ RunTime:0.0010s ]
INFO: [ view_parse ] --START--
INFO: [ template_filter ] --START--
INFO: Run Behavior\ContentReplaceBehavior [ RunTime:0.000000s ]
INFO: [ template_filter ] --END-- [ RunTime:0.000000s ]
NOTIC: [8] Undefined index: jump D:\XAMPP\htdocs\ThinkPhp\web\Runtime\Cache\Admin\639c2c37365de442ea0066d93080fb36.php 第 384 行.
NOTIC: [8] Undefined index: jump D:\XAMPP\htdocs\ThinkPhp\web\Runtime\Cache\Admin\639c2c37365de442ea0066d93080fb36.php 第 391 行.
NOTIC: [8] Undefined index: size D:\XAMPP\htdocs\ThinkPhp\web\Runtime\Cache\Admin\639c2c37365de442ea0066d93080fb36.php 第 413 行.
NOTIC: [8] Undefined index: size D:\XAMPP\htdocs\ThinkPhp\web\Runtime\Cache\Admin\639c2c37365de442ea0066d93080fb36.php 第 414 行.
NOTIC: [8] Undefined index: size D:\XAMPP\htdocs\ThinkPhp\web\Runtime\Cache\Admin\639c2c37365de442ea0066d93080fb36.php 第 415 行.
NOTIC: [8] Undefined index: size D:\XAMPP\htdocs\ThinkPhp\web\Runtime\Cache\Admin\639c2c37365de442ea0066d93080fb36.php 第 416 行.
NOTIC: [8] Undefined index: email D:\XAMPP\htdocs\ThinkPhp\web\Runtime\Cache\Admin\639c2c37365de442ea0066d93080fb36.php 第 422 行.
SQL: SHOW COLUMNS FROM `grouplist` [ RunTime:0.0030s ]
SQL: SELECT * FROM `grouplist` WHERE `id` = 1 LIMIT 1   [ RunTime:0.0000s ]
SQL: SELECT * FROM `grouplist` WHERE `id` = 2 LIMIT 1   [ RunTime:0.0000s ]
INFO: Run Behavior\ParseTemplateBehavior [ RunTime:0.039002s ]
INFO: [ view_parse ] --END-- [ RunTime:0.039002s ]
INFO: [ view_filter ] --START--
INFO: Run Behavior\WriteHtmlCacheBehavior [ RunTime:0.001001s ]
INFO: [ view_filter ] --END-- [ RunTime:0.001001s ]
INFO: [ app_end ] --START--
INFO: Run Behavior\ShowPageTraceBehavior [ RunTime:0.002000s ]
INFO: [ app_end ] --END-- [ RunTime:0.002000s ]

[ 2017-11-23T13:16:56+08:00 ] ::1 /ThinkPhp/index.php/Admin/adminuser/add
INFO: [ app_init ] --START--
INFO: Run Behavior\BuildLiteBehavior [ RunTime:0.000000s ]
INFO: [ app_init ] --END-- [ RunTime:0.001000s ]
INFO: [ app_begin ] --START--
INFO: Run Behavior\ReadHtmlCacheBehavior [ RunTime:0.001000s ]
INFO: [ app_begin ] --END-- [ RunTime:0.001000s ]
INFO: [ view_parse ] --START--
INFO: [ template_filter ] --START--
INFO: Run Behavior\ContentReplaceBehavior [ RunTime:0.000000s ]
INFO: [ template_filter ] --END-- [ RunTime:0.000000s ]
NOTIC: [8] Undefined index: jump D:\XAMPP\htdocs\ThinkPhp\web\Runtime\Cache\Admin\afa00afacbc3660f8115f76b9896e115.php 第 384 行.
NOTIC: [8] Undefined index: jump D:\XAMPP\htdocs\ThinkPhp\web\Runtime\Cache\Admin\afa00afacbc3660f8115f76b9896e115.php 第 391 行.
INFO: Run Behavior\ParseTemplateBehavior [ RunTime:0.016001s ]
INFO: [ view_parse ] --END-- [ RunTime:0.016001s ]
INFO: [ view_filter ] --START--
INFO: Run Behavior\WriteHtmlCacheBehavior [ RunTime:0.001000s ]
INFO: [ view_filter ] --END-- [ RunTime:0.001000s ]
INFO: [ app_end ] --START--
INFO: Run Behavior\ShowPageTraceBehavior [ RunTime:0.002000s ]
INFO: [ app_end ] --END-- [ RunTime:0.002000s ]

[ 2017-11-23T13:16:58+08:00 ] ::1 /ThinkPhp/index.php/Admin/cate/index
INFO: [ app_init ] --START--
INFO: Run Behavior\BuildLiteBehavior [ RunTime:0.000000s ]
INFO: [ app_init ] --END-- [ RunTime:0.001001s ]
INFO: [ app_begin ] --START--
INFO: Run Behavior\ReadHtmlCacheBehavior [ RunTime:0.001000s ]
INFO: [ app_begin ] --END-- [ RunTime:0.001000s ]
SQL: SHOW COLUMNS FROM `cate` [ RunTime:0.0030s ]
SQL: SELECT COUNT(*) AS tp_count FROM cate as c1 LIMIT 1   [ RunTime:0.0000s ]
NOTIC: [8] Undefined variable: page D:\XAMPP\htdocs\ThinkPhp\web\Admin\Controller\CateController.class.php 第 59 行.
NOTIC: [8] Trying to get property of non-object D:\XAMPP\htdocs\ThinkPhp\web\Admin\Controller\CateController.class.php 第 59 行.
NOTIC: [8] Undefined variable: page D:\XAMPP\htdocs\ThinkPhp\web\Admin\Controller\CateController.class.php 第 59 行.
NOTIC: [8] Trying to get property of non-object D:\XAMPP\htdocs\ThinkPhp\web\Admin\Controller\CateController.class.php 第 59 行.
SQL: SELECT c1.id,c1.cate,c1.path,c1.pid as aa,c2.cate as pid FROM cate as c1 left join cate as c2 on c1.pid=c2.id   [ RunTime:0.0010s ]
INFO: [ view_parse ] --START--
INFO: [ template_filter ] --START--
INFO: Run Behavior\ContentReplaceBehavior [ RunTime:0.000000s ]
INFO: [ template_filter ] --END-- [ RunTime:0.001000s ]
NOTIC: [8] Undefined index: jump D:\XAMPP\htdocs\ThinkPhp\web\Runtime\Cache\Admin\7cd7914610a4dc0bb7e638ef6dc1f8b0.php 第 384 行.
NOTIC: [8] Undefined index: jump D:\XAMPP\htdocs\ThinkPhp\web\Runtime\Cache\Admin\7cd7914610a4dc0bb7e638ef6dc1f8b0.php 第 391 行.
NOTIC: [8] Undefined index: size D:\XAMPP\htdocs\ThinkPhp\web\Runtime\Cache\Admin\7cd7914610a4dc0bb7e638ef6dc1f8b0.php 第 413 行.
NOTIC: [8] Undefined index: size D:\XAMPP\htdocs\ThinkPhp\web\Runtime\Cache\Admin\7cd7914610a4dc0bb7e638ef6dc1f8b0.php 第 414 行.
NOTIC: [8] Undefined index: size D:\XAMPP\htdocs\ThinkPhp\web\Runtime\Cache\Admin\7cd7914610a4dc0bb7e638ef6dc1f8b0.php 第 415 行.
NOTIC: [8] Undefined index: size D:\XAMPP\htdocs\ThinkPhp\web\Runtime\Cache\Admin\7cd7914610a4dc0bb7e638ef6dc1f8b0.php 第 416 行.
NOTIC: [8] Undefined index: size D:\XAMPP\htdocs\ThinkPhp\web\Runtime\Cache\Admin\7cd7914610a4dc0bb7e638ef6dc1f8b0.php 第 417 行.
NOTIC: [8] Undefined index: size D:\XAMPP\htdocs\ThinkPhp\web\Runtime\Cache\Admin\7cd7914610a4dc0bb7e638ef6dc1f8b0.php 第 418 行.
NOTIC: [8] Undefined index: cate D:\XAMPP\htdocs\ThinkPhp\web\Runtime\Cache\Admin\7cd7914610a4dc0bb7e638ef6dc1f8b0.php 第 424 行.
SQL: SHOW COLUMNS FROM `cate_tag` [ RunTime:0.0030s ]
SQL: SELECT * FROM cate_tag as ct INNER JOIN tag as t on ct.tag_id=t.id  WHERE ( ct.cate_id=1 )  [ RunTime:0.0170s ]
SQL: SELECT * FROM cate_tag as ct INNER JOIN tag as t on ct.tag_id=t.id  WHERE ( ct.cate_id=2 )  [ RunTime:0.0010s ]
SQL: SELECT * FROM cate_tag as ct INNER JOIN tag as t on ct.tag_id=t.id  WHERE ( ct.cate_id=3 )  [ RunTime:0.0010s ]
SQL: SELECT * FROM cate_tag as ct INNER JOIN tag as t on ct.tag_id=t.id  WHERE ( ct.cate_id=4 )  [ RunTime:0.0010s ]
SQL: SELECT * FROM cate_tag as ct INNER JOIN tag as t on ct.tag_id=t.id  WHERE ( ct.cate_id=37 )  [ RunTime:0.0000s ]
SQL: SELECT * FROM cate_tag as ct INNER JOIN tag as t on ct.tag_id=t.id  WHERE ( ct.cate_id=42 )  [ RunTime:0.0000s ]
NOTIC: [8] Undefined variable: url D:\XAMPP\htdocs\ThinkPhp\web\Runtime\Cache\Admin\7cd7914610a4dc0bb7e638ef6dc1f8b0.php 第 474 行.
NOTIC: [8] Undefined variable: p D:\XAMPP\htdocs\ThinkPhp\web\Runtime\Cache\Admin\7cd7914610a4dc0bb7e638ef6dc1f8b0.php 第 533 行.
INFO: Run Behavior\ParseTemplateBehavior [ RunTime:0.040002s ]
INFO: [ view_parse ] --END-- [ RunTime:0.040002s ]
INFO: [ view_filter ] --START--
INFO: Run Behavior\WriteHtmlCacheBehavior [ RunTime:0.000000s ]
INFO: [ view_filter ] --END-- [ RunTime:0.000000s ]
INFO: [ app_end ] --START--
INFO: Run Behavior\ShowPageTraceBehavior [ RunTime:0.001000s ]
INFO: [ app_end ] --END-- [ RunTime:0.001000s ]

[ 2017-11-23T13:16:59+08:00 ] ::1 /ThinkPhp/index.php/Admin/cate/add
INFO: [ app_init ] --START--
INFO: Run Behavior\BuildLiteBehavior [ RunTime:0.000000s ]
INFO: [ app_init ] --END-- [ RunTime:0.000000s ]
INFO: [ app_begin ] --START--
INFO: Run Behavior\ReadHtmlCacheBehavior [ RunTime:0.001000s ]
INFO: [ app_begin ] --END-- [ RunTime:0.001000s ]
SQL: SHOW COLUMNS FROM `cate` [ RunTime:0.0040s ]
SQL: SELECT *,concat(path,id) as p FROM `cate` ORDER BY p  [ RunTime:0.0690s ]
INFO: [ view_parse ] --START--
INFO: [ template_filter ] --START--
INFO: Run Behavior\ContentReplaceBehavior [ RunTime:0.000000s ]
INFO: [ template_filter ] --END-- [ RunTime:0.000000s ]
NOTIC: [8] Undefined index: jump D:\XAMPP\htdocs\ThinkPhp\web\Runtime\Cache\Admin\d0068b3940caaafd8a6a2f451e7dd9f6.php 第 384 行.
NOTIC: [8] Undefined index: jump D:\XAMPP\htdocs\ThinkPhp\web\Runtime\Cache\Admin\d0068b3940caaafd8a6a2f451e7dd9f6.php 第 391 行.
INFO: Run Behavior\ParseTemplateBehavior [ RunTime:0.015001s ]
INFO: [ view_parse ] --END-- [ RunTime:0.015001s ]
INFO: [ view_filter ] --START--
INFO: Run Behavior\WriteHtmlCacheBehavior [ RunTime:0.001000s ]
INFO: [ view_filter ] --END-- [ RunTime:0.001000s ]
INFO: [ app_end ] --START--
INFO: Run Behavior\ShowPageTraceBehavior [ RunTime:0.002000s ]
INFO: [ app_end ] --END-- [ RunTime:0.002000s ]

[ 2017-11-23T13:17:00+08:00 ] ::1 /ThinkPhp/index.php/Admin/tag/index
INFO: [ app_init ] --START--
INFO: Run Behavior\BuildLiteBehavior [ RunTime:0.000000s ]
INFO: [ app_init ] --END-- [ RunTime:0.001000s ]
INFO: [ app_begin ] --START--
INFO: Run Behavior\ReadHtmlCacheBehavior [ RunTime:0.001000s ]
INFO: [ app_begin ] --END-- [ RunTime:0.001000s ]
SQL: SHOW COLUMNS FROM `tag` [ RunTime:0.0040s ]
SQL: SELECT * FROM `tag`  [ RunTime:0.0010s ]
SQL: SHOW COLUMNS FROM `tag_val` [ RunTime:0.0040s ]
SQL: SELECT v.val FROM tag_val as tv INNER JOIN val as v on tv.val_id=v.id  WHERE ( tv.tag_id=29 )  [ RunTime:0.0400s ]
SQL: SELECT v.val FROM tag_val as tv INNER JOIN val as v on tv.val_id=v.id  WHERE ( tv.tag_id=30 )  [ RunTime:0.0010s ]
SQL: SELECT COUNT(*) AS tp_count FROM `tag` LIMIT 1   [ RunTime:0.0000s ]
SQL: SELECT * FROM `tag` LIMIT 0,2   [ RunTime:0.0010s ]
INFO: [ view_parse ] --START--
INFO: [ template_filter ] --START--
INFO: Run Behavior\ContentReplaceBehavior [ RunTime:0.000000s ]
INFO: [ template_filter ] --END-- [ RunTime:0.000000s ]
NOTIC: [8] Undefined index: jump D:\XAMPP\htdocs\ThinkPhp\web\Runtime\Cache\Admin\f65743a2b5c26101f46f965f50e4d9df.php 第 384 行.
NOTIC: [8] Undefined index: jump D:\XAMPP\htdocs\ThinkPhp\web\Runtime\Cache\Admin\f65743a2b5c26101f46f965f50e4d9df.php 第 391 行.
NOTIC: [8] Undefined index: size D:\XAMPP\htdocs\ThinkPhp\web\Runtime\Cache\Admin\f65743a2b5c26101f46f965f50e4d9df.php 第 413 行.
NOTIC: [8] Undefined index: size D:\XAMPP\htdocs\ThinkPhp\web\Runtime\Cache\Admin\f65743a2b5c26101f46f965f50e4d9df.php 第 414 行.
NOTIC: [8] Undefined index: size D:\XAMPP\htdocs\ThinkPhp\web\Runtime\Cache\Admin\f65743a2b5c26101f46f965f50e4d9df.php 第 415 行.
NOTIC: [8] Undefined index: size D:\XAMPP\htdocs\ThinkPhp\web\Runtime\Cache\Admin\f65743a2b5c26101f46f965f50e4d9df.php 第 416 行.
NOTIC: [8] Undefined index: size D:\XAMPP\htdocs\ThinkPhp\web\Runtime\Cache\Admin\f65743a2b5c26101f46f965f50e4d9df.php 第 417 行.
NOTIC: [8] Undefined index: size D:\XAMPP\htdocs\ThinkPhp\web\Runtime\Cache\Admin\f65743a2b5c26101f46f965f50e4d9df.php 第 418 行.
NOTIC: [8] Undefined index: tag_name D:\XAMPP\htdocs\ThinkPhp\web\Runtime\Cache\Admin\f65743a2b5c26101f46f965f50e4d9df.php 第 424 行.
INFO: Run Behavior\ParseTemplateBehavior [ RunTime:0.041003s ]
INFO: [ view_parse ] --END-- [ RunTime:0.041003s ]
INFO: [ view_filter ] --START--
INFO: Run Behavior\WriteHtmlCacheBehavior [ RunTime:0.001000s ]
INFO: [ view_filter ] --END-- [ RunTime:0.001000s ]
INFO: [ app_end ] --START--
INFO: Run Behavior\ShowPageTraceBehavior [ RunTime:0.001000s ]
INFO: [ app_end ] --END-- [ RunTime:0.002000s ]

[ 2017-11-23T13:17:01+08:00 ] ::1 /ThinkPhp/index.php/Admin/good/index
INFO: [ app_init ] --START--
INFO: Run Behavior\BuildLiteBehavior [ RunTime:0.000000s ]
INFO: [ app_init ] --END-- [ RunTime:0.000000s ]
INFO: [ app_begin ] --START--
INFO: Run Behavior\ReadHtmlCacheBehavior [ RunTime:0.001000s ]
INFO: [ app_begin ] --END-- [ RunTime:0.001000s ]
SQL: SHOW COLUMNS FROM `good` [ RunTime:0.0040s ]
SQL: SELECT COUNT(*) AS tp_count FROM `good` LIMIT 1   [ RunTime:0.0010s ]
SQL: SELECT good.*,pic.path,cate.cate FROM `good` INNER JOIN cate on good.cate_id=cate.id INNER JOIN pic on good.id=pic.good_id  GROUP BY pic.good_id LIMIT 0,2   [ RunTime:0.0040s ]
SQL: SHOW COLUMNS FROM `sku` [ RunTime:0.0050s ]
SQL: SELECT sku.*,pic.path FROM `sku` INNER JOIN pic on sku.id=pic.sku_id  WHERE ( sku.good_id=38 )  [ RunTime:0.0010s ]
SQL: SELECT sku.*,pic.path FROM `sku` INNER JOIN pic on sku.id=pic.sku_id  WHERE ( sku.good_id=40 )  [ RunTime:0.0010s ]
INFO: [ view_parse ] --START--
INFO: [ template_filter ] --START--
INFO: Run Behavior\ContentReplaceBehavior [ RunTime:0.001000s ]
INFO: [ template_filter ] --END-- [ RunTime:0.001000s ]
NOTIC: [8] Undefined index: jump D:\XAMPP\htdocs\ThinkPhp\web\Runtime\Cache\Admin\5e569ad068c70ba99bd24050e5fc9bec.php 第 384 行.
NOTIC: [8] Undefined index: jump D:\XAMPP\htdocs\ThinkPhp\web\Runtime\Cache\Admin\5e569ad068c70ba99bd24050e5fc9bec.php 第 391 行.
NOTIC: [8] Undefined index: size D:\XAMPP\htdocs\ThinkPhp\web\Runtime\Cache\Admin\5e569ad068c70ba99bd24050e5fc9bec.php 第 413 行.
NOTIC: [8] Undefined index: size D:\XAMPP\htdocs\ThinkPhp\web\Runtime\Cache\Admin\5e569ad068c70ba99bd24050e5fc9bec.php 第 414 行.
NOTIC: [8] Undefined index: size D:\XAMPP\htdocs\ThinkPhp\web\Runtime\Cache\Admin\5e569ad068c70ba99bd24050e5fc9bec.php 第 415 行.
NOTIC: [8] Undefined index: size D:\XAMPP\htdocs\ThinkPhp\web\Runtime\Cache\Admin\5e569ad068c70ba99bd24050e5fc9bec.php 第 416 行.
NOTIC: [8] Undefined index: size D:\XAMPP\htdocs\ThinkPhp\web\Runtime\Cache\Admin\5e569ad068c70ba99bd24050e5fc9bec.php 第 417 行.
NOTIC: [8] Undefined index: size D:\XAMPP\htdocs\ThinkPhp\web\Runtime\Cache\Admin\5e569ad068c70ba99bd24050e5fc9bec.php 第 418 行.
INFO: Run Behavior\ParseTemplateBehavior [ RunTime:0.019001s ]
INFO: [ view_parse ] --END-- [ RunTime:0.019001s ]
INFO: [ view_filter ] --START--
INFO: Run Behavior\WriteHtmlCacheBehavior [ RunTime:0.001000s ]
INFO: [ view_filter ] --END-- [ RunTime:0.001000s ]
INFO: [ app_end ] --START--
INFO: Run Behavior\ShowPageTraceBehavior [ RunTime:0.001000s ]
INFO: [ app_end ] --END-- [ RunTime:0.002000s ]

[ 2017-11-23T13:17:03+08:00 ] ::1 /ThinkPhp/index.php/Admin/adminuser/index
INFO: [ app_init ] --START--
INFO: Run Behavior\BuildLiteBehavior [ RunTime:0.000000s ]
INFO: [ app_init ] --END-- [ RunTime:0.001000s ]
INFO: [ app_begin ] --START--
INFO: Run Behavior\ReadHtmlCacheBehavior [ RunTime:0.001000s ]
INFO: [ app_begin ] --END-- [ RunTime:0.001000s ]
SQL: SELECT COUNT(*) AS tp_count FROM `adminuser` LIMIT 1   [ RunTime:0.0010s ]
SQL: SELECT adminuser.*,grouplist.group_name FROM `adminuser` INNER JOIN grouplist on adminuser.groupid=grouplist.id  LIMIT 0,2   [ RunTime:0.0010s ]
INFO: [ view_parse ] --START--
INFO: [ template_filter ] --START--
INFO: Run Behavior\ContentReplaceBehavior [ RunTime:0.000000s ]
INFO: [ template_filter ] --END-- [ RunTime:0.000000s ]
NOTIC: [8] Undefined index: jump D:\XAMPP\htdocs\ThinkPhp\web\Runtime\Cache\Admin\639c2c37365de442ea0066d93080fb36.php 第 384 行.
NOTIC: [8] Undefined index: jump D:\XAMPP\htdocs\ThinkPhp\web\Runtime\Cache\Admin\639c2c37365de442ea0066d93080fb36.php 第 391 行.
NOTIC: [8] Undefined index: size D:\XAMPP\htdocs\ThinkPhp\web\Runtime\Cache\Admin\639c2c37365de442ea0066d93080fb36.php 第 413 行.
NOTIC: [8] Undefined index: size D:\XAMPP\htdocs\ThinkPhp\web\Runtime\Cache\Admin\639c2c37365de442ea0066d93080fb36.php 第 414 行.
NOTIC: [8] Undefined index: size D:\XAMPP\htdocs\ThinkPhp\web\Runtime\Cache\Admin\639c2c37365de442ea0066d93080fb36.php 第 415 行.
NOTIC: [8] Undefined index: size D:\XAMPP\htdocs\ThinkPhp\web\Runtime\Cache\Admin\639c2c37365de442ea0066d93080fb36.php 第 416 行.
NOTIC: [8] Undefined index: email D:\XAMPP\htdocs\ThinkPhp\web\Runtime\Cache\Admin\639c2c37365de442ea0066d93080fb36.php 第 422 行.
SQL: SHOW COLUMNS FROM `grouplist` [ RunTime:0.0040s ]
SQL: SELECT * FROM `grouplist` WHERE `id` = 1 LIMIT 1   [ RunTime:0.0010s ]
SQL: SELECT * FROM `grouplist` WHERE `id` = 2 LIMIT 1   [ RunTime:0.0000s ]
INFO: Run Behavior\ParseTemplateBehavior [ RunTime:0.020001s ]
INFO: [ view_parse ] --END-- [ RunTime:0.020001s ]
INFO: [ view_filter ] --START--
INFO: Run Behavior\WriteHtmlCacheBehavior [ RunTime:0.001000s ]
INFO: [ view_filter ] --END-- [ RunTime:0.001000s ]
INFO: [ app_end ] --START--
INFO: Run Behavior\ShowPageTraceBehavior [ RunTime:0.001000s ]
INFO: [ app_end ] --END-- [ RunTime:0.001000s ]

[ 2017-11-23T13:17:32+08:00 ] ::1 /ThinkPhp/index.php/Admin/Adminuser/edit/id/72
INFO: [ app_init ] --START--
INFO: Run Behavior\BuildLiteBehavior [ RunTime:0.000000s ]
INFO: [ app_init ] --END-- [ RunTime:0.001000s ]
INFO: [ app_begin ] --START--
INFO: Run Behavior\ReadHtmlCacheBehavior [ RunTime:0.001000s ]
INFO: [ app_begin ] --END-- [ RunTime:0.001000s ]
SQL: SHOW COLUMNS FROM `adminuser` [ RunTime:0.0040s ]
SQL: SHOW COLUMNS FROM `grouplist` [ RunTime:0.0040s ]
SQL: SELECT * FROM `grouplist`  [ RunTime:0.0010s ]
SQL: SELECT * FROM `adminuser` WHERE `id` = 72 LIMIT 1   [ RunTime:0.0000s ]
INFO: [ view_parse ] --START--
INFO: [ template_filter ] --START--
INFO: Run Behavior\ContentReplaceBehavior [ RunTime:0.000000s ]
INFO: [ template_filter ] --END-- [ RunTime:0.001000s ]
NOTIC: [8] Undefined index: jump D:\XAMPP\htdocs\ThinkPhp\web\Runtime\Cache\Admin\0ba2df0a7f34a6e35d39e80faca36a43.php 第 384 行.
NOTIC: [8] Undefined index: jump D:\XAMPP\htdocs\ThinkPhp\web\Runtime\Cache\Admin\0ba2df0a7f34a6e35d39e80faca36a43.php 第 391 行.
INFO: Run Behavior\ParseTemplateBehavior [ RunTime:0.057004s ]
INFO: [ view_parse ] --END-- [ RunTime:0.057004s ]
INFO: [ view_filter ] --START--
INFO: Run Behavior\WriteHtmlCacheBehavior [ RunTime:0.004000s ]
INFO: [ view_filter ] --END-- [ RunTime:0.004000s ]
INFO: [ app_end ] --START--
INFO: Run Behavior\ShowPageTraceBehavior [ RunTime:0.003000s ]
INFO: [ app_end ] --END-- [ RunTime:0.003000s ]

[ 2017-11-23T13:17:41+08:00 ] ::1 /ThinkPhp/index.php/Admin/adminuser/index
INFO: [ app_init ] --START--
INFO: Run Behavior\BuildLiteBehavior [ RunTime:0.000000s ]
INFO: [ app_init ] --END-- [ RunTime:0.001000s ]
INFO: [ app_begin ] --START--
INFO: Run Behavior\ReadHtmlCacheBehavior [ RunTime:0.001000s ]
INFO: [ app_begin ] --END-- [ RunTime:0.001000s ]
SQL: SELECT COUNT(*) AS tp_count FROM `adminuser` LIMIT 1   [ RunTime:0.0010s ]
SQL: SELECT adminuser.*,grouplist.group_name FROM `adminuser` INNER JOIN grouplist on adminuser.groupid=grouplist.id  LIMIT 0,2   [ RunTime:0.0010s ]
INFO: [ view_parse ] --START--
INFO: [ template_filter ] --START--
INFO: Run Behavior\ContentReplaceBehavior [ RunTime:0.000000s ]
INFO: [ template_filter ] --END-- [ RunTime:0.000000s ]
NOTIC: [8] Undefined index: jump D:\XAMPP\htdocs\ThinkPhp\web\Runtime\Cache\Admin\639c2c37365de442ea0066d93080fb36.php 第 384 行.
NOTIC: [8] Undefined index: jump D:\XAMPP\htdocs\ThinkPhp\web\Runtime\Cache\Admin\639c2c37365de442ea0066d93080fb36.php 第 391 行.
NOTIC: [8] Undefined index: size D:\XAMPP\htdocs\ThinkPhp\web\Runtime\Cache\Admin\639c2c37365de442ea0066d93080fb36.php 第 413 行.
NOTIC: [8] Undefined index: size D:\XAMPP\htdocs\ThinkPhp\web\Runtime\Cache\Admin\639c2c37365de442ea0066d93080fb36.php 第 414 行.
NOTIC: [8] Undefined index: size D:\XAMPP\htdocs\ThinkPhp\web\Runtime\Cache\Admin\639c2c37365de442ea0066d93080fb36.php 第 415 行.
NOTIC: [8] Undefined index: size D:\XAMPP\htdocs\ThinkPhp\web\Runtime\Cache\Admin\639c2c37365de442ea0066d93080fb36.php 第 416 行.
NOTIC: [8] Undefined index: email D:\XAMPP\htdocs\ThinkPhp\web\Runtime\Cache\Admin\639c2c37365de442ea0066d93080fb36.php 第 422 行.
SQL: SHOW COLUMNS FROM `grouplist` [ RunTime:0.0030s ]
SQL: SELECT * FROM `grouplist` WHERE `id` = 1 LIMIT 1   [ RunTime:0.0000s ]
SQL: SELECT * FROM `grouplist` WHERE `id` = 2 LIMIT 1   [ RunTime:0.0010s ]
INFO: Run Behavior\ParseTemplateBehavior [ RunTime:0.019001s ]
INFO: [ view_parse ] --END-- [ RunTime:0.019001s ]
INFO: [ view_filter ] --START--
INFO: Run Behavior\WriteHtmlCacheBehavior [ RunTime:0.001000s ]
INFO: [ view_filter ] --END-- [ RunTime:0.001000s ]
INFO: [ app_end ] --START--
INFO: Run Behavior\ShowPageTraceBehavior [ RunTime:0.002000s ]
INFO: [ app_end ] --END-- [ RunTime:0.002000s ]

[ 2017-11-23T13:17:43+08:00 ] ::1 /ThinkPhp/index.php/Admin/index/index
INFO: [ app_init ] --START--
INFO: Run Behavior\BuildLiteBehavior [ RunTime:0.000000s ]
INFO: [ app_init ] --END-- [ RunTime:0.001000s ]
INFO: [ app_begin ] --START--
INFO: Run Behavior\ReadHtmlCacheBehavior [ RunTime:0.001000s ]
INFO: [ app_begin ] --END-- [ RunTime:0.001000s ]
SQL: SHOW COLUMNS FROM `adminuser` [ RunTime:0.0040s ]
SQL: SELECT adminuser.*,grouplist.group_name FROM `adminuser` INNER JOIN grouplist on adminuser.groupid = grouplist.id  WHERE ( adminuser.id=1 ) LIMIT 1   [ RunTime:0.0010s ]
INFO: [ view_parse ] --START--
INFO: [ template_filter ] --START--
INFO: Run Behavior\ContentReplaceBehavior [ RunTime:0.000000s ]
INFO: [ template_filter ] --END-- [ RunTime:0.001000s ]
NOTIC: [8] Undefined index: jump D:\XAMPP\htdocs\ThinkPhp\web\Runtime\Cache\Admin\7025b44a7596185f4a54002eca98357c.php 第 390 行.
NOTIC: [8] Undefined index: jump D:\XAMPP\htdocs\ThinkPhp\web\Runtime\Cache\Admin\7025b44a7596185f4a54002eca98357c.php 第 397 行.
INFO: Run Behavior\ParseTemplateBehavior [ RunTime:0.013001s ]
INFO: [ view_parse ] --END-- [ RunTime:0.013001s ]
INFO: [ view_filter ] --START--
INFO: Run Behavior\WriteHtmlCacheBehavior [ RunTime:0.000000s ]
INFO: [ view_filter ] --END-- [ RunTime:0.000000s ]
INFO: [ app_end ] --START--
INFO: Run Behavior\ShowPageTraceBehavior [ RunTime:0.001000s ]
INFO: [ app_end ] --END-- [ RunTime:0.001000s ]

[ 2017-11-23T13:17:58+08:00 ] ::1 /ThinkPhp/index.php/Admin/Index/update
INFO: [ app_init ] --START--
INFO: Run Behavior\BuildLiteBehavior [ RunTime:0.000000s ]
INFO: [ app_init ] --END-- [ RunTime:0.001000s ]
INFO: [ app_begin ] --START--
INFO: Run Behavior\ReadHtmlCacheBehavior [ RunTime:0.001000s ]
INFO: [ app_begin ] --END-- [ RunTime:0.001000s ]
NOTIC: [2] call_user_func() expects parameter 1 to be a valid callback, no array or string given D:\XAMPP\htdocs\ThinkPhp\ThinkPHP\Library\Think\Upload.class.php 第 170 行.
SQL: SHOW COLUMNS FROM `adminuser` [ RunTime:0.0030s ]
SQL: UPDATE `adminuser` SET `pic`='./Public/Uploads/5a165a06d29af.jpg',`name`='崔永智' WHERE `id` = 1 [ RunTime:0.0200s ]

[ 2017-11-23T13:17:59+08:00 ] ::1 /ThinkPhp/index.php/admin/index/index.html
INFO: [ app_init ] --START--
INFO: Run Behavior\BuildLiteBehavior [ RunTime:0.000000s ]
INFO: [ app_init ] --END-- [ RunTime:0.001000s ]
INFO: [ app_begin ] --START--
INFO: Run Behavior\ReadHtmlCacheBehavior [ RunTime:0.003000s ]
INFO: [ app_begin ] --END-- [ RunTime:0.003000s ]
SQL: SHOW COLUMNS FROM `adminuser` [ RunTime:0.0050s ]
SQL: SELECT adminuser.*,grouplist.group_name FROM `adminuser` INNER JOIN grouplist on adminuser.groupid = grouplist.id  WHERE ( adminuser.id=1 ) LIMIT 1   [ RunTime:0.0000s ]
INFO: [ view_parse ] --START--
INFO: [ template_filter ] --START--
INFO: Run Behavior\ContentReplaceBehavior [ RunTime:0.000000s ]
INFO: [ template_filter ] --END-- [ RunTime:0.000000s ]
NOTIC: [8] Undefined index: error D:\XAMPP\htdocs\ThinkPhp\web\Runtime\Cache\Admin\7025b44a7596185f4a54002eca98357c.php 第 397 行.
INFO: Run Behavior\ParseTemplateBehavior [ RunTime:0.018001s ]
INFO: [ view_parse ] --END-- [ RunTime:0.018001s ]
INFO: [ view_filter ] --START--
INFO: Run Behavior\WriteHtmlCacheBehavior [ RunTime:0.002000s ]
INFO: [ view_filter ] --END-- [ RunTime:0.002000s ]
INFO: [ app_end ] --START--
INFO: Run Behavior\ShowPageTraceBehavior [ RunTime:0.012001s ]
INFO: [ app_end ] --END-- [ RunTime:0.012001s ]

[ 2017-11-23T13:18:03+08:00 ] ::1 /ThinkPhp/index.php/Admin/adminuser/index
INFO: [ app_init ] --START--
INFO: Run Behavior\BuildLiteBehavior [ RunTime:0.000000s ]
INFO: [ app_init ] --END-- [ RunTime:0.000000s ]
INFO: [ app_begin ] --START--
INFO: Run Behavior\ReadHtmlCacheBehavior [ RunTime:0.002000s ]
INFO: [ app_begin ] --END-- [ RunTime:0.002000s ]
SQL: SELECT COUNT(*) AS tp_count FROM `adminuser` LIMIT 1   [ RunTime:0.0010s ]
SQL: SELECT adminuser.*,grouplist.group_name FROM `adminuser` INNER JOIN grouplist on adminuser.groupid=grouplist.id  LIMIT 0,2   [ RunTime:0.0010s ]
INFO: [ view_parse ] --START--
INFO: [ template_filter ] --START--
INFO: Run Behavior\ContentReplaceBehavior [ RunTime:0.001000s ]
INFO: [ template_filter ] --END-- [ RunTime:0.001000s ]
NOTIC: [8] Undefined index: success D:\XAMPP\htdocs\ThinkPhp\web\Runtime\Cache\Admin\639c2c37365de442ea0066d93080fb36.php 第 384 行.
NOTIC: [8] Undefined index: error D:\XAMPP\htdocs\ThinkPhp\web\Runtime\Cache\Admin\639c2c37365de442ea0066d93080fb36.php 第 391 行.
NOTIC: [8] Undefined index: size D:\XAMPP\htdocs\ThinkPhp\web\Runtime\Cache\Admin\639c2c37365de442ea0066d93080fb36.php 第 413 行.
NOTIC: [8] Undefined index: size D:\XAMPP\htdocs\ThinkPhp\web\Runtime\Cache\Admin\639c2c37365de442ea0066d93080fb36.php 第 414 行.
NOTIC: [8] Undefined index: size D:\XAMPP\htdocs\ThinkPhp\web\Runtime\Cache\Admin\639c2c37365de442ea0066d93080fb36.php 第 415 行.
NOTIC: [8] Undefined index: size D:\XAMPP\htdocs\ThinkPhp\web\Runtime\Cache\Admin\639c2c37365de442ea0066d93080fb36.php 第 416 行.
NOTIC: [8] Undefined index: email D:\XAMPP\htdocs\ThinkPhp\web\Runtime\Cache\Admin\639c2c37365de442ea0066d93080fb36.php 第 422 行.
SQL: SHOW COLUMNS FROM `grouplist` [ RunTime:0.0030s ]
SQL: SELECT * FROM `grouplist` WHERE `id` = 1 LIMIT 1   [ RunTime:0.0000s ]
SQL: SELECT * FROM `grouplist` WHERE `id` = 2 LIMIT 1   [ RunTime:0.0000s ]
INFO: Run Behavior\ParseTemplateBehavior [ RunTime:0.028001s ]
INFO: [ view_parse ] --END-- [ RunTime:0.028001s ]
INFO: [ view_filter ] --START--
INFO: Run Behavior\WriteHtmlCacheBehavior [ RunTime:0.001000s ]
INFO: [ view_filter ] --END-- [ RunTime:0.002000s ]
INFO: [ app_end ] --START--
INFO: Run Behavior\ShowPageTraceBehavior [ RunTime:0.002000s ]
INFO: [ app_end ] --END-- [ RunTime:0.003000s ]

[ 2017-11-23T13:18:05+08:00 ] ::1 /ThinkPhp/index.php/Admin/Adminuser/index/p/2.html
INFO: [ app_init ] --START--
INFO: Run Behavior\BuildLiteBehavior [ RunTime:0.000000s ]
INFO: [ app_init ] --END-- [ RunTime:0.002000s ]
INFO: [ app_begin ] --START--
INFO: Run Behavior\ReadHtmlCacheBehavior [ RunTime:0.009001s ]
INFO: [ app_begin ] --END-- [ RunTime:0.009001s ]
SQL: SELECT COUNT(*) AS tp_count FROM `adminuser` LIMIT 1   [ RunTime:0.0000s ]
SQL: SELECT adminuser.*,grouplist.group_name FROM `adminuser` INNER JOIN grouplist on adminuser.groupid=grouplist.id  LIMIT 2,2   [ RunTime:0.0010s ]
INFO: [ view_parse ] --START--
INFO: [ template_filter ] --START--
INFO: Run Behavior\ContentReplaceBehavior [ RunTime:0.000000s ]
INFO: [ template_filter ] --END-- [ RunTime:0.000000s ]
NOTIC: [8] Undefined index: success D:\XAMPP\htdocs\ThinkPhp\web\Runtime\Cache\Admin\639c2c37365de442ea0066d93080fb36.php 第 384 行.
NOTIC: [8] Undefined index: error D:\XAMPP\htdocs\ThinkPhp\web\Runtime\Cache\Admin\639c2c37365de442ea0066d93080fb36.php 第 391 行.
NOTIC: [8] Undefined index: size D:\XAMPP\htdocs\ThinkPhp\web\Runtime\Cache\Admin\639c2c37365de442ea0066d93080fb36.php 第 413 行.
NOTIC: [8] Undefined index: size D:\XAMPP\htdocs\ThinkPhp\web\Runtime\Cache\Admin\639c2c37365de442ea0066d93080fb36.php 第 414 行.
NOTIC: [8] Undefined index: size D:\XAMPP\htdocs\ThinkPhp\web\Runtime\Cache\Admin\639c2c37365de442ea0066d93080fb36.php 第 415 行.
NOTIC: [8] Undefined index: size D:\XAMPP\htdocs\ThinkPhp\web\Runtime\Cache\Admin\639c2c37365de442ea0066d93080fb36.php 第 416 行.
NOTIC: [8] Undefined index: email D:\XAMPP\htdocs\ThinkPhp\web\Runtime\Cache\Admin\639c2c37365de442ea0066d93080fb36.php 第 422 行.
SQL: SHOW COLUMNS FROM `grouplist` [ RunTime:0.0060s ]
SQL: SELECT * FROM `grouplist` WHERE `id` = 3 LIMIT 1   [ RunTime:0.0010s ]
INFO: Run Behavior\ParseTemplateBehavior [ RunTime:0.029002s ]
INFO: [ view_parse ] --END-- [ RunTime:0.029002s ]
INFO: [ view_filter ] --START--
INFO: Run Behavior\WriteHtmlCacheBehavior [ RunTime:0.002000s ]
INFO: [ view_filter ] --END-- [ RunTime:0.002000s ]
INFO: [ app_end ] --START--
INFO: Run Behavior\ShowPageTraceBehavior [ RunTime:0.007000s ]
INFO: [ app_end ] --END-- [ RunTime:0.007000s ]

[ 2017-11-23T13:18:07+08:00 ] ::1 /ThinkPhp/index.php/Admin/Adminuser/index/p/1.html
INFO: [ app_init ] --START--
INFO: Run Behavior\BuildLiteBehavior [ RunTime:0.000000s ]
INFO: [ app_init ] --END-- [ RunTime:0.001000s ]
INFO: [ app_begin ] --START--
INFO: Run Behavior\ReadHtmlCacheBehavior [ RunTime:0.003000s ]
INFO: [ app_begin ] --END-- [ RunTime:0.003000s ]
SQL: SELECT COUNT(*) AS tp_count FROM `adminuser` LIMIT 1   [ RunTime:0.0010s ]
SQL: SELECT adminuser.*,grouplist.group_name FROM `adminuser` INNER JOIN grouplist on adminuser.groupid=grouplist.id  LIMIT 0,2   [ RunTime:0.0010s ]
INFO: [ view_parse ] --START--
INFO: [ template_filter ] --START--
INFO: Run Behavior\ContentReplaceBehavior [ RunTime:0.000000s ]
INFO: [ template_filter ] --END-- [ RunTime:0.001000s ]
NOTIC: [8] Undefined index: success D:\XAMPP\htdocs\ThinkPhp\web\Runtime\Cache\Admin\639c2c37365de442ea0066d93080fb36.php 第 384 行.
NOTIC: [8] Undefined index: error D:\XAMPP\htdocs\ThinkPhp\web\Runtime\Cache\Admin\639c2c37365de442ea0066d93080fb36.php 第 391 行.
NOTIC: [8] Undefined index: size D:\XAMPP\htdocs\ThinkPhp\web\Runtime\Cache\Admin\639c2c37365de442ea0066d93080fb36.php 第 413 行.
NOTIC: [8] Undefined index: size D:\XAMPP\htdocs\ThinkPhp\web\Runtime\Cache\Admin\639c2c37365de442ea0066d93080fb36.php 第 414 行.
NOTIC: [8] Undefined index: size D:\XAMPP\htdocs\ThinkPhp\web\Runtime\Cache\Admin\639c2c37365de442ea0066d93080fb36.php 第 415 行.
NOTIC: [8] Undefined index: size D:\XAMPP\htdocs\ThinkPhp\web\Runtime\Cache\Admin\639c2c37365de442ea0066d93080fb36.php 第 416 行.
NOTIC: [8] Undefined index: email D:\XAMPP\htdocs\ThinkPhp\web\Runtime\Cache\Admin\639c2c37365de442ea0066d93080fb36.php 第 422 行.
SQL: SHOW COLUMNS FROM `grouplist` [ RunTime:0.0040s ]
SQL: SELECT * FROM `grouplist` WHERE `id` = 1 LIMIT 1   [ RunTime:0.0000s ]
SQL: SELECT * FROM `grouplist` WHERE `id` = 2 LIMIT 1   [ RunTime:0.0000s ]
INFO: Run Behavior\ParseTemplateBehavior [ RunTime:0.031002s ]
INFO: [ view_parse ] --END-- [ RunTime:0.031002s ]
INFO: [ view_filter ] --START--
INFO: Run Behavior\WriteHtmlCacheBehavior [ RunTime:0.002000s ]
INFO: [ view_filter ] --END-- [ RunTime:0.002000s ]
INFO: [ app_end ] --START--
INFO: Run Behavior\ShowPageTraceBehavior [ RunTime:0.003001s ]
INFO: [ app_end ] --END-- [ RunTime:0.003001s ]

[ 2017-11-23T13:18:14+08:00 ] ::1 /ThinkPhp/index.php/Admin/index/index
INFO: [ app_init ] --START--
INFO: Run Behavior\BuildLiteBehavior [ RunTime:0.000000s ]
INFO: [ app_init ] --END-- [ RunTime:0.001000s ]
INFO: [ app_begin ] --START--
INFO: Run Behavior\ReadHtmlCacheBehavior [ RunTime:0.000000s ]
INFO: [ app_begin ] --END-- [ RunTime:0.000000s ]
SQL: SHOW COLUMNS FROM `adminuser` [ RunTime:0.0030s ]
SQL: SELECT adminuser.*,grouplist.group_name FROM `adminuser` INNER JOIN grouplist on adminuser.groupid = grouplist.id  WHERE ( adminuser.id=1 ) LIMIT 1   [ RunTime:0.0000s ]
INFO: [ view_parse ] --START--
INFO: [ template_filter ] --START--
INFO: Run Behavior\ContentReplaceBehavior [ RunTime:0.000000s ]
INFO: [ template_filter ] --END-- [ RunTime:0.000000s ]
NOTIC: [8] Undefined index: success D:\XAMPP\htdocs\ThinkPhp\web\Runtime\Cache\Admin\7025b44a7596185f4a54002eca98357c.php 第 390 行.
NOTIC: [8] Undefined index: error D:\XAMPP\htdocs\ThinkPhp\web\Runtime\Cache\Admin\7025b44a7596185f4a54002eca98357c.php 第 397 行.
INFO: Run Behavior\ParseTemplateBehavior [ RunTime:0.013000s ]
INFO: [ view_parse ] --END-- [ RunTime:0.014001s ]
INFO: [ view_filter ] --START--
INFO: Run Behavior\WriteHtmlCacheBehavior [ RunTime:0.001000s ]
INFO: [ view_filter ] --END-- [ RunTime:0.001000s ]
INFO: [ app_end ] --START--
INFO: Run Behavior\ShowPageTraceBehavior [ RunTime:0.002000s ]
INFO: [ app_end ] --END-- [ RunTime:0.002000s ]

[ 2017-11-23T13:19:31+08:00 ] ::1 /ThinkPhp/index.php/Admin/Index/update
INFO: [ app_init ] --START--
INFO: Run Behavior\BuildLiteBehavior [ RunTime:0.000000s ]
INFO: [ app_init ] --END-- [ RunTime:0.001000s ]
INFO: [ app_begin ] --START--
INFO: Run Behavior\ReadHtmlCacheBehavior [ RunTime:0.001000s ]
INFO: [ app_begin ] --END-- [ RunTime:0.001000s ]
NOTIC: [2] call_user_func() expects parameter 1 to be a valid callback, no array or string given D:\XAMPP\htdocs\ThinkPhp\ThinkPHP\Library\Think\Upload.class.php 第 170 行.
SQL: SHOW COLUMNS FROM `adminuser` [ RunTime:0.0040s ]
SQL: UPDATE `adminuser` SET `pic`='./Public/Uploads/5a165a63e4fea.jpg',`name`='崔永智' WHERE `id` = 1 [ RunTime:0.0220s ]

[ 2017-11-23T13:19:32+08:00 ] ::1 /ThinkPhp/index.php/admin/index/index.html
INFO: [ app_init ] --START--
INFO: Run Behavior\BuildLiteBehavior [ RunTime:0.001001s ]
INFO: [ app_init ] --END-- [ RunTime:0.001001s ]
INFO: [ app_begin ] --START--
INFO: Run Behavior\ReadHtmlCacheBehavior [ RunTime:0.001000s ]
INFO: [ app_begin ] --END-- [ RunTime:0.001000s ]
SQL: SHOW COLUMNS FROM `adminuser` [ RunTime:0.0050s ]
SQL: SELECT adminuser.*,grouplist.group_name FROM `adminuser` INNER JOIN grouplist on adminuser.groupid = grouplist.id  WHERE ( adminuser.id=1 ) LIMIT 1   [ RunTime:0.0010s ]
INFO: [ view_parse ] --START--
INFO: [ template_filter ] --START--
INFO: Run Behavior\ContentReplaceBehavior [ RunTime:0.000000s ]
INFO: [ template_filter ] --END-- [ RunTime:0.000000s ]
NOTIC: [8] Undefined index: error D:\XAMPP\htdocs\ThinkPhp\web\Runtime\Cache\Admin\7025b44a7596185f4a54002eca98357c.php 第 397 行.
INFO: Run Behavior\ParseTemplateBehavior [ RunTime:0.019001s ]
INFO: [ view_parse ] --END-- [ RunTime:0.019001s ]
INFO: [ view_filter ] --START--
INFO: Run Behavior\WriteHtmlCacheBehavior [ RunTime:0.001000s ]
INFO: [ view_filter ] --END-- [ RunTime:0.001000s ]
INFO: [ app_end ] --START--
INFO: Run Behavior\ShowPageTraceBehavior [ RunTime:0.002000s ]
INFO: [ app_end ] --END-- [ RunTime:0.002000s ]

[ 2017-11-23T13:19:34+08:00 ] ::1 /ThinkPhp/index.php/Admin/adminuser/add
INFO: [ app_init ] --START--
INFO: Run Behavior\BuildLiteBehavior [ RunTime:0.000000s ]
INFO: [ app_init ] --END-- [ RunTime:0.001000s ]
INFO: [ app_begin ] --START--
INFO: Run Behavior\ReadHtmlCacheBehavior [ RunTime:0.002000s ]
INFO: [ app_begin ] --END-- [ RunTime:0.002000s ]
INFO: [ view_parse ] --START--
INFO: [ template_filter ] --START--
INFO: Run Behavior\ContentReplaceBehavior [ RunTime:0.000000s ]
INFO: [ template_filter ] --END-- [ RunTime:0.000000s ]
NOTIC: [8] Undefined index: success D:\XAMPP\htdocs\ThinkPhp\web\Runtime\Cache\Admin\afa00afacbc3660f8115f76b9896e115.php 第 384 行.
NOTIC: [8] Undefined index: error D:\XAMPP\htdocs\ThinkPhp\web\Runtime\Cache\Admin\afa00afacbc3660f8115f76b9896e115.php 第 391 行.
INFO: Run Behavior\ParseTemplateBehavior [ RunTime:0.015001s ]
INFO: [ view_parse ] --END-- [ RunTime:0.015001s ]
INFO: [ view_filter ] --START--
INFO: Run Behavior\WriteHtmlCacheBehavior [ RunTime:0.001000s ]
INFO: [ view_filter ] --END-- [ RunTime:0.001000s ]
INFO: [ app_end ] --START--
INFO: Run Behavior\ShowPageTraceBehavior [ RunTime:0.002000s ]
INFO: [ app_end ] --END-- [ RunTime:0.002000s ]

[ 2017-11-23T13:19:35+08:00 ] ::1 /ThinkPhp/index.php/Admin/adminuser/index
INFO: [ app_init ] --START--
INFO: Run Behavior\BuildLiteBehavior [ RunTime:0.000000s ]
INFO: [ app_init ] --END-- [ RunTime:0.001000s ]
INFO: [ app_begin ] --START--
INFO: Run Behavior\ReadHtmlCacheBehavior [ RunTime:0.001000s ]
INFO: [ app_begin ] --END-- [ RunTime:0.001000s ]
SQL: SELECT COUNT(*) AS tp_count FROM `adminuser` LIMIT 1   [ RunTime:0.0010s ]
SQL: SELECT adminuser.*,grouplist.group_name FROM `adminuser` INNER JOIN grouplist on adminuser.groupid=grouplist.id  LIMIT 0,2   [ RunTime:0.0010s ]
INFO: [ view_parse ] --START--
INFO: [ template_filter ] --START--
INFO: Run Behavior\ContentReplaceBehavior [ RunTime:0.000000s ]
INFO: [ template_filter ] --END-- [ RunTime:0.000000s ]
NOTIC: [8] Undefined index: success D:\XAMPP\htdocs\ThinkPhp\web\Runtime\Cache\Admin\639c2c37365de442ea0066d93080fb36.php 第 384 行.
NOTIC: [8] Undefined index: error D:\XAMPP\htdocs\ThinkPhp\web\Runtime\Cache\Admin\639c2c37365de442ea0066d93080fb36.php 第 391 行.
NOTIC: [8] Undefined index: size D:\XAMPP\htdocs\ThinkPhp\web\Runtime\Cache\Admin\639c2c37365de442ea0066d93080fb36.php 第 413 行.
NOTIC: [8] Undefined index: size D:\XAMPP\htdocs\ThinkPhp\web\Runtime\Cache\Admin\639c2c37365de442ea0066d93080fb36.php 第 414 行.
NOTIC: [8] Undefined index: size D:\XAMPP\htdocs\ThinkPhp\web\Runtime\Cache\Admin\639c2c37365de442ea0066d93080fb36.php 第 415 行.
NOTIC: [8] Undefined index: size D:\XAMPP\htdocs\ThinkPhp\web\Runtime\Cache\Admin\639c2c37365de442ea0066d93080fb36.php 第 416 行.
NOTIC: [8] Undefined index: email D:\XAMPP\htdocs\ThinkPhp\web\Runtime\Cache\Admin\639c2c37365de442ea0066d93080fb36.php 第 422 行.
SQL: SHOW COLUMNS FROM `grouplist` [ RunTime:0.0030s ]
SQL: SELECT * FROM `grouplist` WHERE `id` = 1 LIMIT 1   [ RunTime:0.0000s ]
SQL: SELECT * FROM `grouplist` WHERE `id` = 2 LIMIT 1   [ RunTime:0.0000s ]
INFO: Run Behavior\ParseTemplateBehavior [ RunTime:0.021002s ]
INFO: [ view_parse ] --END-- [ RunTime:0.021002s ]
INFO: [ view_filter ] --START--
INFO: Run Behavior\WriteHtmlCacheBehavior [ RunTime:0.002000s ]
INFO: [ view_filter ] --END-- [ RunTime:0.002000s ]
INFO: [ app_end ] --START--
INFO: Run Behavior\ShowPageTraceBehavior [ RunTime:0.002000s ]
INFO: [ app_end ] --END-- [ RunTime:0.002000s ]

[ 2017-11-23T13:19:45+08:00 ] ::1 /ThinkPhp/index.php/Admin/login/outlogin
INFO: [ app_init ] --START--
INFO: Run Behavior\BuildLiteBehavior [ RunTime:0.000000s ]
INFO: [ app_init ] --END-- [ RunTime:0.001000s ]
INFO: [ app_begin ] --START--
INFO: Run Behavior\ReadHtmlCacheBehavior [ RunTime:0.002000s ]
INFO: [ app_begin ] --END-- [ RunTime:0.002000s ]

[ 2017-11-23T13:19:45+08:00 ] ::1 /ThinkPhp/index.php/admin/index/index.html
INFO: [ app_init ] --START--
INFO: Run Behavior\BuildLiteBehavior [ RunTime:0.000000s ]
INFO: [ app_init ] --END-- [ RunTime:0.001000s ]
INFO: [ app_begin ] --START--
INFO: Run Behavior\ReadHtmlCacheBehavior [ RunTime:0.001000s ]
INFO: [ app_begin ] --END-- [ RunTime:0.001000s ]
NOTIC: [8] Undefined index: adminuser D:\XAMPP\htdocs\ThinkPhp\web\Admin\Controller\CommonController.class.php 第 8 行.

[ 2017-11-23T13:19:45+08:00 ] ::1 /ThinkPhp/index.php/admin/login/login.html
INFO: [ app_init ] --START--
INFO: Run Behavior\BuildLiteBehavior [ RunTime:0.000000s ]
INFO: [ app_init ] --END-- [ RunTime:0.001000s ]
INFO: [ app_begin ] --START--
INFO: Run Behavior\ReadHtmlCacheBehavior [ RunTime:0.001000s ]
INFO: [ app_begin ] --END-- [ RunTime:0.001000s ]
INFO: [ view_parse ] --START--
INFO: [ template_filter ] --START--
INFO: Run Behavior\ContentReplaceBehavior [ RunTime:0.000000s ]
INFO: [ template_filter ] --END-- [ RunTime:0.000000s ]
NOTIC: [8] Undefined variable: flag D:\XAMPP\htdocs\ThinkPhp\web\Runtime\Cache\Admin\093c6d77fa295b053e512c27b6f901d1.php 第 52 行.
INFO: Run Behavior\ParseTemplateBehavior [ RunTime:0.012001s ]
INFO: [ view_parse ] --END-- [ RunTime:0.012001s ]
INFO: [ view_filter ] --START--
INFO: Run Behavior\WriteHtmlCacheBehavior [ RunTime:0.001000s ]
INFO: [ view_filter ] --END-- [ RunTime:0.001000s ]
INFO: [ app_end ] --START--
INFO: Run Behavior\ShowPageTraceBehavior [ RunTime:0.001000s ]
INFO: [ app_end ] --END-- [ RunTime:0.001000s ]

[ 2017-11-23T13:19:54+08:00 ] ::1 /ThinkPhp/index.php/Admin/Login/checklogin
INFO: [ app_init ] --START--
INFO: Run Behavior\BuildLiteBehavior [ RunTime:0.000000s ]
INFO: [ app_init ] --END-- [ RunTime:0.002001s ]
INFO: [ app_begin ] --START--
INFO: Run Behavior\ReadHtmlCacheBehavior [ RunTime:0.003000s ]
INFO: [ app_begin ] --END-- [ RunTime:0.003000s ]
SQL: SHOW COLUMNS FROM `adminuser` [ RunTime:0.0030s ]
SQL: SELECT * FROM `adminuser` WHERE ( email = "17600561005@163.com" ) LIMIT 1   [ RunTime:0.0020s ]
SQL: UPDATE `adminuser` SET `last_login`='1511414394',`ip`='::1' WHERE `id` = 72 [ RunTime:0.0500s ]

[ 2017-11-23T13:19:54+08:00 ] ::1 /ThinkPhp/index.php/admin/index/index.html
INFO: [ app_init ] --START--
INFO: Run Behavior\BuildLiteBehavior [ RunTime:0.000000s ]
INFO: [ app_init ] --END-- [ RunTime:0.001000s ]
INFO: [ app_begin ] --START--
INFO: Run Behavior\ReadHtmlCacheBehavior [ RunTime:0.001000s ]
INFO: [ app_begin ] --END-- [ RunTime:0.001000s ]
SQL: SHOW COLUMNS FROM `adminuser` [ RunTime:0.0050s ]
SQL: SELECT adminuser.*,grouplist.group_name FROM `adminuser` INNER JOIN grouplist on adminuser.groupid = grouplist.id  WHERE ( adminuser.id=72 ) LIMIT 1   [ RunTime:0.0010s ]
INFO: [ view_parse ] --START--
INFO: [ template_filter ] --START--
INFO: Run Behavior\ContentReplaceBehavior [ RunTime:0.000000s ]
INFO: [ template_filter ] --END-- [ RunTime:0.000000s ]
NOTIC: [8] Undefined index: success D:\XAMPP\htdocs\ThinkPhp\web\Runtime\Cache\Admin\7025b44a7596185f4a54002eca98357c.php 第 390 行.
NOTIC: [8] Undefined index: error D:\XAMPP\htdocs\ThinkPhp\web\Runtime\Cache\Admin\7025b44a7596185f4a54002eca98357c.php 第 397 行.
INFO: Run Behavior\ParseTemplateBehavior [ RunTime:0.018001s ]
INFO: [ view_parse ] --END-- [ RunTime:0.018001s ]
INFO: [ view_filter ] --START--
INFO: Run Behavior\WriteHtmlCacheBehavior [ RunTime:0.001000s ]
INFO: [ view_filter ] --END-- [ RunTime:0.001000s ]
INFO: [ app_end ] --START--
INFO: Run Behavior\ShowPageTraceBehavior [ RunTime:0.005000s ]
INFO: [ app_end ] --END-- [ RunTime:0.006000s ]

[ 2017-11-23T13:20:31+08:00 ] ::1 /ThinkPhp/index.php/Admin/Index/update
INFO: [ app_init ] --START--
INFO: Run Behavior\BuildLiteBehavior [ RunTime:0.000000s ]
INFO: [ app_init ] --END-- [ RunTime:0.001000s ]
INFO: [ app_begin ] --START--
INFO: Run Behavior\ReadHtmlCacheBehavior [ RunTime:0.001001s ]
INFO: [ app_begin ] --END-- [ RunTime:0.001001s ]
NOTIC: [2] call_user_func() expects parameter 1 to be a valid callback, no array or string given D:\XAMPP\htdocs\ThinkPhp\ThinkPHP\Library\Think\Upload.class.php 第 170 行.
SQL: SHOW COLUMNS FROM `adminuser` [ RunTime:0.0040s ]
SQL: UPDATE `adminuser` SET `pic`='./Public/Uploads/5a165a9f65684.jpg',`name`='崔永智' WHERE `id` = 72 [ RunTime:0.0200s ]

[ 2017-11-23T13:20:31+08:00 ] ::1 /ThinkPhp/index.php/admin/index/index.html
INFO: [ app_init ] --START--
INFO: Run Behavior\BuildLiteBehavior [ RunTime:0.000000s ]
INFO: [ app_init ] --END-- [ RunTime:0.001000s ]
INFO: [ app_begin ] --START--
INFO: Run Behavior\ReadHtmlCacheBehavior [ RunTime:0.001000s ]
INFO: [ app_begin ] --END-- [ RunTime:0.001000s ]
SQL: SHOW COLUMNS FROM `adminuser` [ RunTime:0.0060s ]
SQL: SELECT adminuser.*,grouplist.group_name FROM `adminuser` INNER JOIN grouplist on adminuser.groupid = grouplist.id  WHERE ( adminuser.id=72 ) LIMIT 1   [ RunTime:0.0010s ]
INFO: [ view_parse ] --START--
INFO: [ template_filter ] --START--
INFO: Run Behavior\ContentReplaceBehavior [ RunTime:0.000000s ]
INFO: [ template_filter ] --END-- [ RunTime:0.000000s ]
NOTIC: [8] Undefined index: error D:\XAMPP\htdocs\ThinkPhp\web\Runtime\Cache\Admin\7025b44a7596185f4a54002eca98357c.php 第 397 行.
INFO: Run Behavior\ParseTemplateBehavior [ RunTime:0.016001s ]
INFO: [ view_parse ] --END-- [ RunTime:0.016001s ]
INFO: [ view_filter ] --START--
INFO: Run Behavior\WriteHtmlCacheBehavior [ RunTime:0.001000s ]
INFO: [ view_filter ] --END-- [ RunTime:0.001000s ]
INFO: [ app_end ] --START--
INFO: Run Behavior\ShowPageTraceBehavior [ RunTime:0.001000s ]
INFO: [ app_end ] --END-- [ RunTime:0.001000s ]

[ 2017-11-23T13:20:55+08:00 ] ::1 /ThinkPhp/index.php/Admin/Login/checklogin
INFO: [ app_init ] --START--
INFO: Run Behavior\BuildLiteBehavior [ RunTime:0.000000s ]
INFO: [ app_init ] --END-- [ RunTime:0.001000s ]
INFO: [ app_begin ] --START--
INFO: Run Behavior\ReadHtmlCacheBehavior [ RunTime:0.004000s ]
INFO: [ app_begin ] --END-- [ RunTime:0.004000s ]
SQL: SHOW COLUMNS FROM `adminuser` [ RunTime:0.0070s ]
SQL: SELECT * FROM `adminuser` WHERE ( email = "913822325@qq.com" ) LIMIT 1   [ RunTime:0.0010s ]
SQL: UPDATE `adminuser` SET `last_login`='1511414455',`ip`='::1' WHERE `id` = 1 [ RunTime:0.0250s ]

[ 2017-11-23T13:20:55+08:00 ] ::1 /ThinkPhp/index.php/admin/index/index.html
INFO: [ app_init ] --START--
INFO: Run Behavior\BuildLiteBehavior [ RunTime:0.000000s ]
INFO: [ app_init ] --END-- [ RunTime:0.000000s ]
INFO: [ app_begin ] --START--
INFO: Run Behavior\ReadHtmlCacheBehavior [ RunTime:0.002000s ]
INFO: [ app_begin ] --END-- [ RunTime:0.002000s ]
SQL: SHOW COLUMNS FROM `adminuser` [ RunTime:0.0030s ]
SQL: SELECT adminuser.*,grouplist.group_name FROM `adminuser` INNER JOIN grouplist on adminuser.groupid = grouplist.id  WHERE ( adminuser.id=1 ) LIMIT 1   [ RunTime:0.0000s ]
INFO: [ view_parse ] --START--
INFO: [ template_filter ] --START--
INFO: Run Behavior\ContentReplaceBehavior [ RunTime:0.001000s ]
INFO: [ template_filter ] --END-- [ RunTime:0.001000s ]
NOTIC: [8] Undefined index: success D:\XAMPP\htdocs\ThinkPhp\web\Runtime\Cache\Admin\7025b44a7596185f4a54002eca98357c.php 第 390 行.
NOTIC: [8] Undefined index: error D:\XAMPP\htdocs\ThinkPhp\web\Runtime\Cache\Admin\7025b44a7596185f4a54002eca98357c.php 第 397 行.
INFO: Run Behavior\ParseTemplateBehavior [ RunTime:0.017001s ]
INFO: [ view_parse ] --END-- [ RunTime:0.017001s ]
INFO: [ view_filter ] --START--
INFO: Run Behavior\WriteHtmlCacheBehavior [ RunTime:0.002000s ]
INFO: [ view_filter ] --END-- [ RunTime:0.002000s ]
INFO: [ app_end ] --START--
INFO: Run Behavior\ShowPageTraceBehavior [ RunTime:0.001000s ]
INFO: [ app_end ] --END-- [ RunTime:0.002000s ]

[ 2017-11-23T13:20:57+08:00 ] ::1 /ThinkPhp/index.php/Admin/adminuser/index
INFO: [ app_init ] --START--
INFO: Run Behavior\BuildLiteBehavior [ RunTime:0.000000s ]
INFO: [ app_init ] --END-- [ RunTime:0.001000s ]
INFO: [ app_begin ] --START--
INFO: Run Behavior\ReadHtmlCacheBehavior [ RunTime:0.001000s ]
INFO: [ app_begin ] --END-- [ RunTime:0.002000s ]
SQL: SELECT COUNT(*) AS tp_count FROM `adminuser` LIMIT 1   [ RunTime:0.0010s ]
SQL: SELECT adminuser.*,grouplist.group_name FROM `adminuser` INNER JOIN grouplist on adminuser.groupid=grouplist.id  LIMIT 0,2   [ RunTime:0.0010s ]
INFO: [ view_parse ] --START--
INFO: [ template_filter ] --START--
INFO: Run Behavior\ContentReplaceBehavior [ RunTime:0.000000s ]
INFO: [ template_filter ] --END-- [ RunTime:0.001001s ]
NOTIC: [8] Undefined index: success D:\XAMPP\htdocs\ThinkPhp\web\Runtime\Cache\Admin\639c2c37365de442ea0066d93080fb36.php 第 384 行.
NOTIC: [8] Undefined index: error D:\XAMPP\htdocs\ThinkPhp\web\Runtime\Cache\Admin\639c2c37365de442ea0066d93080fb36.php 第 391 行.
NOTIC: [8] Undefined index: size D:\XAMPP\htdocs\ThinkPhp\web\Runtime\Cache\Admin\639c2c37365de442ea0066d93080fb36.php 第 413 行.
NOTIC: [8] Undefined index: size D:\XAMPP\htdocs\ThinkPhp\web\Runtime\Cache\Admin\639c2c37365de442ea0066d93080fb36.php 第 414 行.
NOTIC: [8] Undefined index: size D:\XAMPP\htdocs\ThinkPhp\web\Runtime\Cache\Admin\639c2c37365de442ea0066d93080fb36.php 第 415 行.
NOTIC: [8] Undefined index: size D:\XAMPP\htdocs\ThinkPhp\web\Runtime\Cache\Admin\639c2c37365de442ea0066d93080fb36.php 第 416 行.
NOTIC: [8] Undefined index: email D:\XAMPP\htdocs\ThinkPhp\web\Runtime\Cache\Admin\639c2c37365de442ea0066d93080fb36.php 第 422 行.
SQL: SHOW COLUMNS FROM `grouplist` [ RunTime:0.0030s ]
SQL: SELECT * FROM `grouplist` WHERE `id` = 1 LIMIT 1   [ RunTime:0.0000s ]
SQL: SELECT * FROM `grouplist` WHERE `id` = 2 LIMIT 1   [ RunTime:0.0000s ]
INFO: Run Behavior\ParseTemplateBehavior [ RunTime:0.020001s ]
INFO: [ view_parse ] --END-- [ RunTime:0.021001s ]
INFO: [ view_filter ] --START--
INFO: Run Behavior\WriteHtmlCacheBehavior [ RunTime:0.000000s ]
INFO: [ view_filter ] --END-- [ RunTime:0.001000s ]
INFO: [ app_end ] --START--
INFO: Run Behavior\ShowPageTraceBehavior [ RunTime:0.001000s ]
INFO: [ app_end ] --END-- [ RunTime:0.001000s ]

[ 2017-11-23T13:20:59+08:00 ] ::1 /ThinkPhp/index.php/Admin/Adminuser/index/p/2.html
INFO: [ app_init ] --START--
INFO: Run Behavior\BuildLiteBehavior [ RunTime:0.000000s ]
INFO: [ app_init ] --END-- [ RunTime:0.001000s ]
INFO: [ app_begin ] --START--
INFO: Run Behavior\ReadHtmlCacheBehavior [ RunTime:0.001001s ]
INFO: [ app_begin ] --END-- [ RunTime:0.001001s ]
SQL: SELECT COUNT(*) AS tp_count FROM `adminuser` LIMIT 1   [ RunTime:0.0000s ]
SQL: SELECT adminuser.*,grouplist.group_name FROM `adminuser` INNER JOIN grouplist on adminuser.groupid=grouplist.id  LIMIT 2,2   [ RunTime:0.0010s ]
INFO: [ view_parse ] --START--
INFO: [ template_filter ] --START--
INFO: Run Behavior\ContentReplaceBehavior [ RunTime:0.000000s ]
INFO: [ template_filter ] --END-- [ RunTime:0.000000s ]
NOTIC: [8] Undefined index: success D:\XAMPP\htdocs\ThinkPhp\web\Runtime\Cache\Admin\639c2c37365de442ea0066d93080fb36.php 第 384 行.
NOTIC: [8] Undefined index: error D:\XAMPP\htdocs\ThinkPhp\web\Runtime\Cache\Admin\639c2c37365de442ea0066d93080fb36.php 第 391 行.
NOTIC: [8] Undefined index: size D:\XAMPP\htdocs\ThinkPhp\web\Runtime\Cache\Admin\639c2c37365de442ea0066d93080fb36.php 第 413 行.
NOTIC: [8] Undefined index: size D:\XAMPP\htdocs\ThinkPhp\web\Runtime\Cache\Admin\639c2c37365de442ea0066d93080fb36.php 第 414 行.
NOTIC: [8] Undefined index: size D:\XAMPP\htdocs\ThinkPhp\web\Runtime\Cache\Admin\639c2c37365de442ea0066d93080fb36.php 第 415 行.
NOTIC: [8] Undefined index: size D:\XAMPP\htdocs\ThinkPhp\web\Runtime\Cache\Admin\639c2c37365de442ea0066d93080fb36.php 第 416 行.
NOTIC: [8] Undefined index: email D:\XAMPP\htdocs\ThinkPhp\web\Runtime\Cache\Admin\639c2c37365de442ea0066d93080fb36.php 第 422 行.
SQL: SHOW COLUMNS FROM `grouplist` [ RunTime:0.0090s ]
SQL: SELECT * FROM `grouplist` WHERE `id` = 3 LIMIT 1   [ RunTime:0.0010s ]
INFO: Run Behavior\ParseTemplateBehavior [ RunTime:0.033002s ]
INFO: [ view_parse ] --END-- [ RunTime:0.033002s ]
INFO: [ view_filter ] --START--
INFO: Run Behavior\WriteHtmlCacheBehavior [ RunTime:0.000000s ]
INFO: [ view_filter ] --END-- [ RunTime:0.001000s ]
INFO: [ app_end ] --START--
INFO: Run Behavior\ShowPageTraceBehavior [ RunTime:0.001000s ]
INFO: [ app_end ] --END-- [ RunTime:0.001000s ]

[ 2017-11-23T13:21:01+08:00 ] ::1 /ThinkPhp/index.php/Admin/Adminuser/del/id/75
INFO: [ app_init ] --START--
INFO: Run Behavior\BuildLiteBehavior [ RunTime:0.000000s ]
INFO: [ app_init ] --END-- [ RunTime:0.001000s ]
INFO: [ app_begin ] --START--
INFO: Run Behavior\ReadHtmlCacheBehavior [ RunTime:0.001000s ]
INFO: [ app_begin ] --END-- [ RunTime:0.001000s ]
SQL: DELETE FROM `adminuser` WHERE `id` = '75' [ RunTime:0.0590s ]

[ 2017-11-23T13:21:02+08:00 ] ::1 /ThinkPhp/index.php/admin/adminuser/index.html
INFO: [ app_init ] --START--
INFO: Run Behavior\BuildLiteBehavior [ RunTime:0.000000s ]
INFO: [ app_init ] --END-- [ RunTime:0.001000s ]
INFO: [ app_begin ] --START--
INFO: Run Behavior\ReadHtmlCacheBehavior [ RunTime:0.001000s ]
INFO: [ app_begin ] --END-- [ RunTime:0.001000s ]
SQL: SELECT COUNT(*) AS tp_count FROM `adminuser` LIMIT 1   [ RunTime:0.0120s ]
SQL: SELECT adminuser.*,grouplist.group_name FROM `adminuser` INNER JOIN grouplist on adminuser.groupid=grouplist.id  LIMIT 0,2   [ RunTime:0.0040s ]
INFO: [ view_parse ] --START--
INFO: [ template_filter ] --START--
INFO: Run Behavior\ContentReplaceBehavior [ RunTime:0.000000s ]
INFO: [ template_filter ] --END-- [ RunTime:0.000000s ]
NOTIC: [8] Undefined index: error D:\XAMPP\htdocs\ThinkPhp\web\Runtime\Cache\Admin\639c2c37365de442ea0066d93080fb36.php 第 391 行.
NOTIC: [8] Undefined index: size D:\XAMPP\htdocs\ThinkPhp\web\Runtime\Cache\Admin\639c2c37365de442ea0066d93080fb36.php 第 413 行.
NOTIC: [8] Undefined index: size D:\XAMPP\htdocs\ThinkPhp\web\Runtime\Cache\Admin\639c2c37365de442ea0066d93080fb36.php 第 414 行.
NOTIC: [8] Undefined index: size D:\XAMPP\htdocs\ThinkPhp\web\Runtime\Cache\Admin\639c2c37365de442ea0066d93080fb36.php 第 415 行.
NOTIC: [8] Undefined index: size D:\XAMPP\htdocs\ThinkPhp\web\Runtime\Cache\Admin\639c2c37365de442ea0066d93080fb36.php 第 416 行.
NOTIC: [8] Undefined index: email D:\XAMPP\htdocs\ThinkPhp\web\Runtime\Cache\Admin\639c2c37365de442ea0066d93080fb36.php 第 422 行.
SQL: SHOW COLUMNS FROM `grouplist` [ RunTime:0.0100s ]
SQL: SELECT * FROM `grouplist` WHERE `id` = 1 LIMIT 1   [ RunTime:0.0030s ]
SQL: SELECT * FROM `grouplist` WHERE `id` = 2 LIMIT 1   [ RunTime:0.0010s ]
INFO: Run Behavior\ParseTemplateBehavior [ RunTime:0.033002s ]
INFO: [ view_parse ] --END-- [ RunTime:0.033002s ]
INFO: [ view_filter ] --START--
INFO: Run Behavior\WriteHtmlCacheBehavior [ RunTime:0.001000s ]
INFO: [ view_filter ] --END-- [ RunTime:0.001000s ]
INFO: [ app_end ] --START--
INFO: Run Behavior\ShowPageTraceBehavior [ RunTime:0.001000s ]
INFO: [ app_end ] --END-- [ RunTime:0.001000s ]

[ 2017-11-23T13:21:13+08:00 ] ::1 /ThinkPhp/index.php/Admin/Adminuser/index?size=2&email=
INFO: [ app_init ] --START--
INFO: Run Behavior\BuildLiteBehavior [ RunTime:0.000000s ]
INFO: [ app_init ] --END-- [ RunTime:0.001000s ]
INFO: [ app_begin ] --START--
INFO: Run Behavior\ReadHtmlCacheBehavior [ RunTime:0.002000s ]
INFO: [ app_begin ] --END-- [ RunTime:0.002000s ]
SQL: SELECT COUNT(*) AS tp_count FROM `adminuser` WHERE ( email like "%%" ) LIMIT 1   [ RunTime:0.0190s ]
SQL: SELECT adminuser.*,grouplist.group_name FROM `adminuser` INNER JOIN grouplist on adminuser.groupid=grouplist.id  WHERE ( email like "%%" ) LIMIT 0,2   [ RunTime:0.0000s ]
INFO: [ view_parse ] --START--
INFO: [ template_filter ] --START--
INFO: Run Behavior\ContentReplaceBehavior [ RunTime:0.000000s ]
INFO: [ template_filter ] --END-- [ RunTime:0.000000s ]
NOTIC: [8] Undefined index: success D:\XAMPP\htdocs\ThinkPhp\web\Runtime\Cache\Admin\639c2c37365de442ea0066d93080fb36.php 第 384 行.
NOTIC: [8] Undefined index: error D:\XAMPP\htdocs\ThinkPhp\web\Runtime\Cache\Admin\639c2c37365de442ea0066d93080fb36.php 第 391 行.
SQL: SHOW COLUMNS FROM `grouplist` [ RunTime:0.0120s ]
SQL: SELECT * FROM `grouplist` WHERE `id` = 1 LIMIT 1   [ RunTime:0.0000s ]
SQL: SELECT * FROM `grouplist` WHERE `id` = 2 LIMIT 1   [ RunTime:0.0000s ]
INFO: Run Behavior\ParseTemplateBehavior [ RunTime:0.038002s ]
INFO: [ view_parse ] --END-- [ RunTime:0.038002s ]
INFO: [ view_filter ] --START--
INFO: Run Behavior\WriteHtmlCacheBehavior [ RunTime:0.001000s ]
INFO: [ view_filter ] --END-- [ RunTime:0.001000s ]
INFO: [ app_end ] --START--
INFO: Run Behavior\ShowPageTraceBehavior [ RunTime:0.001000s ]
INFO: [ app_end ] --END-- [ RunTime:0.001000s ]

[ 2017-11-23T13:21:15+08:00 ] ::1 /ThinkPhp/index.php/Admin/Adminuser/index?size=2&email=2
INFO: [ app_init ] --START--
INFO: Run Behavior\BuildLiteBehavior [ RunTime:0.000000s ]
INFO: [ app_init ] --END-- [ RunTime:0.001000s ]
INFO: [ app_begin ] --START--
INFO: Run Behavior\ReadHtmlCacheBehavior [ RunTime:0.001001s ]
INFO: [ app_begin ] --END-- [ RunTime:0.001001s ]
SQL: SELECT COUNT(*) AS tp_count FROM `adminuser` WHERE ( email like "%2%" ) LIMIT 1   [ RunTime:0.0000s ]
SQL: SELECT adminuser.*,grouplist.group_name FROM `adminuser` INNER JOIN grouplist on adminuser.groupid=grouplist.id  WHERE ( email like "%2%" ) LIMIT 0,2   [ RunTime:0.0010s ]
INFO: [ view_parse ] --START--
INFO: [ template_filter ] --START--
INFO: Run Behavior\ContentReplaceBehavior [ RunTime:0.000000s ]
INFO: [ template_filter ] --END-- [ RunTime:0.000000s ]
NOTIC: [8] Undefined index: success D:\XAMPP\htdocs\ThinkPhp\web\Runtime\Cache\Admin\639c2c37365de442ea0066d93080fb36.php 第 384 行.
NOTIC: [8] Undefined index: error D:\XAMPP\htdocs\ThinkPhp\web\Runtime\Cache\Admin\639c2c37365de442ea0066d93080fb36.php 第 391 行.
SQL: SHOW COLUMNS FROM `grouplist` [ RunTime:0.0050s ]
SQL: SELECT * FROM `grouplist` WHERE `id` = 1 LIMIT 1   [ RunTime:0.0010s ]
INFO: Run Behavior\ParseTemplateBehavior [ RunTime:0.019001s ]
INFO: [ view_parse ] --END-- [ RunTime:0.019001s ]
INFO: [ view_filter ] --START--
INFO: Run Behavior\WriteHtmlCacheBehavior [ RunTime:0.001000s ]
INFO: [ view_filter ] --END-- [ RunTime:0.001000s ]
INFO: [ app_end ] --START--
INFO: Run Behavior\ShowPageTraceBehavior [ RunTime:0.002000s ]
INFO: [ app_end ] --END-- [ RunTime:0.002000s ]

[ 2017-11-23T13:21:18+08:00 ] ::1 /ThinkPhp/index.php/Admin/Adminuser/index?size=2&email=7
INFO: [ app_init ] --START--
INFO: Run Behavior\BuildLiteBehavior [ RunTime:0.000000s ]
INFO: [ app_init ] --END-- [ RunTime:0.001000s ]
INFO: [ app_begin ] --START--
INFO: Run Behavior\ReadHtmlCacheBehavior [ RunTime:0.001000s ]
INFO: [ app_begin ] --END-- [ RunTime:0.001000s ]
SQL: SELECT COUNT(*) AS tp_count FROM `adminuser` WHERE ( email like "%7%" ) LIMIT 1   [ RunTime:0.0010s ]
SQL: SELECT adminuser.*,grouplist.group_name FROM `adminuser` INNER JOIN grouplist on adminuser.groupid=grouplist.id  WHERE ( email like "%7%" ) LIMIT 0,2   [ RunTime:0.0010s ]
INFO: [ view_parse ] --START--
INFO: [ template_filter ] --START--
INFO: Run Behavior\ContentReplaceBehavior [ RunTime:0.000000s ]
INFO: [ template_filter ] --END-- [ RunTime:0.001000s ]
NOTIC: [8] Undefined index: success D:\XAMPP\htdocs\ThinkPhp\web\Runtime\Cache\Admin\639c2c37365de442ea0066d93080fb36.php 第 384 行.
NOTIC: [8] Undefined index: error D:\XAMPP\htdocs\ThinkPhp\web\Runtime\Cache\Admin\639c2c37365de442ea0066d93080fb36.php 第 391 行.
SQL: SHOW COLUMNS FROM `grouplist` [ RunTime:0.0030s ]
SQL: SELECT * FROM `grouplist` WHERE `id` = 2 LIMIT 1   [ RunTime:0.0000s ]
INFO: Run Behavior\ParseTemplateBehavior [ RunTime:0.017001s ]
INFO: [ view_parse ] --END-- [ RunTime:0.017001s ]
INFO: [ view_filter ] --START--
INFO: Run Behavior\WriteHtmlCacheBehavior [ RunTime:0.001000s ]
INFO: [ view_filter ] --END-- [ RunTime:0.001000s ]
INFO: [ app_end ] --START--
INFO: Run Behavior\ShowPageTraceBehavior [ RunTime:0.001001s ]
INFO: [ app_end ] --END-- [ RunTime:0.001001s ]

[ 2017-11-23T13:21:25+08:00 ] ::1 /ThinkPhp/index.php/Admin/Adminuser/index?size=2&email=4
INFO: [ app_init ] --START--
INFO: Run Behavior\BuildLiteBehavior [ RunTime:0.000000s ]
INFO: [ app_init ] --END-- [ RunTime:0.001000s ]
INFO: [ app_begin ] --START--
INFO: Run Behavior\ReadHtmlCacheBehavior [ RunTime:0.001000s ]
INFO: [ app_begin ] --END-- [ RunTime:0.001000s ]
SQL: SELECT COUNT(*) AS tp_count FROM `adminuser` WHERE ( email like "%4%" ) LIMIT 1   [ RunTime:0.0000s ]
SQL: SELECT adminuser.*,grouplist.group_name FROM `adminuser` INNER JOIN grouplist on adminuser.groupid=grouplist.id  WHERE ( email like "%4%" ) LIMIT 0,2   [ RunTime:0.0000s ]
INFO: [ view_parse ] --START--
INFO: [ template_filter ] --START--
INFO: Run Behavior\ContentReplaceBehavior [ RunTime:0.001000s ]
INFO: [ template_filter ] --END-- [ RunTime:0.001000s ]
NOTIC: [8] Undefined index: success D:\XAMPP\htdocs\ThinkPhp\web\Runtime\Cache\Admin\639c2c37365de442ea0066d93080fb36.php 第 384 行.
NOTIC: [8] Undefined index: error D:\XAMPP\htdocs\ThinkPhp\web\Runtime\Cache\Admin\639c2c37365de442ea0066d93080fb36.php 第 391 行.
INFO: Run Behavior\ParseTemplateBehavior [ RunTime:0.014000s ]
INFO: [ view_parse ] --END-- [ RunTime:0.014000s ]
INFO: [ view_filter ] --START--
INFO: Run Behavior\WriteHtmlCacheBehavior [ RunTime:0.000000s ]
INFO: [ view_filter ] --END-- [ RunTime:0.000000s ]
INFO: [ app_end ] --START--
INFO: Run Behavior\ShowPageTraceBehavior [ RunTime:0.001000s ]
INFO: [ app_end ] --END-- [ RunTime:0.001000s ]

[ 2017-11-23T13:21:28+08:00 ] ::1 /ThinkPhp/index.php/Admin/Adminuser/index?size=2&email=
INFO: [ app_init ] --START--
INFO: Run Behavior\BuildLiteBehavior [ RunTime:0.000000s ]
INFO: [ app_init ] --END-- [ RunTime:0.001000s ]
INFO: [ app_begin ] --START--
INFO: Run Behavior\ReadHtmlCacheBehavior [ RunTime:0.001001s ]
INFO: [ app_begin ] --END-- [ RunTime:0.001001s ]
SQL: SELECT COUNT(*) AS tp_count FROM `adminuser` WHERE ( email like "%%" ) LIMIT 1   [ RunTime:0.0010s ]
SQL: SELECT adminuser.*,grouplist.group_name FROM `adminuser` INNER JOIN grouplist on adminuser.groupid=grouplist.id  WHERE ( email like "%%" ) LIMIT 0,2   [ RunTime:0.0010s ]
INFO: [ view_parse ] --START--
INFO: [ template_filter ] --START--
INFO: Run Behavior\ContentReplaceBehavior [ RunTime:0.000000s ]
INFO: [ template_filter ] --END-- [ RunTime:0.000000s ]
NOTIC: [8] Undefined index: success D:\XAMPP\htdocs\ThinkPhp\web\Runtime\Cache\Admin\639c2c37365de442ea0066d93080fb36.php 第 384 行.
NOTIC: [8] Undefined index: error D:\XAMPP\htdocs\ThinkPhp\web\Runtime\Cache\Admin\639c2c37365de442ea0066d93080fb36.php 第 391 行.
SQL: SHOW COLUMNS FROM `grouplist` [ RunTime:0.0030s ]
SQL: SELECT * FROM `grouplist` WHERE `id` = 1 LIMIT 1   [ RunTime:0.0000s ]
SQL: SELECT * FROM `grouplist` WHERE `id` = 2 LIMIT 1   [ RunTime:0.0000s ]
INFO: Run Behavior\ParseTemplateBehavior [ RunTime:0.019001s ]
INFO: [ view_parse ] --END-- [ RunTime:0.019001s ]
INFO: [ view_filter ] --START--
INFO: Run Behavior\WriteHtmlCacheBehavior [ RunTime:0.000000s ]
INFO: [ view_filter ] --END-- [ RunTime:0.000000s ]
INFO: [ app_end ] --START--
INFO: Run Behavior\ShowPageTraceBehavior [ RunTime:0.001000s ]
INFO: [ app_end ] --END-- [ RunTime:0.001000s ]

[ 2017-11-23T13:21:40+08:00 ] ::1 /ThinkPhp/index.php/Admin/index/index
INFO: [ app_init ] --START--
INFO: Run Behavior\BuildLiteBehavior [ RunTime:0.000000s ]
INFO: [ app_init ] --END-- [ RunTime:0.001000s ]
INFO: [ app_begin ] --START--
INFO: Run Behavior\ReadHtmlCacheBehavior [ RunTime:0.000000s ]
INFO: [ app_begin ] --END-- [ RunTime:0.000000s ]
SQL: SHOW COLUMNS FROM `adminuser` [ RunTime:0.0040s ]
SQL: SELECT adminuser.*,grouplist.group_name FROM `adminuser` INNER JOIN grouplist on adminuser.groupid = grouplist.id  WHERE ( adminuser.id=1 ) LIMIT 1   [ RunTime:0.0000s ]
INFO: [ view_parse ] --START--
INFO: [ template_filter ] --START--
INFO: Run Behavior\ContentReplaceBehavior [ RunTime:0.000000s ]
INFO: [ template_filter ] --END-- [ RunTime:0.000000s ]
NOTIC: [8] Undefined index: success D:\XAMPP\htdocs\ThinkPhp\web\Runtime\Cache\Admin\7025b44a7596185f4a54002eca98357c.php 第 390 行.
NOTIC: [8] Undefined index: error D:\XAMPP\htdocs\ThinkPhp\web\Runtime\Cache\Admin\7025b44a7596185f4a54002eca98357c.php 第 397 行.
INFO: Run Behavior\ParseTemplateBehavior [ RunTime:0.011001s ]
INFO: [ view_parse ] --END-- [ RunTime:0.011001s ]
INFO: [ view_filter ] --START--
INFO: Run Behavior\WriteHtmlCacheBehavior [ RunTime:0.001000s ]
INFO: [ view_filter ] --END-- [ RunTime:0.001000s ]
INFO: [ app_end ] --START--
INFO: Run Behavior\ShowPageTraceBehavior [ RunTime:0.001000s ]
INFO: [ app_end ] --END-- [ RunTime:0.002000s ]

[ 2017-11-23T13:22:06+08:00 ] ::1 /ThinkPhp/index.php/Admin/Index/update
INFO: [ app_init ] --START--
INFO: Run Behavior\BuildLiteBehavior [ RunTime:0.000000s ]
INFO: [ app_init ] --END-- [ RunTime:0.001000s ]
INFO: [ app_begin ] --START--
INFO: Run Behavior\ReadHtmlCacheBehavior [ RunTime:0.001000s ]
INFO: [ app_begin ] --END-- [ RunTime:0.001000s ]
NOTIC: [2] call_user_func() expects parameter 1 to be a valid callback, no array or string given D:\XAMPP\htdocs\ThinkPhp\ThinkPHP\Library\Think\Upload.class.php 第 170 行.
SQL: SHOW COLUMNS FROM `adminuser` [ RunTime:0.0050s ]
SQL: UPDATE `adminuser` SET `pic`='./Public/Uploads/5a165afe959c9.JPG',`name`='崔永智' WHERE `id` = 1 [ RunTime:0.0190s ]

[ 2017-11-23T13:22:06+08:00 ] ::1 /ThinkPhp/index.php/admin/index/index.html
INFO: [ app_init ] --START--
INFO: Run Behavior\BuildLiteBehavior [ RunTime:0.000000s ]
INFO: [ app_init ] --END-- [ RunTime:0.002000s ]
INFO: [ app_begin ] --START--
INFO: Run Behavior\ReadHtmlCacheBehavior [ RunTime:0.007001s ]
INFO: [ app_begin ] --END-- [ RunTime:0.007001s ]
SQL: SHOW COLUMNS FROM `adminuser` [ RunTime:0.0050s ]
SQL: SELECT adminuser.*,grouplist.group_name FROM `adminuser` INNER JOIN grouplist on adminuser.groupid = grouplist.id  WHERE ( adminuser.id=1 ) LIMIT 1   [ RunTime:0.0010s ]
INFO: [ view_parse ] --START--
INFO: [ template_filter ] --START--
INFO: Run Behavior\ContentReplaceBehavior [ RunTime:0.000000s ]
INFO: [ template_filter ] --END-- [ RunTime:0.001001s ]
NOTIC: [8] Undefined index: error D:\XAMPP\htdocs\ThinkPhp\web\Runtime\Cache\Admin\7025b44a7596185f4a54002eca98357c.php 第 397 行.
INFO: Run Behavior\ParseTemplateBehavior [ RunTime:0.019001s ]
INFO: [ view_parse ] --END-- [ RunTime:0.020001s ]
INFO: [ view_filter ] --START--
INFO: Run Behavior\WriteHtmlCacheBehavior [ RunTime:0.003000s ]
INFO: [ view_filter ] --END-- [ RunTime:0.003000s ]
INFO: [ app_end ] --START--
INFO: Run Behavior\ShowPageTraceBehavior [ RunTime:0.005000s ]
INFO: [ app_end ] --END-- [ RunTime:0.006000s ]

[ 2017-11-23T14:04:22+08:00 ] ::1 /ThinkPhp/index.php/admin/index/index.html
INFO: [ app_init ] --START--
INFO: Run Behavior\BuildLiteBehavior [ RunTime:0.000000s ]
INFO: [ app_init ] --END-- [ RunTime:0.000000s ]
INFO: [ app_begin ] --START--
INFO: Run Behavior\ReadHtmlCacheBehavior [ RunTime:0.001001s ]
INFO: [ app_begin ] --END-- [ RunTime:0.001001s ]
SQL: SHOW COLUMNS FROM `adminuser` [ RunTime:0.0070s ]
SQL: SELECT adminuser.*,grouplist.group_name FROM `adminuser` INNER JOIN grouplist on adminuser.groupid = grouplist.id  WHERE ( adminuser.id=1 ) LIMIT 1   [ RunTime:0.0010s ]
INFO: [ view_parse ] --START--
INFO: [ template_filter ] --START--
INFO: Run Behavior\ContentReplaceBehavior [ RunTime:0.000000s ]
INFO: [ template_filter ] --END-- [ RunTime:0.000000s ]
NOTIC: [8] Undefined index: success D:\XAMPP\htdocs\ThinkPhp\web\Runtime\Cache\Admin\7025b44a7596185f4a54002eca98357c.php 第 390 行.
NOTIC: [8] Undefined index: error D:\XAMPP\htdocs\ThinkPhp\web\Runtime\Cache\Admin\7025b44a7596185f4a54002eca98357c.php 第 397 行.
INFO: Run Behavior\ParseTemplateBehavior [ RunTime:0.017001s ]
INFO: [ view_parse ] --END-- [ RunTime:0.017001s ]
INFO: [ view_filter ] --START--
INFO: Run Behavior\WriteHtmlCacheBehavior [ RunTime:0.000000s ]
INFO: [ view_filter ] --END-- [ RunTime:0.000000s ]
INFO: [ app_end ] --START--
INFO: Run Behavior\ShowPageTraceBehavior [ RunTime:0.001000s ]
INFO: [ app_end ] --END-- [ RunTime:0.001000s ]

