[ 2017-12-06T13:17:04+08:00 ] ::1 /ThinkPhp/index.php/admin
INFO: [ app_init ] --START--
INFO: Run Behavior\BuildLiteBehavior [ RunTime:0.000000s ]
INFO: [ app_init ] --END-- [ RunTime:0.001000s ]
INFO: [ app_begin ] --START--
INFO: Run Behavior\ReadHtmlCacheBehavior [ RunTime:0.001000s ]
INFO: [ app_begin ] --END-- [ RunTime:0.002000s ]
SQL: SHOW COLUMNS FROM `adminuser` [ RunTime:0.0040s ]
SQL: SELECT adminuser.*,grouplist.group_name FROM `adminuser` INNER JOIN grouplist on adminuser.groupid = grouplist.id  WHERE ( adminuser.id=1 ) LIMIT 1   [ RunTime:0.0010s ]
INFO: [ view_parse ] --START--
INFO: [ template_filter ] --START--
INFO: Run Behavior\ContentReplaceBehavior [ RunTime:0.000000s ]
INFO: [ template_filter ] --END-- [ RunTime:0.000000s ]
NOTIC: [8] Undefined index: success D:\XAMPP\htdocs\ThinkPhp\web\Runtime\Cache\Admin\7025b44a7596185f4a54002eca98357c.php 第 424 行.
NOTIC: [8] Undefined index: error D:\XAMPP\htdocs\ThinkPhp\web\Runtime\Cache\Admin\7025b44a7596185f4a54002eca98357c.php 第 431 行.
INFO: Run Behavior\ParseTemplateBehavior [ RunTime:0.035002s ]
INFO: [ view_parse ] --END-- [ RunTime:0.035002s ]
INFO: [ view_filter ] --START--
INFO: Run Behavior\WriteHtmlCacheBehavior [ RunTime:0.001001s ]
INFO: [ view_filter ] --END-- [ RunTime:0.001001s ]
INFO: [ app_end ] --START--
INFO: Run Behavior\ShowPageTraceBehavior [ RunTime:0.001000s ]
INFO: [ app_end ] --END-- [ RunTime:0.001000s ]

[ 2017-12-06T13:17:43+08:00 ] ::1 /ThinkPhp/index.php/Admin/adminuser/index
INFO: [ app_init ] --START--
INFO: Run Behavior\BuildLiteBehavior [ RunTime:0.000000s ]
INFO: [ app_init ] --END-- [ RunTime:0.000000s ]
INFO: [ app_begin ] --START--
INFO: Run Behavior\ReadHtmlCacheBehavior [ RunTime:0.001000s ]
INFO: [ app_begin ] --END-- [ RunTime:0.001000s ]
SQL: SELECT COUNT(*) AS tp_count FROM `adminuser` LIMIT 1   [ RunTime:0.0000s ]
SQL: SELECT adminuser.*,grouplist.group_name FROM `adminuser` INNER JOIN grouplist on adminuser.groupid=grouplist.id  LIMIT 0,2   [ RunTime:0.0010s ]
INFO: [ view_parse ] --START--
INFO: [ template_filter ] --START--
INFO: Run Behavior\ContentReplaceBehavior [ RunTime:0.000000s ]
INFO: [ template_filter ] --END-- [ RunTime:0.000000s ]
NOTIC: [8] Undefined index: success D:\XAMPP\htdocs\ThinkPhp\web\Runtime\Cache\Admin\639c2c37365de442ea0066d93080fb36.php 第 418 行.
NOTIC: [8] Undefined index: error D:\XAMPP\htdocs\ThinkPhp\web\Runtime\Cache\Admin\639c2c37365de442ea0066d93080fb36.php 第 425 行.
NOTIC: [8] Undefined index: size D:\XAMPP\htdocs\ThinkPhp\web\Runtime\Cache\Admin\639c2c37365de442ea0066d93080fb36.php 第 447 行.
NOTIC: [8] Undefined index: size D:\XAMPP\htdocs\ThinkPhp\web\Runtime\Cache\Admin\639c2c37365de442ea0066d93080fb36.php 第 448 行.
NOTIC: [8] Undefined index: size D:\XAMPP\htdocs\ThinkPhp\web\Runtime\Cache\Admin\639c2c37365de442ea0066d93080fb36.php 第 449 行.
NOTIC: [8] Undefined index: size D:\XAMPP\htdocs\ThinkPhp\web\Runtime\Cache\Admin\639c2c37365de442ea0066d93080fb36.php 第 450 行.
NOTIC: [8] Undefined index: email D:\XAMPP\htdocs\ThinkPhp\web\Runtime\Cache\Admin\639c2c37365de442ea0066d93080fb36.php 第 456 行.
SQL: SHOW COLUMNS FROM `grouplist` [ RunTime:0.0060s ]
SQL: SELECT * FROM `grouplist` WHERE `id` = 1 LIMIT 1   [ RunTime:0.0010s ]
SQL: SELECT * FROM `grouplist` WHERE `id` = 2 LIMIT 1   [ RunTime:0.0000s ]
INFO: Run Behavior\ParseTemplateBehavior [ RunTime:0.062004s ]
INFO: [ view_parse ] --END-- [ RunTime:0.062004s ]
INFO: [ view_filter ] --START--
INFO: Run Behavior\WriteHtmlCacheBehavior [ RunTime:0.000000s ]
INFO: [ view_filter ] --END-- [ RunTime:0.000000s ]
INFO: [ app_end ] --START--
INFO: Run Behavior\ShowPageTraceBehavior [ RunTime:0.001000s ]
INFO: [ app_end ] --END-- [ RunTime:0.001000s ]

[ 2017-12-06T13:18:30+08:00 ] ::1 /ThinkPhp/index.php/Admin/adminuser/add
INFO: [ app_init ] --START--
INFO: Run Behavior\BuildLiteBehavior [ RunTime:0.000000s ]
INFO: [ app_init ] --END-- [ RunTime:0.001000s ]
INFO: [ app_begin ] --START--
INFO: Run Behavior\ReadHtmlCacheBehavior [ RunTime:0.001001s ]
INFO: [ app_begin ] --END-- [ RunTime:0.001001s ]
INFO: [ view_parse ] --START--
INFO: [ template_filter ] --START--
INFO: Run Behavior\ContentReplaceBehavior [ RunTime:0.000000s ]
INFO: [ template_filter ] --END-- [ RunTime:0.000000s ]
NOTIC: [8] Undefined index: success D:\XAMPP\htdocs\ThinkPhp\web\Runtime\Cache\Admin\afa00afacbc3660f8115f76b9896e115.php 第 418 行.
NOTIC: [8] Undefined index: error D:\XAMPP\htdocs\ThinkPhp\web\Runtime\Cache\Admin\afa00afacbc3660f8115f76b9896e115.php 第 425 行.
INFO: Run Behavior\ParseTemplateBehavior [ RunTime:0.049002s ]
INFO: [ view_parse ] --END-- [ RunTime:0.049002s ]
INFO: [ view_filter ] --START--
INFO: Run Behavior\WriteHtmlCacheBehavior [ RunTime:0.000000s ]
INFO: [ view_filter ] --END-- [ RunTime:0.000000s ]
INFO: [ app_end ] --START--
INFO: Run Behavior\ShowPageTraceBehavior [ RunTime:0.001000s ]
INFO: [ app_end ] --END-- [ RunTime:0.001000s ]

[ 2017-12-06T13:18:50+08:00 ] ::1 /ThinkPhp/index.php/Admin/adminuser/group
INFO: [ app_init ] --START--
INFO: Run Behavior\BuildLiteBehavior [ RunTime:0.000000s ]
INFO: [ app_init ] --END-- [ RunTime:0.000000s ]
INFO: [ app_begin ] --START--
INFO: Run Behavior\ReadHtmlCacheBehavior [ RunTime:0.001000s ]
INFO: [ app_begin ] --END-- [ RunTime:0.001000s ]
ERR: 非法操作:group

[ 2017-12-06T13:18:54+08:00 ] ::1 /ThinkPhp/index.php/Admin/cate/index
INFO: [ app_init ] --START--
INFO: Run Behavior\BuildLiteBehavior [ RunTime:0.000000s ]
INFO: [ app_init ] --END-- [ RunTime:0.000000s ]
INFO: [ app_begin ] --START--
INFO: Run Behavior\ReadHtmlCacheBehavior [ RunTime:0.001000s ]
INFO: [ app_begin ] --END-- [ RunTime:0.001000s ]
SQL: SHOW COLUMNS FROM `cate` [ RunTime:0.0050s ]
SQL: SELECT COUNT(*) AS tp_count FROM cate as c1 LIMIT 1   [ RunTime:0.0000s ]
NOTIC: [8] Undefined variable: page D:\XAMPP\htdocs\ThinkPhp\web\Admin\Controller\CateController.class.php 第 59 行.
NOTIC: [8] Trying to get property of non-object D:\XAMPP\htdocs\ThinkPhp\web\Admin\Controller\CateController.class.php 第 59 行.
NOTIC: [8] Undefined variable: page D:\XAMPP\htdocs\ThinkPhp\web\Admin\Controller\CateController.class.php 第 59 行.
NOTIC: [8] Trying to get property of non-object D:\XAMPP\htdocs\ThinkPhp\web\Admin\Controller\CateController.class.php 第 59 行.
SQL: SELECT c1.id,c1.cate,c1.path,c1.pid as aa,c2.cate as pid FROM cate as c1 left join cate as c2 on c1.pid=c2.id   [ RunTime:0.0010s ]
INFO: [ view_parse ] --START--
INFO: [ template_filter ] --START--
INFO: Run Behavior\ContentReplaceBehavior [ RunTime:0.000000s ]
INFO: [ template_filter ] --END-- [ RunTime:0.000000s ]
NOTIC: [8] Undefined index: success D:\XAMPP\htdocs\ThinkPhp\web\Runtime\Cache\Admin\7cd7914610a4dc0bb7e638ef6dc1f8b0.php 第 418 行.
NOTIC: [8] Undefined index: error D:\XAMPP\htdocs\ThinkPhp\web\Runtime\Cache\Admin\7cd7914610a4dc0bb7e638ef6dc1f8b0.php 第 425 行.
NOTIC: [8] Undefined index: size D:\XAMPP\htdocs\ThinkPhp\web\Runtime\Cache\Admin\7cd7914610a4dc0bb7e638ef6dc1f8b0.php 第 447 行.
NOTIC: [8] Undefined index: size D:\XAMPP\htdocs\ThinkPhp\web\Runtime\Cache\Admin\7cd7914610a4dc0bb7e638ef6dc1f8b0.php 第 448 行.
NOTIC: [8] Undefined index: size D:\XAMPP\htdocs\ThinkPhp\web\Runtime\Cache\Admin\7cd7914610a4dc0bb7e638ef6dc1f8b0.php 第 449 行.
NOTIC: [8] Undefined index: size D:\XAMPP\htdocs\ThinkPhp\web\Runtime\Cache\Admin\7cd7914610a4dc0bb7e638ef6dc1f8b0.php 第 450 行.
NOTIC: [8] Undefined index: size D:\XAMPP\htdocs\ThinkPhp\web\Runtime\Cache\Admin\7cd7914610a4dc0bb7e638ef6dc1f8b0.php 第 451 行.
NOTIC: [8] Undefined index: size D:\XAMPP\htdocs\ThinkPhp\web\Runtime\Cache\Admin\7cd7914610a4dc0bb7e638ef6dc1f8b0.php 第 452 行.
NOTIC: [8] Undefined index: cate D:\XAMPP\htdocs\ThinkPhp\web\Runtime\Cache\Admin\7cd7914610a4dc0bb7e638ef6dc1f8b0.php 第 458 行.
SQL: SHOW COLUMNS FROM `cate_tag` [ RunTime:0.0050s ]
SQL: SELECT * FROM cate_tag as ct INNER JOIN tag as t on ct.tag_id=t.id  WHERE ( ct.cate_id=1 )  [ RunTime:0.0000s ]
SQL: SELECT * FROM cate_tag as ct INNER JOIN tag as t on ct.tag_id=t.id  WHERE ( ct.cate_id=2 )  [ RunTime:0.0010s ]
SQL: SELECT * FROM cate_tag as ct INNER JOIN tag as t on ct.tag_id=t.id  WHERE ( ct.cate_id=3 )  [ RunTime:0.0010s ]
SQL: SELECT * FROM cate_tag as ct INNER JOIN tag as t on ct.tag_id=t.id  WHERE ( ct.cate_id=4 )  [ RunTime:0.0010s ]
SQL: SELECT * FROM cate_tag as ct INNER JOIN tag as t on ct.tag_id=t.id  WHERE ( ct.cate_id=5 )  [ RunTime:0.0010s ]
SQL: SELECT * FROM cate_tag as ct INNER JOIN tag as t on ct.tag_id=t.id  WHERE ( ct.cate_id=9 )  [ RunTime:0.0000s ]
SQL: SELECT * FROM cate_tag as ct INNER JOIN tag as t on ct.tag_id=t.id  WHERE ( ct.cate_id=10 )  [ RunTime:0.0010s ]
SQL: SELECT * FROM cate_tag as ct INNER JOIN tag as t on ct.tag_id=t.id  WHERE ( ct.cate_id=11 )  [ RunTime:0.0000s ]
SQL: SELECT * FROM cate_tag as ct INNER JOIN tag as t on ct.tag_id=t.id  WHERE ( ct.cate_id=12 )  [ RunTime:0.0010s ]
NOTIC: [8] Undefined variable: url D:\XAMPP\htdocs\ThinkPhp\web\Runtime\Cache\Admin\7cd7914610a4dc0bb7e638ef6dc1f8b0.php 第 508 行.
NOTIC: [8] Undefined variable: p D:\XAMPP\htdocs\ThinkPhp\web\Runtime\Cache\Admin\7cd7914610a4dc0bb7e638ef6dc1f8b0.php 第 567 行.
INFO: Run Behavior\ParseTemplateBehavior [ RunTime:0.023002s ]
INFO: [ view_parse ] --END-- [ RunTime:0.023002s ]
INFO: [ view_filter ] --START--
INFO: Run Behavior\WriteHtmlCacheBehavior [ RunTime:0.001000s ]
INFO: [ view_filter ] --END-- [ RunTime:0.001000s ]
INFO: [ app_end ] --START--
INFO: Run Behavior\ShowPageTraceBehavior [ RunTime:0.001000s ]
INFO: [ app_end ] --END-- [ RunTime:0.001000s ]

[ 2017-12-06T13:19:17+08:00 ] ::1 /ThinkPhp/index.php/Admin/cate/add
INFO: [ app_init ] --START--
INFO: Run Behavior\BuildLiteBehavior [ RunTime:0.000000s ]
INFO: [ app_init ] --END-- [ RunTime:0.001000s ]
INFO: [ app_begin ] --START--
INFO: Run Behavior\ReadHtmlCacheBehavior [ RunTime:0.001000s ]
INFO: [ app_begin ] --END-- [ RunTime:0.001000s ]
SQL: SHOW COLUMNS FROM `cate` [ RunTime:0.0060s ]
SQL: SELECT *,concat(path,id) as p FROM `cate` ORDER BY p  [ RunTime:0.0010s ]
INFO: [ view_parse ] --START--
INFO: [ template_filter ] --START--
INFO: Run Behavior\ContentReplaceBehavior [ RunTime:0.000000s ]
INFO: [ template_filter ] --END-- [ RunTime:0.000000s ]
NOTIC: [8] Undefined index: success D:\XAMPP\htdocs\ThinkPhp\web\Runtime\Cache\Admin\d0068b3940caaafd8a6a2f451e7dd9f6.php 第 418 行.
NOTIC: [8] Undefined index: error D:\XAMPP\htdocs\ThinkPhp\web\Runtime\Cache\Admin\d0068b3940caaafd8a6a2f451e7dd9f6.php 第 425 行.
INFO: Run Behavior\ParseTemplateBehavior [ RunTime:0.031002s ]
INFO: [ view_parse ] --END-- [ RunTime:0.031002s ]
INFO: [ view_filter ] --START--
INFO: Run Behavior\WriteHtmlCacheBehavior [ RunTime:0.001000s ]
INFO: [ view_filter ] --END-- [ RunTime:0.001000s ]
INFO: [ app_end ] --START--
INFO: Run Behavior\ShowPageTraceBehavior [ RunTime:0.003000s ]
INFO: [ app_end ] --END-- [ RunTime:0.003000s ]

[ 2017-12-06T13:19:32+08:00 ] ::1 /ThinkPhp/index.php/Admin/tag/index
INFO: [ app_init ] --START--
INFO: Run Behavior\BuildLiteBehavior [ RunTime:0.000000s ]
INFO: [ app_init ] --END-- [ RunTime:0.001000s ]
INFO: [ app_begin ] --START--
INFO: Run Behavior\ReadHtmlCacheBehavior [ RunTime:0.001000s ]
INFO: [ app_begin ] --END-- [ RunTime:0.001000s ]
SQL: SHOW COLUMNS FROM `tag` [ RunTime:0.0040s ]
SQL: SELECT * FROM `tag`  [ RunTime:0.0010s ]
SQL: SHOW COLUMNS FROM `tag_val` [ RunTime:0.0040s ]
SQL: SELECT v.val FROM tag_val as tv INNER JOIN val as v on tv.val_id=v.id  WHERE ( tv.tag_id=29 )  [ RunTime:0.0000s ]
SQL: SELECT v.val FROM tag_val as tv INNER JOIN val as v on tv.val_id=v.id  WHERE ( tv.tag_id=30 )  [ RunTime:0.0010s ]
SQL: SELECT v.val FROM tag_val as tv INNER JOIN val as v on tv.val_id=v.id  WHERE ( tv.tag_id=31 )  [ RunTime:0.0000s ]
SQL: SELECT v.val FROM tag_val as tv INNER JOIN val as v on tv.val_id=v.id  WHERE ( tv.tag_id=34 )  [ RunTime:0.0000s ]
SQL: SELECT v.val FROM tag_val as tv INNER JOIN val as v on tv.val_id=v.id  WHERE ( tv.tag_id=36 )  [ RunTime:0.0000s ]
SQL: SELECT v.val FROM tag_val as tv INNER JOIN val as v on tv.val_id=v.id  WHERE ( tv.tag_id=37 )  [ RunTime:0.0000s ]
SQL: SELECT COUNT(*) AS tp_count FROM `tag` LIMIT 1   [ RunTime:0.0010s ]
SQL: SELECT * FROM `tag` LIMIT 0,2   [ RunTime:0.0000s ]
INFO: [ view_parse ] --START--
INFO: [ template_filter ] --START--
INFO: Run Behavior\ContentReplaceBehavior [ RunTime:0.000000s ]
INFO: [ template_filter ] --END-- [ RunTime:0.000000s ]
NOTIC: [8] Undefined index: success D:\XAMPP\htdocs\ThinkPhp\web\Runtime\Cache\Admin\f65743a2b5c26101f46f965f50e4d9df.php 第 418 行.
NOTIC: [8] Undefined index: error D:\XAMPP\htdocs\ThinkPhp\web\Runtime\Cache\Admin\f65743a2b5c26101f46f965f50e4d9df.php 第 425 行.
NOTIC: [8] Undefined index: size D:\XAMPP\htdocs\ThinkPhp\web\Runtime\Cache\Admin\f65743a2b5c26101f46f965f50e4d9df.php 第 447 行.
NOTIC: [8] Undefined index: size D:\XAMPP\htdocs\ThinkPhp\web\Runtime\Cache\Admin\f65743a2b5c26101f46f965f50e4d9df.php 第 448 行.
NOTIC: [8] Undefined index: size D:\XAMPP\htdocs\ThinkPhp\web\Runtime\Cache\Admin\f65743a2b5c26101f46f965f50e4d9df.php 第 449 行.
NOTIC: [8] Undefined index: size D:\XAMPP\htdocs\ThinkPhp\web\Runtime\Cache\Admin\f65743a2b5c26101f46f965f50e4d9df.php 第 450 行.
NOTIC: [8] Undefined index: size D:\XAMPP\htdocs\ThinkPhp\web\Runtime\Cache\Admin\f65743a2b5c26101f46f965f50e4d9df.php 第 451 行.
NOTIC: [8] Undefined index: size D:\XAMPP\htdocs\ThinkPhp\web\Runtime\Cache\Admin\f65743a2b5c26101f46f965f50e4d9df.php 第 452 行.
NOTIC: [8] Undefined index: tag_name D:\XAMPP\htdocs\ThinkPhp\web\Runtime\Cache\Admin\f65743a2b5c26101f46f965f50e4d9df.php 第 458 行.
INFO: Run Behavior\ParseTemplateBehavior [ RunTime:0.041002s ]
INFO: [ view_parse ] --END-- [ RunTime:0.041002s ]
INFO: [ view_filter ] --START--
INFO: Run Behavior\WriteHtmlCacheBehavior [ RunTime:0.001001s ]
INFO: [ view_filter ] --END-- [ RunTime:0.001001s ]
INFO: [ app_end ] --START--
INFO: Run Behavior\ShowPageTraceBehavior [ RunTime:0.002000s ]
INFO: [ app_end ] --END-- [ RunTime:0.002000s ]

[ 2017-12-06T13:24:43+08:00 ] ::1 /ThinkPhp/index.php/Admin/good/add
INFO: [ app_init ] --START--
INFO: Run Behavior\BuildLiteBehavior [ RunTime:0.000000s ]
INFO: [ app_init ] --END-- [ RunTime:0.000000s ]
INFO: [ app_begin ] --START--
INFO: Run Behavior\ReadHtmlCacheBehavior [ RunTime:0.001001s ]
INFO: [ app_begin ] --END-- [ RunTime:0.001001s ]
SQL: SHOW COLUMNS FROM `cate` [ RunTime:0.0040s ]
SQL: SELECT *,concat(path,id) as p FROM `cate` ORDER BY p  [ RunTime:0.0010s ]
INFO: [ view_parse ] --START--
INFO: [ template_filter ] --START--
INFO: Run Behavior\ContentReplaceBehavior [ RunTime:0.001000s ]
INFO: [ template_filter ] --END-- [ RunTime:0.001000s ]
NOTIC: [8] Undefined index: success D:\XAMPP\htdocs\ThinkPhp\web\Runtime\Cache\Admin\6687c23b88e7b6bf26acae76c4ace03e.php 第 418 行.
NOTIC: [8] Undefined index: error D:\XAMPP\htdocs\ThinkPhp\web\Runtime\Cache\Admin\6687c23b88e7b6bf26acae76c4ace03e.php 第 425 行.
NOTIC: [8] Undefined index: cate_id D:\XAMPP\htdocs\ThinkPhp\web\Common\Common\function.php 第 133 行.
INFO: Run Behavior\ParseTemplateBehavior [ RunTime:0.029002s ]
INFO: [ view_parse ] --END-- [ RunTime:0.029002s ]
INFO: [ view_filter ] --START--
INFO: Run Behavior\WriteHtmlCacheBehavior [ RunTime:0.001000s ]
INFO: [ view_filter ] --END-- [ RunTime:0.001000s ]
INFO: [ app_end ] --START--
INFO: Run Behavior\ShowPageTraceBehavior [ RunTime:0.001000s ]
INFO: [ app_end ] --END-- [ RunTime:0.002000s ]

[ 2017-12-06T13:24:44+08:00 ] ::1 /ThinkPhp/index.php/Admin/val/index
INFO: [ app_init ] --START--
INFO: Run Behavior\BuildLiteBehavior [ RunTime:0.000000s ]
INFO: [ app_init ] --END-- [ RunTime:0.001001s ]
INFO: [ app_begin ] --START--
INFO: Run Behavior\ReadHtmlCacheBehavior [ RunTime:0.002000s ]
INFO: [ app_begin ] --END-- [ RunTime:0.002000s ]
SQL: SHOW COLUMNS FROM `val` [ RunTime:0.0040s ]
SQL: SELECT * FROM `val`  [ RunTime:0.0000s ]
SQL: SELECT COUNT(*) AS tp_count FROM `val` LIMIT 1   [ RunTime:0.0010s ]
SQL: SELECT * FROM `val` LIMIT 0,4   [ RunTime:0.0000s ]
INFO: [ view_parse ] --START--
INFO: [ template_filter ] --START--
INFO: Run Behavior\ContentReplaceBehavior [ RunTime:0.000000s ]
INFO: [ template_filter ] --END-- [ RunTime:0.001000s ]
NOTIC: [8] Undefined index: success D:\XAMPP\htdocs\ThinkPhp\web\Runtime\Cache\Admin\e19c68eb935993987813e7162cdbc85d.php 第 418 行.
NOTIC: [8] Undefined index: error D:\XAMPP\htdocs\ThinkPhp\web\Runtime\Cache\Admin\e19c68eb935993987813e7162cdbc85d.php 第 425 行.
NOTIC: [8] Undefined index: size D:\XAMPP\htdocs\ThinkPhp\web\Runtime\Cache\Admin\e19c68eb935993987813e7162cdbc85d.php 第 447 行.
NOTIC: [8] Undefined index: size D:\XAMPP\htdocs\ThinkPhp\web\Runtime\Cache\Admin\e19c68eb935993987813e7162cdbc85d.php 第 448 行.
NOTIC: [8] Undefined index: size D:\XAMPP\htdocs\ThinkPhp\web\Runtime\Cache\Admin\e19c68eb935993987813e7162cdbc85d.php 第 449 行.
NOTIC: [8] Undefined index: size D:\XAMPP\htdocs\ThinkPhp\web\Runtime\Cache\Admin\e19c68eb935993987813e7162cdbc85d.php 第 450 行.
NOTIC: [8] Undefined index: val D:\XAMPP\htdocs\ThinkPhp\web\Runtime\Cache\Admin\e19c68eb935993987813e7162cdbc85d.php 第 456 行.
INFO: Run Behavior\ParseTemplateBehavior [ RunTime:0.038002s ]
INFO: [ view_parse ] --END-- [ RunTime:0.038002s ]
INFO: [ view_filter ] --START--
INFO: Run Behavior\WriteHtmlCacheBehavior [ RunTime:0.001000s ]
INFO: [ view_filter ] --END-- [ RunTime:0.001000s ]
INFO: [ app_end ] --START--
INFO: Run Behavior\ShowPageTraceBehavior [ RunTime:0.002000s ]
INFO: [ app_end ] --END-- [ RunTime:0.002000s ]

[ 2017-12-06T13:24:47+08:00 ] ::1 /ThinkPhp/index.php/Admin/Val/index/p/2.html
INFO: [ app_init ] --START--
INFO: Run Behavior\BuildLiteBehavior [ RunTime:0.000000s ]
INFO: [ app_init ] --END-- [ RunTime:0.000000s ]
INFO: [ app_begin ] --START--
INFO: Run Behavior\ReadHtmlCacheBehavior [ RunTime:0.001000s ]
INFO: [ app_begin ] --END-- [ RunTime:0.001000s ]
SQL: SHOW COLUMNS FROM `val` [ RunTime:0.0040s ]
SQL: SELECT * FROM `val`  [ RunTime:0.0010s ]
SQL: SELECT COUNT(*) AS tp_count FROM `val` LIMIT 1   [ RunTime:0.0000s ]
SQL: SELECT * FROM `val` LIMIT 4,4   [ RunTime:0.0010s ]
INFO: [ view_parse ] --START--
INFO: [ template_filter ] --START--
INFO: Run Behavior\ContentReplaceBehavior [ RunTime:0.000000s ]
INFO: [ template_filter ] --END-- [ RunTime:0.000000s ]
NOTIC: [8] Undefined index: success D:\XAMPP\htdocs\ThinkPhp\web\Runtime\Cache\Admin\e19c68eb935993987813e7162cdbc85d.php 第 418 行.
NOTIC: [8] Undefined index: error D:\XAMPP\htdocs\ThinkPhp\web\Runtime\Cache\Admin\e19c68eb935993987813e7162cdbc85d.php 第 425 行.
NOTIC: [8] Undefined index: size D:\XAMPP\htdocs\ThinkPhp\web\Runtime\Cache\Admin\e19c68eb935993987813e7162cdbc85d.php 第 447 行.
NOTIC: [8] Undefined index: size D:\XAMPP\htdocs\ThinkPhp\web\Runtime\Cache\Admin\e19c68eb935993987813e7162cdbc85d.php 第 448 行.
NOTIC: [8] Undefined index: size D:\XAMPP\htdocs\ThinkPhp\web\Runtime\Cache\Admin\e19c68eb935993987813e7162cdbc85d.php 第 449 行.
NOTIC: [8] Undefined index: size D:\XAMPP\htdocs\ThinkPhp\web\Runtime\Cache\Admin\e19c68eb935993987813e7162cdbc85d.php 第 450 行.
NOTIC: [8] Undefined index: val D:\XAMPP\htdocs\ThinkPhp\web\Runtime\Cache\Admin\e19c68eb935993987813e7162cdbc85d.php 第 456 行.
INFO: Run Behavior\ParseTemplateBehavior [ RunTime:0.013001s ]
INFO: [ view_parse ] --END-- [ RunTime:0.013001s ]
INFO: [ view_filter ] --START--
INFO: Run Behavior\WriteHtmlCacheBehavior [ RunTime:0.000000s ]
INFO: [ view_filter ] --END-- [ RunTime:0.000000s ]
INFO: [ app_end ] --START--
INFO: Run Behavior\ShowPageTraceBehavior [ RunTime:0.001000s ]
INFO: [ app_end ] --END-- [ RunTime:0.001000s ]

[ 2017-12-06T13:24:49+08:00 ] ::1 /ThinkPhp/index.php/Admin/Val/index/p/1.html
INFO: [ app_init ] --START--
INFO: Run Behavior\BuildLiteBehavior [ RunTime:0.000000s ]
INFO: [ app_init ] --END-- [ RunTime:0.001000s ]
INFO: [ app_begin ] --START--
INFO: Run Behavior\ReadHtmlCacheBehavior [ RunTime:0.002000s ]
INFO: [ app_begin ] --END-- [ RunTime:0.002000s ]
SQL: SHOW COLUMNS FROM `val` [ RunTime:0.0040s ]
SQL: SELECT * FROM `val`  [ RunTime:0.0010s ]
SQL: SELECT COUNT(*) AS tp_count FROM `val` LIMIT 1   [ RunTime:0.0010s ]
SQL: SELECT * FROM `val` LIMIT 0,4   [ RunTime:0.0010s ]
INFO: [ view_parse ] --START--
INFO: [ template_filter ] --START--
INFO: Run Behavior\ContentReplaceBehavior [ RunTime:0.000000s ]
INFO: [ template_filter ] --END-- [ RunTime:0.000000s ]
NOTIC: [8] Undefined index: success D:\XAMPP\htdocs\ThinkPhp\web\Runtime\Cache\Admin\e19c68eb935993987813e7162cdbc85d.php 第 418 行.
NOTIC: [8] Undefined index: error D:\XAMPP\htdocs\ThinkPhp\web\Runtime\Cache\Admin\e19c68eb935993987813e7162cdbc85d.php 第 425 行.
NOTIC: [8] Undefined index: size D:\XAMPP\htdocs\ThinkPhp\web\Runtime\Cache\Admin\e19c68eb935993987813e7162cdbc85d.php 第 447 行.
NOTIC: [8] Undefined index: size D:\XAMPP\htdocs\ThinkPhp\web\Runtime\Cache\Admin\e19c68eb935993987813e7162cdbc85d.php 第 448 行.
NOTIC: [8] Undefined index: size D:\XAMPP\htdocs\ThinkPhp\web\Runtime\Cache\Admin\e19c68eb935993987813e7162cdbc85d.php 第 449 行.
NOTIC: [8] Undefined index: size D:\XAMPP\htdocs\ThinkPhp\web\Runtime\Cache\Admin\e19c68eb935993987813e7162cdbc85d.php 第 450 行.
NOTIC: [8] Undefined index: val D:\XAMPP\htdocs\ThinkPhp\web\Runtime\Cache\Admin\e19c68eb935993987813e7162cdbc85d.php 第 456 行.
INFO: Run Behavior\ParseTemplateBehavior [ RunTime:0.012001s ]
INFO: [ view_parse ] --END-- [ RunTime:0.012001s ]
INFO: [ view_filter ] --START--
INFO: Run Behavior\WriteHtmlCacheBehavior [ RunTime:0.000000s ]
INFO: [ view_filter ] --END-- [ RunTime:0.000000s ]
INFO: [ app_end ] --START--
INFO: Run Behavior\ShowPageTraceBehavior [ RunTime:0.001000s ]
INFO: [ app_end ] --END-- [ RunTime:0.001000s ]

[ 2017-12-06T13:25:06+08:00 ] ::1 /ThinkPhp/index.php/Admin/good/index
INFO: [ app_init ] --START--
INFO: Run Behavior\BuildLiteBehavior [ RunTime:0.000000s ]
INFO: [ app_init ] --END-- [ RunTime:0.002000s ]
INFO: [ app_begin ] --START--
INFO: Run Behavior\ReadHtmlCacheBehavior [ RunTime:0.002001s ]
INFO: [ app_begin ] --END-- [ RunTime:0.002001s ]
SQL: SHOW COLUMNS FROM `good` [ RunTime:0.0050s ]
SQL: SELECT COUNT(*) AS tp_count FROM `good` LIMIT 1   [ RunTime:0.0010s ]
SQL: SELECT good.*,pic.path,cate.cate FROM `good` INNER JOIN cate on good.cate_id=cate.id INNER JOIN pic on good.id=pic.good_id  GROUP BY pic.good_id LIMIT 0,2   [ RunTime:0.0050s ]
SQL: SHOW COLUMNS FROM `sku` [ RunTime:0.0050s ]
SQL: SELECT sku.*,pic.path FROM `sku` INNER JOIN pic on sku.id=pic.sku_id  WHERE ( sku.good_id=38 )  [ RunTime:0.0010s ]
SQL: SELECT sku.*,pic.path FROM `sku` INNER JOIN pic on sku.id=pic.sku_id  WHERE ( sku.good_id=40 )  [ RunTime:0.0000s ]
INFO: [ view_parse ] --START--
INFO: [ template_filter ] --START--
INFO: Run Behavior\ContentReplaceBehavior [ RunTime:0.000000s ]
INFO: [ template_filter ] --END-- [ RunTime:0.000000s ]
NOTIC: [8] Undefined index: success D:\XAMPP\htdocs\ThinkPhp\web\Runtime\Cache\Admin\5e569ad068c70ba99bd24050e5fc9bec.php 第 418 行.
NOTIC: [8] Undefined index: error D:\XAMPP\htdocs\ThinkPhp\web\Runtime\Cache\Admin\5e569ad068c70ba99bd24050e5fc9bec.php 第 425 行.
NOTIC: [8] Undefined index: size D:\XAMPP\htdocs\ThinkPhp\web\Runtime\Cache\Admin\5e569ad068c70ba99bd24050e5fc9bec.php 第 447 行.
NOTIC: [8] Undefined index: size D:\XAMPP\htdocs\ThinkPhp\web\Runtime\Cache\Admin\5e569ad068c70ba99bd24050e5fc9bec.php 第 448 行.
NOTIC: [8] Undefined index: size D:\XAMPP\htdocs\ThinkPhp\web\Runtime\Cache\Admin\5e569ad068c70ba99bd24050e5fc9bec.php 第 449 行.
NOTIC: [8] Undefined index: size D:\XAMPP\htdocs\ThinkPhp\web\Runtime\Cache\Admin\5e569ad068c70ba99bd24050e5fc9bec.php 第 450 行.
NOTIC: [8] Undefined index: size D:\XAMPP\htdocs\ThinkPhp\web\Runtime\Cache\Admin\5e569ad068c70ba99bd24050e5fc9bec.php 第 451 行.
NOTIC: [8] Undefined index: size D:\XAMPP\htdocs\ThinkPhp\web\Runtime\Cache\Admin\5e569ad068c70ba99bd24050e5fc9bec.php 第 452 行.
INFO: Run Behavior\ParseTemplateBehavior [ RunTime:0.071004s ]
INFO: [ view_parse ] --END-- [ RunTime:0.071004s ]
INFO: [ view_filter ] --START--
INFO: Run Behavior\WriteHtmlCacheBehavior [ RunTime:0.001000s ]
INFO: [ view_filter ] --END-- [ RunTime:0.001000s ]
INFO: [ app_end ] --START--
INFO: Run Behavior\ShowPageTraceBehavior [ RunTime:0.002000s ]
INFO: [ app_end ] --END-- [ RunTime:0.002000s ]

[ 2017-12-06T13:25:08+08:00 ] ::1 /ThinkPhp/index.php/Admin/Good/index/p/2.html
INFO: [ app_init ] --START--
INFO: Run Behavior\BuildLiteBehavior [ RunTime:0.000000s ]
INFO: [ app_init ] --END-- [ RunTime:0.000000s ]
INFO: [ app_begin ] --START--
INFO: Run Behavior\ReadHtmlCacheBehavior [ RunTime:0.002000s ]
INFO: [ app_begin ] --END-- [ RunTime:0.002000s ]
SQL: SHOW COLUMNS FROM `good` [ RunTime:0.0040s ]
SQL: SELECT COUNT(*) AS tp_count FROM `good` LIMIT 1   [ RunTime:0.0010s ]
SQL: SELECT good.*,pic.path,cate.cate FROM `good` INNER JOIN cate on good.cate_id=cate.id INNER JOIN pic on good.id=pic.good_id  GROUP BY pic.good_id LIMIT 2,2   [ RunTime:0.0080s ]
SQL: SHOW COLUMNS FROM `sku` [ RunTime:0.0040s ]
SQL: SELECT sku.*,pic.path FROM `sku` INNER JOIN pic on sku.id=pic.sku_id  WHERE ( sku.good_id=42 )  [ RunTime:0.0000s ]
SQL: SELECT sku.*,pic.path FROM `sku` INNER JOIN pic on sku.id=pic.sku_id  WHERE ( sku.good_id=44 )  [ RunTime:0.0010s ]
INFO: [ view_parse ] --START--
INFO: [ template_filter ] --START--
INFO: Run Behavior\ContentReplaceBehavior [ RunTime:0.000000s ]
INFO: [ template_filter ] --END-- [ RunTime:0.000000s ]
NOTIC: [8] Undefined index: success D:\XAMPP\htdocs\ThinkPhp\web\Runtime\Cache\Admin\5e569ad068c70ba99bd24050e5fc9bec.php 第 418 行.
NOTIC: [8] Undefined index: error D:\XAMPP\htdocs\ThinkPhp\web\Runtime\Cache\Admin\5e569ad068c70ba99bd24050e5fc9bec.php 第 425 行.
NOTIC: [8] Undefined index: size D:\XAMPP\htdocs\ThinkPhp\web\Runtime\Cache\Admin\5e569ad068c70ba99bd24050e5fc9bec.php 第 447 行.
NOTIC: [8] Undefined index: size D:\XAMPP\htdocs\ThinkPhp\web\Runtime\Cache\Admin\5e569ad068c70ba99bd24050e5fc9bec.php 第 448 行.
NOTIC: [8] Undefined index: size D:\XAMPP\htdocs\ThinkPhp\web\Runtime\Cache\Admin\5e569ad068c70ba99bd24050e5fc9bec.php 第 449 行.
NOTIC: [8] Undefined index: size D:\XAMPP\htdocs\ThinkPhp\web\Runtime\Cache\Admin\5e569ad068c70ba99bd24050e5fc9bec.php 第 450 行.
NOTIC: [8] Undefined index: size D:\XAMPP\htdocs\ThinkPhp\web\Runtime\Cache\Admin\5e569ad068c70ba99bd24050e5fc9bec.php 第 451 行.
NOTIC: [8] Undefined index: size D:\XAMPP\htdocs\ThinkPhp\web\Runtime\Cache\Admin\5e569ad068c70ba99bd24050e5fc9bec.php 第 452 行.
INFO: Run Behavior\ParseTemplateBehavior [ RunTime:0.016001s ]
INFO: [ view_parse ] --END-- [ RunTime:0.016001s ]
INFO: [ view_filter ] --START--
INFO: Run Behavior\WriteHtmlCacheBehavior [ RunTime:0.001000s ]
INFO: [ view_filter ] --END-- [ RunTime:0.001000s ]
INFO: [ app_end ] --START--
INFO: Run Behavior\ShowPageTraceBehavior [ RunTime:0.001001s ]
INFO: [ app_end ] --END-- [ RunTime:0.001001s ]

[ 2017-12-06T13:25:11+08:00 ] ::1 /ThinkPhp/index.php/Admin/Good/index/p/1.html
INFO: [ app_init ] --START--
INFO: Run Behavior\BuildLiteBehavior [ RunTime:0.000000s ]
INFO: [ app_init ] --END-- [ RunTime:0.001000s ]
INFO: [ app_begin ] --START--
INFO: Run Behavior\ReadHtmlCacheBehavior [ RunTime:0.001000s ]
INFO: [ app_begin ] --END-- [ RunTime:0.001000s ]
SQL: SHOW COLUMNS FROM `good` [ RunTime:0.0040s ]
SQL: SELECT COUNT(*) AS tp_count FROM `good` LIMIT 1   [ RunTime:0.0000s ]
SQL: SELECT good.*,pic.path,cate.cate FROM `good` INNER JOIN cate on good.cate_id=cate.id INNER JOIN pic on good.id=pic.good_id  GROUP BY pic.good_id LIMIT 0,2   [ RunTime:0.0060s ]
SQL: SHOW COLUMNS FROM `sku` [ RunTime:0.0040s ]
SQL: SELECT sku.*,pic.path FROM `sku` INNER JOIN pic on sku.id=pic.sku_id  WHERE ( sku.good_id=38 )  [ RunTime:0.0000s ]
SQL: SELECT sku.*,pic.path FROM `sku` INNER JOIN pic on sku.id=pic.sku_id  WHERE ( sku.good_id=40 )  [ RunTime:0.0010s ]
INFO: [ view_parse ] --START--
INFO: [ template_filter ] --START--
INFO: Run Behavior\ContentReplaceBehavior [ RunTime:0.000000s ]
INFO: [ template_filter ] --END-- [ RunTime:0.000000s ]
NOTIC: [8] Undefined index: success D:\XAMPP\htdocs\ThinkPhp\web\Runtime\Cache\Admin\5e569ad068c70ba99bd24050e5fc9bec.php 第 418 行.
NOTIC: [8] Undefined index: error D:\XAMPP\htdocs\ThinkPhp\web\Runtime\Cache\Admin\5e569ad068c70ba99bd24050e5fc9bec.php 第 425 行.
NOTIC: [8] Undefined index: size D:\XAMPP\htdocs\ThinkPhp\web\Runtime\Cache\Admin\5e569ad068c70ba99bd24050e5fc9bec.php 第 447 行.
NOTIC: [8] Undefined index: size D:\XAMPP\htdocs\ThinkPhp\web\Runtime\Cache\Admin\5e569ad068c70ba99bd24050e5fc9bec.php 第 448 行.
NOTIC: [8] Undefined index: size D:\XAMPP\htdocs\ThinkPhp\web\Runtime\Cache\Admin\5e569ad068c70ba99bd24050e5fc9bec.php 第 449 行.
NOTIC: [8] Undefined index: size D:\XAMPP\htdocs\ThinkPhp\web\Runtime\Cache\Admin\5e569ad068c70ba99bd24050e5fc9bec.php 第 450 行.
NOTIC: [8] Undefined index: size D:\XAMPP\htdocs\ThinkPhp\web\Runtime\Cache\Admin\5e569ad068c70ba99bd24050e5fc9bec.php 第 451 行.
NOTIC: [8] Undefined index: size D:\XAMPP\htdocs\ThinkPhp\web\Runtime\Cache\Admin\5e569ad068c70ba99bd24050e5fc9bec.php 第 452 行.
INFO: Run Behavior\ParseTemplateBehavior [ RunTime:0.016001s ]
INFO: [ view_parse ] --END-- [ RunTime:0.016001s ]
INFO: [ view_filter ] --START--
INFO: Run Behavior\WriteHtmlCacheBehavior [ RunTime:0.001000s ]
INFO: [ view_filter ] --END-- [ RunTime:0.001000s ]
INFO: [ app_end ] --START--
INFO: Run Behavior\ShowPageTraceBehavior [ RunTime:0.001000s ]
INFO: [ app_end ] --END-- [ RunTime:0.002001s ]

[ 2017-12-06T13:26:00+08:00 ] ::1 /ThinkPhp/index.php/Admin/Good/index/p/1.html
INFO: [ app_init ] --START--
INFO: Run Behavior\BuildLiteBehavior [ RunTime:0.000000s ]
INFO: [ app_init ] --END-- [ RunTime:0.001000s ]
INFO: [ app_begin ] --START--
INFO: Run Behavior\ReadHtmlCacheBehavior [ RunTime:0.001000s ]
INFO: [ app_begin ] --END-- [ RunTime:0.001000s ]
SQL: SHOW COLUMNS FROM `good` [ RunTime:0.0060s ]
SQL: SELECT COUNT(*) AS tp_count FROM `good` LIMIT 1   [ RunTime:0.0010s ]
SQL: SELECT good.*,pic.path,cate.cate FROM `good` INNER JOIN cate on good.cate_id=cate.id INNER JOIN pic on good.id=pic.good_id  GROUP BY pic.good_id LIMIT 0,4   [ RunTime:0.0060s ]
SQL: SHOW COLUMNS FROM `sku` [ RunTime:0.0040s ]
SQL: SELECT sku.*,pic.path FROM `sku` INNER JOIN pic on sku.id=pic.sku_id  WHERE ( sku.good_id=38 )  [ RunTime:0.0000s ]
SQL: SELECT sku.*,pic.path FROM `sku` INNER JOIN pic on sku.id=pic.sku_id  WHERE ( sku.good_id=40 )  [ RunTime:0.0000s ]
SQL: SELECT sku.*,pic.path FROM `sku` INNER JOIN pic on sku.id=pic.sku_id  WHERE ( sku.good_id=42 )  [ RunTime:0.0010s ]
SQL: SELECT sku.*,pic.path FROM `sku` INNER JOIN pic on sku.id=pic.sku_id  WHERE ( sku.good_id=44 )  [ RunTime:0.0010s ]
INFO: [ view_parse ] --START--
INFO: [ template_filter ] --START--
INFO: Run Behavior\ContentReplaceBehavior [ RunTime:0.001000s ]
INFO: [ template_filter ] --END-- [ RunTime:0.001000s ]
NOTIC: [8] Undefined index: success D:\XAMPP\htdocs\ThinkPhp\web\Runtime\Cache\Admin\5e569ad068c70ba99bd24050e5fc9bec.php 第 418 行.
NOTIC: [8] Undefined index: error D:\XAMPP\htdocs\ThinkPhp\web\Runtime\Cache\Admin\5e569ad068c70ba99bd24050e5fc9bec.php 第 425 行.
NOTIC: [8] Undefined index: size D:\XAMPP\htdocs\ThinkPhp\web\Runtime\Cache\Admin\5e569ad068c70ba99bd24050e5fc9bec.php 第 447 行.
NOTIC: [8] Undefined index: size D:\XAMPP\htdocs\ThinkPhp\web\Runtime\Cache\Admin\5e569ad068c70ba99bd24050e5fc9bec.php 第 448 行.
NOTIC: [8] Undefined index: size D:\XAMPP\htdocs\ThinkPhp\web\Runtime\Cache\Admin\5e569ad068c70ba99bd24050e5fc9bec.php 第 449 行.
NOTIC: [8] Undefined index: size D:\XAMPP\htdocs\ThinkPhp\web\Runtime\Cache\Admin\5e569ad068c70ba99bd24050e5fc9bec.php 第 450 行.
NOTIC: [8] Undefined index: size D:\XAMPP\htdocs\ThinkPhp\web\Runtime\Cache\Admin\5e569ad068c70ba99bd24050e5fc9bec.php 第 451 行.
NOTIC: [8] Undefined index: size D:\XAMPP\htdocs\ThinkPhp\web\Runtime\Cache\Admin\5e569ad068c70ba99bd24050e5fc9bec.php 第 452 行.
INFO: Run Behavior\ParseTemplateBehavior [ RunTime:0.015001s ]
INFO: [ view_parse ] --END-- [ RunTime:0.015001s ]
INFO: [ view_filter ] --START--
INFO: Run Behavior\WriteHtmlCacheBehavior [ RunTime:0.001000s ]
INFO: [ view_filter ] --END-- [ RunTime:0.001000s ]
INFO: [ app_end ] --START--
INFO: Run Behavior\ShowPageTraceBehavior [ RunTime:0.001000s ]
INFO: [ app_end ] --END-- [ RunTime:0.001000s ]

[ 2017-12-06T13:26:02+08:00 ] ::1 /ThinkPhp/index.php/Admin/Good/index/p/2.html
INFO: [ app_init ] --START--
INFO: Run Behavior\BuildLiteBehavior [ RunTime:0.000000s ]
INFO: [ app_init ] --END-- [ RunTime:0.000000s ]
INFO: [ app_begin ] --START--
INFO: Run Behavior\ReadHtmlCacheBehavior [ RunTime:0.001000s ]
INFO: [ app_begin ] --END-- [ RunTime:0.001000s ]
SQL: SHOW COLUMNS FROM `good` [ RunTime:0.0050s ]
SQL: SELECT COUNT(*) AS tp_count FROM `good` LIMIT 1   [ RunTime:0.0000s ]
SQL: SELECT good.*,pic.path,cate.cate FROM `good` INNER JOIN cate on good.cate_id=cate.id INNER JOIN pic on good.id=pic.good_id  GROUP BY pic.good_id LIMIT 4,4   [ RunTime:0.0050s ]
SQL: SHOW COLUMNS FROM `sku` [ RunTime:0.0040s ]
SQL: SELECT sku.*,pic.path FROM `sku` INNER JOIN pic on sku.id=pic.sku_id  WHERE ( sku.good_id=48 )  [ RunTime:0.0010s ]
SQL: SELECT sku.*,pic.path FROM `sku` INNER JOIN pic on sku.id=pic.sku_id  WHERE ( sku.good_id=49 )  [ RunTime:0.0000s ]
SQL: SELECT sku.*,pic.path FROM `sku` INNER JOIN pic on sku.id=pic.sku_id  WHERE ( sku.good_id=50 )  [ RunTime:0.0000s ]
SQL: SELECT sku.*,pic.path FROM `sku` INNER JOIN pic on sku.id=pic.sku_id  WHERE ( sku.good_id=51 )  [ RunTime:0.0010s ]
INFO: [ view_parse ] --START--
INFO: [ template_filter ] --START--
INFO: Run Behavior\ContentReplaceBehavior [ RunTime:0.000000s ]
INFO: [ template_filter ] --END-- [ RunTime:0.000000s ]
NOTIC: [8] Undefined index: success D:\XAMPP\htdocs\ThinkPhp\web\Runtime\Cache\Admin\5e569ad068c70ba99bd24050e5fc9bec.php 第 418 行.
NOTIC: [8] Undefined index: error D:\XAMPP\htdocs\ThinkPhp\web\Runtime\Cache\Admin\5e569ad068c70ba99bd24050e5fc9bec.php 第 425 行.
NOTIC: [8] Undefined index: size D:\XAMPP\htdocs\ThinkPhp\web\Runtime\Cache\Admin\5e569ad068c70ba99bd24050e5fc9bec.php 第 447 行.
NOTIC: [8] Undefined index: size D:\XAMPP\htdocs\ThinkPhp\web\Runtime\Cache\Admin\5e569ad068c70ba99bd24050e5fc9bec.php 第 448 行.
NOTIC: [8] Undefined index: size D:\XAMPP\htdocs\ThinkPhp\web\Runtime\Cache\Admin\5e569ad068c70ba99bd24050e5fc9bec.php 第 449 行.
NOTIC: [8] Undefined index: size D:\XAMPP\htdocs\ThinkPhp\web\Runtime\Cache\Admin\5e569ad068c70ba99bd24050e5fc9bec.php 第 450 行.
NOTIC: [8] Undefined index: size D:\XAMPP\htdocs\ThinkPhp\web\Runtime\Cache\Admin\5e569ad068c70ba99bd24050e5fc9bec.php 第 451 行.
NOTIC: [8] Undefined index: size D:\XAMPP\htdocs\ThinkPhp\web\Runtime\Cache\Admin\5e569ad068c70ba99bd24050e5fc9bec.php 第 452 行.
INFO: Run Behavior\ParseTemplateBehavior [ RunTime:0.015000s ]
INFO: [ view_parse ] --END-- [ RunTime:0.015000s ]
INFO: [ view_filter ] --START--
INFO: Run Behavior\WriteHtmlCacheBehavior [ RunTime:0.001001s ]
INFO: [ view_filter ] --END-- [ RunTime:0.001001s ]
INFO: [ app_end ] --START--
INFO: Run Behavior\ShowPageTraceBehavior [ RunTime:0.001000s ]
INFO: [ app_end ] --END-- [ RunTime:0.001000s ]

[ 2017-12-06T13:26:04+08:00 ] ::1 /ThinkPhp/index.php/Admin/Good/index/p/1.html
INFO: [ app_init ] --START--
INFO: Run Behavior\BuildLiteBehavior [ RunTime:0.000000s ]
INFO: [ app_init ] --END-- [ RunTime:0.001000s ]
INFO: [ app_begin ] --START--
INFO: Run Behavior\ReadHtmlCacheBehavior [ RunTime:0.001000s ]
INFO: [ app_begin ] --END-- [ RunTime:0.001000s ]
SQL: SHOW COLUMNS FROM `good` [ RunTime:0.0040s ]
SQL: SELECT COUNT(*) AS tp_count FROM `good` LIMIT 1   [ RunTime:0.0000s ]
SQL: SELECT good.*,pic.path,cate.cate FROM `good` INNER JOIN cate on good.cate_id=cate.id INNER JOIN pic on good.id=pic.good_id  GROUP BY pic.good_id LIMIT 0,4   [ RunTime:0.0050s ]
SQL: SHOW COLUMNS FROM `sku` [ RunTime:0.0040s ]
SQL: SELECT sku.*,pic.path FROM `sku` INNER JOIN pic on sku.id=pic.sku_id  WHERE ( sku.good_id=38 )  [ RunTime:0.0010s ]
SQL: SELECT sku.*,pic.path FROM `sku` INNER JOIN pic on sku.id=pic.sku_id  WHERE ( sku.good_id=40 )  [ RunTime:0.0010s ]
SQL: SELECT sku.*,pic.path FROM `sku` INNER JOIN pic on sku.id=pic.sku_id  WHERE ( sku.good_id=42 )  [ RunTime:0.0010s ]
SQL: SELECT sku.*,pic.path FROM `sku` INNER JOIN pic on sku.id=pic.sku_id  WHERE ( sku.good_id=44 )  [ RunTime:0.0010s ]
INFO: [ view_parse ] --START--
INFO: [ template_filter ] --START--
INFO: Run Behavior\ContentReplaceBehavior [ RunTime:0.000000s ]
INFO: [ template_filter ] --END-- [ RunTime:0.000000s ]
NOTIC: [8] Undefined index: success D:\XAMPP\htdocs\ThinkPhp\web\Runtime\Cache\Admin\5e569ad068c70ba99bd24050e5fc9bec.php 第 418 行.
NOTIC: [8] Undefined index: error D:\XAMPP\htdocs\ThinkPhp\web\Runtime\Cache\Admin\5e569ad068c70ba99bd24050e5fc9bec.php 第 425 行.
NOTIC: [8] Undefined index: size D:\XAMPP\htdocs\ThinkPhp\web\Runtime\Cache\Admin\5e569ad068c70ba99bd24050e5fc9bec.php 第 447 行.
NOTIC: [8] Undefined index: size D:\XAMPP\htdocs\ThinkPhp\web\Runtime\Cache\Admin\5e569ad068c70ba99bd24050e5fc9bec.php 第 448 行.
NOTIC: [8] Undefined index: size D:\XAMPP\htdocs\ThinkPhp\web\Runtime\Cache\Admin\5e569ad068c70ba99bd24050e5fc9bec.php 第 449 行.
NOTIC: [8] Undefined index: size D:\XAMPP\htdocs\ThinkPhp\web\Runtime\Cache\Admin\5e569ad068c70ba99bd24050e5fc9bec.php 第 450 行.
NOTIC: [8] Undefined index: size D:\XAMPP\htdocs\ThinkPhp\web\Runtime\Cache\Admin\5e569ad068c70ba99bd24050e5fc9bec.php 第 451 行.
NOTIC: [8] Undefined index: size D:\XAMPP\htdocs\ThinkPhp\web\Runtime\Cache\Admin\5e569ad068c70ba99bd24050e5fc9bec.php 第 452 行.
INFO: Run Behavior\ParseTemplateBehavior [ RunTime:0.015001s ]
INFO: [ view_parse ] --END-- [ RunTime:0.015001s ]
INFO: [ view_filter ] --START--
INFO: Run Behavior\WriteHtmlCacheBehavior [ RunTime:0.001000s ]
INFO: [ view_filter ] --END-- [ RunTime:0.001000s ]
INFO: [ app_end ] --START--
INFO: Run Behavior\ShowPageTraceBehavior [ RunTime:0.001000s ]
INFO: [ app_end ] --END-- [ RunTime:0.001000s ]

[ 2017-12-06T13:26:06+08:00 ] ::1 /ThinkPhp/index.php/Admin/Good/index/p/3.html
INFO: [ app_init ] --START--
INFO: Run Behavior\BuildLiteBehavior [ RunTime:0.000000s ]
INFO: [ app_init ] --END-- [ RunTime:0.000000s ]
INFO: [ app_begin ] --START--
INFO: Run Behavior\ReadHtmlCacheBehavior [ RunTime:0.001000s ]
INFO: [ app_begin ] --END-- [ RunTime:0.001000s ]
SQL: SHOW COLUMNS FROM `good` [ RunTime:0.0050s ]
SQL: SELECT COUNT(*) AS tp_count FROM `good` LIMIT 1   [ RunTime:0.0000s ]
SQL: SELECT good.*,pic.path,cate.cate FROM `good` INNER JOIN cate on good.cate_id=cate.id INNER JOIN pic on good.id=pic.good_id  GROUP BY pic.good_id LIMIT 8,4   [ RunTime:0.0050s ]
SQL: SHOW COLUMNS FROM `sku` [ RunTime:0.0040s ]
SQL: SELECT sku.*,pic.path FROM `sku` INNER JOIN pic on sku.id=pic.sku_id  WHERE ( sku.good_id=52 )  [ RunTime:0.0010s ]
SQL: SELECT sku.*,pic.path FROM `sku` INNER JOIN pic on sku.id=pic.sku_id  WHERE ( sku.good_id=53 )  [ RunTime:0.0000s ]
SQL: SELECT sku.*,pic.path FROM `sku` INNER JOIN pic on sku.id=pic.sku_id  WHERE ( sku.good_id=54 )  [ RunTime:0.0000s ]
SQL: SELECT sku.*,pic.path FROM `sku` INNER JOIN pic on sku.id=pic.sku_id  WHERE ( sku.good_id=55 )  [ RunTime:0.0010s ]
INFO: [ view_parse ] --START--
INFO: [ template_filter ] --START--
INFO: Run Behavior\ContentReplaceBehavior [ RunTime:0.000000s ]
INFO: [ template_filter ] --END-- [ RunTime:0.000000s ]
NOTIC: [8] Undefined index: success D:\XAMPP\htdocs\ThinkPhp\web\Runtime\Cache\Admin\5e569ad068c70ba99bd24050e5fc9bec.php 第 418 行.
NOTIC: [8] Undefined index: error D:\XAMPP\htdocs\ThinkPhp\web\Runtime\Cache\Admin\5e569ad068c70ba99bd24050e5fc9bec.php 第 425 行.
NOTIC: [8] Undefined index: size D:\XAMPP\htdocs\ThinkPhp\web\Runtime\Cache\Admin\5e569ad068c70ba99bd24050e5fc9bec.php 第 447 行.
NOTIC: [8] Undefined index: size D:\XAMPP\htdocs\ThinkPhp\web\Runtime\Cache\Admin\5e569ad068c70ba99bd24050e5fc9bec.php 第 448 行.
NOTIC: [8] Undefined index: size D:\XAMPP\htdocs\ThinkPhp\web\Runtime\Cache\Admin\5e569ad068c70ba99bd24050e5fc9bec.php 第 449 行.
NOTIC: [8] Undefined index: size D:\XAMPP\htdocs\ThinkPhp\web\Runtime\Cache\Admin\5e569ad068c70ba99bd24050e5fc9bec.php 第 450 行.
NOTIC: [8] Undefined index: size D:\XAMPP\htdocs\ThinkPhp\web\Runtime\Cache\Admin\5e569ad068c70ba99bd24050e5fc9bec.php 第 451 行.
NOTIC: [8] Undefined index: size D:\XAMPP\htdocs\ThinkPhp\web\Runtime\Cache\Admin\5e569ad068c70ba99bd24050e5fc9bec.php 第 452 行.
INFO: Run Behavior\ParseTemplateBehavior [ RunTime:0.013001s ]
INFO: [ view_parse ] --END-- [ RunTime:0.013001s ]
INFO: [ view_filter ] --START--
INFO: Run Behavior\WriteHtmlCacheBehavior [ RunTime:0.000000s ]
INFO: [ view_filter ] --END-- [ RunTime:0.001000s ]
INFO: [ app_end ] --START--
INFO: Run Behavior\ShowPageTraceBehavior [ RunTime:0.001000s ]
INFO: [ app_end ] --END-- [ RunTime:0.001000s ]

[ 2017-12-06T13:26:08+08:00 ] ::1 /ThinkPhp/index.php/Admin/Good/index/p/1.html
INFO: [ app_init ] --START--
INFO: Run Behavior\BuildLiteBehavior [ RunTime:0.000000s ]
INFO: [ app_init ] --END-- [ RunTime:0.001000s ]
INFO: [ app_begin ] --START--
INFO: Run Behavior\ReadHtmlCacheBehavior [ RunTime:0.002000s ]
INFO: [ app_begin ] --END-- [ RunTime:0.002000s ]
SQL: SHOW COLUMNS FROM `good` [ RunTime:0.0050s ]
SQL: SELECT COUNT(*) AS tp_count FROM `good` LIMIT 1   [ RunTime:0.0000s ]
SQL: SELECT good.*,pic.path,cate.cate FROM `good` INNER JOIN cate on good.cate_id=cate.id INNER JOIN pic on good.id=pic.good_id  GROUP BY pic.good_id LIMIT 0,4   [ RunTime:0.0050s ]
SQL: SHOW COLUMNS FROM `sku` [ RunTime:0.0050s ]
SQL: SELECT sku.*,pic.path FROM `sku` INNER JOIN pic on sku.id=pic.sku_id  WHERE ( sku.good_id=38 )  [ RunTime:0.0020s ]
SQL: SELECT sku.*,pic.path FROM `sku` INNER JOIN pic on sku.id=pic.sku_id  WHERE ( sku.good_id=40 )  [ RunTime:0.0000s ]
SQL: SELECT sku.*,pic.path FROM `sku` INNER JOIN pic on sku.id=pic.sku_id  WHERE ( sku.good_id=42 )  [ RunTime:0.0030s ]
SQL: SELECT sku.*,pic.path FROM `sku` INNER JOIN pic on sku.id=pic.sku_id  WHERE ( sku.good_id=44 )  [ RunTime:0.0140s ]
INFO: [ view_parse ] --START--
INFO: [ template_filter ] --START--
INFO: Run Behavior\ContentReplaceBehavior [ RunTime:0.000000s ]
INFO: [ template_filter ] --END-- [ RunTime:0.000000s ]
NOTIC: [8] Undefined index: success D:\XAMPP\htdocs\ThinkPhp\web\Runtime\Cache\Admin\5e569ad068c70ba99bd24050e5fc9bec.php 第 418 行.
NOTIC: [8] Undefined index: error D:\XAMPP\htdocs\ThinkPhp\web\Runtime\Cache\Admin\5e569ad068c70ba99bd24050e5fc9bec.php 第 425 行.
NOTIC: [8] Undefined index: size D:\XAMPP\htdocs\ThinkPhp\web\Runtime\Cache\Admin\5e569ad068c70ba99bd24050e5fc9bec.php 第 447 行.
NOTIC: [8] Undefined index: size D:\XAMPP\htdocs\ThinkPhp\web\Runtime\Cache\Admin\5e569ad068c70ba99bd24050e5fc9bec.php 第 448 行.
NOTIC: [8] Undefined index: size D:\XAMPP\htdocs\ThinkPhp\web\Runtime\Cache\Admin\5e569ad068c70ba99bd24050e5fc9bec.php 第 449 行.
NOTIC: [8] Undefined index: size D:\XAMPP\htdocs\ThinkPhp\web\Runtime\Cache\Admin\5e569ad068c70ba99bd24050e5fc9bec.php 第 450 行.
NOTIC: [8] Undefined index: size D:\XAMPP\htdocs\ThinkPhp\web\Runtime\Cache\Admin\5e569ad068c70ba99bd24050e5fc9bec.php 第 451 行.
NOTIC: [8] Undefined index: size D:\XAMPP\htdocs\ThinkPhp\web\Runtime\Cache\Admin\5e569ad068c70ba99bd24050e5fc9bec.php 第 452 行.
INFO: Run Behavior\ParseTemplateBehavior [ RunTime:0.014001s ]
INFO: [ view_parse ] --END-- [ RunTime:0.014001s ]
INFO: [ view_filter ] --START--
INFO: Run Behavior\WriteHtmlCacheBehavior [ RunTime:0.000000s ]
INFO: [ view_filter ] --END-- [ RunTime:0.000000s ]
INFO: [ app_end ] --START--
INFO: Run Behavior\ShowPageTraceBehavior [ RunTime:0.001000s ]
INFO: [ app_end ] --END-- [ RunTime:0.001000s ]

[ 2017-12-06T13:26:13+08:00 ] ::1 /ThinkPhp/index.php/Admin/Good/index/p/1.html
INFO: [ app_init ] --START--
INFO: Run Behavior\BuildLiteBehavior [ RunTime:0.000000s ]
INFO: [ app_init ] --END-- [ RunTime:0.001001s ]
INFO: [ app_begin ] --START--
INFO: Run Behavior\ReadHtmlCacheBehavior [ RunTime:0.002000s ]
INFO: [ app_begin ] --END-- [ RunTime:0.002000s ]
SQL: SHOW COLUMNS FROM `good` [ RunTime:0.0060s ]
SQL: SELECT COUNT(*) AS tp_count FROM `good` LIMIT 1   [ RunTime:0.0000s ]
SQL: SELECT good.*,pic.path,cate.cate FROM `good` INNER JOIN cate on good.cate_id=cate.id INNER JOIN pic on good.id=pic.good_id  GROUP BY pic.good_id LIMIT 0,4   [ RunTime:0.0050s ]
SQL: SHOW COLUMNS FROM `sku` [ RunTime:0.0050s ]
SQL: SELECT sku.*,pic.path FROM `sku` INNER JOIN pic on sku.id=pic.sku_id  WHERE ( sku.good_id=38 )  [ RunTime:0.0010s ]
SQL: SELECT sku.*,pic.path FROM `sku` INNER JOIN pic on sku.id=pic.sku_id  WHERE ( sku.good_id=40 )  [ RunTime:0.0000s ]
SQL: SELECT sku.*,pic.path FROM `sku` INNER JOIN pic on sku.id=pic.sku_id  WHERE ( sku.good_id=42 )  [ RunTime:0.0010s ]
SQL: SELECT sku.*,pic.path FROM `sku` INNER JOIN pic on sku.id=pic.sku_id  WHERE ( sku.good_id=44 )  [ RunTime:0.0010s ]
INFO: [ view_parse ] --START--
INFO: [ template_filter ] --START--
INFO: Run Behavior\ContentReplaceBehavior [ RunTime:0.000000s ]
INFO: [ template_filter ] --END-- [ RunTime:0.000000s ]
NOTIC: [8] Undefined index: success D:\XAMPP\htdocs\ThinkPhp\web\Runtime\Cache\Admin\5e569ad068c70ba99bd24050e5fc9bec.php 第 418 行.
NOTIC: [8] Undefined index: error D:\XAMPP\htdocs\ThinkPhp\web\Runtime\Cache\Admin\5e569ad068c70ba99bd24050e5fc9bec.php 第 425 行.
NOTIC: [8] Undefined index: size D:\XAMPP\htdocs\ThinkPhp\web\Runtime\Cache\Admin\5e569ad068c70ba99bd24050e5fc9bec.php 第 447 行.
NOTIC: [8] Undefined index: size D:\XAMPP\htdocs\ThinkPhp\web\Runtime\Cache\Admin\5e569ad068c70ba99bd24050e5fc9bec.php 第 448 行.
NOTIC: [8] Undefined index: size D:\XAMPP\htdocs\ThinkPhp\web\Runtime\Cache\Admin\5e569ad068c70ba99bd24050e5fc9bec.php 第 449 行.
NOTIC: [8] Undefined index: size D:\XAMPP\htdocs\ThinkPhp\web\Runtime\Cache\Admin\5e569ad068c70ba99bd24050e5fc9bec.php 第 450 行.
NOTIC: [8] Undefined index: size D:\XAMPP\htdocs\ThinkPhp\web\Runtime\Cache\Admin\5e569ad068c70ba99bd24050e5fc9bec.php 第 451 行.
NOTIC: [8] Undefined index: size D:\XAMPP\htdocs\ThinkPhp\web\Runtime\Cache\Admin\5e569ad068c70ba99bd24050e5fc9bec.php 第 452 行.
INFO: Run Behavior\ParseTemplateBehavior [ RunTime:0.012000s ]
INFO: [ view_parse ] --END-- [ RunTime:0.012000s ]
INFO: [ view_filter ] --START--
INFO: Run Behavior\WriteHtmlCacheBehavior [ RunTime:0.001000s ]
INFO: [ view_filter ] --END-- [ RunTime:0.001000s ]
INFO: [ app_end ] --START--
INFO: Run Behavior\ShowPageTraceBehavior [ RunTime:0.001000s ]
INFO: [ app_end ] --END-- [ RunTime:0.002000s ]

[ 2017-12-06T13:26:15+08:00 ] ::1 /ThinkPhp/index.php/Admin/Good/index?size=14&name=
INFO: [ app_init ] --START--
INFO: Run Behavior\BuildLiteBehavior [ RunTime:0.000000s ]
INFO: [ app_init ] --END-- [ RunTime:0.001000s ]
INFO: [ app_begin ] --START--
INFO: Run Behavior\ReadHtmlCacheBehavior [ RunTime:0.002000s ]
INFO: [ app_begin ] --END-- [ RunTime:0.002000s ]
SQL: SHOW COLUMNS FROM `good` [ RunTime:0.0060s ]
SQL: SELECT COUNT(*) AS tp_count FROM `good` WHERE ( name like "%%" ) LIMIT 1   [ RunTime:0.0010s ]
SQL: SELECT good.*,pic.path,cate.cate FROM `good` INNER JOIN cate on good.cate_id=cate.id INNER JOIN pic on good.id=pic.good_id  WHERE ( name like "%%" ) GROUP BY pic.good_id LIMIT 0,14   [ RunTime:0.0050s ]
SQL: SHOW COLUMNS FROM `sku` [ RunTime:0.0040s ]
SQL: SELECT sku.*,pic.path FROM `sku` INNER JOIN pic on sku.id=pic.sku_id  WHERE ( sku.good_id=38 )  [ RunTime:0.0010s ]
SQL: SELECT sku.*,pic.path FROM `sku` INNER JOIN pic on sku.id=pic.sku_id  WHERE ( sku.good_id=40 )  [ RunTime:0.0000s ]
SQL: SELECT sku.*,pic.path FROM `sku` INNER JOIN pic on sku.id=pic.sku_id  WHERE ( sku.good_id=42 )  [ RunTime:0.0010s ]
SQL: SELECT sku.*,pic.path FROM `sku` INNER JOIN pic on sku.id=pic.sku_id  WHERE ( sku.good_id=44 )  [ RunTime:0.0000s ]
SQL: SELECT sku.*,pic.path FROM `sku` INNER JOIN pic on sku.id=pic.sku_id  WHERE ( sku.good_id=48 )  [ RunTime:0.0000s ]
SQL: SELECT sku.*,pic.path FROM `sku` INNER JOIN pic on sku.id=pic.sku_id  WHERE ( sku.good_id=49 )  [ RunTime:0.0010s ]
SQL: SELECT sku.*,pic.path FROM `sku` INNER JOIN pic on sku.id=pic.sku_id  WHERE ( sku.good_id=50 )  [ RunTime:0.0010s ]
SQL: SELECT sku.*,pic.path FROM `sku` INNER JOIN pic on sku.id=pic.sku_id  WHERE ( sku.good_id=51 )  [ RunTime:0.0010s ]
SQL: SELECT sku.*,pic.path FROM `sku` INNER JOIN pic on sku.id=pic.sku_id  WHERE ( sku.good_id=52 )  [ RunTime:0.0000s ]
SQL: SELECT sku.*,pic.path FROM `sku` INNER JOIN pic on sku.id=pic.sku_id  WHERE ( sku.good_id=53 )  [ RunTime:0.0000s ]
SQL: SELECT sku.*,pic.path FROM `sku` INNER JOIN pic on sku.id=pic.sku_id  WHERE ( sku.good_id=54 )  [ RunTime:0.0010s ]
SQL: SELECT sku.*,pic.path FROM `sku` INNER JOIN pic on sku.id=pic.sku_id  WHERE ( sku.good_id=55 )  [ RunTime:0.0000s ]
INFO: [ view_parse ] --START--
INFO: [ template_filter ] --START--
INFO: Run Behavior\ContentReplaceBehavior [ RunTime:0.000000s ]
INFO: [ template_filter ] --END-- [ RunTime:0.000000s ]
NOTIC: [8] Undefined index: success D:\XAMPP\htdocs\ThinkPhp\web\Runtime\Cache\Admin\5e569ad068c70ba99bd24050e5fc9bec.php 第 418 行.
NOTIC: [8] Undefined index: error D:\XAMPP\htdocs\ThinkPhp\web\Runtime\Cache\Admin\5e569ad068c70ba99bd24050e5fc9bec.php 第 425 行.
INFO: Run Behavior\ParseTemplateBehavior [ RunTime:0.013001s ]
INFO: [ view_parse ] --END-- [ RunTime:0.013001s ]
INFO: [ view_filter ] --START--
INFO: Run Behavior\WriteHtmlCacheBehavior [ RunTime:0.001000s ]
INFO: [ view_filter ] --END-- [ RunTime:0.001000s ]
INFO: [ app_end ] --START--
INFO: Run Behavior\ShowPageTraceBehavior [ RunTime:0.002000s ]
INFO: [ app_end ] --END-- [ RunTime:0.002000s ]

[ 2017-12-06T13:26:21+08:00 ] ::1 /ThinkPhp/index.php/Admin/Good/index?size=14&name=
INFO: [ app_init ] --START--
INFO: Run Behavior\BuildLiteBehavior [ RunTime:0.000000s ]
INFO: [ app_init ] --END-- [ RunTime:0.001000s ]
INFO: [ app_begin ] --START--
INFO: Run Behavior\ReadHtmlCacheBehavior [ RunTime:0.001000s ]
INFO: [ app_begin ] --END-- [ RunTime:0.001000s ]
SQL: SHOW COLUMNS FROM `good` [ RunTime:0.0050s ]
SQL: SELECT COUNT(*) AS tp_count FROM `good` WHERE ( name like "%%" ) LIMIT 1   [ RunTime:0.0010s ]
SQL: SELECT good.*,pic.path,cate.cate FROM `good` INNER JOIN cate on good.cate_id=cate.id INNER JOIN pic on good.id=pic.good_id  WHERE ( name like "%%" ) GROUP BY pic.good_id LIMIT 0,14   [ RunTime:0.0050s ]
SQL: SHOW COLUMNS FROM `sku` [ RunTime:0.0040s ]
SQL: SELECT sku.*,pic.path FROM `sku` INNER JOIN pic on sku.id=pic.sku_id  WHERE ( sku.good_id=38 )  [ RunTime:0.0010s ]
SQL: SELECT sku.*,pic.path FROM `sku` INNER JOIN pic on sku.id=pic.sku_id  WHERE ( sku.good_id=40 )  [ RunTime:0.0000s ]
SQL: SELECT sku.*,pic.path FROM `sku` INNER JOIN pic on sku.id=pic.sku_id  WHERE ( sku.good_id=42 )  [ RunTime:0.0010s ]
SQL: SELECT sku.*,pic.path FROM `sku` INNER JOIN pic on sku.id=pic.sku_id  WHERE ( sku.good_id=44 )  [ RunTime:0.0010s ]
SQL: SELECT sku.*,pic.path FROM `sku` INNER JOIN pic on sku.id=pic.sku_id  WHERE ( sku.good_id=48 )  [ RunTime:0.0010s ]
SQL: SELECT sku.*,pic.path FROM `sku` INNER JOIN pic on sku.id=pic.sku_id  WHERE ( sku.good_id=49 )  [ RunTime:0.0010s ]
SQL: SELECT sku.*,pic.path FROM `sku` INNER JOIN pic on sku.id=pic.sku_id  WHERE ( sku.good_id=50 )  [ RunTime:0.0010s ]
SQL: SELECT sku.*,pic.path FROM `sku` INNER JOIN pic on sku.id=pic.sku_id  WHERE ( sku.good_id=51 )  [ RunTime:0.0010s ]
SQL: SELECT sku.*,pic.path FROM `sku` INNER JOIN pic on sku.id=pic.sku_id  WHERE ( sku.good_id=52 )  [ RunTime:0.0010s ]
SQL: SELECT sku.*,pic.path FROM `sku` INNER JOIN pic on sku.id=pic.sku_id  WHERE ( sku.good_id=53 )  [ RunTime:0.0000s ]
SQL: SELECT sku.*,pic.path FROM `sku` INNER JOIN pic on sku.id=pic.sku_id  WHERE ( sku.good_id=54 )  [ RunTime:0.0010s ]
SQL: SELECT sku.*,pic.path FROM `sku` INNER JOIN pic on sku.id=pic.sku_id  WHERE ( sku.good_id=55 )  [ RunTime:0.0010s ]
INFO: [ view_parse ] --START--
INFO: [ template_filter ] --START--
INFO: Run Behavior\ContentReplaceBehavior [ RunTime:0.000000s ]
INFO: [ template_filter ] --END-- [ RunTime:0.001000s ]
NOTIC: [8] Undefined index: success D:\XAMPP\htdocs\ThinkPhp\web\Runtime\Cache\Admin\5e569ad068c70ba99bd24050e5fc9bec.php 第 418 行.
NOTIC: [8] Undefined index: error D:\XAMPP\htdocs\ThinkPhp\web\Runtime\Cache\Admin\5e569ad068c70ba99bd24050e5fc9bec.php 第 425 行.
INFO: Run Behavior\ParseTemplateBehavior [ RunTime:0.014000s ]
INFO: [ view_parse ] --END-- [ RunTime:0.014000s ]
INFO: [ view_filter ] --START--
INFO: Run Behavior\WriteHtmlCacheBehavior [ RunTime:0.001000s ]
INFO: [ view_filter ] --END-- [ RunTime:0.001000s ]
INFO: [ app_end ] --START--
INFO: Run Behavior\ShowPageTraceBehavior [ RunTime:0.001000s ]
INFO: [ app_end ] --END-- [ RunTime:0.001000s ]

[ 2017-12-06T13:26:23+08:00 ] ::1 /ThinkPhp/index.php/Admin/Good/index?size=14&name=
INFO: [ app_init ] --START--
INFO: Run Behavior\BuildLiteBehavior [ RunTime:0.000000s ]
INFO: [ app_init ] --END-- [ RunTime:0.001000s ]
INFO: [ app_begin ] --START--
INFO: Run Behavior\ReadHtmlCacheBehavior [ RunTime:0.000000s ]
INFO: [ app_begin ] --END-- [ RunTime:0.000000s ]
SQL: SHOW COLUMNS FROM `good` [ RunTime:0.0050s ]
SQL: SELECT COUNT(*) AS tp_count FROM `good` WHERE ( name like "%%" ) LIMIT 1   [ RunTime:0.0000s ]
SQL: SELECT good.*,pic.path,cate.cate FROM `good` INNER JOIN cate on good.cate_id=cate.id INNER JOIN pic on good.id=pic.good_id  WHERE ( name like "%%" ) GROUP BY pic.good_id LIMIT 0,14   [ RunTime:0.0050s ]
SQL: SHOW COLUMNS FROM `sku` [ RunTime:0.0060s ]
SQL: SELECT sku.*,pic.path FROM `sku` INNER JOIN pic on sku.id=pic.sku_id  WHERE ( sku.good_id=38 )  [ RunTime:0.0010s ]
SQL: SELECT sku.*,pic.path FROM `sku` INNER JOIN pic on sku.id=pic.sku_id  WHERE ( sku.good_id=40 )  [ RunTime:0.0010s ]
SQL: SELECT sku.*,pic.path FROM `sku` INNER JOIN pic on sku.id=pic.sku_id  WHERE ( sku.good_id=42 )  [ RunTime:0.0010s ]
SQL: SELECT sku.*,pic.path FROM `sku` INNER JOIN pic on sku.id=pic.sku_id  WHERE ( sku.good_id=44 )  [ RunTime:0.0000s ]
SQL: SELECT sku.*,pic.path FROM `sku` INNER JOIN pic on sku.id=pic.sku_id  WHERE ( sku.good_id=48 )  [ RunTime:0.0010s ]
SQL: SELECT sku.*,pic.path FROM `sku` INNER JOIN pic on sku.id=pic.sku_id  WHERE ( sku.good_id=49 )  [ RunTime:0.0010s ]
SQL: SELECT sku.*,pic.path FROM `sku` INNER JOIN pic on sku.id=pic.sku_id  WHERE ( sku.good_id=50 )  [ RunTime:0.0010s ]
SQL: SELECT sku.*,pic.path FROM `sku` INNER JOIN pic on sku.id=pic.sku_id  WHERE ( sku.good_id=51 )  [ RunTime:0.0010s ]
SQL: SELECT sku.*,pic.path FROM `sku` INNER JOIN pic on sku.id=pic.sku_id  WHERE ( sku.good_id=52 )  [ RunTime:0.0010s ]
SQL: SELECT sku.*,pic.path FROM `sku` INNER JOIN pic on sku.id=pic.sku_id  WHERE ( sku.good_id=53 )  [ RunTime:0.0010s ]
SQL: SELECT sku.*,pic.path FROM `sku` INNER JOIN pic on sku.id=pic.sku_id  WHERE ( sku.good_id=54 )  [ RunTime:0.0010s ]
SQL: SELECT sku.*,pic.path FROM `sku` INNER JOIN pic on sku.id=pic.sku_id  WHERE ( sku.good_id=55 )  [ RunTime:0.0010s ]
INFO: [ view_parse ] --START--
INFO: [ template_filter ] --START--
INFO: Run Behavior\ContentReplaceBehavior [ RunTime:0.000000s ]
INFO: [ template_filter ] --END-- [ RunTime:0.000000s ]
NOTIC: [8] Undefined index: success D:\XAMPP\htdocs\ThinkPhp\web\Runtime\Cache\Admin\5e569ad068c70ba99bd24050e5fc9bec.php 第 418 行.
NOTIC: [8] Undefined index: error D:\XAMPP\htdocs\ThinkPhp\web\Runtime\Cache\Admin\5e569ad068c70ba99bd24050e5fc9bec.php 第 425 行.
INFO: Run Behavior\ParseTemplateBehavior [ RunTime:0.013001s ]
INFO: [ view_parse ] --END-- [ RunTime:0.013001s ]
INFO: [ view_filter ] --START--
INFO: Run Behavior\WriteHtmlCacheBehavior [ RunTime:0.000000s ]
INFO: [ view_filter ] --END-- [ RunTime:0.001000s ]
INFO: [ app_end ] --START--
INFO: Run Behavior\ShowPageTraceBehavior [ RunTime:0.001000s ]
INFO: [ app_end ] --END-- [ RunTime:0.001000s ]

[ 2017-12-06T13:26:23+08:00 ] ::1 /ThinkPhp/index.php/Admin/Good/index?size=14&name=
INFO: [ app_init ] --START--
INFO: Run Behavior\BuildLiteBehavior [ RunTime:0.000000s ]
INFO: [ app_init ] --END-- [ RunTime:0.003000s ]
INFO: [ app_begin ] --START--
INFO: Run Behavior\ReadHtmlCacheBehavior [ RunTime:0.001000s ]
INFO: [ app_begin ] --END-- [ RunTime:0.002000s ]
SQL: SHOW COLUMNS FROM `good` [ RunTime:0.0060s ]
SQL: SELECT COUNT(*) AS tp_count FROM `good` WHERE ( name like "%%" ) LIMIT 1   [ RunTime:0.0010s ]
SQL: SELECT good.*,pic.path,cate.cate FROM `good` INNER JOIN cate on good.cate_id=cate.id INNER JOIN pic on good.id=pic.good_id  WHERE ( name like "%%" ) GROUP BY pic.good_id LIMIT 0,14   [ RunTime:0.0060s ]
SQL: SHOW COLUMNS FROM `sku` [ RunTime:0.0050s ]
SQL: SELECT sku.*,pic.path FROM `sku` INNER JOIN pic on sku.id=pic.sku_id  WHERE ( sku.good_id=38 )  [ RunTime:0.0010s ]
SQL: SELECT sku.*,pic.path FROM `sku` INNER JOIN pic on sku.id=pic.sku_id  WHERE ( sku.good_id=40 )  [ RunTime:0.0010s ]
SQL: SELECT sku.*,pic.path FROM `sku` INNER JOIN pic on sku.id=pic.sku_id  WHERE ( sku.good_id=42 )  [ RunTime:0.0010s ]
SQL: SELECT sku.*,pic.path FROM `sku` INNER JOIN pic on sku.id=pic.sku_id  WHERE ( sku.good_id=44 )  [ RunTime:0.0020s ]
SQL: SELECT sku.*,pic.path FROM `sku` INNER JOIN pic on sku.id=pic.sku_id  WHERE ( sku.good_id=48 )  [ RunTime:0.0010s ]
SQL: SELECT sku.*,pic.path FROM `sku` INNER JOIN pic on sku.id=pic.sku_id  WHERE ( sku.good_id=49 )  [ RunTime:0.0010s ]
SQL: SELECT sku.*,pic.path FROM `sku` INNER JOIN pic on sku.id=pic.sku_id  WHERE ( sku.good_id=50 )  [ RunTime:0.0010s ]
SQL: SELECT sku.*,pic.path FROM `sku` INNER JOIN pic on sku.id=pic.sku_id  WHERE ( sku.good_id=51 )  [ RunTime:0.0010s ]
SQL: SELECT sku.*,pic.path FROM `sku` INNER JOIN pic on sku.id=pic.sku_id  WHERE ( sku.good_id=52 )  [ RunTime:0.0010s ]
SQL: SELECT sku.*,pic.path FROM `sku` INNER JOIN pic on sku.id=pic.sku_id  WHERE ( sku.good_id=53 )  [ RunTime:0.0000s ]
SQL: SELECT sku.*,pic.path FROM `sku` INNER JOIN pic on sku.id=pic.sku_id  WHERE ( sku.good_id=54 )  [ RunTime:0.0000s ]
SQL: SELECT sku.*,pic.path FROM `sku` INNER JOIN pic on sku.id=pic.sku_id  WHERE ( sku.good_id=55 )  [ RunTime:0.0010s ]
INFO: [ view_parse ] --START--
INFO: [ template_filter ] --START--
INFO: Run Behavior\ContentReplaceBehavior [ RunTime:0.000000s ]
INFO: [ template_filter ] --END-- [ RunTime:0.000000s ]
NOTIC: [8] Undefined index: success D:\XAMPP\htdocs\ThinkPhp\web\Runtime\Cache\Admin\5e569ad068c70ba99bd24050e5fc9bec.php 第 418 行.
NOTIC: [8] Undefined index: error D:\XAMPP\htdocs\ThinkPhp\web\Runtime\Cache\Admin\5e569ad068c70ba99bd24050e5fc9bec.php 第 425 行.
INFO: Run Behavior\ParseTemplateBehavior [ RunTime:0.016001s ]
INFO: [ view_parse ] --END-- [ RunTime:0.016001s ]
INFO: [ view_filter ] --START--
INFO: Run Behavior\WriteHtmlCacheBehavior [ RunTime:0.001000s ]
INFO: [ view_filter ] --END-- [ RunTime:0.001000s ]
INFO: [ app_end ] --START--
INFO: Run Behavior\ShowPageTraceBehavior [ RunTime:0.002000s ]
INFO: [ app_end ] --END-- [ RunTime:0.002000s ]

[ 2017-12-06T13:26:25+08:00 ] ::1 /ThinkPhp/index.php/Admin/Good/index?size=2&name=
INFO: [ app_init ] --START--
INFO: Run Behavior\BuildLiteBehavior [ RunTime:0.000000s ]
INFO: [ app_init ] --END-- [ RunTime:0.002000s ]
INFO: [ app_begin ] --START--
INFO: Run Behavior\ReadHtmlCacheBehavior [ RunTime:0.002000s ]
INFO: [ app_begin ] --END-- [ RunTime:0.002000s ]
SQL: SHOW COLUMNS FROM `good` [ RunTime:0.0050s ]
SQL: SELECT COUNT(*) AS tp_count FROM `good` WHERE ( name like "%%" ) LIMIT 1   [ RunTime:0.0000s ]
SQL: SELECT good.*,pic.path,cate.cate FROM `good` INNER JOIN cate on good.cate_id=cate.id INNER JOIN pic on good.id=pic.good_id  WHERE ( name like "%%" ) GROUP BY pic.good_id LIMIT 0,2   [ RunTime:0.0040s ]
SQL: SHOW COLUMNS FROM `sku` [ RunTime:0.0040s ]
SQL: SELECT sku.*,pic.path FROM `sku` INNER JOIN pic on sku.id=pic.sku_id  WHERE ( sku.good_id=38 )  [ RunTime:0.0010s ]
SQL: SELECT sku.*,pic.path FROM `sku` INNER JOIN pic on sku.id=pic.sku_id  WHERE ( sku.good_id=40 )  [ RunTime:0.0000s ]
INFO: [ view_parse ] --START--
INFO: [ template_filter ] --START--
INFO: Run Behavior\ContentReplaceBehavior [ RunTime:0.000000s ]
INFO: [ template_filter ] --END-- [ RunTime:0.000000s ]
NOTIC: [8] Undefined index: success D:\XAMPP\htdocs\ThinkPhp\web\Runtime\Cache\Admin\5e569ad068c70ba99bd24050e5fc9bec.php 第 418 行.
NOTIC: [8] Undefined index: error D:\XAMPP\htdocs\ThinkPhp\web\Runtime\Cache\Admin\5e569ad068c70ba99bd24050e5fc9bec.php 第 425 行.
INFO: Run Behavior\ParseTemplateBehavior [ RunTime:0.012001s ]
INFO: [ view_parse ] --END-- [ RunTime:0.012001s ]
INFO: [ view_filter ] --START--
INFO: Run Behavior\WriteHtmlCacheBehavior [ RunTime:0.000000s ]
INFO: [ view_filter ] --END-- [ RunTime:0.000000s ]
INFO: [ app_end ] --START--
INFO: Run Behavior\ShowPageTraceBehavior [ RunTime:0.001000s ]
INFO: [ app_end ] --END-- [ RunTime:0.001000s ]

[ 2017-12-06T13:26:28+08:00 ] ::1 /ThinkPhp/index.php/Admin/Good/index?size=12&name=
INFO: [ app_init ] --START--
INFO: Run Behavior\BuildLiteBehavior [ RunTime:0.000000s ]
INFO: [ app_init ] --END-- [ RunTime:0.001001s ]
INFO: [ app_begin ] --START--
INFO: Run Behavior\ReadHtmlCacheBehavior [ RunTime:0.001000s ]
INFO: [ app_begin ] --END-- [ RunTime:0.001000s ]
SQL: SHOW COLUMNS FROM `good` [ RunTime:0.0040s ]
SQL: SELECT COUNT(*) AS tp_count FROM `good` WHERE ( name like "%%" ) LIMIT 1   [ RunTime:0.0000s ]
SQL: SELECT good.*,pic.path,cate.cate FROM `good` INNER JOIN cate on good.cate_id=cate.id INNER JOIN pic on good.id=pic.good_id  WHERE ( name like "%%" ) GROUP BY pic.good_id LIMIT 0,12   [ RunTime:0.0050s ]
SQL: SHOW COLUMNS FROM `sku` [ RunTime:0.0040s ]
SQL: SELECT sku.*,pic.path FROM `sku` INNER JOIN pic on sku.id=pic.sku_id  WHERE ( sku.good_id=38 )  [ RunTime:0.0010s ]
SQL: SELECT sku.*,pic.path FROM `sku` INNER JOIN pic on sku.id=pic.sku_id  WHERE ( sku.good_id=40 )  [ RunTime:0.0010s ]
SQL: SELECT sku.*,pic.path FROM `sku` INNER JOIN pic on sku.id=pic.sku_id  WHERE ( sku.good_id=42 )  [ RunTime:0.0010s ]
SQL: SELECT sku.*,pic.path FROM `sku` INNER JOIN pic on sku.id=pic.sku_id  WHERE ( sku.good_id=44 )  [ RunTime:0.0010s ]
SQL: SELECT sku.*,pic.path FROM `sku` INNER JOIN pic on sku.id=pic.sku_id  WHERE ( sku.good_id=48 )  [ RunTime:0.0000s ]
SQL: SELECT sku.*,pic.path FROM `sku` INNER JOIN pic on sku.id=pic.sku_id  WHERE ( sku.good_id=49 )  [ RunTime:0.0000s ]
SQL: SELECT sku.*,pic.path FROM `sku` INNER JOIN pic on sku.id=pic.sku_id  WHERE ( sku.good_id=50 )  [ RunTime:0.0010s ]
SQL: SELECT sku.*,pic.path FROM `sku` INNER JOIN pic on sku.id=pic.sku_id  WHERE ( sku.good_id=51 )  [ RunTime:0.0000s ]
SQL: SELECT sku.*,pic.path FROM `sku` INNER JOIN pic on sku.id=pic.sku_id  WHERE ( sku.good_id=52 )  [ RunTime:0.0010s ]
SQL: SELECT sku.*,pic.path FROM `sku` INNER JOIN pic on sku.id=pic.sku_id  WHERE ( sku.good_id=53 )  [ RunTime:0.0010s ]
SQL: SELECT sku.*,pic.path FROM `sku` INNER JOIN pic on sku.id=pic.sku_id  WHERE ( sku.good_id=54 )  [ RunTime:0.0010s ]
SQL: SELECT sku.*,pic.path FROM `sku` INNER JOIN pic on sku.id=pic.sku_id  WHERE ( sku.good_id=55 )  [ RunTime:0.0000s ]
INFO: [ view_parse ] --START--
INFO: [ template_filter ] --START--
INFO: Run Behavior\ContentReplaceBehavior [ RunTime:0.000000s ]
INFO: [ template_filter ] --END-- [ RunTime:0.000000s ]
NOTIC: [8] Undefined index: success D:\XAMPP\htdocs\ThinkPhp\web\Runtime\Cache\Admin\5e569ad068c70ba99bd24050e5fc9bec.php 第 418 行.
NOTIC: [8] Undefined index: error D:\XAMPP\htdocs\ThinkPhp\web\Runtime\Cache\Admin\5e569ad068c70ba99bd24050e5fc9bec.php 第 425 行.
INFO: Run Behavior\ParseTemplateBehavior [ RunTime:0.011001s ]
INFO: [ view_parse ] --END-- [ RunTime:0.011001s ]
INFO: [ view_filter ] --START--
INFO: Run Behavior\WriteHtmlCacheBehavior [ RunTime:0.000000s ]
INFO: [ view_filter ] --END-- [ RunTime:0.000000s ]
INFO: [ app_end ] --START--
INFO: Run Behavior\ShowPageTraceBehavior [ RunTime:0.001000s ]
INFO: [ app_end ] --END-- [ RunTime:0.001000s ]

[ 2017-12-06T13:26:50+08:00 ] ::1 /ThinkPhp/index.php/Admin/good/add
INFO: [ app_init ] --START--
INFO: Run Behavior\BuildLiteBehavior [ RunTime:0.000000s ]
INFO: [ app_init ] --END-- [ RunTime:0.004000s ]
INFO: [ app_begin ] --START--
INFO: Run Behavior\ReadHtmlCacheBehavior [ RunTime:0.001001s ]
INFO: [ app_begin ] --END-- [ RunTime:0.001001s ]
SQL: SHOW COLUMNS FROM `cate` [ RunTime:0.0050s ]
SQL: SELECT *,concat(path,id) as p FROM `cate` ORDER BY p  [ RunTime:0.0010s ]
INFO: [ view_parse ] --START--
INFO: [ template_filter ] --START--
INFO: Run Behavior\ContentReplaceBehavior [ RunTime:0.000000s ]
INFO: [ template_filter ] --END-- [ RunTime:0.000000s ]
NOTIC: [8] Undefined index: success D:\XAMPP\htdocs\ThinkPhp\web\Runtime\Cache\Admin\6687c23b88e7b6bf26acae76c4ace03e.php 第 418 行.
NOTIC: [8] Undefined index: error D:\XAMPP\htdocs\ThinkPhp\web\Runtime\Cache\Admin\6687c23b88e7b6bf26acae76c4ace03e.php 第 425 行.
NOTIC: [8] Undefined index: cate_id D:\XAMPP\htdocs\ThinkPhp\web\Common\Common\function.php 第 133 行.
INFO: Run Behavior\ParseTemplateBehavior [ RunTime:0.016000s ]
INFO: [ view_parse ] --END-- [ RunTime:0.016000s ]
INFO: [ view_filter ] --START--
INFO: Run Behavior\WriteHtmlCacheBehavior [ RunTime:0.001000s ]
INFO: [ view_filter ] --END-- [ RunTime:0.001000s ]
INFO: [ app_end ] --START--
INFO: Run Behavior\ShowPageTraceBehavior [ RunTime:0.003000s ]
INFO: [ app_end ] --END-- [ RunTime:0.004000s ]

[ 2017-12-06T13:27:09+08:00 ] ::1 /ThinkPhp/index.php/Admin/order/index
INFO: [ app_init ] --START--
INFO: Run Behavior\BuildLiteBehavior [ RunTime:0.000000s ]
INFO: [ app_init ] --END-- [ RunTime:0.001000s ]
INFO: [ app_begin ] --START--
INFO: Run Behavior\ReadHtmlCacheBehavior [ RunTime:0.000000s ]
INFO: [ app_begin ] --END-- [ RunTime:0.000000s ]
SQL: SHOW COLUMNS FROM `order` [ RunTime:0.0040s ]
SQL: SELECT * FROM `order`  [ RunTime:0.0000s ]
SQL: SHOW COLUMNS FROM `order_detail` [ RunTime:0.0050s ]
SQL: SHOW COLUMNS FROM `sku` [ RunTime:0.0040s ]
SQL: SHOW COLUMNS FROM `pic` [ RunTime:0.0040s ]
SQL: SELECT * FROM `order_detail` WHERE ( order_id=46 )  [ RunTime:0.0000s ]
SQL: SELECT * FROM `sku` WHERE `id` = 82 LIMIT 1   [ RunTime:0.0010s ]
SQL: SELECT * FROM `pic` WHERE ( sku_id=82 ) LIMIT 1   [ RunTime:0.0000s ]
INFO: [ view_parse ] --START--
INFO: [ template_filter ] --START--
INFO: Run Behavior\ContentReplaceBehavior [ RunTime:0.000000s ]
INFO: [ template_filter ] --END-- [ RunTime:0.000000s ]
NOTIC: [8] Undefined index: success D:\XAMPP\htdocs\ThinkPhp\web\Runtime\Cache\Admin\faa2163cae6b001d625b1462f028bd52.php 第 422 行.
NOTIC: [8] Undefined index: error D:\XAMPP\htdocs\ThinkPhp\web\Runtime\Cache\Admin\faa2163cae6b001d625b1462f028bd52.php 第 429 行.
NOTIC: [8] Undefined index: size D:\XAMPP\htdocs\ThinkPhp\web\Runtime\Cache\Admin\faa2163cae6b001d625b1462f028bd52.php 第 451 行.
NOTIC: [8] Undefined index: size D:\XAMPP\htdocs\ThinkPhp\web\Runtime\Cache\Admin\faa2163cae6b001d625b1462f028bd52.php 第 452 行.
NOTIC: [8] Undefined index: size D:\XAMPP\htdocs\ThinkPhp\web\Runtime\Cache\Admin\faa2163cae6b001d625b1462f028bd52.php 第 453 行.
NOTIC: [8] Undefined index: size D:\XAMPP\htdocs\ThinkPhp\web\Runtime\Cache\Admin\faa2163cae6b001d625b1462f028bd52.php 第 454 行.
NOTIC: [8] Undefined index: size D:\XAMPP\htdocs\ThinkPhp\web\Runtime\Cache\Admin\faa2163cae6b001d625b1462f028bd52.php 第 455 行.
NOTIC: [8] Undefined index: size D:\XAMPP\htdocs\ThinkPhp\web\Runtime\Cache\Admin\faa2163cae6b001d625b1462f028bd52.php 第 456 行.
SQL: SHOW COLUMNS FROM `user` [ RunTime:0.0040s ]
SQL: SELECT * FROM `user` WHERE `id` = 6 LIMIT 1   [ RunTime:0.0000s ]
SQL: SHOW COLUMNS FROM `address` [ RunTime:0.0030s ]
SQL: SELECT * FROM `address` WHERE `id` = 24 LIMIT 1   [ RunTime:0.0000s ]
NOTIC: [8] Undefined variable: url D:\XAMPP\htdocs\ThinkPhp\web\Runtime\Cache\Admin\faa2163cae6b001d625b1462f028bd52.php 第 530 行.
NOTIC: [8] Undefined variable: p D:\XAMPP\htdocs\ThinkPhp\web\Runtime\Cache\Admin\faa2163cae6b001d625b1462f028bd52.php 第 639 行.
INFO: Run Behavior\ParseTemplateBehavior [ RunTime:0.039002s ]
INFO: [ view_parse ] --END-- [ RunTime:0.039002s ]
INFO: [ view_filter ] --START--
INFO: Run Behavior\WriteHtmlCacheBehavior [ RunTime:0.001000s ]
INFO: [ view_filter ] --END-- [ RunTime:0.001000s ]
INFO: [ app_end ] --START--
INFO: Run Behavior\ShowPageTraceBehavior [ RunTime:0.001000s ]
INFO: [ app_end ] --END-- [ RunTime:0.001000s ]

[ 2017-12-06T13:27:34+08:00 ] ::1 /ThinkPhp/index.php/Admin/picc/index
INFO: [ app_init ] --START--
INFO: Run Behavior\BuildLiteBehavior [ RunTime:0.000000s ]
INFO: [ app_init ] --END-- [ RunTime:0.001000s ]
INFO: [ app_begin ] --START--
INFO: Run Behavior\ReadHtmlCacheBehavior [ RunTime:0.000000s ]
INFO: [ app_begin ] --END-- [ RunTime:0.000000s ]
SQL: SHOW COLUMNS FROM `picc` [ RunTime:0.0040s ]
SQL: SELECT * FROM `picc`  [ RunTime:0.0010s ]
INFO: [ view_parse ] --START--
INFO: [ template_filter ] --START--
INFO: Run Behavior\ContentReplaceBehavior [ RunTime:0.000000s ]
INFO: [ template_filter ] --END-- [ RunTime:0.000000s ]
NOTIC: [8] Undefined index: success D:\XAMPP\htdocs\ThinkPhp\web\Runtime\Cache\Admin\7a2d97958915e7fdb11da5305c119cd7.php 第 418 行.
NOTIC: [8] Undefined index: error D:\XAMPP\htdocs\ThinkPhp\web\Runtime\Cache\Admin\7a2d97958915e7fdb11da5305c119cd7.php 第 425 行.
NOTIC: [8] Undefined index: size D:\XAMPP\htdocs\ThinkPhp\web\Runtime\Cache\Admin\7a2d97958915e7fdb11da5305c119cd7.php 第 447 行.
NOTIC: [8] Undefined index: size D:\XAMPP\htdocs\ThinkPhp\web\Runtime\Cache\Admin\7a2d97958915e7fdb11da5305c119cd7.php 第 448 行.
NOTIC: [8] Undefined index: size D:\XAMPP\htdocs\ThinkPhp\web\Runtime\Cache\Admin\7a2d97958915e7fdb11da5305c119cd7.php 第 449 行.
NOTIC: [8] Undefined index: size D:\XAMPP\htdocs\ThinkPhp\web\Runtime\Cache\Admin\7a2d97958915e7fdb11da5305c119cd7.php 第 450 行.
NOTIC: [8] Undefined index: email D:\XAMPP\htdocs\ThinkPhp\web\Runtime\Cache\Admin\7a2d97958915e7fdb11da5305c119cd7.php 第 456 行.
NOTIC: [8] Undefined variable: url D:\XAMPP\htdocs\ThinkPhp\web\Runtime\Cache\Admin\7a2d97958915e7fdb11da5305c119cd7.php 第 495 行.
INFO: Run Behavior\ParseTemplateBehavior [ RunTime:0.042002s ]
INFO: [ view_parse ] --END-- [ RunTime:0.042002s ]
INFO: [ view_filter ] --START--
INFO: Run Behavior\WriteHtmlCacheBehavior [ RunTime:0.001000s ]
INFO: [ view_filter ] --END-- [ RunTime:0.001000s ]
INFO: [ app_end ] --START--
INFO: Run Behavior\ShowPageTraceBehavior [ RunTime:0.001000s ]
INFO: [ app_end ] --END-- [ RunTime:0.001000s ]

[ 2017-12-06T13:27:52+08:00 ] ::1 /ThinkPhp/index.php/Admin/picc/add
INFO: [ app_init ] --START--
INFO: Run Behavior\BuildLiteBehavior [ RunTime:0.000000s ]
INFO: [ app_init ] --END-- [ RunTime:0.001000s ]
INFO: [ app_begin ] --START--
INFO: Run Behavior\ReadHtmlCacheBehavior [ RunTime:0.001000s ]
INFO: [ app_begin ] --END-- [ RunTime:0.001000s ]
INFO: [ view_parse ] --START--
INFO: [ template_filter ] --START--
INFO: Run Behavior\ContentReplaceBehavior [ RunTime:0.000000s ]
INFO: [ template_filter ] --END-- [ RunTime:0.000000s ]
NOTIC: [8] Undefined index: success D:\XAMPP\htdocs\ThinkPhp\web\Runtime\Cache\Admin\9406210538b04f45cfff2076081f0cf2.php 第 418 行.
NOTIC: [8] Undefined index: error D:\XAMPP\htdocs\ThinkPhp\web\Runtime\Cache\Admin\9406210538b04f45cfff2076081f0cf2.php 第 425 行.
INFO: Run Behavior\ParseTemplateBehavior [ RunTime:0.030001s ]
INFO: [ view_parse ] --END-- [ RunTime:0.030001s ]
INFO: [ view_filter ] --START--
INFO: Run Behavior\WriteHtmlCacheBehavior [ RunTime:0.001000s ]
INFO: [ view_filter ] --END-- [ RunTime:0.001000s ]
INFO: [ app_end ] --START--
INFO: Run Behavior\ShowPageTraceBehavior [ RunTime:0.001000s ]
INFO: [ app_end ] --END-- [ RunTime:0.001000s ]

[ 2017-12-06T13:29:16+08:00 ] ::1 /ThinkPhp/index.php/Admin/picc/add
INFO: [ app_init ] --START--
INFO: Run Behavior\BuildLiteBehavior [ RunTime:0.000000s ]
INFO: [ app_init ] --END-- [ RunTime:0.001001s ]
INFO: [ app_begin ] --START--
INFO: Run Behavior\ReadHtmlCacheBehavior [ RunTime:0.001000s ]
INFO: [ app_begin ] --END-- [ RunTime:0.001000s ]
INFO: [ view_parse ] --START--
INFO: [ template_filter ] --START--
INFO: Run Behavior\ContentReplaceBehavior [ RunTime:0.000000s ]
INFO: [ template_filter ] --END-- [ RunTime:0.000000s ]
NOTIC: [8] Undefined index: success D:\XAMPP\htdocs\ThinkPhp\web\Runtime\Cache\Admin\9406210538b04f45cfff2076081f0cf2.php 第 418 行.
NOTIC: [8] Undefined index: error D:\XAMPP\htdocs\ThinkPhp\web\Runtime\Cache\Admin\9406210538b04f45cfff2076081f0cf2.php 第 425 行.
INFO: Run Behavior\ParseTemplateBehavior [ RunTime:0.011000s ]
INFO: [ view_parse ] --END-- [ RunTime:0.011000s ]
INFO: [ view_filter ] --START--
INFO: Run Behavior\WriteHtmlCacheBehavior [ RunTime:0.001000s ]
INFO: [ view_filter ] --END-- [ RunTime:0.001000s ]
INFO: [ app_end ] --START--
INFO: Run Behavior\ShowPageTraceBehavior [ RunTime:0.001001s ]
INFO: [ app_end ] --END-- [ RunTime:0.001001s ]

[ 2017-12-06T13:38:08+08:00 ] ::1 /ThinkPhp/index.php/admin
INFO: [ app_init ] --START--
INFO: Run Behavior\BuildLiteBehavior [ RunTime:0.000000s ]
INFO: [ app_init ] --END-- [ RunTime:0.001000s ]
INFO: [ app_begin ] --START--
INFO: Run Behavior\ReadHtmlCacheBehavior [ RunTime:0.001000s ]
INFO: [ app_begin ] --END-- [ RunTime:0.001000s ]
SQL: SHOW COLUMNS FROM `adminuser` [ RunTime:0.0070s ]
SQL: SELECT adminuser.*,grouplist.group_name FROM `adminuser` INNER JOIN grouplist on adminuser.groupid = grouplist.id  WHERE ( adminuser.id=1 ) LIMIT 1   [ RunTime:0.0010s ]
INFO: [ view_parse ] --START--
INFO: [ template_filter ] --START--
INFO: Run Behavior\ContentReplaceBehavior [ RunTime:0.000000s ]
INFO: [ template_filter ] --END-- [ RunTime:0.000000s ]
NOTIC: [8] Undefined index: success D:\XAMPP\htdocs\ThinkPhp\web\Runtime\Cache\Admin\7025b44a7596185f4a54002eca98357c.php 第 424 行.
NOTIC: [8] Undefined index: error D:\XAMPP\htdocs\ThinkPhp\web\Runtime\Cache\Admin\7025b44a7596185f4a54002eca98357c.php 第 431 行.
INFO: Run Behavior\ParseTemplateBehavior [ RunTime:0.013001s ]
INFO: [ view_parse ] --END-- [ RunTime:0.013001s ]
INFO: [ view_filter ] --START--
INFO: Run Behavior\WriteHtmlCacheBehavior [ RunTime:0.001000s ]
INFO: [ view_filter ] --END-- [ RunTime:0.001000s ]
INFO: [ app_end ] --START--
INFO: Run Behavior\ShowPageTraceBehavior [ RunTime:0.001000s ]
INFO: [ app_end ] --END-- [ RunTime:0.001000s ]

[ 2017-12-06T13:38:12+08:00 ] ::1 /ThinkPhp/index.php/Admin/order/index
INFO: [ app_init ] --START--
INFO: Run Behavior\BuildLiteBehavior [ RunTime:0.000000s ]
INFO: [ app_init ] --END-- [ RunTime:0.001000s ]
INFO: [ app_begin ] --START--
INFO: Run Behavior\ReadHtmlCacheBehavior [ RunTime:0.001000s ]
INFO: [ app_begin ] --END-- [ RunTime:0.001000s ]
SQL: SHOW COLUMNS FROM `order` [ RunTime:0.0040s ]
SQL: SELECT * FROM `order`  [ RunTime:0.0000s ]
SQL: SHOW COLUMNS FROM `order_detail` [ RunTime:0.0040s ]
SQL: SHOW COLUMNS FROM `sku` [ RunTime:0.0050s ]
SQL: SHOW COLUMNS FROM `pic` [ RunTime:0.0040s ]
SQL: SELECT * FROM `order_detail` WHERE ( order_id=46 )  [ RunTime:0.0000s ]
SQL: SELECT * FROM `sku` WHERE `id` = 82 LIMIT 1   [ RunTime:0.0010s ]
SQL: SELECT * FROM `pic` WHERE ( sku_id=82 ) LIMIT 1   [ RunTime:0.0010s ]
SQL: SELECT * FROM `order_detail` WHERE ( order_id=48 )  [ RunTime:0.0000s ]
SQL: SELECT * FROM `sku` WHERE `id` = 81 LIMIT 1   [ RunTime:0.0000s ]
SQL: SELECT * FROM `pic` WHERE ( sku_id=81 ) LIMIT 1   [ RunTime:0.0000s ]
INFO: [ view_parse ] --START--
INFO: [ template_filter ] --START--
INFO: Run Behavior\ContentReplaceBehavior [ RunTime:0.000000s ]
INFO: [ template_filter ] --END-- [ RunTime:0.000000s ]
NOTIC: [8] Undefined index: success D:\XAMPP\htdocs\ThinkPhp\web\Runtime\Cache\Admin\faa2163cae6b001d625b1462f028bd52.php 第 422 行.
NOTIC: [8] Undefined index: error D:\XAMPP\htdocs\ThinkPhp\web\Runtime\Cache\Admin\faa2163cae6b001d625b1462f028bd52.php 第 429 行.
NOTIC: [8] Undefined index: size D:\XAMPP\htdocs\ThinkPhp\web\Runtime\Cache\Admin\faa2163cae6b001d625b1462f028bd52.php 第 451 行.
NOTIC: [8] Undefined index: size D:\XAMPP\htdocs\ThinkPhp\web\Runtime\Cache\Admin\faa2163cae6b001d625b1462f028bd52.php 第 452 行.
NOTIC: [8] Undefined index: size D:\XAMPP\htdocs\ThinkPhp\web\Runtime\Cache\Admin\faa2163cae6b001d625b1462f028bd52.php 第 453 行.
NOTIC: [8] Undefined index: size D:\XAMPP\htdocs\ThinkPhp\web\Runtime\Cache\Admin\faa2163cae6b001d625b1462f028bd52.php 第 454 行.
NOTIC: [8] Undefined index: size D:\XAMPP\htdocs\ThinkPhp\web\Runtime\Cache\Admin\faa2163cae6b001d625b1462f028bd52.php 第 455 行.
NOTIC: [8] Undefined index: size D:\XAMPP\htdocs\ThinkPhp\web\Runtime\Cache\Admin\faa2163cae6b001d625b1462f028bd52.php 第 456 行.
SQL: SHOW COLUMNS FROM `user` [ RunTime:0.0060s ]
SQL: SELECT * FROM `user` WHERE `id` = 6 LIMIT 1   [ RunTime:0.0050s ]
SQL: SHOW COLUMNS FROM `address` [ RunTime:0.0070s ]
SQL: SELECT * FROM `address` WHERE `id` = 24 LIMIT 1   [ RunTime:0.0010s ]
SQL: SELECT * FROM `user` WHERE `id` = 6 LIMIT 1   [ RunTime:0.0010s ]
SQL: SELECT * FROM `address` WHERE `id` = 24 LIMIT 1   [ RunTime:0.0000s ]
NOTIC: [8] Undefined variable: url D:\XAMPP\htdocs\ThinkPhp\web\Runtime\Cache\Admin\faa2163cae6b001d625b1462f028bd52.php 第 530 行.
NOTIC: [8] Undefined variable: p D:\XAMPP\htdocs\ThinkPhp\web\Runtime\Cache\Admin\faa2163cae6b001d625b1462f028bd52.php 第 639 行.
INFO: Run Behavior\ParseTemplateBehavior [ RunTime:0.031001s ]
INFO: [ view_parse ] --END-- [ RunTime:0.031001s ]
INFO: [ view_filter ] --START--
INFO: Run Behavior\WriteHtmlCacheBehavior [ RunTime:0.002001s ]
INFO: [ view_filter ] --END-- [ RunTime:0.002001s ]
INFO: [ app_end ] --START--
INFO: Run Behavior\ShowPageTraceBehavior [ RunTime:0.001000s ]
INFO: [ app_end ] --END-- [ RunTime:0.001000s ]

[ 2017-12-06T13:38:13+08:00 ] ::1 /ThinkPhp/index.php/Admin/order/index
INFO: [ app_init ] --START--
INFO: Run Behavior\BuildLiteBehavior [ RunTime:0.000000s ]
INFO: [ app_init ] --END-- [ RunTime:0.001000s ]
INFO: [ app_begin ] --START--
INFO: Run Behavior\ReadHtmlCacheBehavior [ RunTime:0.001000s ]
INFO: [ app_begin ] --END-- [ RunTime:0.001000s ]
SQL: SHOW COLUMNS FROM `order` [ RunTime:0.0050s ]
SQL: SELECT * FROM `order`  [ RunTime:0.0010s ]
SQL: SHOW COLUMNS FROM `order_detail` [ RunTime:0.0050s ]
SQL: SHOW COLUMNS FROM `sku` [ RunTime:0.0050s ]
SQL: SHOW COLUMNS FROM `pic` [ RunTime:0.0040s ]
SQL: SELECT * FROM `order_detail` WHERE ( order_id=46 )  [ RunTime:0.0000s ]
SQL: SELECT * FROM `sku` WHERE `id` = 82 LIMIT 1   [ RunTime:0.0010s ]
SQL: SELECT * FROM `pic` WHERE ( sku_id=82 ) LIMIT 1   [ RunTime:0.0000s ]
SQL: SELECT * FROM `order_detail` WHERE ( order_id=48 )  [ RunTime:0.0000s ]
SQL: SELECT * FROM `sku` WHERE `id` = 81 LIMIT 1   [ RunTime:0.0000s ]
SQL: SELECT * FROM `pic` WHERE ( sku_id=81 ) LIMIT 1   [ RunTime:0.0000s ]
INFO: [ view_parse ] --START--
INFO: [ template_filter ] --START--
INFO: Run Behavior\ContentReplaceBehavior [ RunTime:0.000000s ]
INFO: [ template_filter ] --END-- [ RunTime:0.000000s ]
NOTIC: [8] Undefined index: success D:\XAMPP\htdocs\ThinkPhp\web\Runtime\Cache\Admin\faa2163cae6b001d625b1462f028bd52.php 第 422 行.
NOTIC: [8] Undefined index: error D:\XAMPP\htdocs\ThinkPhp\web\Runtime\Cache\Admin\faa2163cae6b001d625b1462f028bd52.php 第 429 行.
NOTIC: [8] Undefined index: size D:\XAMPP\htdocs\ThinkPhp\web\Runtime\Cache\Admin\faa2163cae6b001d625b1462f028bd52.php 第 451 行.
NOTIC: [8] Undefined index: size D:\XAMPP\htdocs\ThinkPhp\web\Runtime\Cache\Admin\faa2163cae6b001d625b1462f028bd52.php 第 452 行.
NOTIC: [8] Undefined index: size D:\XAMPP\htdocs\ThinkPhp\web\Runtime\Cache\Admin\faa2163cae6b001d625b1462f028bd52.php 第 453 行.
NOTIC: [8] Undefined index: size D:\XAMPP\htdocs\ThinkPhp\web\Runtime\Cache\Admin\faa2163cae6b001d625b1462f028bd52.php 第 454 行.
NOTIC: [8] Undefined index: size D:\XAMPP\htdocs\ThinkPhp\web\Runtime\Cache\Admin\faa2163cae6b001d625b1462f028bd52.php 第 455 行.
NOTIC: [8] Undefined index: size D:\XAMPP\htdocs\ThinkPhp\web\Runtime\Cache\Admin\faa2163cae6b001d625b1462f028bd52.php 第 456 行.
SQL: SHOW COLUMNS FROM `user` [ RunTime:0.0070s ]
SQL: SELECT * FROM `user` WHERE `id` = 6 LIMIT 1   [ RunTime:0.0000s ]
SQL: SHOW COLUMNS FROM `address` [ RunTime:0.0040s ]
SQL: SELECT * FROM `address` WHERE `id` = 24 LIMIT 1   [ RunTime:0.0000s ]
SQL: SELECT * FROM `user` WHERE `id` = 6 LIMIT 1   [ RunTime:0.0000s ]
SQL: SELECT * FROM `address` WHERE `id` = 24 LIMIT 1   [ RunTime:0.0000s ]
NOTIC: [8] Undefined variable: url D:\XAMPP\htdocs\ThinkPhp\web\Runtime\Cache\Admin\faa2163cae6b001d625b1462f028bd52.php 第 530 行.
NOTIC: [8] Undefined variable: p D:\XAMPP\htdocs\ThinkPhp\web\Runtime\Cache\Admin\faa2163cae6b001d625b1462f028bd52.php 第 639 行.
INFO: Run Behavior\ParseTemplateBehavior [ RunTime:0.027002s ]
INFO: [ view_parse ] --END-- [ RunTime:0.027002s ]
INFO: [ view_filter ] --START--
INFO: Run Behavior\WriteHtmlCacheBehavior [ RunTime:0.001000s ]
INFO: [ view_filter ] --END-- [ RunTime:0.001000s ]
INFO: [ app_end ] --START--
INFO: Run Behavior\ShowPageTraceBehavior [ RunTime:0.001000s ]
INFO: [ app_end ] --END-- [ RunTime:0.001000s ]

[ 2017-12-06T13:39:03+08:00 ] ::1 /ThinkPhp/index.php/Admin/Order/changeStatus?id=48
INFO: [ app_init ] --START--
INFO: Run Behavior\BuildLiteBehavior [ RunTime:0.000000s ]
INFO: [ app_init ] --END-- [ RunTime:0.001000s ]
INFO: [ app_begin ] --START--
INFO: Run Behavior\ReadHtmlCacheBehavior [ RunTime:0.001001s ]
INFO: [ app_begin ] --END-- [ RunTime:0.001001s ]
SQL: SHOW COLUMNS FROM `order` [ RunTime:0.0040s ]
SQL: UPDATE `order` SET `status`='1' WHERE `id` = 48 [ RunTime:0.0230s ]
INFO: [ app_end ] --START--
INFO: Run Behavior\ShowPageTraceBehavior [ RunTime:0.001000s ]
INFO: [ app_end ] --END-- [ RunTime:0.001000s ]

