[ 2018-09-12T11:33:12+08:00 ] 127.0.0.1 /index.php/admin/login/login.html
INFO: [ app_init ] --START--
INFO: Run Behavior\BuildLiteBehavior [ RunTime:0.000000s ]
INFO: [ app_init ] --END-- [ RunTime:0.000532s ]
INFO: [ app_begin ] --START--
INFO: Run Behavior\ReadHtmlCacheBehavior [ RunTime:0.004502s ]
INFO: [ app_begin ] --END-- [ RunTime:0.005002s ]
INFO: [ view_parse ] --START--
INFO: [ template_filter ] --START--
INFO: Run Behavior\ContentReplaceBehavior [ RunTime:0.000000s ]
INFO: [ template_filter ] --END-- [ RunTime:0.000000s ]
NOTIC: [8] Undefined variable: flag C:\xampp\htdocs\ThinkPhp\web\Runtime\Cache\Admin\093c6d77fa295b053e512c27b6f901d1.php 第 52 行.
INFO: Run Behavior\ParseTemplateBehavior [ RunTime:0.015999s ]
INFO: [ view_parse ] --END-- [ RunTime:0.015999s ]
INFO: [ view_filter ] --START--
INFO: Run Behavior\WriteHtmlCacheBehavior [ RunTime:0.001499s ]
INFO: [ view_filter ] --END-- [ RunTime:0.002002s ]
INFO: [ app_end ] --START--
INFO: Run Behavior\ShowPageTraceBehavior [ RunTime:0.003506s ]
INFO: [ app_end ] --END-- [ RunTime:0.003506s ]

[ 2018-09-12T11:33:22+08:00 ] 127.0.0.1 /index.php/Admin/Login/checklogin
INFO: [ app_init ] --START--
INFO: Run Behavior\BuildLiteBehavior [ RunTime:0.000000s ]
INFO: [ app_init ] --END-- [ RunTime:0.001499s ]
INFO: [ app_begin ] --START--
INFO: Run Behavior\ReadHtmlCacheBehavior [ RunTime:0.000499s ]
INFO: [ app_begin ] --END-- [ RunTime:0.000499s ]
SQL: SHOW COLUMNS FROM `adminuser` [ RunTime:0.0235s ]
SQL: SELECT * FROM `adminuser` WHERE ( email = "913822325@qq.com" ) LIMIT 1   [ RunTime:0.0005s ]
SQL: UPDATE `adminuser` SET `last_login`='1536723202',`ip`='127.0.0.1' WHERE `id` = 1 [ RunTime:0.0030s ]

[ 2018-09-12T11:33:23+08:00 ] 127.0.0.1 /index.php/admin/index/index.html
INFO: [ app_init ] --START--
INFO: Run Behavior\BuildLiteBehavior [ RunTime:0.000000s ]
INFO: [ app_init ] --END-- [ RunTime:0.000499s ]
INFO: [ app_begin ] --START--
INFO: Run Behavior\ReadHtmlCacheBehavior [ RunTime:0.002000s ]
INFO: [ app_begin ] --END-- [ RunTime:0.002000s ]
SQL: SHOW COLUMNS FROM `adminuser` [ RunTime:0.0280s ]
SQL: SELECT adminuser.*,grouplist.group_name FROM `adminuser` INNER JOIN grouplist on adminuser.groupid = grouplist.id  WHERE ( adminuser.id=1 ) LIMIT 1   [ RunTime:0.0305s ]
INFO: [ view_parse ] --START--
INFO: [ template_filter ] --START--
INFO: Run Behavior\ContentReplaceBehavior [ RunTime:0.000502s ]
INFO: [ template_filter ] --END-- [ RunTime:0.000502s ]
NOTIC: [8] Undefined index: jump C:\xampp\htdocs\ThinkPhp\web\Runtime\Cache\Admin\7025b44a7596185f4a54002eca98357c.php 第 424 行.
NOTIC: [8] Undefined index: jump C:\xampp\htdocs\ThinkPhp\web\Runtime\Cache\Admin\7025b44a7596185f4a54002eca98357c.php 第 431 行.
INFO: Run Behavior\ParseTemplateBehavior [ RunTime:0.029501s ]
INFO: [ view_parse ] --END-- [ RunTime:0.029501s ]
INFO: [ view_filter ] --START--
INFO: Run Behavior\WriteHtmlCacheBehavior [ RunTime:0.001497s ]
INFO: [ view_filter ] --END-- [ RunTime:0.001497s ]
INFO: [ app_end ] --START--
INFO: Run Behavior\ShowPageTraceBehavior [ RunTime:0.002000s ]
INFO: [ app_end ] --END-- [ RunTime:0.002000s ]

[ 2018-09-12T11:33:28+08:00 ] 127.0.0.1 /index.php/Admin/adminuser/index
INFO: [ app_init ] --START--
INFO: Run Behavior\BuildLiteBehavior [ RunTime:0.000000s ]
INFO: [ app_init ] --END-- [ RunTime:0.000501s ]
INFO: [ app_begin ] --START--
INFO: Run Behavior\ReadHtmlCacheBehavior [ RunTime:0.002000s ]
INFO: [ app_begin ] --END-- [ RunTime:0.002000s ]
SQL: SELECT COUNT(*) AS tp_count FROM `adminuser` LIMIT 1   [ RunTime:0.0105s ]
SQL: SELECT adminuser.*,grouplist.group_name FROM `adminuser` INNER JOIN grouplist on adminuser.groupid=grouplist.id  LIMIT 0,2   [ RunTime:0.0015s ]
INFO: [ view_parse ] --START--
INFO: [ template_filter ] --START--
INFO: Run Behavior\ContentReplaceBehavior [ RunTime:0.000000s ]
INFO: [ template_filter ] --END-- [ RunTime:0.000500s ]
NOTIC: [8] Undefined index: jump C:\xampp\htdocs\ThinkPhp\web\Runtime\Cache\Admin\639c2c37365de442ea0066d93080fb36.php 第 418 行.
NOTIC: [8] Undefined index: jump C:\xampp\htdocs\ThinkPhp\web\Runtime\Cache\Admin\639c2c37365de442ea0066d93080fb36.php 第 425 行.
NOTIC: [8] Undefined index: size C:\xampp\htdocs\ThinkPhp\web\Runtime\Cache\Admin\639c2c37365de442ea0066d93080fb36.php 第 447 行.
NOTIC: [8] Undefined index: size C:\xampp\htdocs\ThinkPhp\web\Runtime\Cache\Admin\639c2c37365de442ea0066d93080fb36.php 第 448 行.
NOTIC: [8] Undefined index: size C:\xampp\htdocs\ThinkPhp\web\Runtime\Cache\Admin\639c2c37365de442ea0066d93080fb36.php 第 449 行.
NOTIC: [8] Undefined index: size C:\xampp\htdocs\ThinkPhp\web\Runtime\Cache\Admin\639c2c37365de442ea0066d93080fb36.php 第 450 行.
NOTIC: [8] Undefined index: email C:\xampp\htdocs\ThinkPhp\web\Runtime\Cache\Admin\639c2c37365de442ea0066d93080fb36.php 第 456 行.
SQL: SHOW COLUMNS FROM `grouplist` [ RunTime:0.0295s ]
SQL: SELECT * FROM `grouplist` WHERE `id` = 1 LIMIT 1   [ RunTime:0.0000s ]
SQL: SELECT * FROM `grouplist` WHERE `id` = 2 LIMIT 1   [ RunTime:0.0000s ]
INFO: Run Behavior\ParseTemplateBehavior [ RunTime:0.049500s ]
INFO: [ view_parse ] --END-- [ RunTime:0.049500s ]
INFO: [ view_filter ] --START--
INFO: Run Behavior\WriteHtmlCacheBehavior [ RunTime:0.000498s ]
INFO: [ view_filter ] --END-- [ RunTime:0.000498s ]
INFO: [ app_end ] --START--
INFO: Run Behavior\ShowPageTraceBehavior [ RunTime:0.002504s ]
INFO: [ app_end ] --END-- [ RunTime:0.002504s ]

[ 2018-09-12T11:33:33+08:00 ] 127.0.0.1 /index.php/Admin/adminuser/add
INFO: [ app_init ] --START--
INFO: Run Behavior\BuildLiteBehavior [ RunTime:0.000000s ]
INFO: [ app_init ] --END-- [ RunTime:0.000500s ]
INFO: [ app_begin ] --START--
INFO: Run Behavior\ReadHtmlCacheBehavior [ RunTime:0.001024s ]
INFO: [ app_begin ] --END-- [ RunTime:0.001524s ]
INFO: [ view_parse ] --START--
INFO: [ template_filter ] --START--
INFO: Run Behavior\ContentReplaceBehavior [ RunTime:0.000000s ]
INFO: [ template_filter ] --END-- [ RunTime:0.000500s ]
NOTIC: [8] Undefined index: jump C:\xampp\htdocs\ThinkPhp\web\Runtime\Cache\Admin\afa00afacbc3660f8115f76b9896e115.php 第 418 行.
NOTIC: [8] Undefined index: jump C:\xampp\htdocs\ThinkPhp\web\Runtime\Cache\Admin\afa00afacbc3660f8115f76b9896e115.php 第 425 行.
INFO: Run Behavior\ParseTemplateBehavior [ RunTime:0.033010s ]
INFO: [ view_parse ] --END-- [ RunTime:0.033010s ]
INFO: [ view_filter ] --START--
INFO: Run Behavior\WriteHtmlCacheBehavior [ RunTime:0.000489s ]
INFO: [ view_filter ] --END-- [ RunTime:0.000992s ]
INFO: [ app_end ] --START--
INFO: Run Behavior\ShowPageTraceBehavior [ RunTime:0.002502s ]
INFO: [ app_end ] --END-- [ RunTime:0.002502s ]

[ 2018-09-12T11:34:43+08:00 ] 127.0.0.1 /index.php/Admin/Adminuser/insert
INFO: [ app_init ] --START--
INFO: Run Behavior\BuildLiteBehavior [ RunTime:0.000000s ]
INFO: [ app_init ] --END-- [ RunTime:0.000501s ]
INFO: [ app_begin ] --START--
INFO: Run Behavior\ReadHtmlCacheBehavior [ RunTime:0.003498s ]
INFO: [ app_begin ] --END-- [ RunTime:0.003498s ]
NOTIC: [8] Undefined index: validate C:\xampp\htdocs\ThinkPhp\ThinkPHP\Library\Think\Model.class.php 第 1185 行.
NOTIC: [8] Undefined index: auto C:\xampp\htdocs\ThinkPhp\ThinkPHP\Library\Think\Model.class.php 第 1128 行.
SQL: INSERT INTO `adminuser` (`email`,`pass`,`token`,`status`,`groupid`) VALUES ('913822325@qq.com','123123','1SoLTucfLArbmxAHV9Cn9MYjgiE6Y06P','0','4') [ RunTime:0.0021s ]
SQL: SHOW COLUMNS FROM `adminuser` [ RunTime:0.0099s ]
SQL: SELECT * FROM `adminuser` WHERE `id` = 74 LIMIT 1   [ RunTime:0.0005s ]

[ 2018-09-12T11:34:43+08:00 ] 127.0.0.1 /index.php/Admin/Adminuser/index/p/2.html
INFO: [ app_init ] --START--
INFO: Run Behavior\BuildLiteBehavior [ RunTime:0.000000s ]
INFO: [ app_init ] --END-- [ RunTime:0.000499s ]
INFO: [ app_begin ] --START--
INFO: Run Behavior\ReadHtmlCacheBehavior [ RunTime:0.000498s ]
INFO: [ app_begin ] --END-- [ RunTime:0.000498s ]

[ 2018-09-12T11:34:43+08:00 ] 127.0.0.1 /index.php/Admin/Adminuser/edit/id/72
INFO: [ app_init ] --START--
INFO: Run Behavior\BuildLiteBehavior [ RunTime:0.000000s ]
INFO: [ app_init ] --END-- [ RunTime:0.000942s ]
INFO: [ app_begin ] --START--
INFO: Run Behavior\ReadHtmlCacheBehavior [ RunTime:0.003049s ]
INFO: [ app_begin ] --END-- [ RunTime:0.003049s ]
SQL: SHOW COLUMNS FROM `adminuser` [ RunTime:0.0145s ]
SQL: SHOW COLUMNS FROM `grouplist` [ RunTime:0.0190s ]
SQL: SELECT * FROM `grouplist`  [ RunTime:0.0025s ]
SQL: SELECT * FROM `adminuser` WHERE `id` = 72 LIMIT 1   [ RunTime:0.0010s ]
INFO: [ view_parse ] --START--
INFO: [ template_filter ] --START--
INFO: Run Behavior\ContentReplaceBehavior [ RunTime:0.000493s ]
INFO: [ template_filter ] --END-- [ RunTime:0.000996s ]
NOTIC: [8] Undefined index: jump C:\xampp\htdocs\ThinkPhp\web\Runtime\Cache\Admin\0ba2df0a7f34a6e35d39e80faca36a43.php 第 418 行.
NOTIC: [8] Undefined index: jump C:\xampp\htdocs\ThinkPhp\web\Runtime\Cache\Admin\0ba2df0a7f34a6e35d39e80faca36a43.php 第 425 行.
INFO: Run Behavior\ParseTemplateBehavior [ RunTime:0.029498s ]
INFO: [ view_parse ] --END-- [ RunTime:0.029498s ]
INFO: [ view_filter ] --START--
INFO: Run Behavior\WriteHtmlCacheBehavior [ RunTime:0.001000s ]
INFO: [ view_filter ] --END-- [ RunTime:0.001000s ]
INFO: [ app_end ] --START--
INFO: Run Behavior\ShowPageTraceBehavior [ RunTime:0.002026s ]
INFO: [ app_end ] --END-- [ RunTime:0.002026s ]

[ 2018-09-12T11:34:43+08:00 ] 127.0.0.1 /index.php/Admin/Adminuser/index/p/2.html
INFO: [ app_init ] --START--
INFO: Run Behavior\BuildLiteBehavior [ RunTime:0.000000s ]
INFO: [ app_init ] --END-- [ RunTime:0.000999s ]
INFO: [ app_begin ] --START--
INFO: Run Behavior\ReadHtmlCacheBehavior [ RunTime:0.001002s ]
INFO: [ app_begin ] --END-- [ RunTime:0.001002s ]
SQL: SELECT COUNT(*) AS tp_count FROM `adminuser` LIMIT 1   [ RunTime:0.0000s ]
SQL: SELECT adminuser.*,grouplist.group_name FROM `adminuser` INNER JOIN grouplist on adminuser.groupid=grouplist.id  LIMIT 2,2   [ RunTime:0.0005s ]
INFO: [ view_parse ] --START--
INFO: [ template_filter ] --START--
INFO: Run Behavior\ContentReplaceBehavior [ RunTime:0.000500s ]
INFO: [ template_filter ] --END-- [ RunTime:0.000500s ]
NOTIC: [8] Undefined index: jump C:\xampp\htdocs\ThinkPhp\web\Runtime\Cache\Admin\639c2c37365de442ea0066d93080fb36.php 第 418 行.
NOTIC: [8] Undefined index: jump C:\xampp\htdocs\ThinkPhp\web\Runtime\Cache\Admin\639c2c37365de442ea0066d93080fb36.php 第 425 行.
NOTIC: [8] Undefined index: size C:\xampp\htdocs\ThinkPhp\web\Runtime\Cache\Admin\639c2c37365de442ea0066d93080fb36.php 第 447 行.
NOTIC: [8] Undefined index: size C:\xampp\htdocs\ThinkPhp\web\Runtime\Cache\Admin\639c2c37365de442ea0066d93080fb36.php 第 448 行.
NOTIC: [8] Undefined index: size C:\xampp\htdocs\ThinkPhp\web\Runtime\Cache\Admin\639c2c37365de442ea0066d93080fb36.php 第 449 行.
NOTIC: [8] Undefined index: size C:\xampp\htdocs\ThinkPhp\web\Runtime\Cache\Admin\639c2c37365de442ea0066d93080fb36.php 第 450 行.
NOTIC: [8] Undefined index: email C:\xampp\htdocs\ThinkPhp\web\Runtime\Cache\Admin\639c2c37365de442ea0066d93080fb36.php 第 456 行.
SQL: SHOW COLUMNS FROM `grouplist` [ RunTime:0.0090s ]
SQL: SELECT * FROM `grouplist` WHERE `id` = 4 LIMIT 1   [ RunTime:0.0006s ]
SQL: SELECT * FROM `grouplist` WHERE `id` = 4 LIMIT 1   [ RunTime:0.0004s ]
INFO: Run Behavior\ParseTemplateBehavior [ RunTime:0.033997s ]
INFO: [ view_parse ] --END-- [ RunTime:0.033997s ]
INFO: [ view_filter ] --START--
INFO: Run Behavior\WriteHtmlCacheBehavior [ RunTime:0.001001s ]
INFO: [ view_filter ] --END-- [ RunTime:0.001001s ]
INFO: [ app_end ] --START--
INFO: Run Behavior\ShowPageTraceBehavior [ RunTime:0.003500s ]
INFO: [ app_end ] --END-- [ RunTime:0.003500s ]

[ 2018-09-12T11:34:43+08:00 ] 127.0.0.1 /index.php/Admin/Adminuser/index/p/2.html
INFO: [ app_init ] --START--
INFO: Run Behavior\BuildLiteBehavior [ RunTime:0.000000s ]
INFO: [ app_init ] --END-- [ RunTime:0.001490s ]
INFO: [ app_begin ] --START--
INFO: Run Behavior\ReadHtmlCacheBehavior [ RunTime:0.001502s ]
INFO: [ app_begin ] --END-- [ RunTime:0.001502s ]
SQL: SELECT COUNT(*) AS tp_count FROM `adminuser` LIMIT 1   [ RunTime:0.0026s ]
SQL: SELECT adminuser.*,grouplist.group_name FROM `adminuser` INNER JOIN grouplist on adminuser.groupid=grouplist.id  LIMIT 2,2   [ RunTime:0.0005s ]
INFO: [ view_parse ] --START--
INFO: [ template_filter ] --START--
INFO: Run Behavior\ContentReplaceBehavior [ RunTime:0.000000s ]
INFO: [ template_filter ] --END-- [ RunTime:0.000000s ]
NOTIC: [8] Undefined index: jump C:\xampp\htdocs\ThinkPhp\web\Runtime\Cache\Admin\639c2c37365de442ea0066d93080fb36.php 第 418 行.
NOTIC: [8] Undefined index: jump C:\xampp\htdocs\ThinkPhp\web\Runtime\Cache\Admin\639c2c37365de442ea0066d93080fb36.php 第 425 行.
NOTIC: [8] Undefined index: size C:\xampp\htdocs\ThinkPhp\web\Runtime\Cache\Admin\639c2c37365de442ea0066d93080fb36.php 第 447 行.
NOTIC: [8] Undefined index: size C:\xampp\htdocs\ThinkPhp\web\Runtime\Cache\Admin\639c2c37365de442ea0066d93080fb36.php 第 448 行.
NOTIC: [8] Undefined index: size C:\xampp\htdocs\ThinkPhp\web\Runtime\Cache\Admin\639c2c37365de442ea0066d93080fb36.php 第 449 行.
NOTIC: [8] Undefined index: size C:\xampp\htdocs\ThinkPhp\web\Runtime\Cache\Admin\639c2c37365de442ea0066d93080fb36.php 第 450 行.
NOTIC: [8] Undefined index: email C:\xampp\htdocs\ThinkPhp\web\Runtime\Cache\Admin\639c2c37365de442ea0066d93080fb36.php 第 456 行.
SQL: SHOW COLUMNS FROM `grouplist` [ RunTime:0.0120s ]
SQL: SELECT * FROM `grouplist` WHERE `id` = 4 LIMIT 1   [ RunTime:0.0005s ]
SQL: SELECT * FROM `grouplist` WHERE `id` = 4 LIMIT 1   [ RunTime:0.0005s ]
INFO: Run Behavior\ParseTemplateBehavior [ RunTime:0.034996s ]
INFO: [ view_parse ] --END-- [ RunTime:0.034996s ]
INFO: [ view_filter ] --START--
INFO: Run Behavior\WriteHtmlCacheBehavior [ RunTime:0.001058s ]
INFO: [ view_filter ] --END-- [ RunTime:0.001058s ]
INFO: [ app_end ] --START--
INFO: Run Behavior\ShowPageTraceBehavior [ RunTime:0.001499s ]
INFO: [ app_end ] --END-- [ RunTime:0.001499s ]

[ 2018-09-12T11:34:43+08:00 ] 127.0.0.1 /index.php/Admin/Adminuser/index/p/2.html
INFO: [ app_init ] --START--
INFO: Run Behavior\BuildLiteBehavior [ RunTime:0.000000s ]
INFO: [ app_init ] --END-- [ RunTime:0.000502s ]
INFO: [ app_begin ] --START--
INFO: Run Behavior\ReadHtmlCacheBehavior [ RunTime:0.003000s ]
INFO: [ app_begin ] --END-- [ RunTime:0.003501s ]
SQL: SELECT COUNT(*) AS tp_count FROM `adminuser` LIMIT 1   [ RunTime:0.0005s ]
SQL: SELECT adminuser.*,grouplist.group_name FROM `adminuser` INNER JOIN grouplist on adminuser.groupid=grouplist.id  LIMIT 2,2   [ RunTime:0.0000s ]
INFO: [ view_parse ] --START--
INFO: [ template_filter ] --START--
INFO: Run Behavior\ContentReplaceBehavior [ RunTime:0.000433s ]
INFO: [ template_filter ] --END-- [ RunTime:0.000433s ]
NOTIC: [8] Undefined index: jump C:\xampp\htdocs\ThinkPhp\web\Runtime\Cache\Admin\639c2c37365de442ea0066d93080fb36.php 第 418 行.
NOTIC: [8] Undefined index: jump C:\xampp\htdocs\ThinkPhp\web\Runtime\Cache\Admin\639c2c37365de442ea0066d93080fb36.php 第 425 行.
NOTIC: [8] Undefined index: size C:\xampp\htdocs\ThinkPhp\web\Runtime\Cache\Admin\639c2c37365de442ea0066d93080fb36.php 第 447 行.
NOTIC: [8] Undefined index: size C:\xampp\htdocs\ThinkPhp\web\Runtime\Cache\Admin\639c2c37365de442ea0066d93080fb36.php 第 448 行.
NOTIC: [8] Undefined index: size C:\xampp\htdocs\ThinkPhp\web\Runtime\Cache\Admin\639c2c37365de442ea0066d93080fb36.php 第 449 行.
NOTIC: [8] Undefined index: size C:\xampp\htdocs\ThinkPhp\web\Runtime\Cache\Admin\639c2c37365de442ea0066d93080fb36.php 第 450 行.
NOTIC: [8] Undefined index: email C:\xampp\htdocs\ThinkPhp\web\Runtime\Cache\Admin\639c2c37365de442ea0066d93080fb36.php 第 456 行.
SQL: SHOW COLUMNS FROM `grouplist` [ RunTime:0.0105s ]
SQL: SELECT * FROM `grouplist` WHERE `id` = 4 LIMIT 1   [ RunTime:0.0005s ]
SQL: SELECT * FROM `grouplist` WHERE `id` = 4 LIMIT 1   [ RunTime:0.0005s ]
INFO: Run Behavior\ParseTemplateBehavior [ RunTime:0.030499s ]
INFO: [ view_parse ] --END-- [ RunTime:0.030499s ]
INFO: [ view_filter ] --START--
INFO: Run Behavior\WriteHtmlCacheBehavior [ RunTime:0.000999s ]
INFO: [ view_filter ] --END-- [ RunTime:0.000999s ]
INFO: [ app_end ] --START--
INFO: Run Behavior\ShowPageTraceBehavior [ RunTime:0.002409s ]
INFO: [ app_end ] --END-- [ RunTime:0.002409s ]

[ 2018-09-12T11:34:43+08:00 ] 127.0.0.1 /index.php/Admin/Adminuser/index/p/2.html
INFO: [ app_init ] --START--
INFO: Run Behavior\BuildLiteBehavior [ RunTime:0.000000s ]
INFO: [ app_init ] --END-- [ RunTime:0.001001s ]
INFO: [ app_begin ] --START--
INFO: Run Behavior\ReadHtmlCacheBehavior [ RunTime:0.001503s ]
INFO: [ app_begin ] --END-- [ RunTime:0.002002s ]
SQL: SELECT COUNT(*) AS tp_count FROM `adminuser` LIMIT 1   [ RunTime:0.0005s ]
SQL: SELECT adminuser.*,grouplist.group_name FROM `adminuser` INNER JOIN grouplist on adminuser.groupid=grouplist.id  LIMIT 2,2   [ RunTime:0.0005s ]
INFO: [ view_parse ] --START--
INFO: [ template_filter ] --START--
INFO: Run Behavior\ContentReplaceBehavior [ RunTime:0.000000s ]
INFO: [ template_filter ] --END-- [ RunTime:0.000000s ]
NOTIC: [8] Undefined index: jump C:\xampp\htdocs\ThinkPhp\web\Runtime\Cache\Admin\639c2c37365de442ea0066d93080fb36.php 第 418 行.
NOTIC: [8] Undefined index: jump C:\xampp\htdocs\ThinkPhp\web\Runtime\Cache\Admin\639c2c37365de442ea0066d93080fb36.php 第 425 行.
NOTIC: [8] Undefined index: size C:\xampp\htdocs\ThinkPhp\web\Runtime\Cache\Admin\639c2c37365de442ea0066d93080fb36.php 第 447 行.
NOTIC: [8] Undefined index: size C:\xampp\htdocs\ThinkPhp\web\Runtime\Cache\Admin\639c2c37365de442ea0066d93080fb36.php 第 448 行.
NOTIC: [8] Undefined index: size C:\xampp\htdocs\ThinkPhp\web\Runtime\Cache\Admin\639c2c37365de442ea0066d93080fb36.php 第 449 行.
NOTIC: [8] Undefined index: size C:\xampp\htdocs\ThinkPhp\web\Runtime\Cache\Admin\639c2c37365de442ea0066d93080fb36.php 第 450 行.
NOTIC: [8] Undefined index: email C:\xampp\htdocs\ThinkPhp\web\Runtime\Cache\Admin\639c2c37365de442ea0066d93080fb36.php 第 456 行.
SQL: SHOW COLUMNS FROM `grouplist` [ RunTime:0.0110s ]
SQL: SELECT * FROM `grouplist` WHERE `id` = 4 LIMIT 1   [ RunTime:0.0005s ]
SQL: SELECT * FROM `grouplist` WHERE `id` = 4 LIMIT 1   [ RunTime:0.0005s ]
INFO: Run Behavior\ParseTemplateBehavior [ RunTime:0.028998s ]
INFO: [ view_parse ] --END-- [ RunTime:0.030997s ]
INFO: [ view_filter ] --START--
INFO: Run Behavior\WriteHtmlCacheBehavior [ RunTime:0.001017s ]
INFO: [ view_filter ] --END-- [ RunTime:0.001017s ]
INFO: [ app_end ] --START--
INFO: Run Behavior\ShowPageTraceBehavior [ RunTime:0.001000s ]
INFO: [ app_end ] --END-- [ RunTime:0.001000s ]

[ 2018-09-12T11:34:43+08:00 ] 127.0.0.1 /index.php/Admin/adminuser/index
INFO: [ app_init ] --START--
INFO: Run Behavior\BuildLiteBehavior [ RunTime:0.000000s ]
INFO: [ app_init ] --END-- [ RunTime:0.000000s ]
INFO: [ app_begin ] --START--
INFO: Run Behavior\ReadHtmlCacheBehavior [ RunTime:0.001000s ]
INFO: [ app_begin ] --END-- [ RunTime:0.001000s ]
SQL: SELECT COUNT(*) AS tp_count FROM `adminuser` LIMIT 1   [ RunTime:0.0005s ]
SQL: SELECT adminuser.*,grouplist.group_name FROM `adminuser` INNER JOIN grouplist on adminuser.groupid=grouplist.id  LIMIT 0,2   [ RunTime:0.0005s ]
INFO: [ view_parse ] --START--
INFO: [ template_filter ] --START--
INFO: Run Behavior\ContentReplaceBehavior [ RunTime:0.000000s ]
INFO: [ template_filter ] --END-- [ RunTime:0.000000s ]
NOTIC: [8] Undefined index: jump C:\xampp\htdocs\ThinkPhp\web\Runtime\Cache\Admin\639c2c37365de442ea0066d93080fb36.php 第 418 行.
NOTIC: [8] Undefined index: jump C:\xampp\htdocs\ThinkPhp\web\Runtime\Cache\Admin\639c2c37365de442ea0066d93080fb36.php 第 425 行.
NOTIC: [8] Undefined index: size C:\xampp\htdocs\ThinkPhp\web\Runtime\Cache\Admin\639c2c37365de442ea0066d93080fb36.php 第 447 行.
NOTIC: [8] Undefined index: size C:\xampp\htdocs\ThinkPhp\web\Runtime\Cache\Admin\639c2c37365de442ea0066d93080fb36.php 第 448 行.
NOTIC: [8] Undefined index: size C:\xampp\htdocs\ThinkPhp\web\Runtime\Cache\Admin\639c2c37365de442ea0066d93080fb36.php 第 449 行.
NOTIC: [8] Undefined index: size C:\xampp\htdocs\ThinkPhp\web\Runtime\Cache\Admin\639c2c37365de442ea0066d93080fb36.php 第 450 行.
NOTIC: [8] Undefined index: email C:\xampp\htdocs\ThinkPhp\web\Runtime\Cache\Admin\639c2c37365de442ea0066d93080fb36.php 第 456 行.
SQL: SHOW COLUMNS FROM `grouplist` [ RunTime:0.0065s ]
SQL: SELECT * FROM `grouplist` WHERE `id` = 1 LIMIT 1   [ RunTime:0.0000s ]
SQL: SELECT * FROM `grouplist` WHERE `id` = 2 LIMIT 1   [ RunTime:0.0000s ]
INFO: Run Behavior\ParseTemplateBehavior [ RunTime:0.021476s ]
INFO: [ view_parse ] --END-- [ RunTime:0.021476s ]
INFO: [ view_filter ] --START--
INFO: Run Behavior\WriteHtmlCacheBehavior [ RunTime:0.000499s ]
INFO: [ view_filter ] --END-- [ RunTime:0.000499s ]
INFO: [ app_end ] --START--
INFO: Run Behavior\ShowPageTraceBehavior [ RunTime:0.000489s ]
INFO: [ app_end ] --END-- [ RunTime:0.000489s ]

[ 2018-09-12T11:34:43+08:00 ] 127.0.0.1 /index.php/Admin/cate/index
INFO: [ app_init ] --START--
INFO: Run Behavior\BuildLiteBehavior [ RunTime:0.000000s ]
INFO: [ app_init ] --END-- [ RunTime:0.000500s ]
INFO: [ app_begin ] --START--
INFO: Run Behavior\ReadHtmlCacheBehavior [ RunTime:0.001494s ]
INFO: [ app_begin ] --END-- [ RunTime:0.001992s ]
SQL: SHOW COLUMNS FROM `cate` [ RunTime:0.0075s ]
SQL: SELECT COUNT(*) AS tp_count FROM cate as c1 LIMIT 1   [ RunTime:0.0005s ]
NOTIC: [8] Undefined variable: page C:\xampp\htdocs\ThinkPhp\web\Admin\Controller\CateController.class.php 第 59 行.
NOTIC: [8] Trying to get property of non-object C:\xampp\htdocs\ThinkPhp\web\Admin\Controller\CateController.class.php 第 59 行.
NOTIC: [8] Undefined variable: page C:\xampp\htdocs\ThinkPhp\web\Admin\Controller\CateController.class.php 第 59 行.
NOTIC: [8] Trying to get property of non-object C:\xampp\htdocs\ThinkPhp\web\Admin\Controller\CateController.class.php 第 59 行.
SQL: SELECT c1.id,c1.cate,c1.path,c1.pid as aa,c2.cate as pid FROM cate as c1 left join cate as c2 on c1.pid=c2.id   [ RunTime:0.0005s ]
INFO: [ view_parse ] --START--
INFO: [ template_filter ] --START--
INFO: Run Behavior\ContentReplaceBehavior [ RunTime:0.000498s ]
INFO: [ template_filter ] --END-- [ RunTime:0.000498s ]
NOTIC: [8] Undefined index: jump C:\xampp\htdocs\ThinkPhp\web\Runtime\Cache\Admin\7cd7914610a4dc0bb7e638ef6dc1f8b0.php 第 418 行.
NOTIC: [8] Undefined index: jump C:\xampp\htdocs\ThinkPhp\web\Runtime\Cache\Admin\7cd7914610a4dc0bb7e638ef6dc1f8b0.php 第 425 行.
NOTIC: [8] Undefined index: size C:\xampp\htdocs\ThinkPhp\web\Runtime\Cache\Admin\7cd7914610a4dc0bb7e638ef6dc1f8b0.php 第 447 行.
NOTIC: [8] Undefined index: size C:\xampp\htdocs\ThinkPhp\web\Runtime\Cache\Admin\7cd7914610a4dc0bb7e638ef6dc1f8b0.php 第 448 行.
NOTIC: [8] Undefined index: size C:\xampp\htdocs\ThinkPhp\web\Runtime\Cache\Admin\7cd7914610a4dc0bb7e638ef6dc1f8b0.php 第 449 行.
NOTIC: [8] Undefined index: size C:\xampp\htdocs\ThinkPhp\web\Runtime\Cache\Admin\7cd7914610a4dc0bb7e638ef6dc1f8b0.php 第 450 行.
NOTIC: [8] Undefined index: size C:\xampp\htdocs\ThinkPhp\web\Runtime\Cache\Admin\7cd7914610a4dc0bb7e638ef6dc1f8b0.php 第 451 行.
NOTIC: [8] Undefined index: size C:\xampp\htdocs\ThinkPhp\web\Runtime\Cache\Admin\7cd7914610a4dc0bb7e638ef6dc1f8b0.php 第 452 行.
NOTIC: [8] Undefined index: cate C:\xampp\htdocs\ThinkPhp\web\Runtime\Cache\Admin\7cd7914610a4dc0bb7e638ef6dc1f8b0.php 第 458 行.
SQL: SHOW COLUMNS FROM `cate_tag` [ RunTime:0.0125s ]
SQL: SELECT * FROM cate_tag as ct INNER JOIN tag as t on ct.tag_id=t.id  WHERE ( ct.cate_id=1 )  [ RunTime:0.0075s ]
SQL: SELECT * FROM cate_tag as ct INNER JOIN tag as t on ct.tag_id=t.id  WHERE ( ct.cate_id=2 )  [ RunTime:0.0000s ]
SQL: SELECT * FROM cate_tag as ct INNER JOIN tag as t on ct.tag_id=t.id  WHERE ( ct.cate_id=3 )  [ RunTime:0.0005s ]
SQL: SELECT * FROM cate_tag as ct INNER JOIN tag as t on ct.tag_id=t.id  WHERE ( ct.cate_id=4 )  [ RunTime:0.0005s ]
SQL: SELECT * FROM cate_tag as ct INNER JOIN tag as t on ct.tag_id=t.id  WHERE ( ct.cate_id=5 )  [ RunTime:0.0000s ]
SQL: SELECT * FROM cate_tag as ct INNER JOIN tag as t on ct.tag_id=t.id  WHERE ( ct.cate_id=9 )  [ RunTime:0.0000s ]
SQL: SELECT * FROM cate_tag as ct INNER JOIN tag as t on ct.tag_id=t.id  WHERE ( ct.cate_id=10 )  [ RunTime:0.0005s ]
SQL: SELECT * FROM cate_tag as ct INNER JOIN tag as t on ct.tag_id=t.id  WHERE ( ct.cate_id=11 )  [ RunTime:0.0000s ]
SQL: SELECT * FROM cate_tag as ct INNER JOIN tag as t on ct.tag_id=t.id  WHERE ( ct.cate_id=12 )  [ RunTime:0.0000s ]
NOTIC: [8] Undefined variable: url C:\xampp\htdocs\ThinkPhp\web\Runtime\Cache\Admin\7cd7914610a4dc0bb7e638ef6dc1f8b0.php 第 508 行.
NOTIC: [8] Undefined variable: p C:\xampp\htdocs\ThinkPhp\web\Runtime\Cache\Admin\7cd7914610a4dc0bb7e638ef6dc1f8b0.php 第 567 行.
INFO: Run Behavior\ParseTemplateBehavior [ RunTime:0.039501s ]
INFO: [ view_parse ] --END-- [ RunTime:0.039501s ]
INFO: [ view_filter ] --START--
INFO: Run Behavior\WriteHtmlCacheBehavior [ RunTime:0.001002s ]
INFO: [ view_filter ] --END-- [ RunTime:0.001002s ]
INFO: [ app_end ] --START--
INFO: Run Behavior\ShowPageTraceBehavior [ RunTime:0.001018s ]
INFO: [ app_end ] --END-- [ RunTime:0.001018s ]

[ 2018-09-12T11:34:43+08:00 ] 127.0.0.1 /index.php/Admin/cate/add
INFO: [ app_init ] --START--
INFO: Run Behavior\BuildLiteBehavior [ RunTime:0.000000s ]
INFO: [ app_init ] --END-- [ RunTime:0.000502s ]
INFO: [ app_begin ] --START--
INFO: Run Behavior\ReadHtmlCacheBehavior [ RunTime:0.000500s ]
INFO: [ app_begin ] --END-- [ RunTime:0.000500s ]
SQL: SHOW COLUMNS FROM `cate` [ RunTime:0.0090s ]
SQL: SELECT *,concat(path,id) as p FROM `cate` ORDER BY p  [ RunTime:0.0015s ]
INFO: [ view_parse ] --START--
INFO: [ template_filter ] --START--
INFO: Run Behavior\ContentReplaceBehavior [ RunTime:0.000000s ]
INFO: [ template_filter ] --END-- [ RunTime:0.000000s ]
NOTIC: [8] Undefined index: jump C:\xampp\htdocs\ThinkPhp\web\Runtime\Cache\Admin\d0068b3940caaafd8a6a2f451e7dd9f6.php 第 418 行.
NOTIC: [8] Undefined index: jump C:\xampp\htdocs\ThinkPhp\web\Runtime\Cache\Admin\d0068b3940caaafd8a6a2f451e7dd9f6.php 第 425 行.
INFO: Run Behavior\ParseTemplateBehavior [ RunTime:0.016500s ]
INFO: [ view_parse ] --END-- [ RunTime:0.016500s ]
INFO: [ view_filter ] --START--
INFO: Run Behavior\WriteHtmlCacheBehavior [ RunTime:0.000500s ]
INFO: [ view_filter ] --END-- [ RunTime:0.000500s ]
INFO: [ app_end ] --START--
INFO: Run Behavior\ShowPageTraceBehavior [ RunTime:0.001556s ]
INFO: [ app_end ] --END-- [ RunTime:0.001556s ]

[ 2018-09-12T11:34:46+08:00 ] 127.0.0.1 /index.php/Admin/adminuser/index
INFO: [ app_init ] --START--
INFO: Run Behavior\BuildLiteBehavior [ RunTime:0.000000s ]
INFO: [ app_init ] --END-- [ RunTime:0.000000s ]
INFO: [ app_begin ] --START--
INFO: Run Behavior\ReadHtmlCacheBehavior [ RunTime:0.001989s ]
INFO: [ app_begin ] --END-- [ RunTime:0.001989s ]
SQL: SELECT COUNT(*) AS tp_count FROM `adminuser` LIMIT 1   [ RunTime:0.0005s ]
SQL: SELECT adminuser.*,grouplist.group_name FROM `adminuser` INNER JOIN grouplist on adminuser.groupid=grouplist.id  LIMIT 0,2   [ RunTime:0.0010s ]
INFO: [ view_parse ] --START--
INFO: [ template_filter ] --START--
INFO: Run Behavior\ContentReplaceBehavior [ RunTime:0.000000s ]
INFO: [ template_filter ] --END-- [ RunTime:0.000000s ]
NOTIC: [8] Undefined index: jump C:\xampp\htdocs\ThinkPhp\web\Runtime\Cache\Admin\639c2c37365de442ea0066d93080fb36.php 第 418 行.
NOTIC: [8] Undefined index: jump C:\xampp\htdocs\ThinkPhp\web\Runtime\Cache\Admin\639c2c37365de442ea0066d93080fb36.php 第 425 行.
NOTIC: [8] Undefined index: size C:\xampp\htdocs\ThinkPhp\web\Runtime\Cache\Admin\639c2c37365de442ea0066d93080fb36.php 第 447 行.
NOTIC: [8] Undefined index: size C:\xampp\htdocs\ThinkPhp\web\Runtime\Cache\Admin\639c2c37365de442ea0066d93080fb36.php 第 448 行.
NOTIC: [8] Undefined index: size C:\xampp\htdocs\ThinkPhp\web\Runtime\Cache\Admin\639c2c37365de442ea0066d93080fb36.php 第 449 行.
NOTIC: [8] Undefined index: size C:\xampp\htdocs\ThinkPhp\web\Runtime\Cache\Admin\639c2c37365de442ea0066d93080fb36.php 第 450 行.
NOTIC: [8] Undefined index: email C:\xampp\htdocs\ThinkPhp\web\Runtime\Cache\Admin\639c2c37365de442ea0066d93080fb36.php 第 456 行.
SQL: SHOW COLUMNS FROM `grouplist` [ RunTime:0.0075s ]
SQL: SELECT * FROM `grouplist` WHERE `id` = 1 LIMIT 1   [ RunTime:0.0000s ]
SQL: SELECT * FROM `grouplist` WHERE `id` = 2 LIMIT 1   [ RunTime:0.0000s ]
INFO: Run Behavior\ParseTemplateBehavior [ RunTime:0.023501s ]
INFO: [ view_parse ] --END-- [ RunTime:0.023501s ]
INFO: [ view_filter ] --START--
INFO: Run Behavior\WriteHtmlCacheBehavior [ RunTime:0.000506s ]
INFO: [ view_filter ] --END-- [ RunTime:0.000506s ]
INFO: [ app_end ] --START--
INFO: Run Behavior\ShowPageTraceBehavior [ RunTime:0.001003s ]
INFO: [ app_end ] --END-- [ RunTime:0.001003s ]

[ 2018-09-12T11:34:49+08:00 ] 127.0.0.1 /index.php/Admin/Adminuser/index/p/2.html
INFO: [ app_init ] --START--
INFO: Run Behavior\BuildLiteBehavior [ RunTime:0.000000s ]
INFO: [ app_init ] --END-- [ RunTime:0.000515s ]
INFO: [ app_begin ] --START--
INFO: Run Behavior\ReadHtmlCacheBehavior [ RunTime:0.000497s ]
INFO: [ app_begin ] --END-- [ RunTime:0.000497s ]
SQL: SELECT COUNT(*) AS tp_count FROM `adminuser` LIMIT 1   [ RunTime:0.0000s ]
SQL: SELECT adminuser.*,grouplist.group_name FROM `adminuser` INNER JOIN grouplist on adminuser.groupid=grouplist.id  LIMIT 2,2   [ RunTime:0.0010s ]
INFO: [ view_parse ] --START--
INFO: [ template_filter ] --START--
INFO: Run Behavior\ContentReplaceBehavior [ RunTime:0.000000s ]
INFO: [ template_filter ] --END-- [ RunTime:0.000000s ]
NOTIC: [8] Undefined index: jump C:\xampp\htdocs\ThinkPhp\web\Runtime\Cache\Admin\639c2c37365de442ea0066d93080fb36.php 第 418 行.
NOTIC: [8] Undefined index: jump C:\xampp\htdocs\ThinkPhp\web\Runtime\Cache\Admin\639c2c37365de442ea0066d93080fb36.php 第 425 行.
NOTIC: [8] Undefined index: size C:\xampp\htdocs\ThinkPhp\web\Runtime\Cache\Admin\639c2c37365de442ea0066d93080fb36.php 第 447 行.
NOTIC: [8] Undefined index: size C:\xampp\htdocs\ThinkPhp\web\Runtime\Cache\Admin\639c2c37365de442ea0066d93080fb36.php 第 448 行.
NOTIC: [8] Undefined index: size C:\xampp\htdocs\ThinkPhp\web\Runtime\Cache\Admin\639c2c37365de442ea0066d93080fb36.php 第 449 行.
NOTIC: [8] Undefined index: size C:\xampp\htdocs\ThinkPhp\web\Runtime\Cache\Admin\639c2c37365de442ea0066d93080fb36.php 第 450 行.
NOTIC: [8] Undefined index: email C:\xampp\htdocs\ThinkPhp\web\Runtime\Cache\Admin\639c2c37365de442ea0066d93080fb36.php 第 456 行.
SQL: SHOW COLUMNS FROM `grouplist` [ RunTime:0.0101s ]
SQL: SELECT * FROM `grouplist` WHERE `id` = 4 LIMIT 1   [ RunTime:0.0004s ]
SQL: SELECT * FROM `grouplist` WHERE `id` = 4 LIMIT 1   [ RunTime:0.0005s ]
INFO: Run Behavior\ParseTemplateBehavior [ RunTime:0.021028s ]
INFO: [ view_parse ] --END-- [ RunTime:0.021527s ]
INFO: [ view_filter ] --START--
INFO: Run Behavior\WriteHtmlCacheBehavior [ RunTime:0.000472s ]
INFO: [ view_filter ] --END-- [ RunTime:0.000472s ]
INFO: [ app_end ] --START--
INFO: Run Behavior\ShowPageTraceBehavior [ RunTime:0.001001s ]
INFO: [ app_end ] --END-- [ RunTime:0.001501s ]

[ 2018-09-12T11:34:52+08:00 ] 127.0.0.1 /index.php/Admin/Adminuser/edit/id/74
INFO: [ app_init ] --START--
INFO: Run Behavior\BuildLiteBehavior [ RunTime:0.000000s ]
INFO: [ app_init ] --END-- [ RunTime:0.000500s ]
INFO: [ app_begin ] --START--
INFO: Run Behavior\ReadHtmlCacheBehavior [ RunTime:0.000501s ]
INFO: [ app_begin ] --END-- [ RunTime:0.000501s ]
SQL: SHOW COLUMNS FROM `adminuser` [ RunTime:0.0105s ]
SQL: SHOW COLUMNS FROM `grouplist` [ RunTime:0.0085s ]
SQL: SELECT * FROM `grouplist`  [ RunTime:0.0005s ]
SQL: SELECT * FROM `adminuser` WHERE `id` = 74 LIMIT 1   [ RunTime:0.0005s ]
INFO: [ view_parse ] --START--
INFO: [ template_filter ] --START--
INFO: Run Behavior\ContentReplaceBehavior [ RunTime:0.000000s ]
INFO: [ template_filter ] --END-- [ RunTime:0.000000s ]
NOTIC: [8] Undefined index: jump C:\xampp\htdocs\ThinkPhp\web\Runtime\Cache\Admin\0ba2df0a7f34a6e35d39e80faca36a43.php 第 418 行.
NOTIC: [8] Undefined index: jump C:\xampp\htdocs\ThinkPhp\web\Runtime\Cache\Admin\0ba2df0a7f34a6e35d39e80faca36a43.php 第 425 行.
INFO: Run Behavior\ParseTemplateBehavior [ RunTime:0.016012s ]
INFO: [ view_parse ] --END-- [ RunTime:0.016012s ]
INFO: [ view_filter ] --START--
INFO: Run Behavior\WriteHtmlCacheBehavior [ RunTime:0.000558s ]
INFO: [ view_filter ] --END-- [ RunTime:0.000558s ]
INFO: [ app_end ] --START--
INFO: Run Behavior\ShowPageTraceBehavior [ RunTime:0.003501s ]
INFO: [ app_end ] --END-- [ RunTime:0.004092s ]

[ 2018-09-12T11:34:57+08:00 ] 127.0.0.1 /index.php/Admin/adminuser/index
INFO: [ app_init ] --START--
INFO: Run Behavior\BuildLiteBehavior [ RunTime:0.000000s ]
INFO: [ app_init ] --END-- [ RunTime:0.000000s ]
INFO: [ app_begin ] --START--
INFO: Run Behavior\ReadHtmlCacheBehavior [ RunTime:0.000500s ]
INFO: [ app_begin ] --END-- [ RunTime:0.000500s ]
SQL: SELECT COUNT(*) AS tp_count FROM `adminuser` LIMIT 1   [ RunTime:0.0050s ]
SQL: SELECT adminuser.*,grouplist.group_name FROM `adminuser` INNER JOIN grouplist on adminuser.groupid=grouplist.id  LIMIT 0,2   [ RunTime:0.0009s ]
INFO: [ view_parse ] --START--
INFO: [ template_filter ] --START--
INFO: Run Behavior\ContentReplaceBehavior [ RunTime:0.000499s ]
INFO: [ template_filter ] --END-- [ RunTime:0.000499s ]
NOTIC: [8] Undefined index: jump C:\xampp\htdocs\ThinkPhp\web\Runtime\Cache\Admin\639c2c37365de442ea0066d93080fb36.php 第 418 行.
NOTIC: [8] Undefined index: jump C:\xampp\htdocs\ThinkPhp\web\Runtime\Cache\Admin\639c2c37365de442ea0066d93080fb36.php 第 425 行.
NOTIC: [8] Undefined index: size C:\xampp\htdocs\ThinkPhp\web\Runtime\Cache\Admin\639c2c37365de442ea0066d93080fb36.php 第 447 行.
NOTIC: [8] Undefined index: size C:\xampp\htdocs\ThinkPhp\web\Runtime\Cache\Admin\639c2c37365de442ea0066d93080fb36.php 第 448 行.
NOTIC: [8] Undefined index: size C:\xampp\htdocs\ThinkPhp\web\Runtime\Cache\Admin\639c2c37365de442ea0066d93080fb36.php 第 449 行.
NOTIC: [8] Undefined index: size C:\xampp\htdocs\ThinkPhp\web\Runtime\Cache\Admin\639c2c37365de442ea0066d93080fb36.php 第 450 行.
NOTIC: [8] Undefined index: email C:\xampp\htdocs\ThinkPhp\web\Runtime\Cache\Admin\639c2c37365de442ea0066d93080fb36.php 第 456 行.
SQL: SHOW COLUMNS FROM `grouplist` [ RunTime:0.0065s ]
SQL: SELECT * FROM `grouplist` WHERE `id` = 1 LIMIT 1   [ RunTime:0.0015s ]
SQL: SELECT * FROM `grouplist` WHERE `id` = 2 LIMIT 1   [ RunTime:0.0000s ]
INFO: Run Behavior\ParseTemplateBehavior [ RunTime:0.024996s ]
INFO: [ view_parse ] --END-- [ RunTime:0.024996s ]
INFO: [ view_filter ] --START--
INFO: Run Behavior\WriteHtmlCacheBehavior [ RunTime:0.000501s ]
INFO: [ view_filter ] --END-- [ RunTime:0.000501s ]
INFO: [ app_end ] --START--
INFO: Run Behavior\ShowPageTraceBehavior [ RunTime:0.002502s ]
INFO: [ app_end ] --END-- [ RunTime:0.002502s ]

[ 2018-09-12T11:34:59+08:00 ] 127.0.0.1 /index.php/Admin/adminuser/index
INFO: [ app_init ] --START--
INFO: Run Behavior\BuildLiteBehavior [ RunTime:0.000000s ]
INFO: [ app_init ] --END-- [ RunTime:0.000502s ]
INFO: [ app_begin ] --START--
INFO: Run Behavior\ReadHtmlCacheBehavior [ RunTime:0.001000s ]
INFO: [ app_begin ] --END-- [ RunTime:0.001000s ]
SQL: SELECT COUNT(*) AS tp_count FROM `adminuser` LIMIT 1   [ RunTime:0.0005s ]
SQL: SELECT adminuser.*,grouplist.group_name FROM `adminuser` INNER JOIN grouplist on adminuser.groupid=grouplist.id  LIMIT 0,2   [ RunTime:0.0005s ]
INFO: [ view_parse ] --START--
INFO: [ template_filter ] --START--
INFO: Run Behavior\ContentReplaceBehavior [ RunTime:0.000000s ]
INFO: [ template_filter ] --END-- [ RunTime:0.000000s ]
NOTIC: [8] Undefined index: jump C:\xampp\htdocs\ThinkPhp\web\Runtime\Cache\Admin\639c2c37365de442ea0066d93080fb36.php 第 418 行.
NOTIC: [8] Undefined index: jump C:\xampp\htdocs\ThinkPhp\web\Runtime\Cache\Admin\639c2c37365de442ea0066d93080fb36.php 第 425 行.
NOTIC: [8] Undefined index: size C:\xampp\htdocs\ThinkPhp\web\Runtime\Cache\Admin\639c2c37365de442ea0066d93080fb36.php 第 447 行.
NOTIC: [8] Undefined index: size C:\xampp\htdocs\ThinkPhp\web\Runtime\Cache\Admin\639c2c37365de442ea0066d93080fb36.php 第 448 行.
NOTIC: [8] Undefined index: size C:\xampp\htdocs\ThinkPhp\web\Runtime\Cache\Admin\639c2c37365de442ea0066d93080fb36.php 第 449 行.
NOTIC: [8] Undefined index: size C:\xampp\htdocs\ThinkPhp\web\Runtime\Cache\Admin\639c2c37365de442ea0066d93080fb36.php 第 450 行.
NOTIC: [8] Undefined index: email C:\xampp\htdocs\ThinkPhp\web\Runtime\Cache\Admin\639c2c37365de442ea0066d93080fb36.php 第 456 行.
SQL: SHOW COLUMNS FROM `grouplist` [ RunTime:0.0130s ]
SQL: SELECT * FROM `grouplist` WHERE `id` = 1 LIMIT 1   [ RunTime:0.0005s ]
SQL: SELECT * FROM `grouplist` WHERE `id` = 2 LIMIT 1   [ RunTime:0.0000s ]
INFO: Run Behavior\ParseTemplateBehavior [ RunTime:0.027500s ]
INFO: [ view_parse ] --END-- [ RunTime:0.027500s ]
INFO: [ view_filter ] --START--
INFO: Run Behavior\WriteHtmlCacheBehavior [ RunTime:0.000500s ]
INFO: [ view_filter ] --END-- [ RunTime:0.000500s ]
INFO: [ app_end ] --START--
INFO: Run Behavior\ShowPageTraceBehavior [ RunTime:0.000500s ]
INFO: [ app_end ] --END-- [ RunTime:0.000500s ]

[ 2018-09-12T11:35:04+08:00 ] 127.0.0.1 /index.php/Admin/cate/index
INFO: [ app_init ] --START--
INFO: Run Behavior\BuildLiteBehavior [ RunTime:0.000000s ]
INFO: [ app_init ] --END-- [ RunTime:0.000498s ]
INFO: [ app_begin ] --START--
INFO: Run Behavior\ReadHtmlCacheBehavior [ RunTime:0.000499s ]
INFO: [ app_begin ] --END-- [ RunTime:0.000499s ]
SQL: SHOW COLUMNS FROM `cate` [ RunTime:0.0180s ]
SQL: SELECT COUNT(*) AS tp_count FROM cate as c1 LIMIT 1   [ RunTime:0.0005s ]
NOTIC: [8] Undefined variable: page C:\xampp\htdocs\ThinkPhp\web\Admin\Controller\CateController.class.php 第 59 行.
NOTIC: [8] Trying to get property of non-object C:\xampp\htdocs\ThinkPhp\web\Admin\Controller\CateController.class.php 第 59 行.
NOTIC: [8] Undefined variable: page C:\xampp\htdocs\ThinkPhp\web\Admin\Controller\CateController.class.php 第 59 行.
NOTIC: [8] Trying to get property of non-object C:\xampp\htdocs\ThinkPhp\web\Admin\Controller\CateController.class.php 第 59 行.
SQL: SELECT c1.id,c1.cate,c1.path,c1.pid as aa,c2.cate as pid FROM cate as c1 left join cate as c2 on c1.pid=c2.id   [ RunTime:0.0005s ]
INFO: [ view_parse ] --START--
INFO: [ template_filter ] --START--
INFO: Run Behavior\ContentReplaceBehavior [ RunTime:0.000000s ]
INFO: [ template_filter ] --END-- [ RunTime:0.000503s ]
NOTIC: [8] Undefined index: jump C:\xampp\htdocs\ThinkPhp\web\Runtime\Cache\Admin\7cd7914610a4dc0bb7e638ef6dc1f8b0.php 第 418 行.
NOTIC: [8] Undefined index: jump C:\xampp\htdocs\ThinkPhp\web\Runtime\Cache\Admin\7cd7914610a4dc0bb7e638ef6dc1f8b0.php 第 425 行.
NOTIC: [8] Undefined index: size C:\xampp\htdocs\ThinkPhp\web\Runtime\Cache\Admin\7cd7914610a4dc0bb7e638ef6dc1f8b0.php 第 447 行.
NOTIC: [8] Undefined index: size C:\xampp\htdocs\ThinkPhp\web\Runtime\Cache\Admin\7cd7914610a4dc0bb7e638ef6dc1f8b0.php 第 448 行.
NOTIC: [8] Undefined index: size C:\xampp\htdocs\ThinkPhp\web\Runtime\Cache\Admin\7cd7914610a4dc0bb7e638ef6dc1f8b0.php 第 449 行.
NOTIC: [8] Undefined index: size C:\xampp\htdocs\ThinkPhp\web\Runtime\Cache\Admin\7cd7914610a4dc0bb7e638ef6dc1f8b0.php 第 450 行.
NOTIC: [8] Undefined index: size C:\xampp\htdocs\ThinkPhp\web\Runtime\Cache\Admin\7cd7914610a4dc0bb7e638ef6dc1f8b0.php 第 451 行.
NOTIC: [8] Undefined index: size C:\xampp\htdocs\ThinkPhp\web\Runtime\Cache\Admin\7cd7914610a4dc0bb7e638ef6dc1f8b0.php 第 452 行.
NOTIC: [8] Undefined index: cate C:\xampp\htdocs\ThinkPhp\web\Runtime\Cache\Admin\7cd7914610a4dc0bb7e638ef6dc1f8b0.php 第 458 行.
SQL: SHOW COLUMNS FROM `cate_tag` [ RunTime:0.0080s ]
SQL: SELECT * FROM cate_tag as ct INNER JOIN tag as t on ct.tag_id=t.id  WHERE ( ct.cate_id=1 )  [ RunTime:0.0005s ]
SQL: SELECT * FROM cate_tag as ct INNER JOIN tag as t on ct.tag_id=t.id  WHERE ( ct.cate_id=2 )  [ RunTime:0.0005s ]
SQL: SELECT * FROM cate_tag as ct INNER JOIN tag as t on ct.tag_id=t.id  WHERE ( ct.cate_id=3 )  [ RunTime:0.0010s ]
SQL: SELECT * FROM cate_tag as ct INNER JOIN tag as t on ct.tag_id=t.id  WHERE ( ct.cate_id=4 )  [ RunTime:0.0010s ]
SQL: SELECT * FROM cate_tag as ct INNER JOIN tag as t on ct.tag_id=t.id  WHERE ( ct.cate_id=5 )  [ RunTime:0.0005s ]
SQL: SELECT * FROM cate_tag as ct INNER JOIN tag as t on ct.tag_id=t.id  WHERE ( ct.cate_id=9 )  [ RunTime:0.0005s ]
SQL: SELECT * FROM cate_tag as ct INNER JOIN tag as t on ct.tag_id=t.id  WHERE ( ct.cate_id=10 )  [ RunTime:0.0015s ]
SQL: SELECT * FROM cate_tag as ct INNER JOIN tag as t on ct.tag_id=t.id  WHERE ( ct.cate_id=11 )  [ RunTime:0.0006s ]
SQL: SELECT * FROM cate_tag as ct INNER JOIN tag as t on ct.tag_id=t.id  WHERE ( ct.cate_id=12 )  [ RunTime:0.0004s ]
NOTIC: [8] Undefined variable: url C:\xampp\htdocs\ThinkPhp\web\Runtime\Cache\Admin\7cd7914610a4dc0bb7e638ef6dc1f8b0.php 第 508 行.
NOTIC: [8] Undefined variable: p C:\xampp\htdocs\ThinkPhp\web\Runtime\Cache\Admin\7cd7914610a4dc0bb7e638ef6dc1f8b0.php 第 567 行.
INFO: Run Behavior\ParseTemplateBehavior [ RunTime:0.028502s ]
INFO: [ view_parse ] --END-- [ RunTime:0.028502s ]
INFO: [ view_filter ] --START--
INFO: Run Behavior\WriteHtmlCacheBehavior [ RunTime:0.000499s ]
INFO: [ view_filter ] --END-- [ RunTime:0.000499s ]
INFO: [ app_end ] --START--
INFO: Run Behavior\ShowPageTraceBehavior [ RunTime:0.000979s ]
INFO: [ app_end ] --END-- [ RunTime:0.000979s ]

[ 2018-09-12T11:35:05+08:00 ] 127.0.0.1 /index.php/Admin/cate/add
INFO: [ app_init ] --START--
INFO: Run Behavior\BuildLiteBehavior [ RunTime:0.000000s ]
INFO: [ app_init ] --END-- [ RunTime:0.000502s ]
INFO: [ app_begin ] --START--
INFO: Run Behavior\ReadHtmlCacheBehavior [ RunTime:0.000501s ]
INFO: [ app_begin ] --END-- [ RunTime:0.000501s ]
SQL: SHOW COLUMNS FROM `cate` [ RunTime:0.0140s ]
SQL: SELECT *,concat(path,id) as p FROM `cate` ORDER BY p  [ RunTime:0.0005s ]
INFO: [ view_parse ] --START--
INFO: [ template_filter ] --START--
INFO: Run Behavior\ContentReplaceBehavior [ RunTime:0.000498s ]
INFO: [ template_filter ] --END-- [ RunTime:0.000498s ]
NOTIC: [8] Undefined index: jump C:\xampp\htdocs\ThinkPhp\web\Runtime\Cache\Admin\d0068b3940caaafd8a6a2f451e7dd9f6.php 第 418 行.
NOTIC: [8] Undefined index: jump C:\xampp\htdocs\ThinkPhp\web\Runtime\Cache\Admin\d0068b3940caaafd8a6a2f451e7dd9f6.php 第 425 行.
INFO: Run Behavior\ParseTemplateBehavior [ RunTime:0.012003s ]
INFO: [ view_parse ] --END-- [ RunTime:0.012003s ]
INFO: [ view_filter ] --START--
INFO: Run Behavior\WriteHtmlCacheBehavior [ RunTime:0.000498s ]
INFO: [ view_filter ] --END-- [ RunTime:0.000498s ]
INFO: [ app_end ] --START--
INFO: Run Behavior\ShowPageTraceBehavior [ RunTime:0.000996s ]
INFO: [ app_end ] --END-- [ RunTime:0.000996s ]

[ 2018-09-12T11:35:08+08:00 ] 127.0.0.1 /index.php/Admin/tag/index
INFO: [ app_init ] --START--
INFO: Run Behavior\BuildLiteBehavior [ RunTime:0.000000s ]
INFO: [ app_init ] --END-- [ RunTime:0.000503s ]
INFO: [ app_begin ] --START--
INFO: Run Behavior\ReadHtmlCacheBehavior [ RunTime:0.001002s ]
INFO: [ app_begin ] --END-- [ RunTime:0.001002s ]
SQL: SHOW COLUMNS FROM `tag` [ RunTime:0.0100s ]
SQL: SELECT * FROM `tag`  [ RunTime:0.0000s ]
SQL: SHOW COLUMNS FROM `tag_val` [ RunTime:0.0140s ]
SQL: SELECT v.val FROM tag_val as tv INNER JOIN val as v on tv.val_id=v.id  WHERE ( tv.tag_id=29 )  [ RunTime:0.0035s ]
SQL: SELECT v.val FROM tag_val as tv INNER JOIN val as v on tv.val_id=v.id  WHERE ( tv.tag_id=30 )  [ RunTime:0.0000s ]
SQL: SELECT v.val FROM tag_val as tv INNER JOIN val as v on tv.val_id=v.id  WHERE ( tv.tag_id=31 )  [ RunTime:0.0000s ]
SQL: SELECT v.val FROM tag_val as tv INNER JOIN val as v on tv.val_id=v.id  WHERE ( tv.tag_id=34 )  [ RunTime:0.0000s ]
SQL: SELECT v.val FROM tag_val as tv INNER JOIN val as v on tv.val_id=v.id  WHERE ( tv.tag_id=36 )  [ RunTime:0.0005s ]
SQL: SELECT v.val FROM tag_val as tv INNER JOIN val as v on tv.val_id=v.id  WHERE ( tv.tag_id=37 )  [ RunTime:0.0000s ]
SQL: SELECT COUNT(*) AS tp_count FROM `tag` LIMIT 1   [ RunTime:0.0000s ]
SQL: SELECT * FROM `tag` LIMIT 0,2   [ RunTime:0.0005s ]
INFO: [ view_parse ] --START--
INFO: [ template_filter ] --START--
INFO: Run Behavior\ContentReplaceBehavior [ RunTime:0.000000s ]
INFO: [ template_filter ] --END-- [ RunTime:0.000493s ]
NOTIC: [8] Undefined index: jump C:\xampp\htdocs\ThinkPhp\web\Runtime\Cache\Admin\f65743a2b5c26101f46f965f50e4d9df.php 第 418 行.
NOTIC: [8] Undefined index: jump C:\xampp\htdocs\ThinkPhp\web\Runtime\Cache\Admin\f65743a2b5c26101f46f965f50e4d9df.php 第 425 行.
NOTIC: [8] Undefined index: size C:\xampp\htdocs\ThinkPhp\web\Runtime\Cache\Admin\f65743a2b5c26101f46f965f50e4d9df.php 第 447 行.
NOTIC: [8] Undefined index: size C:\xampp\htdocs\ThinkPhp\web\Runtime\Cache\Admin\f65743a2b5c26101f46f965f50e4d9df.php 第 448 行.
NOTIC: [8] Undefined index: size C:\xampp\htdocs\ThinkPhp\web\Runtime\Cache\Admin\f65743a2b5c26101f46f965f50e4d9df.php 第 449 行.
NOTIC: [8] Undefined index: size C:\xampp\htdocs\ThinkPhp\web\Runtime\Cache\Admin\f65743a2b5c26101f46f965f50e4d9df.php 第 450 行.
NOTIC: [8] Undefined index: size C:\xampp\htdocs\ThinkPhp\web\Runtime\Cache\Admin\f65743a2b5c26101f46f965f50e4d9df.php 第 451 行.
NOTIC: [8] Undefined index: size C:\xampp\htdocs\ThinkPhp\web\Runtime\Cache\Admin\f65743a2b5c26101f46f965f50e4d9df.php 第 452 行.
NOTIC: [8] Undefined index: tag_name C:\xampp\htdocs\ThinkPhp\web\Runtime\Cache\Admin\f65743a2b5c26101f46f965f50e4d9df.php 第 458 行.
INFO: Run Behavior\ParseTemplateBehavior [ RunTime:0.014500s ]
INFO: [ view_parse ] --END-- [ RunTime:0.014500s ]
INFO: [ view_filter ] --START--
INFO: Run Behavior\WriteHtmlCacheBehavior [ RunTime:0.000499s ]
INFO: [ view_filter ] --END-- [ RunTime:0.000499s ]
INFO: [ app_end ] --START--
INFO: Run Behavior\ShowPageTraceBehavior [ RunTime:0.001499s ]
INFO: [ app_end ] --END-- [ RunTime:0.001499s ]

[ 2018-09-12T11:35:09+08:00 ] 127.0.0.1 /index.php/Admin/val/index
INFO: [ app_init ] --START--
INFO: Run Behavior\BuildLiteBehavior [ RunTime:0.000000s ]
INFO: [ app_init ] --END-- [ RunTime:0.000499s ]
INFO: [ app_begin ] --START--
INFO: Run Behavior\ReadHtmlCacheBehavior [ RunTime:0.002501s ]
INFO: [ app_begin ] --END-- [ RunTime:0.002501s ]
SQL: SHOW COLUMNS FROM `val` [ RunTime:0.0160s ]
SQL: SELECT * FROM `val`  [ RunTime:0.0005s ]
SQL: SELECT COUNT(*) AS tp_count FROM `val` LIMIT 1   [ RunTime:0.0000s ]
SQL: SELECT * FROM `val` LIMIT 0,4   [ RunTime:0.0000s ]
INFO: [ view_parse ] --START--
INFO: [ template_filter ] --START--
INFO: Run Behavior\ContentReplaceBehavior [ RunTime:0.000000s ]
INFO: [ template_filter ] --END-- [ RunTime:0.000000s ]
NOTIC: [8] Undefined index: jump C:\xampp\htdocs\ThinkPhp\web\Runtime\Cache\Admin\e19c68eb935993987813e7162cdbc85d.php 第 418 行.
NOTIC: [8] Undefined index: jump C:\xampp\htdocs\ThinkPhp\web\Runtime\Cache\Admin\e19c68eb935993987813e7162cdbc85d.php 第 425 行.
NOTIC: [8] Undefined index: size C:\xampp\htdocs\ThinkPhp\web\Runtime\Cache\Admin\e19c68eb935993987813e7162cdbc85d.php 第 447 行.
NOTIC: [8] Undefined index: size C:\xampp\htdocs\ThinkPhp\web\Runtime\Cache\Admin\e19c68eb935993987813e7162cdbc85d.php 第 448 行.
NOTIC: [8] Undefined index: size C:\xampp\htdocs\ThinkPhp\web\Runtime\Cache\Admin\e19c68eb935993987813e7162cdbc85d.php 第 449 行.
NOTIC: [8] Undefined index: size C:\xampp\htdocs\ThinkPhp\web\Runtime\Cache\Admin\e19c68eb935993987813e7162cdbc85d.php 第 450 行.
NOTIC: [8] Undefined index: val C:\xampp\htdocs\ThinkPhp\web\Runtime\Cache\Admin\e19c68eb935993987813e7162cdbc85d.php 第 456 行.
INFO: Run Behavior\ParseTemplateBehavior [ RunTime:0.014496s ]
INFO: [ view_parse ] --END-- [ RunTime:0.014496s ]
INFO: [ view_filter ] --START--
INFO: Run Behavior\WriteHtmlCacheBehavior [ RunTime:0.000500s ]
INFO: [ view_filter ] --END-- [ RunTime:0.000500s ]
INFO: [ app_end ] --START--
INFO: Run Behavior\ShowPageTraceBehavior [ RunTime:0.000538s ]
INFO: [ app_end ] --END-- [ RunTime:0.000538s ]

[ 2018-09-12T11:35:11+08:00 ] 127.0.0.1 /index.php/Admin/good/index
INFO: [ app_init ] --START--
INFO: Run Behavior\BuildLiteBehavior [ RunTime:0.000000s ]
INFO: [ app_init ] --END-- [ RunTime:0.003531s ]
INFO: [ app_begin ] --START--
INFO: Run Behavior\ReadHtmlCacheBehavior [ RunTime:0.001494s ]
INFO: [ app_begin ] --END-- [ RunTime:0.001494s ]
SQL: SHOW COLUMNS FROM `good` [ RunTime:0.0075s ]
SQL: SELECT COUNT(*) AS tp_count FROM `good` LIMIT 1   [ RunTime:0.0005s ]
SQL: SELECT good.*,pic.path,cate.cate FROM `good` INNER JOIN cate on good.cate_id=cate.id INNER JOIN pic on good.id=pic.good_id  GROUP BY pic.good_id LIMIT 0,2   [ RunTime:0.0105s ]
SQL: SHOW COLUMNS FROM `sku` [ RunTime:0.0110s ]
SQL: SELECT sku.*,pic.path FROM `sku` INNER JOIN pic on sku.id=pic.sku_id  WHERE ( sku.good_id=38 )  [ RunTime:0.0005s ]
SQL: SELECT sku.*,pic.path FROM `sku` INNER JOIN pic on sku.id=pic.sku_id  WHERE ( sku.good_id=40 )  [ RunTime:0.0005s ]
INFO: [ view_parse ] --START--
INFO: [ template_filter ] --START--
INFO: Run Behavior\ContentReplaceBehavior [ RunTime:0.000000s ]
INFO: [ template_filter ] --END-- [ RunTime:0.000000s ]
NOTIC: [8] Undefined index: jump C:\xampp\htdocs\ThinkPhp\web\Runtime\Cache\Admin\5e569ad068c70ba99bd24050e5fc9bec.php 第 418 行.
NOTIC: [8] Undefined index: jump C:\xampp\htdocs\ThinkPhp\web\Runtime\Cache\Admin\5e569ad068c70ba99bd24050e5fc9bec.php 第 425 行.
NOTIC: [8] Undefined index: size C:\xampp\htdocs\ThinkPhp\web\Runtime\Cache\Admin\5e569ad068c70ba99bd24050e5fc9bec.php 第 447 行.
NOTIC: [8] Undefined index: size C:\xampp\htdocs\ThinkPhp\web\Runtime\Cache\Admin\5e569ad068c70ba99bd24050e5fc9bec.php 第 448 行.
NOTIC: [8] Undefined index: size C:\xampp\htdocs\ThinkPhp\web\Runtime\Cache\Admin\5e569ad068c70ba99bd24050e5fc9bec.php 第 449 行.
NOTIC: [8] Undefined index: size C:\xampp\htdocs\ThinkPhp\web\Runtime\Cache\Admin\5e569ad068c70ba99bd24050e5fc9bec.php 第 450 行.
NOTIC: [8] Undefined index: size C:\xampp\htdocs\ThinkPhp\web\Runtime\Cache\Admin\5e569ad068c70ba99bd24050e5fc9bec.php 第 451 行.
NOTIC: [8] Undefined index: size C:\xampp\htdocs\ThinkPhp\web\Runtime\Cache\Admin\5e569ad068c70ba99bd24050e5fc9bec.php 第 452 行.
INFO: Run Behavior\ParseTemplateBehavior [ RunTime:0.036365s ]
INFO: [ view_parse ] --END-- [ RunTime:0.036365s ]
INFO: [ view_filter ] --START--
INFO: Run Behavior\WriteHtmlCacheBehavior [ RunTime:0.000263s ]
INFO: [ view_filter ] --END-- [ RunTime:0.000263s ]
INFO: [ app_end ] --START--
INFO: Run Behavior\ShowPageTraceBehavior [ RunTime:0.000950s ]
INFO: [ app_end ] --END-- [ RunTime:0.000950s ]

[ 2018-09-12T11:35:12+08:00 ] 127.0.0.1 /index.php/Admin/good/add
INFO: [ app_init ] --START--
INFO: Run Behavior\BuildLiteBehavior [ RunTime:0.000000s ]
INFO: [ app_init ] --END-- [ RunTime:0.000505s ]
INFO: [ app_begin ] --START--
INFO: Run Behavior\ReadHtmlCacheBehavior [ RunTime:0.000502s ]
INFO: [ app_begin ] --END-- [ RunTime:0.001000s ]
SQL: SHOW COLUMNS FROM `cate` [ RunTime:0.0105s ]
SQL: SELECT *,concat(path,id) as p FROM `cate` ORDER BY p  [ RunTime:0.0046s ]
INFO: [ view_parse ] --START--
INFO: [ template_filter ] --START--
INFO: Run Behavior\ContentReplaceBehavior [ RunTime:0.000505s ]
INFO: [ template_filter ] --END-- [ RunTime:0.000505s ]
NOTIC: [8] Undefined index: jump C:\xampp\htdocs\ThinkPhp\web\Runtime\Cache\Admin\6687c23b88e7b6bf26acae76c4ace03e.php 第 418 行.
NOTIC: [8] Undefined index: jump C:\xampp\htdocs\ThinkPhp\web\Runtime\Cache\Admin\6687c23b88e7b6bf26acae76c4ace03e.php 第 425 行.
NOTIC: [8] Undefined index: cate_id C:\xampp\htdocs\ThinkPhp\web\Common\Common\function.php 第 133 行.
INFO: Run Behavior\ParseTemplateBehavior [ RunTime:0.014499s ]
INFO: [ view_parse ] --END-- [ RunTime:0.014499s ]
INFO: [ view_filter ] --START--
INFO: Run Behavior\WriteHtmlCacheBehavior [ RunTime:0.001003s ]
INFO: [ view_filter ] --END-- [ RunTime:0.001003s ]
INFO: [ app_end ] --START--
INFO: Run Behavior\ShowPageTraceBehavior [ RunTime:0.001500s ]
INFO: [ app_end ] --END-- [ RunTime:0.001500s ]

[ 2018-09-12T11:35:14+08:00 ] 127.0.0.1 /index.php/Admin/order/index
INFO: [ app_init ] --START--
INFO: Run Behavior\BuildLiteBehavior [ RunTime:0.000000s ]
INFO: [ app_init ] --END-- [ RunTime:0.000000s ]
INFO: [ app_begin ] --START--
INFO: Run Behavior\ReadHtmlCacheBehavior [ RunTime:0.001501s ]
INFO: [ app_begin ] --END-- [ RunTime:0.001501s ]
SQL: SHOW COLUMNS FROM `order` [ RunTime:0.0145s ]
SQL: SELECT * FROM `order`  [ RunTime:0.0005s ]
SQL: SHOW COLUMNS FROM `order_detail` [ RunTime:0.0090s ]
SQL: SHOW COLUMNS FROM `sku` [ RunTime:0.0080s ]
SQL: SHOW COLUMNS FROM `pic` [ RunTime:0.0100s ]
SQL: SELECT * FROM `order_detail` WHERE ( order_id=46 )  [ RunTime:0.0040s ]
SQL: SELECT * FROM `sku` WHERE `id` = 82 LIMIT 1   [ RunTime:0.0005s ]
SQL: SELECT * FROM `pic` WHERE ( sku_id=82 ) LIMIT 1   [ RunTime:0.0000s ]
INFO: [ view_parse ] --START--
INFO: [ template_filter ] --START--
INFO: Run Behavior\ContentReplaceBehavior [ RunTime:0.000000s ]
INFO: [ template_filter ] --END-- [ RunTime:0.000500s ]
NOTIC: [8] Undefined index: jump C:\xampp\htdocs\ThinkPhp\web\Runtime\Cache\Admin\faa2163cae6b001d625b1462f028bd52.php 第 422 行.
NOTIC: [8] Undefined index: jump C:\xampp\htdocs\ThinkPhp\web\Runtime\Cache\Admin\faa2163cae6b001d625b1462f028bd52.php 第 429 行.
NOTIC: [8] Undefined index: size C:\xampp\htdocs\ThinkPhp\web\Runtime\Cache\Admin\faa2163cae6b001d625b1462f028bd52.php 第 451 行.
NOTIC: [8] Undefined index: size C:\xampp\htdocs\ThinkPhp\web\Runtime\Cache\Admin\faa2163cae6b001d625b1462f028bd52.php 第 452 行.
NOTIC: [8] Undefined index: size C:\xampp\htdocs\ThinkPhp\web\Runtime\Cache\Admin\faa2163cae6b001d625b1462f028bd52.php 第 453 行.
NOTIC: [8] Undefined index: size C:\xampp\htdocs\ThinkPhp\web\Runtime\Cache\Admin\faa2163cae6b001d625b1462f028bd52.php 第 454 行.
NOTIC: [8] Undefined index: size C:\xampp\htdocs\ThinkPhp\web\Runtime\Cache\Admin\faa2163cae6b001d625b1462f028bd52.php 第 455 行.
NOTIC: [8] Undefined index: size C:\xampp\htdocs\ThinkPhp\web\Runtime\Cache\Admin\faa2163cae6b001d625b1462f028bd52.php 第 456 行.
SQL: SHOW COLUMNS FROM `user` [ RunTime:0.0080s ]
SQL: SELECT * FROM `user` WHERE `id` = 6 LIMIT 1   [ RunTime:0.0005s ]
SQL: SHOW COLUMNS FROM `address` [ RunTime:0.0140s ]
SQL: SELECT * FROM `address` WHERE `id` = 24 LIMIT 1   [ RunTime:0.0000s ]
NOTIC: [8] Undefined variable: url C:\xampp\htdocs\ThinkPhp\web\Runtime\Cache\Admin\faa2163cae6b001d625b1462f028bd52.php 第 530 行.
NOTIC: [8] Undefined variable: p C:\xampp\htdocs\ThinkPhp\web\Runtime\Cache\Admin\faa2163cae6b001d625b1462f028bd52.php 第 639 行.
INFO: Run Behavior\ParseTemplateBehavior [ RunTime:0.043001s ]
INFO: [ view_parse ] --END-- [ RunTime:0.043486s ]
INFO: [ view_filter ] --START--
INFO: Run Behavior\WriteHtmlCacheBehavior [ RunTime:0.000998s ]
INFO: [ view_filter ] --END-- [ RunTime:0.000998s ]
INFO: [ app_end ] --START--
INFO: Run Behavior\ShowPageTraceBehavior [ RunTime:0.001996s ]
INFO: [ app_end ] --END-- [ RunTime:0.001996s ]

[ 2018-09-12T11:35:15+08:00 ] 127.0.0.1 /index.php/Admin/picc/index
INFO: [ app_init ] --START--
INFO: Run Behavior\BuildLiteBehavior [ RunTime:0.000499s ]
INFO: [ app_init ] --END-- [ RunTime:0.000499s ]
INFO: [ app_begin ] --START--
INFO: Run Behavior\ReadHtmlCacheBehavior [ RunTime:0.000000s ]
INFO: [ app_begin ] --END-- [ RunTime:0.000498s ]
SQL: SHOW COLUMNS FROM `picc` [ RunTime:0.0175s ]
SQL: SELECT * FROM `picc`  [ RunTime:0.0050s ]
INFO: [ view_parse ] --START--
INFO: [ template_filter ] --START--
INFO: Run Behavior\ContentReplaceBehavior [ RunTime:0.000499s ]
INFO: [ template_filter ] --END-- [ RunTime:0.000499s ]
NOTIC: [8] Undefined index: jump C:\xampp\htdocs\ThinkPhp\web\Runtime\Cache\Admin\7a2d97958915e7fdb11da5305c119cd7.php 第 418 行.
NOTIC: [8] Undefined index: jump C:\xampp\htdocs\ThinkPhp\web\Runtime\Cache\Admin\7a2d97958915e7fdb11da5305c119cd7.php 第 425 行.
NOTIC: [8] Undefined index: size C:\xampp\htdocs\ThinkPhp\web\Runtime\Cache\Admin\7a2d97958915e7fdb11da5305c119cd7.php 第 447 行.
NOTIC: [8] Undefined index: size C:\xampp\htdocs\ThinkPhp\web\Runtime\Cache\Admin\7a2d97958915e7fdb11da5305c119cd7.php 第 448 行.
NOTIC: [8] Undefined index: size C:\xampp\htdocs\ThinkPhp\web\Runtime\Cache\Admin\7a2d97958915e7fdb11da5305c119cd7.php 第 449 行.
NOTIC: [8] Undefined index: size C:\xampp\htdocs\ThinkPhp\web\Runtime\Cache\Admin\7a2d97958915e7fdb11da5305c119cd7.php 第 450 行.
NOTIC: [8] Undefined index: email C:\xampp\htdocs\ThinkPhp\web\Runtime\Cache\Admin\7a2d97958915e7fdb11da5305c119cd7.php 第 456 行.
NOTIC: [8] Undefined variable: url C:\xampp\htdocs\ThinkPhp\web\Runtime\Cache\Admin\7a2d97958915e7fdb11da5305c119cd7.php 第 495 行.
INFO: Run Behavior\ParseTemplateBehavior [ RunTime:0.012998s ]
INFO: [ view_parse ] --END-- [ RunTime:0.013494s ]
INFO: [ view_filter ] --START--
INFO: Run Behavior\WriteHtmlCacheBehavior [ RunTime:0.000501s ]
INFO: [ view_filter ] --END-- [ RunTime:0.000501s ]
INFO: [ app_end ] --START--
INFO: Run Behavior\ShowPageTraceBehavior [ RunTime:0.001527s ]
INFO: [ app_end ] --END-- [ RunTime:0.001581s ]

[ 2018-09-12T11:35:26+08:00 ] 127.0.0.1 /index.php/Admin/adminuser/index
INFO: [ app_init ] --START--
INFO: Run Behavior\BuildLiteBehavior [ RunTime:0.000000s ]
INFO: [ app_init ] --END-- [ RunTime:0.000000s ]
INFO: [ app_begin ] --START--
INFO: Run Behavior\ReadHtmlCacheBehavior [ RunTime:0.000500s ]
INFO: [ app_begin ] --END-- [ RunTime:0.000500s ]
SQL: SELECT COUNT(*) AS tp_count FROM `adminuser` LIMIT 1   [ RunTime:0.0000s ]
SQL: SELECT adminuser.*,grouplist.group_name FROM `adminuser` INNER JOIN grouplist on adminuser.groupid=grouplist.id  LIMIT 0,2   [ RunTime:0.0000s ]
INFO: [ view_parse ] --START--
INFO: [ template_filter ] --START--
INFO: Run Behavior\ContentReplaceBehavior [ RunTime:0.000500s ]
INFO: [ template_filter ] --END-- [ RunTime:0.000500s ]
NOTIC: [8] Undefined index: jump C:\xampp\htdocs\ThinkPhp\web\Runtime\Cache\Admin\639c2c37365de442ea0066d93080fb36.php 第 418 行.
NOTIC: [8] Undefined index: jump C:\xampp\htdocs\ThinkPhp\web\Runtime\Cache\Admin\639c2c37365de442ea0066d93080fb36.php 第 425 行.
NOTIC: [8] Undefined index: size C:\xampp\htdocs\ThinkPhp\web\Runtime\Cache\Admin\639c2c37365de442ea0066d93080fb36.php 第 447 行.
NOTIC: [8] Undefined index: size C:\xampp\htdocs\ThinkPhp\web\Runtime\Cache\Admin\639c2c37365de442ea0066d93080fb36.php 第 448 行.
NOTIC: [8] Undefined index: size C:\xampp\htdocs\ThinkPhp\web\Runtime\Cache\Admin\639c2c37365de442ea0066d93080fb36.php 第 449 行.
NOTIC: [8] Undefined index: size C:\xampp\htdocs\ThinkPhp\web\Runtime\Cache\Admin\639c2c37365de442ea0066d93080fb36.php 第 450 行.
NOTIC: [8] Undefined index: email C:\xampp\htdocs\ThinkPhp\web\Runtime\Cache\Admin\639c2c37365de442ea0066d93080fb36.php 第 456 行.
SQL: SHOW COLUMNS FROM `grouplist` [ RunTime:0.0075s ]
SQL: SELECT * FROM `grouplist` WHERE `id` = 1 LIMIT 1   [ RunTime:0.0000s ]
SQL: SELECT * FROM `grouplist` WHERE `id` = 2 LIMIT 1   [ RunTime:0.0005s ]
INFO: Run Behavior\ParseTemplateBehavior [ RunTime:0.021997s ]
INFO: [ view_parse ] --END-- [ RunTime:0.021997s ]
INFO: [ view_filter ] --START--
INFO: Run Behavior\WriteHtmlCacheBehavior [ RunTime:0.000502s ]
INFO: [ view_filter ] --END-- [ RunTime:0.000502s ]
INFO: [ app_end ] --START--
INFO: Run Behavior\ShowPageTraceBehavior [ RunTime:0.000998s ]
INFO: [ app_end ] --END-- [ RunTime:0.000998s ]

[ 2018-09-12T11:38:19+08:00 ] 127.0.0.1 /index.php/admin
INFO: [ app_init ] --START--
INFO: Run Behavior\BuildLiteBehavior [ RunTime:0.000000s ]
INFO: [ app_init ] --END-- [ RunTime:0.000501s ]
INFO: [ app_begin ] --START--
INFO: Run Behavior\ReadHtmlCacheBehavior [ RunTime:0.001000s ]
INFO: [ app_begin ] --END-- [ RunTime:0.001000s ]
SQL: SHOW COLUMNS FROM `adminuser` [ RunTime:0.0090s ]
SQL: SELECT adminuser.*,grouplist.group_name FROM `adminuser` INNER JOIN grouplist on adminuser.groupid = grouplist.id  WHERE ( adminuser.id=1 ) LIMIT 1   [ RunTime:0.0010s ]
INFO: [ view_parse ] --START--
INFO: [ template_filter ] --START--
INFO: Run Behavior\ContentReplaceBehavior [ RunTime:0.000000s ]
INFO: [ template_filter ] --END-- [ RunTime:0.000000s ]
NOTIC: [8] Undefined index: jump C:\xampp\htdocs\ThinkPhp\web\Runtime\Cache\Admin\7025b44a7596185f4a54002eca98357c.php 第 424 行.
NOTIC: [8] Undefined index: jump C:\xampp\htdocs\ThinkPhp\web\Runtime\Cache\Admin\7025b44a7596185f4a54002eca98357c.php 第 431 行.
INFO: Run Behavior\ParseTemplateBehavior [ RunTime:0.011493s ]
INFO: [ view_parse ] --END-- [ RunTime:0.011493s ]
INFO: [ view_filter ] --START--
INFO: Run Behavior\WriteHtmlCacheBehavior [ RunTime:0.001000s ]
INFO: [ view_filter ] --END-- [ RunTime:0.001000s ]
INFO: [ app_end ] --START--
INFO: Run Behavior\ShowPageTraceBehavior [ RunTime:0.002991s ]
INFO: [ app_end ] --END-- [ RunTime:0.002991s ]

[ 2018-09-12T11:38:27+08:00 ] 127.0.0.1 /index.php/Admin/adminuser/index
INFO: [ app_init ] --START--
INFO: Run Behavior\BuildLiteBehavior [ RunTime:0.000000s ]
INFO: [ app_init ] --END-- [ RunTime:0.000478s ]
INFO: [ app_begin ] --START--
INFO: Run Behavior\ReadHtmlCacheBehavior [ RunTime:0.001500s ]
INFO: [ app_begin ] --END-- [ RunTime:0.001500s ]
SQL: SELECT COUNT(*) AS tp_count FROM `adminuser` LIMIT 1   [ RunTime:0.0005s ]
SQL: SELECT adminuser.*,grouplist.group_name FROM `adminuser` INNER JOIN grouplist on adminuser.groupid=grouplist.id  LIMIT 0,2   [ RunTime:0.0005s ]
INFO: [ view_parse ] --START--
INFO: [ template_filter ] --START--
INFO: Run Behavior\ContentReplaceBehavior [ RunTime:0.000000s ]
INFO: [ template_filter ] --END-- [ RunTime:0.000000s ]
NOTIC: [8] Undefined index: jump C:\xampp\htdocs\ThinkPhp\web\Runtime\Cache\Admin\639c2c37365de442ea0066d93080fb36.php 第 418 行.
NOTIC: [8] Undefined index: jump C:\xampp\htdocs\ThinkPhp\web\Runtime\Cache\Admin\639c2c37365de442ea0066d93080fb36.php 第 425 行.
NOTIC: [8] Undefined index: size C:\xampp\htdocs\ThinkPhp\web\Runtime\Cache\Admin\639c2c37365de442ea0066d93080fb36.php 第 447 行.
NOTIC: [8] Undefined index: size C:\xampp\htdocs\ThinkPhp\web\Runtime\Cache\Admin\639c2c37365de442ea0066d93080fb36.php 第 448 行.
NOTIC: [8] Undefined index: size C:\xampp\htdocs\ThinkPhp\web\Runtime\Cache\Admin\639c2c37365de442ea0066d93080fb36.php 第 449 行.
NOTIC: [8] Undefined index: size C:\xampp\htdocs\ThinkPhp\web\Runtime\Cache\Admin\639c2c37365de442ea0066d93080fb36.php 第 450 行.
NOTIC: [8] Undefined index: email C:\xampp\htdocs\ThinkPhp\web\Runtime\Cache\Admin\639c2c37365de442ea0066d93080fb36.php 第 456 行.
SQL: SHOW COLUMNS FROM `grouplist` [ RunTime:0.0105s ]
SQL: SELECT * FROM `grouplist` WHERE `id` = 1 LIMIT 1   [ RunTime:0.0000s ]
SQL: SELECT * FROM `grouplist` WHERE `id` = 2 LIMIT 1   [ RunTime:0.0000s ]
INFO: Run Behavior\ParseTemplateBehavior [ RunTime:0.023001s ]
INFO: [ view_parse ] --END-- [ RunTime:0.023001s ]
INFO: [ view_filter ] --START--
INFO: Run Behavior\WriteHtmlCacheBehavior [ RunTime:0.000999s ]
INFO: [ view_filter ] --END-- [ RunTime:0.000999s ]
INFO: [ app_end ] --START--
INFO: Run Behavior\ShowPageTraceBehavior [ RunTime:0.000998s ]
INFO: [ app_end ] --END-- [ RunTime:0.001501s ]

[ 2018-09-12T11:38:33+08:00 ] 127.0.0.1 /index.php/Admin/adminuser/group
INFO: [ app_init ] --START--
INFO: Run Behavior\BuildLiteBehavior [ RunTime:0.000000s ]
INFO: [ app_init ] --END-- [ RunTime:0.000502s ]
INFO: [ app_begin ] --START--
INFO: Run Behavior\ReadHtmlCacheBehavior [ RunTime:0.000491s ]
INFO: [ app_begin ] --END-- [ RunTime:0.000491s ]
ERR: 非法操作:group

[ 2018-09-12T11:38:36+08:00 ] 127.0.0.1 /index.php/Admin/adminuser/index
INFO: [ app_init ] --START--
INFO: Run Behavior\BuildLiteBehavior [ RunTime:0.000000s ]
INFO: [ app_init ] --END-- [ RunTime:0.000497s ]
INFO: [ app_begin ] --START--
INFO: Run Behavior\ReadHtmlCacheBehavior [ RunTime:0.000951s ]
INFO: [ app_begin ] --END-- [ RunTime:0.000951s ]
SQL: SELECT COUNT(*) AS tp_count FROM `adminuser` LIMIT 1   [ RunTime:0.0005s ]
SQL: SELECT adminuser.*,grouplist.group_name FROM `adminuser` INNER JOIN grouplist on adminuser.groupid=grouplist.id  LIMIT 0,2   [ RunTime:0.0005s ]
INFO: [ view_parse ] --START--
INFO: [ template_filter ] --START--
INFO: Run Behavior\ContentReplaceBehavior [ RunTime:0.000000s ]
INFO: [ template_filter ] --END-- [ RunTime:0.000000s ]
NOTIC: [8] Undefined index: jump C:\xampp\htdocs\ThinkPhp\web\Runtime\Cache\Admin\639c2c37365de442ea0066d93080fb36.php 第 418 行.
NOTIC: [8] Undefined index: jump C:\xampp\htdocs\ThinkPhp\web\Runtime\Cache\Admin\639c2c37365de442ea0066d93080fb36.php 第 425 行.
NOTIC: [8] Undefined index: size C:\xampp\htdocs\ThinkPhp\web\Runtime\Cache\Admin\639c2c37365de442ea0066d93080fb36.php 第 447 行.
NOTIC: [8] Undefined index: size C:\xampp\htdocs\ThinkPhp\web\Runtime\Cache\Admin\639c2c37365de442ea0066d93080fb36.php 第 448 行.
NOTIC: [8] Undefined index: size C:\xampp\htdocs\ThinkPhp\web\Runtime\Cache\Admin\639c2c37365de442ea0066d93080fb36.php 第 449 行.
NOTIC: [8] Undefined index: size C:\xampp\htdocs\ThinkPhp\web\Runtime\Cache\Admin\639c2c37365de442ea0066d93080fb36.php 第 450 行.
NOTIC: [8] Undefined index: email C:\xampp\htdocs\ThinkPhp\web\Runtime\Cache\Admin\639c2c37365de442ea0066d93080fb36.php 第 456 行.
SQL: SHOW COLUMNS FROM `grouplist` [ RunTime:0.0126s ]
SQL: SELECT * FROM `grouplist` WHERE `id` = 1 LIMIT 1   [ RunTime:0.0015s ]
SQL: SELECT * FROM `grouplist` WHERE `id` = 2 LIMIT 1   [ RunTime:0.0005s ]
INFO: Run Behavior\ParseTemplateBehavior [ RunTime:0.026000s ]
INFO: [ view_parse ] --END-- [ RunTime:0.026000s ]
INFO: [ view_filter ] --START--
INFO: Run Behavior\WriteHtmlCacheBehavior [ RunTime:0.000500s ]
INFO: [ view_filter ] --END-- [ RunTime:0.000500s ]
INFO: [ app_end ] --START--
INFO: Run Behavior\ShowPageTraceBehavior [ RunTime:0.000999s ]
INFO: [ app_end ] --END-- [ RunTime:0.000999s ]

[ 2018-09-12T11:38:38+08:00 ] 127.0.0.1 /index.php/Admin/good/index
INFO: [ app_init ] --START--
INFO: Run Behavior\BuildLiteBehavior [ RunTime:0.000000s ]
INFO: [ app_init ] --END-- [ RunTime:0.000462s ]
INFO: [ app_begin ] --START--
INFO: Run Behavior\ReadHtmlCacheBehavior [ RunTime:0.001499s ]
INFO: [ app_begin ] --END-- [ RunTime:0.001499s ]
SQL: SHOW COLUMNS FROM `good` [ RunTime:0.0125s ]
SQL: SELECT COUNT(*) AS tp_count FROM `good` LIMIT 1   [ RunTime:0.0005s ]
SQL: SELECT good.*,pic.path,cate.cate FROM `good` INNER JOIN cate on good.cate_id=cate.id INNER JOIN pic on good.id=pic.good_id  GROUP BY pic.good_id LIMIT 0,2   [ RunTime:0.0085s ]
SQL: SHOW COLUMNS FROM `sku` [ RunTime:0.0080s ]
SQL: SELECT sku.*,pic.path FROM `sku` INNER JOIN pic on sku.id=pic.sku_id  WHERE ( sku.good_id=38 )  [ RunTime:0.0010s ]
SQL: SELECT sku.*,pic.path FROM `sku` INNER JOIN pic on sku.id=pic.sku_id  WHERE ( sku.good_id=40 )  [ RunTime:0.0005s ]
INFO: [ view_parse ] --START--
INFO: [ template_filter ] --START--
INFO: Run Behavior\ContentReplaceBehavior [ RunTime:0.000580s ]
INFO: [ template_filter ] --END-- [ RunTime:0.000580s ]
NOTIC: [8] Undefined index: jump C:\xampp\htdocs\ThinkPhp\web\Runtime\Cache\Admin\5e569ad068c70ba99bd24050e5fc9bec.php 第 418 行.
NOTIC: [8] Undefined index: jump C:\xampp\htdocs\ThinkPhp\web\Runtime\Cache\Admin\5e569ad068c70ba99bd24050e5fc9bec.php 第 425 行.
NOTIC: [8] Undefined index: size C:\xampp\htdocs\ThinkPhp\web\Runtime\Cache\Admin\5e569ad068c70ba99bd24050e5fc9bec.php 第 447 行.
NOTIC: [8] Undefined index: size C:\xampp\htdocs\ThinkPhp\web\Runtime\Cache\Admin\5e569ad068c70ba99bd24050e5fc9bec.php 第 448 行.
NOTIC: [8] Undefined index: size C:\xampp\htdocs\ThinkPhp\web\Runtime\Cache\Admin\5e569ad068c70ba99bd24050e5fc9bec.php 第 449 行.
NOTIC: [8] Undefined index: size C:\xampp\htdocs\ThinkPhp\web\Runtime\Cache\Admin\5e569ad068c70ba99bd24050e5fc9bec.php 第 450 行.
NOTIC: [8] Undefined index: size C:\xampp\htdocs\ThinkPhp\web\Runtime\Cache\Admin\5e569ad068c70ba99bd24050e5fc9bec.php 第 451 行.
NOTIC: [8] Undefined index: size C:\xampp\htdocs\ThinkPhp\web\Runtime\Cache\Admin\5e569ad068c70ba99bd24050e5fc9bec.php 第 452 行.
INFO: Run Behavior\ParseTemplateBehavior [ RunTime:0.018592s ]
INFO: [ view_parse ] --END-- [ RunTime:0.018592s ]
INFO: [ view_filter ] --START--
INFO: Run Behavior\WriteHtmlCacheBehavior [ RunTime:0.001006s ]
INFO: [ view_filter ] --END-- [ RunTime:0.001006s ]
INFO: [ app_end ] --START--
INFO: Run Behavior\ShowPageTraceBehavior [ RunTime:0.001999s ]
INFO: [ app_end ] --END-- [ RunTime:0.001999s ]

[ 2018-09-12T11:38:44+08:00 ] 127.0.0.1 /index.php/Admin/order/index
INFO: [ app_init ] --START--
INFO: Run Behavior\BuildLiteBehavior [ RunTime:0.000000s ]
INFO: [ app_init ] --END-- [ RunTime:0.000498s ]
INFO: [ app_begin ] --START--
INFO: Run Behavior\ReadHtmlCacheBehavior [ RunTime:0.001001s ]
INFO: [ app_begin ] --END-- [ RunTime:0.001001s ]
SQL: SHOW COLUMNS FROM `order` [ RunTime:0.0065s ]
SQL: SELECT * FROM `order`  [ RunTime:0.0005s ]
SQL: SHOW COLUMNS FROM `order_detail` [ RunTime:0.0085s ]
SQL: SHOW COLUMNS FROM `sku` [ RunTime:0.0060s ]
SQL: SHOW COLUMNS FROM `pic` [ RunTime:0.0090s ]
SQL: SELECT * FROM `order_detail` WHERE ( order_id=46 )  [ RunTime:0.0000s ]
SQL: SELECT * FROM `sku` WHERE `id` = 82 LIMIT 1   [ RunTime:0.0000s ]
SQL: SELECT * FROM `pic` WHERE ( sku_id=82 ) LIMIT 1   [ RunTime:0.0005s ]
SQL: SELECT * FROM `order_detail` WHERE ( order_id=47 )  [ RunTime:0.0000s ]
SQL: SELECT * FROM `sku` WHERE `id` = 85 LIMIT 1   [ RunTime:0.0000s ]
SQL: SELECT * FROM `pic` WHERE ( sku_id=85 ) LIMIT 1   [ RunTime:0.0000s ]
INFO: [ view_parse ] --START--
INFO: [ template_filter ] --START--
INFO: Run Behavior\ContentReplaceBehavior [ RunTime:0.000000s ]
INFO: [ template_filter ] --END-- [ RunTime:0.000000s ]
NOTIC: [8] Undefined index: jump C:\xampp\htdocs\ThinkPhp\web\Runtime\Cache\Admin\faa2163cae6b001d625b1462f028bd52.php 第 422 行.
NOTIC: [8] Undefined index: jump C:\xampp\htdocs\ThinkPhp\web\Runtime\Cache\Admin\faa2163cae6b001d625b1462f028bd52.php 第 429 行.
NOTIC: [8] Undefined index: size C:\xampp\htdocs\ThinkPhp\web\Runtime\Cache\Admin\faa2163cae6b001d625b1462f028bd52.php 第 451 行.
NOTIC: [8] Undefined index: size C:\xampp\htdocs\ThinkPhp\web\Runtime\Cache\Admin\faa2163cae6b001d625b1462f028bd52.php 第 452 行.
NOTIC: [8] Undefined index: size C:\xampp\htdocs\ThinkPhp\web\Runtime\Cache\Admin\faa2163cae6b001d625b1462f028bd52.php 第 453 行.
NOTIC: [8] Undefined index: size C:\xampp\htdocs\ThinkPhp\web\Runtime\Cache\Admin\faa2163cae6b001d625b1462f028bd52.php 第 454 行.
NOTIC: [8] Undefined index: size C:\xampp\htdocs\ThinkPhp\web\Runtime\Cache\Admin\faa2163cae6b001d625b1462f028bd52.php 第 455 行.
NOTIC: [8] Undefined index: size C:\xampp\htdocs\ThinkPhp\web\Runtime\Cache\Admin\faa2163cae6b001d625b1462f028bd52.php 第 456 行.
SQL: SHOW COLUMNS FROM `user` [ RunTime:0.0065s ]
SQL: SELECT * FROM `user` WHERE `id` = 6 LIMIT 1   [ RunTime:0.0005s ]
SQL: SHOW COLUMNS FROM `address` [ RunTime:0.0085s ]
SQL: SELECT * FROM `address` WHERE `id` = 24 LIMIT 1   [ RunTime:0.0000s ]
SQL: SELECT * FROM `user` WHERE `id` = 6 LIMIT 1   [ RunTime:0.0000s ]
SQL: SELECT * FROM `address` WHERE `id` = 24 LIMIT 1   [ RunTime:0.0000s ]
NOTIC: [8] Undefined variable: url C:\xampp\htdocs\ThinkPhp\web\Runtime\Cache\Admin\faa2163cae6b001d625b1462f028bd52.php 第 530 行.
NOTIC: [8] Undefined variable: p C:\xampp\htdocs\ThinkPhp\web\Runtime\Cache\Admin\faa2163cae6b001d625b1462f028bd52.php 第 639 行.
INFO: Run Behavior\ParseTemplateBehavior [ RunTime:0.028454s ]
INFO: [ view_parse ] --END-- [ RunTime:0.028454s ]
INFO: [ view_filter ] --START--
INFO: Run Behavior\WriteHtmlCacheBehavior [ RunTime:0.000499s ]
INFO: [ view_filter ] --END-- [ RunTime:0.000499s ]
INFO: [ app_end ] --START--
INFO: Run Behavior\ShowPageTraceBehavior [ RunTime:0.000501s ]
INFO: [ app_end ] --END-- [ RunTime:0.000501s ]

[ 2018-09-12T11:38:48+08:00 ] 127.0.0.1 /index.php/Admin/Order/changeStatus?id=47
INFO: [ app_init ] --START--
INFO: Run Behavior\BuildLiteBehavior [ RunTime:0.000000s ]
INFO: [ app_init ] --END-- [ RunTime:0.000499s ]
INFO: [ app_begin ] --START--
INFO: Run Behavior\ReadHtmlCacheBehavior [ RunTime:0.000524s ]
INFO: [ app_begin ] --END-- [ RunTime:0.000524s ]
SQL: SHOW COLUMNS FROM `order` [ RunTime:0.0095s ]
SQL: UPDATE `order` SET `status`='1' WHERE `id` = 47 [ RunTime:0.0036s ]
INFO: [ app_end ] --START--
INFO: Run Behavior\ShowPageTraceBehavior [ RunTime:0.003064s ]
INFO: [ app_end ] --END-- [ RunTime:0.003064s ]

[ 2018-09-12T11:38:50+08:00 ] 127.0.0.1 /index.php/Admin/good/add
INFO: [ app_init ] --START--
INFO: Run Behavior\BuildLiteBehavior [ RunTime:0.000000s ]
INFO: [ app_init ] --END-- [ RunTime:0.000495s ]
INFO: [ app_begin ] --START--
INFO: Run Behavior\ReadHtmlCacheBehavior [ RunTime:0.001014s ]
INFO: [ app_begin ] --END-- [ RunTime:0.001014s ]
SQL: SHOW COLUMNS FROM `cate` [ RunTime:0.0110s ]
SQL: SELECT *,concat(path,id) as p FROM `cate` ORDER BY p  [ RunTime:0.0005s ]
INFO: [ view_parse ] --START--
INFO: [ template_filter ] --START--
INFO: Run Behavior\ContentReplaceBehavior [ RunTime:0.000337s ]
INFO: [ template_filter ] --END-- [ RunTime:0.000337s ]
NOTIC: [8] Undefined index: jump C:\xampp\htdocs\ThinkPhp\web\Runtime\Cache\Admin\6687c23b88e7b6bf26acae76c4ace03e.php 第 418 行.
NOTIC: [8] Undefined index: jump C:\xampp\htdocs\ThinkPhp\web\Runtime\Cache\Admin\6687c23b88e7b6bf26acae76c4ace03e.php 第 425 行.
NOTIC: [8] Undefined index: cate_id C:\xampp\htdocs\ThinkPhp\web\Common\Common\function.php 第 133 行.
INFO: Run Behavior\ParseTemplateBehavior [ RunTime:0.015989s ]
INFO: [ view_parse ] --END-- [ RunTime:0.015989s ]
INFO: [ view_filter ] --START--
INFO: Run Behavior\WriteHtmlCacheBehavior [ RunTime:0.000499s ]
INFO: [ view_filter ] --END-- [ RunTime:0.000499s ]
INFO: [ app_end ] --START--
INFO: Run Behavior\ShowPageTraceBehavior [ RunTime:0.006002s ]
INFO: [ app_end ] --END-- [ RunTime:0.006002s ]

[ 2018-09-12T11:38:58+08:00 ] 127.0.0.1 /index.php/Admin/Good/getTagByCateId?cate_id=3
INFO: [ app_init ] --START--
INFO: Run Behavior\BuildLiteBehavior [ RunTime:0.000000s ]
INFO: [ app_init ] --END-- [ RunTime:0.000000s ]
INFO: [ app_begin ] --START--
INFO: Run Behavior\ReadHtmlCacheBehavior [ RunTime:0.000502s ]
INFO: [ app_begin ] --END-- [ RunTime:0.000502s ]
SQL: SHOW COLUMNS FROM `cate_tag` [ RunTime:0.0095s ]
SQL: SELECT t.tag_name,v.val FROM cate_tag as ct INNER JOIN tag as t on ct.tag_id=t.id INNER JOIN tag_val as tv on ct.tag_id=tv.tag_id INNER JOIN val as v on tv.val_id=v.id  WHERE ( ct.cate_id=3 )  [ RunTime:0.0005s ]
INFO: [ app_end ] --START--
INFO: Run Behavior\ShowPageTraceBehavior [ RunTime:0.001054s ]
INFO: [ app_end ] --END-- [ RunTime:0.001054s ]

[ 2018-09-12T11:39:21+08:00 ] 127.0.0.1 /index.php/Admin/Good/insert
INFO: [ app_init ] --START--
INFO: Run Behavior\BuildLiteBehavior [ RunTime:0.000000s ]
INFO: [ app_init ] --END-- [ RunTime:0.000500s ]
INFO: [ app_begin ] --START--
INFO: Run Behavior\ReadHtmlCacheBehavior [ RunTime:0.000502s ]
INFO: [ app_begin ] --END-- [ RunTime:0.000502s ]
SQL: SHOW COLUMNS FROM `good` [ RunTime:0.0145s ]
SQL: SELECT * FROM `good` WHERE ( name="iPhone x" )  [ RunTime:0.0005s ]
SQL: SHOW COLUMNS FROM `sku` [ RunTime:0.0110s ]
SQL: INSERT INTO `sku` (`good_id`,`price`,`num`,`skuid`) VALUES ('38','11111','1','\\全网通128GB\\亮黑') [ RunTime:0.0015s ]
NOTIC: [2] call_user_func() expects parameter 1 to be a valid callback, no array or string given C:\xampp\htdocs\ThinkPhp\ThinkPHP\Library\Think\Upload.class.php 第 170 行.
SQL: SHOW COLUMNS FROM `pic` [ RunTime:0.0065s ]
SQL: INSERT INTO `pic` (`sku_id`,`good_id`,`path`) VALUES ('111','38','/Public/Uploads/5b988a69a74d9.jpg') [ RunTime:0.0000s ]

[ 2018-09-12T11:39:21+08:00 ] 127.0.0.1 /index.php/admin/good/index.html
INFO: [ app_init ] --START--
INFO: Run Behavior\BuildLiteBehavior [ RunTime:0.000000s ]
INFO: [ app_init ] --END-- [ RunTime:0.000590s ]
INFO: [ app_begin ] --START--
INFO: Run Behavior\ReadHtmlCacheBehavior [ RunTime:0.000997s ]
INFO: [ app_begin ] --END-- [ RunTime:0.000997s ]
SQL: SHOW COLUMNS FROM `good` [ RunTime:0.0090s ]
SQL: SELECT COUNT(*) AS tp_count FROM `good` LIMIT 1   [ RunTime:0.0006s ]
SQL: SELECT good.*,pic.path,cate.cate FROM `good` INNER JOIN cate on good.cate_id=cate.id INNER JOIN pic on good.id=pic.good_id  GROUP BY pic.good_id LIMIT 0,2   [ RunTime:0.0134s ]
SQL: SHOW COLUMNS FROM `sku` [ RunTime:0.0060s ]
SQL: SELECT sku.*,pic.path FROM `sku` INNER JOIN pic on sku.id=pic.sku_id  WHERE ( sku.good_id=38 )  [ RunTime:0.0005s ]
SQL: SELECT sku.*,pic.path FROM `sku` INNER JOIN pic on sku.id=pic.sku_id  WHERE ( sku.good_id=40 )  [ RunTime:0.0005s ]
INFO: [ view_parse ] --START--
INFO: [ template_filter ] --START--
INFO: Run Behavior\ContentReplaceBehavior [ RunTime:0.000000s ]
INFO: [ template_filter ] --END-- [ RunTime:0.000000s ]
NOTIC: [8] Undefined index: error C:\xampp\htdocs\ThinkPhp\web\Runtime\Cache\Admin\5e569ad068c70ba99bd24050e5fc9bec.php 第 425 行.
NOTIC: [8] Undefined index: size C:\xampp\htdocs\ThinkPhp\web\Runtime\Cache\Admin\5e569ad068c70ba99bd24050e5fc9bec.php 第 447 行.
NOTIC: [8] Undefined index: size C:\xampp\htdocs\ThinkPhp\web\Runtime\Cache\Admin\5e569ad068c70ba99bd24050e5fc9bec.php 第 448 行.
NOTIC: [8] Undefined index: size C:\xampp\htdocs\ThinkPhp\web\Runtime\Cache\Admin\5e569ad068c70ba99bd24050e5fc9bec.php 第 449 行.
NOTIC: [8] Undefined index: size C:\xampp\htdocs\ThinkPhp\web\Runtime\Cache\Admin\5e569ad068c70ba99bd24050e5fc9bec.php 第 450 行.
NOTIC: [8] Undefined index: size C:\xampp\htdocs\ThinkPhp\web\Runtime\Cache\Admin\5e569ad068c70ba99bd24050e5fc9bec.php 第 451 行.
NOTIC: [8] Undefined index: size C:\xampp\htdocs\ThinkPhp\web\Runtime\Cache\Admin\5e569ad068c70ba99bd24050e5fc9bec.php 第 452 行.
INFO: Run Behavior\ParseTemplateBehavior [ RunTime:0.018498s ]
INFO: [ view_parse ] --END-- [ RunTime:0.018498s ]
INFO: [ view_filter ] --START--
INFO: Run Behavior\WriteHtmlCacheBehavior [ RunTime:0.001002s ]
INFO: [ view_filter ] --END-- [ RunTime:0.001002s ]
INFO: [ app_end ] --START--
INFO: Run Behavior\ShowPageTraceBehavior [ RunTime:0.002502s ]
INFO: [ app_end ] --END-- [ RunTime:0.003002s ]

[ 2018-09-12T11:56:03+08:00 ] 127.0.0.1 /index.php/admin
INFO: [ app_init ] --START--
INFO: Run Behavior\BuildLiteBehavior [ RunTime:0.000000s ]
INFO: [ app_init ] --END-- [ RunTime:0.000499s ]
INFO: [ app_begin ] --START--
INFO: Run Behavior\ReadHtmlCacheBehavior [ RunTime:0.003499s ]
INFO: [ app_begin ] --END-- [ RunTime:0.004000s ]
SQL: SHOW COLUMNS FROM `adminuser` [ RunTime:0.0150s ]
SQL: SELECT adminuser.*,grouplist.group_name FROM `adminuser` INNER JOIN grouplist on adminuser.groupid = grouplist.id  WHERE ( adminuser.id=1 ) LIMIT 1   [ RunTime:0.0005s ]
INFO: [ view_parse ] --START--
INFO: [ template_filter ] --START--
INFO: Run Behavior\ContentReplaceBehavior [ RunTime:0.000543s ]
INFO: [ template_filter ] --END-- [ RunTime:0.000543s ]
NOTIC: [8] Undefined index: success C:\xampp\htdocs\ThinkPhp\web\Runtime\Cache\Admin\7025b44a7596185f4a54002eca98357c.php 第 424 行.
NOTIC: [8] Undefined index: error C:\xampp\htdocs\ThinkPhp\web\Runtime\Cache\Admin\7025b44a7596185f4a54002eca98357c.php 第 431 行.
INFO: Run Behavior\ParseTemplateBehavior [ RunTime:0.020560s ]
INFO: [ view_parse ] --END-- [ RunTime:0.020560s ]
INFO: [ view_filter ] --START--
INFO: Run Behavior\WriteHtmlCacheBehavior [ RunTime:0.001018s ]
INFO: [ view_filter ] --END-- [ RunTime:0.001018s ]
INFO: [ app_end ] --START--
INFO: Run Behavior\ShowPageTraceBehavior [ RunTime:0.001002s ]
INFO: [ app_end ] --END-- [ RunTime:0.001430s ]

[ 2018-09-12T11:56:10+08:00 ] 127.0.0.1 /index.php/Admin/good/add
INFO: [ app_init ] --START--
INFO: Run Behavior\BuildLiteBehavior [ RunTime:0.000000s ]
INFO: [ app_init ] --END-- [ RunTime:0.003057s ]
INFO: [ app_begin ] --START--
INFO: Run Behavior\ReadHtmlCacheBehavior [ RunTime:0.001000s ]
INFO: [ app_begin ] --END-- [ RunTime:0.001000s ]
SQL: SHOW COLUMNS FROM `cate` [ RunTime:0.0070s ]
SQL: SELECT *,concat(path,id) as p FROM `cate` ORDER BY p  [ RunTime:0.0000s ]
INFO: [ view_parse ] --START--
INFO: [ template_filter ] --START--
INFO: Run Behavior\ContentReplaceBehavior [ RunTime:0.000501s ]
INFO: [ template_filter ] --END-- [ RunTime:0.000501s ]
NOTIC: [8] Undefined index: success C:\xampp\htdocs\ThinkPhp\web\Runtime\Cache\Admin\6687c23b88e7b6bf26acae76c4ace03e.php 第 418 行.
NOTIC: [8] Undefined index: error C:\xampp\htdocs\ThinkPhp\web\Runtime\Cache\Admin\6687c23b88e7b6bf26acae76c4ace03e.php 第 425 行.
NOTIC: [8] Undefined index: cate_id C:\xampp\htdocs\ThinkPhp\web\Common\Common\function.php 第 133 行.
INFO: Run Behavior\ParseTemplateBehavior [ RunTime:0.021000s ]
INFO: [ view_parse ] --END-- [ RunTime:0.021000s ]
INFO: [ view_filter ] --START--
INFO: Run Behavior\WriteHtmlCacheBehavior [ RunTime:0.001000s ]
INFO: [ view_filter ] --END-- [ RunTime:0.001000s ]
INFO: [ app_end ] --START--
INFO: Run Behavior\ShowPageTraceBehavior [ RunTime:0.002507s ]
INFO: [ app_end ] --END-- [ RunTime:0.002507s ]

[ 2018-09-12T11:56:14+08:00 ] 127.0.0.1 /index.php/Admin/Good/getTagByCateId?cate_id=3
INFO: [ app_init ] --START--
INFO: Run Behavior\BuildLiteBehavior [ RunTime:0.000000s ]
INFO: [ app_init ] --END-- [ RunTime:0.000502s ]
INFO: [ app_begin ] --START--
INFO: Run Behavior\ReadHtmlCacheBehavior [ RunTime:0.002002s ]
INFO: [ app_begin ] --END-- [ RunTime:0.002002s ]
SQL: SHOW COLUMNS FROM `cate_tag` [ RunTime:0.0110s ]
SQL: SELECT t.tag_name,v.val FROM cate_tag as ct INNER JOIN tag as t on ct.tag_id=t.id INNER JOIN tag_val as tv on ct.tag_id=tv.tag_id INNER JOIN val as v on tv.val_id=v.id  WHERE ( ct.cate_id=3 )  [ RunTime:0.0005s ]
INFO: [ app_end ] --START--
INFO: Run Behavior\ShowPageTraceBehavior [ RunTime:0.000999s ]
INFO: [ app_end ] --END-- [ RunTime:0.000999s ]

[ 2018-09-12T11:57:02+08:00 ] 127.0.0.1 /index.php/Admin/Good/insert
INFO: [ app_init ] --START--
INFO: Run Behavior\BuildLiteBehavior [ RunTime:0.000000s ]
INFO: [ app_init ] --END-- [ RunTime:0.000499s ]
INFO: [ app_begin ] --START--
INFO: Run Behavior\ReadHtmlCacheBehavior [ RunTime:0.000499s ]
INFO: [ app_begin ] --END-- [ RunTime:0.000499s ]
SQL: SHOW COLUMNS FROM `good` [ RunTime:0.0110s ]
SQL: SELECT * FROM `good` WHERE ( name="iPhone X" )  [ RunTime:0.0005s ]
SQL: SHOW COLUMNS FROM `sku` [ RunTime:0.0075s ]
SQL: INSERT INTO `sku` (`good_id`,`price`,`num`,`skuid`) VALUES ('38','111111','1','\\全网通32GB\\红色特别版') [ RunTime:0.0030s ]
NOTIC: [2] call_user_func() expects parameter 1 to be a valid callback, no array or string given C:\xampp\htdocs\ThinkPhp\ThinkPHP\Library\Think\Upload.class.php 第 170 行.
SQL: SHOW COLUMNS FROM `pic` [ RunTime:0.0070s ]
SQL: INSERT INTO `pic` (`sku_id`,`good_id`,`path`) VALUES ('112','38','/Public/Uploads/5b988e8e48f59.jpg') [ RunTime:0.0005s ]

[ 2018-09-12T11:57:02+08:00 ] 127.0.0.1 /index.php/admin/good/index.html
INFO: [ app_init ] --START--
INFO: Run Behavior\BuildLiteBehavior [ RunTime:0.000000s ]
INFO: [ app_init ] --END-- [ RunTime:0.000500s ]
INFO: [ app_begin ] --START--
INFO: Run Behavior\ReadHtmlCacheBehavior [ RunTime:0.001045s ]
INFO: [ app_begin ] --END-- [ RunTime:0.001045s ]
SQL: SHOW COLUMNS FROM `good` [ RunTime:0.0130s ]
SQL: SELECT COUNT(*) AS tp_count FROM `good` LIMIT 1   [ RunTime:0.0005s ]
SQL: SELECT good.*,pic.path,cate.cate FROM `good` INNER JOIN cate on good.cate_id=cate.id INNER JOIN pic on good.id=pic.good_id  GROUP BY pic.good_id LIMIT 0,2   [ RunTime:0.0070s ]
SQL: SHOW COLUMNS FROM `sku` [ RunTime:0.0095s ]
SQL: SELECT sku.*,pic.path FROM `sku` INNER JOIN pic on sku.id=pic.sku_id  WHERE ( sku.good_id=38 )  [ RunTime:0.0005s ]
SQL: SELECT sku.*,pic.path FROM `sku` INNER JOIN pic on sku.id=pic.sku_id  WHERE ( sku.good_id=40 )  [ RunTime:0.0000s ]
INFO: [ view_parse ] --START--
INFO: [ template_filter ] --START--
INFO: Run Behavior\ContentReplaceBehavior [ RunTime:0.000393s ]
INFO: [ template_filter ] --END-- [ RunTime:0.000393s ]
NOTIC: [8] Undefined index: error C:\xampp\htdocs\ThinkPhp\web\Runtime\Cache\Admin\5e569ad068c70ba99bd24050e5fc9bec.php 第 425 行.
NOTIC: [8] Undefined index: size C:\xampp\htdocs\ThinkPhp\web\Runtime\Cache\Admin\5e569ad068c70ba99bd24050e5fc9bec.php 第 447 行.
NOTIC: [8] Undefined index: size C:\xampp\htdocs\ThinkPhp\web\Runtime\Cache\Admin\5e569ad068c70ba99bd24050e5fc9bec.php 第 448 行.
NOTIC: [8] Undefined index: size C:\xampp\htdocs\ThinkPhp\web\Runtime\Cache\Admin\5e569ad068c70ba99bd24050e5fc9bec.php 第 449 行.
NOTIC: [8] Undefined index: size C:\xampp\htdocs\ThinkPhp\web\Runtime\Cache\Admin\5e569ad068c70ba99bd24050e5fc9bec.php 第 450 行.
NOTIC: [8] Undefined index: size C:\xampp\htdocs\ThinkPhp\web\Runtime\Cache\Admin\5e569ad068c70ba99bd24050e5fc9bec.php 第 451 行.
NOTIC: [8] Undefined index: size C:\xampp\htdocs\ThinkPhp\web\Runtime\Cache\Admin\5e569ad068c70ba99bd24050e5fc9bec.php 第 452 行.
INFO: Run Behavior\ParseTemplateBehavior [ RunTime:0.012541s ]
INFO: [ view_parse ] --END-- [ RunTime:0.012541s ]
INFO: [ view_filter ] --START--
INFO: Run Behavior\WriteHtmlCacheBehavior [ RunTime:0.001069s ]
INFO: [ view_filter ] --END-- [ RunTime:0.001069s ]
INFO: [ app_end ] --START--
INFO: Run Behavior\ShowPageTraceBehavior [ RunTime:0.001461s ]
INFO: [ app_end ] --END-- [ RunTime:0.001461s ]

