[ 2018-09-03T09:33:27+08:00 ] ::1 /ThinkPhp/
INFO: [ app_init ] --START--
INFO: Run Behavior\BuildLiteBehavior [ RunTime:0.000000s ]
INFO: [ app_init ] --END-- [ RunTime:0.004508s ]
INFO: [ app_begin ] --START--
INFO: Run Behavior\ReadHtmlCacheBehavior [ RunTime:0.001000s ]
INFO: [ app_begin ] --END-- [ RunTime:0.001498s ]
ERR: SQLSTATE[HY000] [1049] Unknown database 'thinkphp'

[ 2018-09-03T09:34:07+08:00 ] 127.0.0.1 /
INFO: [ app_init ] --START--
INFO: Run Behavior\BuildLiteBehavior [ RunTime:0.000000s ]
INFO: [ app_init ] --END-- [ RunTime:0.000500s ]
INFO: [ app_begin ] --START--
INFO: Run Behavior\ReadHtmlCacheBehavior [ RunTime:0.002000s ]
INFO: [ app_begin ] --END-- [ RunTime:0.002000s ]
ERR: SQLSTATE[HY000] [1049] Unknown database 'thinkphp'

[ 2018-09-03T09:35:39+08:00 ] 127.0.0.1 /
INFO: [ app_init ] --START--
INFO: Run Behavior\BuildLiteBehavior [ RunTime:0.000501s ]
INFO: [ app_init ] --END-- [ RunTime:0.000501s ]
INFO: [ app_begin ] --START--
INFO: Run Behavior\ReadHtmlCacheBehavior [ RunTime:0.001002s ]
INFO: [ app_begin ] --END-- [ RunTime:0.001002s ]
SQL: SHOW COLUMNS FROM `cate` [ RunTime:0.0165s ]
SQL: SHOW COLUMNS FROM `picc` [ RunTime:0.0070s ]
SQL: SELECT * FROM `cate` WHERE ( pid=0 )  [ RunTime:0.0015s ]
SQL: SHOW COLUMNS FROM `good` [ RunTime:0.0114s ]
SQL: SELECT * FROM `cate` WHERE ( path like "%,1,%" )  [ RunTime:0.0020s ]
SQL: SELECT good.*,pic.path FROM `good` INNER JOIN pic on pic.good_id=good.id  WHERE `cate_id` IN ('2','3','4','5','9','10','11','12') GROUP BY pic.good_id ORDER BY clicknum desc  [ RunTime:0.0184s ]
SQL: SELECT * FROM `picc`  [ RunTime:0.0000s ]
INFO: [ view_parse ] --START--
INFO: [ template_filter ] --START--
INFO: Run Behavior\ContentReplaceBehavior [ RunTime:0.002502s ]
INFO: [ template_filter ] --END-- [ RunTime:0.002502s ]
SQL: SHOW COLUMNS FROM `user` [ RunTime:0.0115s ]
NOTIC: [8] Undefined index: home C:\xampp\htdocs\ThinkPhp\web\Runtime\Cache\Home\4c1fc1565d916b3d4d700d5bfc27a971.php 第 74 行.
SQL: SELECT * FROM `user` LIMIT 1   [ RunTime:0.0011s ]
NOTIC: [8] Undefined index: home C:\xampp\htdocs\ThinkPhp\web\Runtime\Cache\Home\4c1fc1565d916b3d4d700d5bfc27a971.php 第 76 行.
NOTIC: [8] Undefined index: home C:\xampp\htdocs\ThinkPhp\web\Runtime\Cache\Home\4c1fc1565d916b3d4d700d5bfc27a971.php 第 84 行.
NOTIC: [8] Undefined index: adminuser C:\xampp\htdocs\ThinkPhp\web\Admin\Controller\CommonController.class.php 第 8 行.

[ 2018-09-03T09:35:47+08:00 ] 127.0.0.1 /index.php
INFO: [ app_init ] --START--
INFO: Run Behavior\BuildLiteBehavior [ RunTime:0.000000s ]
INFO: [ app_init ] --END-- [ RunTime:0.000499s ]
INFO: [ app_begin ] --START--
INFO: Run Behavior\ReadHtmlCacheBehavior [ RunTime:0.000501s ]
INFO: [ app_begin ] --END-- [ RunTime:0.001000s ]
SQL: SHOW COLUMNS FROM `cate` [ RunTime:0.0145s ]
SQL: SHOW COLUMNS FROM `picc` [ RunTime:0.0175s ]
SQL: SELECT * FROM `cate` WHERE ( pid=0 )  [ RunTime:0.0005s ]
SQL: SHOW COLUMNS FROM `good` [ RunTime:0.0090s ]
SQL: SELECT * FROM `cate` WHERE ( path like "%,1,%" )  [ RunTime:0.0025s ]
SQL: SELECT good.*,pic.path FROM `good` INNER JOIN pic on pic.good_id=good.id  WHERE `cate_id` IN ('2','3','4','5','9','10','11','12') GROUP BY pic.good_id ORDER BY clicknum desc  [ RunTime:0.0080s ]
SQL: SELECT * FROM `picc`  [ RunTime:0.0000s ]
INFO: [ view_parse ] --START--
INFO: [ template_filter ] --START--
INFO: Run Behavior\ContentReplaceBehavior [ RunTime:0.000000s ]
INFO: [ template_filter ] --END-- [ RunTime:0.000000s ]
SQL: SHOW COLUMNS FROM `user` [ RunTime:0.0095s ]
NOTIC: [8] Undefined index: home C:\xampp\htdocs\ThinkPhp\web\Runtime\Cache\Home\4c1fc1565d916b3d4d700d5bfc27a971.php 第 74 行.
SQL: SELECT * FROM `user` LIMIT 1   [ RunTime:0.0000s ]
NOTIC: [8] Undefined index: home C:\xampp\htdocs\ThinkPhp\web\Runtime\Cache\Home\4c1fc1565d916b3d4d700d5bfc27a971.php 第 76 行.
NOTIC: [8] Undefined index: home C:\xampp\htdocs\ThinkPhp\web\Runtime\Cache\Home\4c1fc1565d916b3d4d700d5bfc27a971.php 第 84 行.
NOTIC: [8] Undefined index: adminuser C:\xampp\htdocs\ThinkPhp\web\Admin\Controller\CommonController.class.php 第 8 行.

